[2025-06-13T11:34:19.316+0000] {local_task_job_runner.py:120} INFO - ::group::Pre task execution logs
[2025-06-13T11:34:19.338+0000] {taskinstance.py:2076} INFO - Dependencies all met for dep_context=non-requeueable deps ti=<TaskInstance: hourly_clickhouse_metrics_dag.extract_clickhouse_metrics manual__2025-06-13T11:34:17.794409+00:00 [queued]>
[2025-06-13T11:34:19.348+0000] {taskinstance.py:2076} INFO - Dependencies all met for dep_context=requeueable deps ti=<TaskInstance: hourly_clickhouse_metrics_dag.extract_clickhouse_metrics manual__2025-06-13T11:34:17.794409+00:00 [queued]>
[2025-06-13T11:34:19.348+0000] {taskinstance.py:2306} INFO - Starting attempt 1 of 2
[2025-06-13T11:34:19.362+0000] {taskinstance.py:2330} INFO - Executing <Task(PythonOperator): extract_clickhouse_metrics> on 2025-06-13 11:34:17.794409+00:00
[2025-06-13T11:34:19.371+0000] {standard_task_runner.py:63} INFO - Started process 169 to run task
[2025-06-13T11:34:19.377+0000] {standard_task_runner.py:90} INFO - Running: ['***', 'tasks', 'run', 'hourly_clickhouse_metrics_dag', 'extract_clickhouse_metrics', 'manual__2025-06-13T11:34:17.794409+00:00', '--job-id', '7', '--raw', '--subdir', 'DAGS_FOLDER/hourly_clickhouse_metrics_dag.py', '--cfg-path', '/tmp/tmpo3s_5jg9']
[2025-06-13T11:34:19.382+0000] {standard_task_runner.py:91} INFO - Job 7: Subtask extract_clickhouse_metrics
[2025-06-13T11:34:19.620+0000] {task_command.py:426} INFO - Running <TaskInstance: hourly_clickhouse_metrics_dag.extract_clickhouse_metrics manual__2025-06-13T11:34:17.794409+00:00 [running]> on host 88ee0e123f4a
[2025-06-13T11:34:19.671+0000] {warnings.py:109} WARNING - /home/***/.local/lib/python3.10/site-packages/***/utils/context.py:212: AirflowContextDeprecationWarning: Accessing 'execution_date' from the template is deprecated and will be removed in a future version. Please use 'data_interval_start' or 'logical_date' instead.
  warnings.warn(_create_deprecation_warning(key, self._deprecation_replacements[key]))

[2025-06-13T11:34:19.707+0000] {taskinstance.py:2648} INFO - Exporting env vars: AIRFLOW_CTX_DAG_OWNER='***' AIRFLOW_CTX_DAG_ID='hourly_clickhouse_metrics_dag' AIRFLOW_CTX_TASK_ID='extract_clickhouse_metrics' AIRFLOW_CTX_EXECUTION_DATE='2025-06-13T11:34:17.794409+00:00' AIRFLOW_CTX_TRY_NUMBER='1' AIRFLOW_CTX_DAG_RUN_ID='manual__2025-06-13T11:34:17.794409+00:00'
[2025-06-13T11:34:19.708+0000] {taskinstance.py:430} INFO - ::endgroup::
[2025-06-13T11:34:19.770+0000] {logging_mixin.py:188} INFO - ✅ Metrics successfully saved to: /opt/***/output/metrics_2025-06-13_11-34-17.csv
[2025-06-13T11:34:19.771+0000] {python.py:237} INFO - Done. Returned value was: None
[2025-06-13T11:34:19.772+0000] {taskinstance.py:441} INFO - ::group::Post task execution logs
[2025-06-13T11:34:19.784+0000] {taskinstance.py:1206} INFO - Marking task as SUCCESS. dag_id=hourly_clickhouse_metrics_dag, task_id=extract_clickhouse_metrics, run_id=manual__2025-06-13T11:34:17.794409+00:00, execution_date=20250613T113417, start_date=20250613T113419, end_date=20250613T113419
[2025-06-13T11:34:19.827+0000] {local_task_job_runner.py:240} INFO - Task exited with return code 0
[2025-06-13T11:34:20.008+0000] {taskinstance.py:3498} INFO - 0 downstream tasks scheduled from follow-on schedule check
[2025-06-13T11:34:20.010+0000] {local_task_job_runner.py:222} INFO - ::endgroup::
