[2025-06-13T09:40:57.377+0000] {local_task_job_runner.py:120} INFO - ::group::Pre task execution logs
[2025-06-13T09:40:57.398+0000] {taskinstance.py:2076} INFO - Dependencies all met for dep_context=non-requeueable deps ti=<TaskInstance: hourly_clickhouse_metrics_dag.extract_clickhouse_metrics manual__2025-06-13T09:40:56.202848+00:00 [queued]>
[2025-06-13T09:40:57.406+0000] {taskinstance.py:2076} INFO - Dependencies all met for dep_context=requeueable deps ti=<TaskInstance: hourly_clickhouse_metrics_dag.extract_clickhouse_metrics manual__2025-06-13T09:40:56.202848+00:00 [queued]>
[2025-06-13T09:40:57.406+0000] {taskinstance.py:2306} INFO - Starting attempt 1 of 2
[2025-06-13T09:40:57.420+0000] {taskinstance.py:2330} INFO - Executing <Task(PythonOperator): extract_clickhouse_metrics> on 2025-06-13 09:40:56.202848+00:00
[2025-06-13T09:40:57.428+0000] {standard_task_runner.py:63} INFO - Started process 267 to run task
[2025-06-13T09:40:57.434+0000] {standard_task_runner.py:90} INFO - Running: ['***', 'tasks', 'run', 'hourly_clickhouse_metrics_dag', 'extract_clickhouse_metrics', 'manual__2025-06-13T09:40:56.202848+00:00', '--job-id', '7', '--raw', '--subdir', 'DAGS_FOLDER/hourly_clickhouse_metrics_dag.py', '--cfg-path', '/tmp/tmpkl2yforu']
[2025-06-13T09:40:57.440+0000] {standard_task_runner.py:91} INFO - Job 7: Subtask extract_clickhouse_metrics
[2025-06-13T09:40:57.649+0000] {task_command.py:426} INFO - Running <TaskInstance: hourly_clickhouse_metrics_dag.extract_clickhouse_metrics manual__2025-06-13T09:40:56.202848+00:00 [running]> on host 966e0ed065d4
[2025-06-13T09:40:57.692+0000] {warnings.py:109} WARNING - /home/***/.local/lib/python3.10/site-packages/***/utils/context.py:212: AirflowContextDeprecationWarning: Accessing 'execution_date' from the template is deprecated and will be removed in a future version. Please use 'data_interval_start' or 'logical_date' instead.
  warnings.warn(_create_deprecation_warning(key, self._deprecation_replacements[key]))

[2025-06-13T09:40:57.725+0000] {taskinstance.py:2648} INFO - Exporting env vars: AIRFLOW_CTX_DAG_OWNER='hussain' AIRFLOW_CTX_DAG_ID='hourly_clickhouse_metrics_dag' AIRFLOW_CTX_TASK_ID='extract_clickhouse_metrics' AIRFLOW_CTX_EXECUTION_DATE='2025-06-13T09:40:56.202848+00:00' AIRFLOW_CTX_TRY_NUMBER='1' AIRFLOW_CTX_DAG_RUN_ID='manual__2025-06-13T09:40:56.202848+00:00'
[2025-06-13T09:40:57.725+0000] {taskinstance.py:430} INFO - ::endgroup::
[2025-06-13T09:40:57.734+0000] {taskinstance.py:441} INFO - ::group::Post task execution logs
[2025-06-13T09:40:57.734+0000] {taskinstance.py:2905} ERROR - Task failed with exception
Traceback (most recent call last):
  File "/home/airflow/.local/lib/python3.10/site-packages/airflow/models/taskinstance.py", line 465, in _execute_task
    result = _execute_callable(context=context, **execute_callable_kwargs)
  File "/home/airflow/.local/lib/python3.10/site-packages/airflow/models/taskinstance.py", line 432, in _execute_callable
    return execute_callable(context=context, **execute_callable_kwargs)
  File "/home/airflow/.local/lib/python3.10/site-packages/airflow/models/baseoperator.py", line 400, in wrapper
    return func(self, *args, **kwargs)
  File "/home/airflow/.local/lib/python3.10/site-packages/airflow/operators/python.py", line 235, in execute
    return_value = self.execute_callable()
  File "/home/airflow/.local/lib/python3.10/site-packages/airflow/operators/python.py", line 252, in execute_callable
    return self.python_callable(*self.op_args, **self.op_kwargs)
  File "/opt/airflow/scripts/extract_clickhouse_metrics.py", line 7, in extract_and_save_metrics
    client = clickhouse.get_client(
NameError: name 'clickhouse' is not defined
[2025-06-13T09:40:57.742+0000] {taskinstance.py:1206} INFO - Marking task as UP_FOR_RETRY. dag_id=hourly_clickhouse_metrics_dag, task_id=extract_clickhouse_metrics, run_id=manual__2025-06-13T09:40:56.202848+00:00, execution_date=20250613T094056, start_date=20250613T094057, end_date=20250613T094057
[2025-06-13T09:40:57.751+0000] {standard_task_runner.py:110} ERROR - Failed to execute job 7 for task extract_clickhouse_metrics (name 'clickhouse' is not defined; 267)
[2025-06-13T09:40:57.804+0000] {local_task_job_runner.py:240} INFO - Task exited with return code 1
[2025-06-13T09:40:57.988+0000] {taskinstance.py:3498} INFO - 0 downstream tasks scheduled from follow-on schedule check
[2025-06-13T09:40:57.990+0000] {local_task_job_runner.py:222} INFO - ::endgroup::
