[2025-06-14T09:17:37.833+0000] {local_task_job_runner.py:120} INFO - ::group::Pre task execution logs
[2025-06-14T09:17:37.861+0000] {taskinstance.py:2076} INFO - Dependencies all met for dep_context=non-requeueable deps ti=<TaskInstance: hourly_clickhouse_metrics_dag.extract_clickhouse_metrics scheduled__2025-06-14T07:00:00+00:00 [queued]>
[2025-06-14T09:17:37.873+0000] {taskinstance.py:2076} INFO - Dependencies all met for dep_context=requeueable deps ti=<TaskInstance: hourly_clickhouse_metrics_dag.extract_clickhouse_metrics scheduled__2025-06-14T07:00:00+00:00 [queued]>
[2025-06-14T09:17:37.873+0000] {taskinstance.py:2306} INFO - Starting attempt 1 of 2
[2025-06-14T09:17:38.058+0000] {taskinstance.py:2330} INFO - Executing <Task(PythonOperator): extract_clickhouse_metrics> on 2025-06-14 07:00:00+00:00
[2025-06-14T09:17:38.069+0000] {standard_task_runner.py:63} INFO - Started process 1628 to run task
[2025-06-14T09:17:38.075+0000] {standard_task_runner.py:90} INFO - Running: ['***', 'tasks', 'run', 'hourly_clickhouse_metrics_dag', 'extract_clickhouse_metrics', 'scheduled__2025-06-14T07:00:00+00:00', '--job-id', '28', '--raw', '--subdir', 'DAGS_FOLDER/hourly_clickhouse_metrics_dag.py', '--cfg-path', '/tmp/tmpzetlyz1y']
[2025-06-14T09:17:38.080+0000] {standard_task_runner.py:91} INFO - Job 28: Subtask extract_clickhouse_metrics
[2025-06-14T09:17:38.134+0000] {task_command.py:426} INFO - Running <TaskInstance: hourly_clickhouse_metrics_dag.extract_clickhouse_metrics scheduled__2025-06-14T07:00:00+00:00 [running]> on host 55c70c467e94
[2025-06-14T09:17:38.215+0000] {warnings.py:109} WARNING - /home/***/.local/lib/python3.10/site-packages/***/utils/context.py:212: AirflowContextDeprecationWarning: Accessing 'execution_date' from the template is deprecated and will be removed in a future version. Please use 'data_interval_start' or 'logical_date' instead.
  warnings.warn(_create_deprecation_warning(key, self._deprecation_replacements[key]))

[2025-06-14T09:17:38.255+0000] {taskinstance.py:2648} INFO - Exporting env vars: AIRFLOW_CTX_DAG_OWNER='***' AIRFLOW_CTX_DAG_ID='hourly_clickhouse_metrics_dag' AIRFLOW_CTX_TASK_ID='extract_clickhouse_metrics' AIRFLOW_CTX_EXECUTION_DATE='2025-06-14T07:00:00+00:00' AIRFLOW_CTX_TRY_NUMBER='1' AIRFLOW_CTX_DAG_RUN_ID='scheduled__2025-06-14T07:00:00+00:00'
[2025-06-14T09:17:38.256+0000] {taskinstance.py:430} INFO - ::endgroup::
[2025-06-14T09:17:38.341+0000] {logging_mixin.py:188} INFO - ✅ Metrics appended to: /opt/***/output/metrics_2025-06-14.csv
[2025-06-14T09:17:38.341+0000] {python.py:237} INFO - Done. Returned value was: None
[2025-06-14T09:17:38.342+0000] {taskinstance.py:441} INFO - ::group::Post task execution logs
[2025-06-14T09:17:38.352+0000] {taskinstance.py:1206} INFO - Marking task as SUCCESS. dag_id=hourly_clickhouse_metrics_dag, task_id=extract_clickhouse_metrics, run_id=scheduled__2025-06-14T07:00:00+00:00, execution_date=20250614T070000, start_date=20250614T091737, end_date=20250614T091738
[2025-06-14T09:17:38.404+0000] {local_task_job_runner.py:240} INFO - Task exited with return code 0
[2025-06-14T09:17:38.422+0000] {taskinstance.py:3498} INFO - 0 downstream tasks scheduled from follow-on schedule check
[2025-06-14T09:17:38.423+0000] {local_task_job_runner.py:222} INFO - ::endgroup::
