[2025-06-14T03:34:00.790+0000] {processor.py:161} INFO - Started process (PID=42) to work on /opt/airflow/dags/clickhouse_metrics_dag.py
[2025-06-14T03:34:00.791+0000] {processor.py:830} INFO - Processing file /opt/airflow/dags/clickhouse_metrics_dag.py for tasks to queue
[2025-06-14T03:34:00.793+0000] {logging_mixin.py:188} INFO - [2025-06-14T03:34:00.793+0000] {dagbag.py:545} INFO - Filling up the DagBag from /opt/airflow/dags/clickhouse_metrics_dag.py
[2025-06-14T03:34:01.262+0000] {processor.py:840} INFO - DAG(s) 'clickhouse_metrics_checker' retrieved from /opt/airflow/dags/clickhouse_metrics_dag.py
[2025-06-14T03:34:01.309+0000] {logging_mixin.py:188} INFO - [2025-06-14T03:34:01.308+0000] {dag.py:3096} INFO - Sync 1 DAGs
[2025-06-14T03:34:01.341+0000] {logging_mixin.py:188} INFO - [2025-06-14T03:34:01.340+0000] {dag.py:3954} INFO - Setting next_dagrun for clickhouse_metrics_checker to 2025-06-14 02:00:00+00:00, run_after=2025-06-14 03:00:00+00:00
[2025-06-14T03:34:01.365+0000] {processor.py:183} INFO - Processing /opt/airflow/dags/clickhouse_metrics_dag.py took 0.583 seconds
[2025-06-14T03:34:16.887+0000] {processor.py:161} INFO - Started process (PID=42) to work on /opt/airflow/dags/clickhouse_metrics_dag.py
[2025-06-14T03:34:16.888+0000] {processor.py:830} INFO - Processing file /opt/airflow/dags/clickhouse_metrics_dag.py for tasks to queue
[2025-06-14T03:34:16.890+0000] {logging_mixin.py:188} INFO - [2025-06-14T03:34:16.890+0000] {dagbag.py:545} INFO - Filling up the DagBag from /opt/airflow/dags/clickhouse_metrics_dag.py
[2025-06-14T03:34:17.184+0000] {processor.py:840} INFO - DAG(s) 'clickhouse_metrics_checker' retrieved from /opt/airflow/dags/clickhouse_metrics_dag.py
[2025-06-14T03:34:17.219+0000] {logging_mixin.py:188} INFO - [2025-06-14T03:34:17.218+0000] {dag.py:3096} INFO - Sync 1 DAGs
[2025-06-14T03:34:17.240+0000] {logging_mixin.py:188} INFO - [2025-06-14T03:34:17.239+0000] {dag.py:3954} INFO - Setting next_dagrun for clickhouse_metrics_checker to 2025-06-14 02:00:00+00:00, run_after=2025-06-14 03:00:00+00:00
[2025-06-14T03:34:17.257+0000] {processor.py:183} INFO - Processing /opt/airflow/dags/clickhouse_metrics_dag.py took 0.379 seconds
[2025-06-14T03:34:47.564+0000] {processor.py:161} INFO - Started process (PID=55) to work on /opt/airflow/dags/clickhouse_metrics_dag.py
[2025-06-14T03:34:47.566+0000] {processor.py:830} INFO - Processing file /opt/airflow/dags/clickhouse_metrics_dag.py for tasks to queue
[2025-06-14T03:34:47.568+0000] {logging_mixin.py:188} INFO - [2025-06-14T03:34:47.568+0000] {dagbag.py:545} INFO - Filling up the DagBag from /opt/airflow/dags/clickhouse_metrics_dag.py
[2025-06-14T03:34:47.891+0000] {processor.py:840} INFO - DAG(s) 'clickhouse_metrics_checker' retrieved from /opt/airflow/dags/clickhouse_metrics_dag.py
[2025-06-14T03:34:47.920+0000] {logging_mixin.py:188} INFO - [2025-06-14T03:34:47.919+0000] {dag.py:3096} INFO - Sync 1 DAGs
[2025-06-14T03:34:47.943+0000] {logging_mixin.py:188} INFO - [2025-06-14T03:34:47.943+0000] {dag.py:3954} INFO - Setting next_dagrun for clickhouse_metrics_checker to 2025-06-14 02:00:00+00:00, run_after=2025-06-14 03:00:00+00:00
[2025-06-14T03:34:47.964+0000] {processor.py:183} INFO - Processing /opt/airflow/dags/clickhouse_metrics_dag.py took 0.413 seconds
[2025-06-14T03:35:18.441+0000] {processor.py:161} INFO - Started process (PID=68) to work on /opt/airflow/dags/clickhouse_metrics_dag.py
[2025-06-14T03:35:18.442+0000] {processor.py:830} INFO - Processing file /opt/airflow/dags/clickhouse_metrics_dag.py for tasks to queue
[2025-06-14T03:35:18.444+0000] {logging_mixin.py:188} INFO - [2025-06-14T03:35:18.444+0000] {dagbag.py:545} INFO - Filling up the DagBag from /opt/airflow/dags/clickhouse_metrics_dag.py
[2025-06-14T03:35:18.713+0000] {processor.py:840} INFO - DAG(s) 'clickhouse_metrics_checker' retrieved from /opt/airflow/dags/clickhouse_metrics_dag.py
[2025-06-14T03:35:18.735+0000] {logging_mixin.py:188} INFO - [2025-06-14T03:35:18.735+0000] {dag.py:3096} INFO - Sync 1 DAGs
[2025-06-14T03:35:18.756+0000] {logging_mixin.py:188} INFO - [2025-06-14T03:35:18.756+0000] {dag.py:3954} INFO - Setting next_dagrun for clickhouse_metrics_checker to 2025-06-14 02:00:00+00:00, run_after=2025-06-14 03:00:00+00:00
[2025-06-14T03:35:18.771+0000] {processor.py:183} INFO - Processing /opt/airflow/dags/clickhouse_metrics_dag.py took 0.344 seconds
[2025-06-14T03:35:49.101+0000] {processor.py:161} INFO - Started process (PID=81) to work on /opt/airflow/dags/clickhouse_metrics_dag.py
[2025-06-14T03:35:49.102+0000] {processor.py:830} INFO - Processing file /opt/airflow/dags/clickhouse_metrics_dag.py for tasks to queue
[2025-06-14T03:35:49.104+0000] {logging_mixin.py:188} INFO - [2025-06-14T03:35:49.104+0000] {dagbag.py:545} INFO - Filling up the DagBag from /opt/airflow/dags/clickhouse_metrics_dag.py
[2025-06-14T03:35:49.372+0000] {processor.py:840} INFO - DAG(s) 'clickhouse_metrics_checker' retrieved from /opt/airflow/dags/clickhouse_metrics_dag.py
[2025-06-14T03:35:49.397+0000] {logging_mixin.py:188} INFO - [2025-06-14T03:35:49.396+0000] {dag.py:3096} INFO - Sync 1 DAGs
[2025-06-14T03:35:49.417+0000] {logging_mixin.py:188} INFO - [2025-06-14T03:35:49.417+0000] {dag.py:3954} INFO - Setting next_dagrun for clickhouse_metrics_checker to 2025-06-14 02:00:00+00:00, run_after=2025-06-14 03:00:00+00:00
[2025-06-14T03:35:49.434+0000] {processor.py:183} INFO - Processing /opt/airflow/dags/clickhouse_metrics_dag.py took 0.346 seconds
[2025-06-14T03:36:19.856+0000] {processor.py:161} INFO - Started process (PID=94) to work on /opt/airflow/dags/clickhouse_metrics_dag.py
[2025-06-14T03:36:19.858+0000] {processor.py:830} INFO - Processing file /opt/airflow/dags/clickhouse_metrics_dag.py for tasks to queue
[2025-06-14T03:36:19.859+0000] {logging_mixin.py:188} INFO - [2025-06-14T03:36:19.859+0000] {dagbag.py:545} INFO - Filling up the DagBag from /opt/airflow/dags/clickhouse_metrics_dag.py
[2025-06-14T03:36:20.126+0000] {processor.py:840} INFO - DAG(s) 'clickhouse_metrics_checker' retrieved from /opt/airflow/dags/clickhouse_metrics_dag.py
[2025-06-14T03:36:20.152+0000] {logging_mixin.py:188} INFO - [2025-06-14T03:36:20.152+0000] {dag.py:3096} INFO - Sync 1 DAGs
[2025-06-14T03:36:20.172+0000] {logging_mixin.py:188} INFO - [2025-06-14T03:36:20.171+0000] {dag.py:3954} INFO - Setting next_dagrun for clickhouse_metrics_checker to 2025-06-14 02:00:00+00:00, run_after=2025-06-14 03:00:00+00:00
[2025-06-14T03:36:20.187+0000] {processor.py:183} INFO - Processing /opt/airflow/dags/clickhouse_metrics_dag.py took 0.344 seconds
[2025-06-14T03:36:50.517+0000] {processor.py:161} INFO - Started process (PID=113) to work on /opt/airflow/dags/clickhouse_metrics_dag.py
[2025-06-14T03:36:50.519+0000] {processor.py:830} INFO - Processing file /opt/airflow/dags/clickhouse_metrics_dag.py for tasks to queue
[2025-06-14T03:36:50.521+0000] {logging_mixin.py:188} INFO - [2025-06-14T03:36:50.521+0000] {dagbag.py:545} INFO - Filling up the DagBag from /opt/airflow/dags/clickhouse_metrics_dag.py
[2025-06-14T03:36:50.845+0000] {processor.py:840} INFO - DAG(s) 'clickhouse_metrics_checker' retrieved from /opt/airflow/dags/clickhouse_metrics_dag.py
[2025-06-14T03:36:50.875+0000] {logging_mixin.py:188} INFO - [2025-06-14T03:36:50.875+0000] {dag.py:3096} INFO - Sync 1 DAGs
[2025-06-14T03:36:50.902+0000] {logging_mixin.py:188} INFO - [2025-06-14T03:36:50.902+0000] {dag.py:3954} INFO - Setting next_dagrun for clickhouse_metrics_checker to 2025-06-14 02:00:00+00:00, run_after=2025-06-14 03:00:00+00:00
[2025-06-14T03:36:50.922+0000] {processor.py:183} INFO - Processing /opt/airflow/dags/clickhouse_metrics_dag.py took 0.418 seconds
[2025-06-14T03:37:21.384+0000] {processor.py:161} INFO - Started process (PID=126) to work on /opt/airflow/dags/clickhouse_metrics_dag.py
[2025-06-14T03:37:21.386+0000] {processor.py:830} INFO - Processing file /opt/airflow/dags/clickhouse_metrics_dag.py for tasks to queue
[2025-06-14T03:37:21.387+0000] {logging_mixin.py:188} INFO - [2025-06-14T03:37:21.387+0000] {dagbag.py:545} INFO - Filling up the DagBag from /opt/airflow/dags/clickhouse_metrics_dag.py
[2025-06-14T03:37:21.680+0000] {processor.py:840} INFO - DAG(s) 'clickhouse_metrics_checker' retrieved from /opt/airflow/dags/clickhouse_metrics_dag.py
[2025-06-14T03:37:21.703+0000] {logging_mixin.py:188} INFO - [2025-06-14T03:37:21.703+0000] {dag.py:3096} INFO - Sync 1 DAGs
[2025-06-14T03:37:21.725+0000] {logging_mixin.py:188} INFO - [2025-06-14T03:37:21.725+0000] {dag.py:3954} INFO - Setting next_dagrun for clickhouse_metrics_checker to 2025-06-14 02:00:00+00:00, run_after=2025-06-14 03:00:00+00:00
[2025-06-14T03:37:21.742+0000] {processor.py:183} INFO - Processing /opt/airflow/dags/clickhouse_metrics_dag.py took 0.371 seconds
[2025-06-14T03:37:52.166+0000] {processor.py:161} INFO - Started process (PID=139) to work on /opt/airflow/dags/clickhouse_metrics_dag.py
[2025-06-14T03:37:52.168+0000] {processor.py:830} INFO - Processing file /opt/airflow/dags/clickhouse_metrics_dag.py for tasks to queue
[2025-06-14T03:37:52.169+0000] {logging_mixin.py:188} INFO - [2025-06-14T03:37:52.169+0000] {dagbag.py:545} INFO - Filling up the DagBag from /opt/airflow/dags/clickhouse_metrics_dag.py
[2025-06-14T03:37:52.459+0000] {processor.py:840} INFO - DAG(s) 'clickhouse_metrics_checker' retrieved from /opt/airflow/dags/clickhouse_metrics_dag.py
[2025-06-14T03:37:52.481+0000] {logging_mixin.py:188} INFO - [2025-06-14T03:37:52.481+0000] {dag.py:3096} INFO - Sync 1 DAGs
[2025-06-14T03:37:52.503+0000] {logging_mixin.py:188} INFO - [2025-06-14T03:37:52.503+0000] {dag.py:3954} INFO - Setting next_dagrun for clickhouse_metrics_checker to 2025-06-14 02:00:00+00:00, run_after=2025-06-14 03:00:00+00:00
[2025-06-14T03:37:52.521+0000] {processor.py:183} INFO - Processing /opt/airflow/dags/clickhouse_metrics_dag.py took 0.368 seconds
[2025-06-14T03:38:22.936+0000] {processor.py:161} INFO - Started process (PID=152) to work on /opt/airflow/dags/clickhouse_metrics_dag.py
[2025-06-14T03:38:22.938+0000] {processor.py:830} INFO - Processing file /opt/airflow/dags/clickhouse_metrics_dag.py for tasks to queue
[2025-06-14T03:38:22.939+0000] {logging_mixin.py:188} INFO - [2025-06-14T03:38:22.939+0000] {dagbag.py:545} INFO - Filling up the DagBag from /opt/airflow/dags/clickhouse_metrics_dag.py
[2025-06-14T03:38:23.205+0000] {processor.py:840} INFO - DAG(s) 'clickhouse_metrics_checker' retrieved from /opt/airflow/dags/clickhouse_metrics_dag.py
[2025-06-14T03:38:23.229+0000] {logging_mixin.py:188} INFO - [2025-06-14T03:38:23.229+0000] {dag.py:3096} INFO - Sync 1 DAGs
[2025-06-14T03:38:23.250+0000] {logging_mixin.py:188} INFO - [2025-06-14T03:38:23.249+0000] {dag.py:3954} INFO - Setting next_dagrun for clickhouse_metrics_checker to 2025-06-14 02:00:00+00:00, run_after=2025-06-14 03:00:00+00:00
[2025-06-14T03:38:23.266+0000] {processor.py:183} INFO - Processing /opt/airflow/dags/clickhouse_metrics_dag.py took 0.343 seconds
[2025-06-14T03:38:53.605+0000] {processor.py:161} INFO - Started process (PID=165) to work on /opt/airflow/dags/clickhouse_metrics_dag.py
[2025-06-14T03:38:53.607+0000] {processor.py:830} INFO - Processing file /opt/airflow/dags/clickhouse_metrics_dag.py for tasks to queue
[2025-06-14T03:38:53.608+0000] {logging_mixin.py:188} INFO - [2025-06-14T03:38:53.608+0000] {dagbag.py:545} INFO - Filling up the DagBag from /opt/airflow/dags/clickhouse_metrics_dag.py
[2025-06-14T03:38:53.878+0000] {processor.py:840} INFO - DAG(s) 'clickhouse_metrics_checker' retrieved from /opt/airflow/dags/clickhouse_metrics_dag.py
[2025-06-14T03:38:53.902+0000] {logging_mixin.py:188} INFO - [2025-06-14T03:38:53.901+0000] {dag.py:3096} INFO - Sync 1 DAGs
[2025-06-14T03:38:53.925+0000] {logging_mixin.py:188} INFO - [2025-06-14T03:38:53.924+0000] {dag.py:3954} INFO - Setting next_dagrun for clickhouse_metrics_checker to 2025-06-14 02:00:00+00:00, run_after=2025-06-14 03:00:00+00:00
[2025-06-14T03:38:53.942+0000] {processor.py:183} INFO - Processing /opt/airflow/dags/clickhouse_metrics_dag.py took 0.350 seconds
[2025-06-14T03:39:24.382+0000] {processor.py:161} INFO - Started process (PID=182) to work on /opt/airflow/dags/clickhouse_metrics_dag.py
[2025-06-14T03:39:24.383+0000] {processor.py:830} INFO - Processing file /opt/airflow/dags/clickhouse_metrics_dag.py for tasks to queue
[2025-06-14T03:39:24.385+0000] {logging_mixin.py:188} INFO - [2025-06-14T03:39:24.385+0000] {dagbag.py:545} INFO - Filling up the DagBag from /opt/airflow/dags/clickhouse_metrics_dag.py
[2025-06-14T03:39:24.655+0000] {processor.py:840} INFO - DAG(s) 'clickhouse_metrics_checker' retrieved from /opt/airflow/dags/clickhouse_metrics_dag.py
[2025-06-14T03:39:24.679+0000] {logging_mixin.py:188} INFO - [2025-06-14T03:39:24.679+0000] {dag.py:3096} INFO - Sync 1 DAGs
[2025-06-14T03:39:24.701+0000] {logging_mixin.py:188} INFO - [2025-06-14T03:39:24.700+0000] {dag.py:3954} INFO - Setting next_dagrun for clickhouse_metrics_checker to 2025-06-14 02:00:00+00:00, run_after=2025-06-14 03:00:00+00:00
[2025-06-14T03:39:24.717+0000] {processor.py:183} INFO - Processing /opt/airflow/dags/clickhouse_metrics_dag.py took 0.348 seconds
[2025-06-14T03:39:55.114+0000] {processor.py:161} INFO - Started process (PID=195) to work on /opt/airflow/dags/clickhouse_metrics_dag.py
[2025-06-14T03:39:55.116+0000] {processor.py:830} INFO - Processing file /opt/airflow/dags/clickhouse_metrics_dag.py for tasks to queue
[2025-06-14T03:39:55.117+0000] {logging_mixin.py:188} INFO - [2025-06-14T03:39:55.117+0000] {dagbag.py:545} INFO - Filling up the DagBag from /opt/airflow/dags/clickhouse_metrics_dag.py
[2025-06-14T03:39:55.491+0000] {processor.py:840} INFO - DAG(s) 'clickhouse_metrics_checker' retrieved from /opt/airflow/dags/clickhouse_metrics_dag.py
[2025-06-14T03:39:55.525+0000] {logging_mixin.py:188} INFO - [2025-06-14T03:39:55.525+0000] {dag.py:3096} INFO - Sync 1 DAGs
[2025-06-14T03:39:55.562+0000] {logging_mixin.py:188} INFO - [2025-06-14T03:39:55.562+0000] {dag.py:3954} INFO - Setting next_dagrun for clickhouse_metrics_checker to 2025-06-14 02:00:00+00:00, run_after=2025-06-14 03:00:00+00:00
[2025-06-14T03:39:55.582+0000] {processor.py:183} INFO - Processing /opt/airflow/dags/clickhouse_metrics_dag.py took 0.475 seconds
[2025-06-14T03:40:25.982+0000] {processor.py:161} INFO - Started process (PID=208) to work on /opt/airflow/dags/clickhouse_metrics_dag.py
[2025-06-14T03:40:25.984+0000] {processor.py:830} INFO - Processing file /opt/airflow/dags/clickhouse_metrics_dag.py for tasks to queue
[2025-06-14T03:40:25.986+0000] {logging_mixin.py:188} INFO - [2025-06-14T03:40:25.986+0000] {dagbag.py:545} INFO - Filling up the DagBag from /opt/airflow/dags/clickhouse_metrics_dag.py
[2025-06-14T03:40:26.274+0000] {processor.py:840} INFO - DAG(s) 'clickhouse_metrics_checker' retrieved from /opt/airflow/dags/clickhouse_metrics_dag.py
[2025-06-14T03:40:26.303+0000] {logging_mixin.py:188} INFO - [2025-06-14T03:40:26.302+0000] {dag.py:3096} INFO - Sync 1 DAGs
[2025-06-14T03:40:26.328+0000] {logging_mixin.py:188} INFO - [2025-06-14T03:40:26.328+0000] {dag.py:3954} INFO - Setting next_dagrun for clickhouse_metrics_checker to 2025-06-14 02:00:00+00:00, run_after=2025-06-14 03:00:00+00:00
[2025-06-14T03:40:26.347+0000] {processor.py:183} INFO - Processing /opt/airflow/dags/clickhouse_metrics_dag.py took 0.376 seconds
[2025-06-14T03:40:56.670+0000] {processor.py:161} INFO - Started process (PID=221) to work on /opt/airflow/dags/clickhouse_metrics_dag.py
[2025-06-14T03:40:56.672+0000] {processor.py:830} INFO - Processing file /opt/airflow/dags/clickhouse_metrics_dag.py for tasks to queue
[2025-06-14T03:40:56.674+0000] {logging_mixin.py:188} INFO - [2025-06-14T03:40:56.674+0000] {dagbag.py:545} INFO - Filling up the DagBag from /opt/airflow/dags/clickhouse_metrics_dag.py
[2025-06-14T03:40:57.102+0000] {processor.py:840} INFO - DAG(s) 'clickhouse_metrics_checker' retrieved from /opt/airflow/dags/clickhouse_metrics_dag.py
[2025-06-14T03:40:57.129+0000] {logging_mixin.py:188} INFO - [2025-06-14T03:40:57.128+0000] {dag.py:3096} INFO - Sync 1 DAGs
[2025-06-14T03:40:57.153+0000] {logging_mixin.py:188} INFO - [2025-06-14T03:40:57.153+0000] {dag.py:3954} INFO - Setting next_dagrun for clickhouse_metrics_checker to 2025-06-14 02:00:00+00:00, run_after=2025-06-14 03:00:00+00:00
[2025-06-14T03:40:57.173+0000] {processor.py:183} INFO - Processing /opt/airflow/dags/clickhouse_metrics_dag.py took 0.511 seconds
[2025-06-14T03:41:27.488+0000] {processor.py:161} INFO - Started process (PID=234) to work on /opt/airflow/dags/clickhouse_metrics_dag.py
[2025-06-14T03:41:27.490+0000] {processor.py:830} INFO - Processing file /opt/airflow/dags/clickhouse_metrics_dag.py for tasks to queue
[2025-06-14T03:41:27.492+0000] {logging_mixin.py:188} INFO - [2025-06-14T03:41:27.491+0000] {dagbag.py:545} INFO - Filling up the DagBag from /opt/airflow/dags/clickhouse_metrics_dag.py
[2025-06-14T03:41:27.884+0000] {processor.py:840} INFO - DAG(s) 'clickhouse_metrics_checker' retrieved from /opt/airflow/dags/clickhouse_metrics_dag.py
[2025-06-14T03:41:27.911+0000] {logging_mixin.py:188} INFO - [2025-06-14T03:41:27.910+0000] {dag.py:3096} INFO - Sync 1 DAGs
[2025-06-14T03:41:27.937+0000] {logging_mixin.py:188} INFO - [2025-06-14T03:41:27.936+0000] {dag.py:3954} INFO - Setting next_dagrun for clickhouse_metrics_checker to 2025-06-14 02:00:00+00:00, run_after=2025-06-14 03:00:00+00:00
[2025-06-14T03:41:27.957+0000] {processor.py:183} INFO - Processing /opt/airflow/dags/clickhouse_metrics_dag.py took 0.476 seconds
[2025-06-14T03:41:58.300+0000] {processor.py:161} INFO - Started process (PID=247) to work on /opt/airflow/dags/clickhouse_metrics_dag.py
[2025-06-14T03:41:58.301+0000] {processor.py:830} INFO - Processing file /opt/airflow/dags/clickhouse_metrics_dag.py for tasks to queue
[2025-06-14T03:41:58.303+0000] {logging_mixin.py:188} INFO - [2025-06-14T03:41:58.303+0000] {dagbag.py:545} INFO - Filling up the DagBag from /opt/airflow/dags/clickhouse_metrics_dag.py
[2025-06-14T03:41:58.628+0000] {processor.py:840} INFO - DAG(s) 'clickhouse_metrics_checker' retrieved from /opt/airflow/dags/clickhouse_metrics_dag.py
[2025-06-14T03:41:58.654+0000] {logging_mixin.py:188} INFO - [2025-06-14T03:41:58.654+0000] {dag.py:3096} INFO - Sync 1 DAGs
[2025-06-14T03:41:58.677+0000] {logging_mixin.py:188} INFO - [2025-06-14T03:41:58.676+0000] {dag.py:3954} INFO - Setting next_dagrun for clickhouse_metrics_checker to 2025-06-14 02:00:00+00:00, run_after=2025-06-14 03:00:00+00:00
[2025-06-14T03:41:58.705+0000] {processor.py:183} INFO - Processing /opt/airflow/dags/clickhouse_metrics_dag.py took 0.416 seconds
[2025-06-14T03:42:29.125+0000] {processor.py:161} INFO - Started process (PID=260) to work on /opt/airflow/dags/clickhouse_metrics_dag.py
[2025-06-14T03:42:29.126+0000] {processor.py:830} INFO - Processing file /opt/airflow/dags/clickhouse_metrics_dag.py for tasks to queue
[2025-06-14T03:42:29.128+0000] {logging_mixin.py:188} INFO - [2025-06-14T03:42:29.128+0000] {dagbag.py:545} INFO - Filling up the DagBag from /opt/airflow/dags/clickhouse_metrics_dag.py
[2025-06-14T03:42:29.461+0000] {processor.py:840} INFO - DAG(s) 'clickhouse_metrics_checker' retrieved from /opt/airflow/dags/clickhouse_metrics_dag.py
[2025-06-14T03:42:29.493+0000] {logging_mixin.py:188} INFO - [2025-06-14T03:42:29.493+0000] {dag.py:3096} INFO - Sync 1 DAGs
[2025-06-14T03:42:29.525+0000] {logging_mixin.py:188} INFO - [2025-06-14T03:42:29.524+0000] {dag.py:3954} INFO - Setting next_dagrun for clickhouse_metrics_checker to 2025-06-14 02:00:00+00:00, run_after=2025-06-14 03:00:00+00:00
[2025-06-14T03:42:29.548+0000] {processor.py:183} INFO - Processing /opt/airflow/dags/clickhouse_metrics_dag.py took 0.436 seconds
[2025-06-14T03:42:59.978+0000] {processor.py:161} INFO - Started process (PID=273) to work on /opt/airflow/dags/clickhouse_metrics_dag.py
[2025-06-14T03:42:59.980+0000] {processor.py:830} INFO - Processing file /opt/airflow/dags/clickhouse_metrics_dag.py for tasks to queue
[2025-06-14T03:42:59.982+0000] {logging_mixin.py:188} INFO - [2025-06-14T03:42:59.982+0000] {dagbag.py:545} INFO - Filling up the DagBag from /opt/airflow/dags/clickhouse_metrics_dag.py
[2025-06-14T03:43:00.309+0000] {processor.py:840} INFO - DAG(s) 'clickhouse_metrics_checker' retrieved from /opt/airflow/dags/clickhouse_metrics_dag.py
[2025-06-14T03:43:00.338+0000] {logging_mixin.py:188} INFO - [2025-06-14T03:43:00.338+0000] {dag.py:3096} INFO - Sync 1 DAGs
[2025-06-14T03:43:00.364+0000] {logging_mixin.py:188} INFO - [2025-06-14T03:43:00.364+0000] {dag.py:3954} INFO - Setting next_dagrun for clickhouse_metrics_checker to 2025-06-14 02:00:00+00:00, run_after=2025-06-14 03:00:00+00:00
[2025-06-14T03:43:00.385+0000] {processor.py:183} INFO - Processing /opt/airflow/dags/clickhouse_metrics_dag.py took 0.415 seconds
[2025-06-14T03:43:30.852+0000] {processor.py:161} INFO - Started process (PID=286) to work on /opt/airflow/dags/clickhouse_metrics_dag.py
[2025-06-14T03:43:30.854+0000] {processor.py:830} INFO - Processing file /opt/airflow/dags/clickhouse_metrics_dag.py for tasks to queue
[2025-06-14T03:43:30.856+0000] {logging_mixin.py:188} INFO - [2025-06-14T03:43:30.855+0000] {dagbag.py:545} INFO - Filling up the DagBag from /opt/airflow/dags/clickhouse_metrics_dag.py
[2025-06-14T03:44:58.676+0000] {processor.py:161} INFO - Started process (PID=53) to work on /opt/airflow/dags/clickhouse_metrics_dag.py
[2025-06-14T03:44:58.677+0000] {processor.py:830} INFO - Processing file /opt/airflow/dags/clickhouse_metrics_dag.py for tasks to queue
[2025-06-14T03:44:58.679+0000] {logging_mixin.py:188} INFO - [2025-06-14T03:44:58.679+0000] {dagbag.py:545} INFO - Filling up the DagBag from /opt/airflow/dags/clickhouse_metrics_dag.py
[2025-06-14T03:45:00.350+0000] {processor.py:840} INFO - DAG(s) 'clickhouse_metrics_checker' retrieved from /opt/airflow/dags/clickhouse_metrics_dag.py
[2025-06-14T03:45:00.662+0000] {logging_mixin.py:188} INFO - [2025-06-14T03:45:00.661+0000] {dag.py:3096} INFO - Sync 1 DAGs
[2025-06-14T03:45:00.902+0000] {logging_mixin.py:188} INFO - [2025-06-14T03:45:00.901+0000] {dag.py:3954} INFO - Setting next_dagrun for clickhouse_metrics_checker to 2025-06-14 02:00:00+00:00, run_after=2025-06-14 03:00:00+00:00
[2025-06-14T03:45:00.934+0000] {processor.py:183} INFO - Processing /opt/airflow/dags/clickhouse_metrics_dag.py took 2.266 seconds
[2025-06-14T03:45:31.401+0000] {processor.py:161} INFO - Started process (PID=66) to work on /opt/airflow/dags/clickhouse_metrics_dag.py
[2025-06-14T03:45:31.402+0000] {processor.py:830} INFO - Processing file /opt/airflow/dags/clickhouse_metrics_dag.py for tasks to queue
[2025-06-14T03:45:31.404+0000] {logging_mixin.py:188} INFO - [2025-06-14T03:45:31.404+0000] {dagbag.py:545} INFO - Filling up the DagBag from /opt/airflow/dags/clickhouse_metrics_dag.py
[2025-06-14T03:45:31.774+0000] {processor.py:840} INFO - DAG(s) 'clickhouse_metrics_checker' retrieved from /opt/airflow/dags/clickhouse_metrics_dag.py
[2025-06-14T03:45:31.803+0000] {logging_mixin.py:188} INFO - [2025-06-14T03:45:31.803+0000] {dag.py:3096} INFO - Sync 1 DAGs
[2025-06-14T03:45:31.834+0000] {logging_mixin.py:188} INFO - [2025-06-14T03:45:31.833+0000] {dag.py:3954} INFO - Setting next_dagrun for clickhouse_metrics_checker to 2025-06-14 02:00:00+00:00, run_after=2025-06-14 03:00:00+00:00
[2025-06-14T03:45:31.856+0000] {processor.py:183} INFO - Processing /opt/airflow/dags/clickhouse_metrics_dag.py took 0.467 seconds
[2025-06-14T03:46:02.342+0000] {processor.py:161} INFO - Started process (PID=79) to work on /opt/airflow/dags/clickhouse_metrics_dag.py
[2025-06-14T03:46:02.355+0000] {processor.py:830} INFO - Processing file /opt/airflow/dags/clickhouse_metrics_dag.py for tasks to queue
[2025-06-14T03:46:02.357+0000] {logging_mixin.py:188} INFO - [2025-06-14T03:46:02.357+0000] {dagbag.py:545} INFO - Filling up the DagBag from /opt/airflow/dags/clickhouse_metrics_dag.py
[2025-06-14T03:46:02.668+0000] {processor.py:840} INFO - DAG(s) 'clickhouse_metrics_checker' retrieved from /opt/airflow/dags/clickhouse_metrics_dag.py
[2025-06-14T03:46:02.692+0000] {logging_mixin.py:188} INFO - [2025-06-14T03:46:02.692+0000] {dag.py:3096} INFO - Sync 1 DAGs
[2025-06-14T03:46:02.718+0000] {logging_mixin.py:188} INFO - [2025-06-14T03:46:02.717+0000] {dag.py:3954} INFO - Setting next_dagrun for clickhouse_metrics_checker to 2025-06-14 02:00:00+00:00, run_after=2025-06-14 03:00:00+00:00
[2025-06-14T03:46:02.750+0000] {processor.py:183} INFO - Processing /opt/airflow/dags/clickhouse_metrics_dag.py took 0.420 seconds
[2025-06-14T03:46:33.186+0000] {processor.py:161} INFO - Started process (PID=92) to work on /opt/airflow/dags/clickhouse_metrics_dag.py
[2025-06-14T03:46:33.188+0000] {processor.py:830} INFO - Processing file /opt/airflow/dags/clickhouse_metrics_dag.py for tasks to queue
[2025-06-14T03:46:33.190+0000] {logging_mixin.py:188} INFO - [2025-06-14T03:46:33.190+0000] {dagbag.py:545} INFO - Filling up the DagBag from /opt/airflow/dags/clickhouse_metrics_dag.py
[2025-06-14T03:46:33.803+0000] {processor.py:840} INFO - DAG(s) 'clickhouse_metrics_checker' retrieved from /opt/airflow/dags/clickhouse_metrics_dag.py
[2025-06-14T03:46:33.825+0000] {logging_mixin.py:188} INFO - [2025-06-14T03:46:33.824+0000] {dag.py:3096} INFO - Sync 1 DAGs
[2025-06-14T03:46:33.865+0000] {logging_mixin.py:188} INFO - [2025-06-14T03:46:33.865+0000] {dag.py:3954} INFO - Setting next_dagrun for clickhouse_metrics_checker to 2025-06-14 02:00:00+00:00, run_after=2025-06-14 03:00:00+00:00
[2025-06-14T03:46:33.910+0000] {processor.py:183} INFO - Processing /opt/airflow/dags/clickhouse_metrics_dag.py took 0.736 seconds
[2025-06-14T03:47:04.391+0000] {processor.py:161} INFO - Started process (PID=111) to work on /opt/airflow/dags/clickhouse_metrics_dag.py
[2025-06-14T03:47:04.392+0000] {processor.py:830} INFO - Processing file /opt/airflow/dags/clickhouse_metrics_dag.py for tasks to queue
[2025-06-14T03:47:04.394+0000] {logging_mixin.py:188} INFO - [2025-06-14T03:47:04.394+0000] {dagbag.py:545} INFO - Filling up the DagBag from /opt/airflow/dags/clickhouse_metrics_dag.py
[2025-06-14T03:47:04.670+0000] {processor.py:840} INFO - DAG(s) 'clickhouse_metrics_checker' retrieved from /opt/airflow/dags/clickhouse_metrics_dag.py
[2025-06-14T03:47:04.694+0000] {logging_mixin.py:188} INFO - [2025-06-14T03:47:04.694+0000] {dag.py:3096} INFO - Sync 1 DAGs
[2025-06-14T03:47:04.717+0000] {logging_mixin.py:188} INFO - [2025-06-14T03:47:04.716+0000] {dag.py:3954} INFO - Setting next_dagrun for clickhouse_metrics_checker to 2025-06-14 02:00:00+00:00, run_after=2025-06-14 03:00:00+00:00
[2025-06-14T03:47:04.734+0000] {processor.py:183} INFO - Processing /opt/airflow/dags/clickhouse_metrics_dag.py took 0.356 seconds
[2025-06-14T03:47:35.099+0000] {processor.py:161} INFO - Started process (PID=124) to work on /opt/airflow/dags/clickhouse_metrics_dag.py
[2025-06-14T03:47:35.101+0000] {processor.py:830} INFO - Processing file /opt/airflow/dags/clickhouse_metrics_dag.py for tasks to queue
[2025-06-14T03:47:35.103+0000] {logging_mixin.py:188} INFO - [2025-06-14T03:47:35.103+0000] {dagbag.py:545} INFO - Filling up the DagBag from /opt/airflow/dags/clickhouse_metrics_dag.py
[2025-06-14T03:47:35.388+0000] {processor.py:840} INFO - DAG(s) 'clickhouse_metrics_checker' retrieved from /opt/airflow/dags/clickhouse_metrics_dag.py
[2025-06-14T03:47:35.412+0000] {logging_mixin.py:188} INFO - [2025-06-14T03:47:35.411+0000] {dag.py:3096} INFO - Sync 1 DAGs
[2025-06-14T03:47:35.433+0000] {logging_mixin.py:188} INFO - [2025-06-14T03:47:35.433+0000] {dag.py:3954} INFO - Setting next_dagrun for clickhouse_metrics_checker to 2025-06-14 02:00:00+00:00, run_after=2025-06-14 03:00:00+00:00
[2025-06-14T03:47:35.450+0000] {processor.py:183} INFO - Processing /opt/airflow/dags/clickhouse_metrics_dag.py took 0.363 seconds
[2025-06-14T03:48:05.870+0000] {processor.py:161} INFO - Started process (PID=137) to work on /opt/airflow/dags/clickhouse_metrics_dag.py
[2025-06-14T03:48:05.871+0000] {processor.py:830} INFO - Processing file /opt/airflow/dags/clickhouse_metrics_dag.py for tasks to queue
[2025-06-14T03:48:05.873+0000] {logging_mixin.py:188} INFO - [2025-06-14T03:48:05.873+0000] {dagbag.py:545} INFO - Filling up the DagBag from /opt/airflow/dags/clickhouse_metrics_dag.py
[2025-06-14T03:48:06.145+0000] {processor.py:840} INFO - DAG(s) 'clickhouse_metrics_checker' retrieved from /opt/airflow/dags/clickhouse_metrics_dag.py
[2025-06-14T03:48:06.169+0000] {logging_mixin.py:188} INFO - [2025-06-14T03:48:06.168+0000] {dag.py:3096} INFO - Sync 1 DAGs
[2025-06-14T03:48:06.192+0000] {logging_mixin.py:188} INFO - [2025-06-14T03:48:06.192+0000] {dag.py:3954} INFO - Setting next_dagrun for clickhouse_metrics_checker to 2025-06-14 02:00:00+00:00, run_after=2025-06-14 03:00:00+00:00
[2025-06-14T03:48:06.210+0000] {processor.py:183} INFO - Processing /opt/airflow/dags/clickhouse_metrics_dag.py took 0.354 seconds
[2025-06-14T03:48:36.652+0000] {processor.py:161} INFO - Started process (PID=150) to work on /opt/airflow/dags/clickhouse_metrics_dag.py
[2025-06-14T03:48:36.654+0000] {processor.py:830} INFO - Processing file /opt/airflow/dags/clickhouse_metrics_dag.py for tasks to queue
[2025-06-14T03:48:36.656+0000] {logging_mixin.py:188} INFO - [2025-06-14T03:48:36.656+0000] {dagbag.py:545} INFO - Filling up the DagBag from /opt/airflow/dags/clickhouse_metrics_dag.py
[2025-06-14T03:48:37.048+0000] {processor.py:840} INFO - DAG(s) 'clickhouse_metrics_checker' retrieved from /opt/airflow/dags/clickhouse_metrics_dag.py
[2025-06-14T03:48:37.077+0000] {logging_mixin.py:188} INFO - [2025-06-14T03:48:37.076+0000] {dag.py:3096} INFO - Sync 1 DAGs
[2025-06-14T03:48:37.107+0000] {logging_mixin.py:188} INFO - [2025-06-14T03:48:37.107+0000] {dag.py:3954} INFO - Setting next_dagrun for clickhouse_metrics_checker to 2025-06-14 02:00:00+00:00, run_after=2025-06-14 03:00:00+00:00
[2025-06-14T03:48:37.130+0000] {processor.py:183} INFO - Processing /opt/airflow/dags/clickhouse_metrics_dag.py took 0.490 seconds
[2025-06-14T03:49:07.506+0000] {processor.py:161} INFO - Started process (PID=163) to work on /opt/airflow/dags/clickhouse_metrics_dag.py
[2025-06-14T03:49:07.508+0000] {processor.py:830} INFO - Processing file /opt/airflow/dags/clickhouse_metrics_dag.py for tasks to queue
[2025-06-14T03:49:07.510+0000] {logging_mixin.py:188} INFO - [2025-06-14T03:49:07.510+0000] {dagbag.py:545} INFO - Filling up the DagBag from /opt/airflow/dags/clickhouse_metrics_dag.py
[2025-06-14T03:49:07.857+0000] {processor.py:840} INFO - DAG(s) 'clickhouse_metrics_checker' retrieved from /opt/airflow/dags/clickhouse_metrics_dag.py
[2025-06-14T03:49:07.882+0000] {logging_mixin.py:188} INFO - [2025-06-14T03:49:07.882+0000] {dag.py:3096} INFO - Sync 1 DAGs
[2025-06-14T03:49:07.908+0000] {logging_mixin.py:188} INFO - [2025-06-14T03:49:07.908+0000] {dag.py:3954} INFO - Setting next_dagrun for clickhouse_metrics_checker to 2025-06-14 02:00:00+00:00, run_after=2025-06-14 03:00:00+00:00
[2025-06-14T03:49:07.929+0000] {processor.py:183} INFO - Processing /opt/airflow/dags/clickhouse_metrics_dag.py took 0.435 seconds
[2025-06-14T03:49:38.319+0000] {processor.py:161} INFO - Started process (PID=176) to work on /opt/airflow/dags/clickhouse_metrics_dag.py
[2025-06-14T03:49:38.321+0000] {processor.py:830} INFO - Processing file /opt/airflow/dags/clickhouse_metrics_dag.py for tasks to queue
[2025-06-14T03:49:38.322+0000] {logging_mixin.py:188} INFO - [2025-06-14T03:49:38.322+0000] {dagbag.py:545} INFO - Filling up the DagBag from /opt/airflow/dags/clickhouse_metrics_dag.py
[2025-06-14T03:49:38.645+0000] {processor.py:840} INFO - DAG(s) 'clickhouse_metrics_checker' retrieved from /opt/airflow/dags/clickhouse_metrics_dag.py
[2025-06-14T03:49:38.670+0000] {logging_mixin.py:188} INFO - [2025-06-14T03:49:38.669+0000] {dag.py:3096} INFO - Sync 1 DAGs
[2025-06-14T03:49:38.694+0000] {logging_mixin.py:188} INFO - [2025-06-14T03:49:38.694+0000] {dag.py:3954} INFO - Setting next_dagrun for clickhouse_metrics_checker to 2025-06-14 02:00:00+00:00, run_after=2025-06-14 03:00:00+00:00
[2025-06-14T03:49:38.714+0000] {processor.py:183} INFO - Processing /opt/airflow/dags/clickhouse_metrics_dag.py took 0.407 seconds
[2025-06-14T03:50:09.154+0000] {processor.py:161} INFO - Started process (PID=189) to work on /opt/airflow/dags/clickhouse_metrics_dag.py
[2025-06-14T03:50:09.155+0000] {processor.py:830} INFO - Processing file /opt/airflow/dags/clickhouse_metrics_dag.py for tasks to queue
[2025-06-14T03:50:09.157+0000] {logging_mixin.py:188} INFO - [2025-06-14T03:50:09.157+0000] {dagbag.py:545} INFO - Filling up the DagBag from /opt/airflow/dags/clickhouse_metrics_dag.py
[2025-06-14T03:50:09.501+0000] {processor.py:840} INFO - DAG(s) 'clickhouse_metrics_checker' retrieved from /opt/airflow/dags/clickhouse_metrics_dag.py
[2025-06-14T03:50:09.525+0000] {logging_mixin.py:188} INFO - [2025-06-14T03:50:09.525+0000] {dag.py:3096} INFO - Sync 1 DAGs
[2025-06-14T03:50:09.549+0000] {logging_mixin.py:188} INFO - [2025-06-14T03:50:09.549+0000] {dag.py:3954} INFO - Setting next_dagrun for clickhouse_metrics_checker to 2025-06-14 02:00:00+00:00, run_after=2025-06-14 03:00:00+00:00
[2025-06-14T03:50:09.567+0000] {processor.py:183} INFO - Processing /opt/airflow/dags/clickhouse_metrics_dag.py took 0.425 seconds
[2025-06-14T03:50:39.919+0000] {processor.py:161} INFO - Started process (PID=202) to work on /opt/airflow/dags/clickhouse_metrics_dag.py
[2025-06-14T03:50:39.920+0000] {processor.py:830} INFO - Processing file /opt/airflow/dags/clickhouse_metrics_dag.py for tasks to queue
[2025-06-14T03:50:39.922+0000] {logging_mixin.py:188} INFO - [2025-06-14T03:50:39.922+0000] {dagbag.py:545} INFO - Filling up the DagBag from /opt/airflow/dags/clickhouse_metrics_dag.py
[2025-06-14T03:50:40.267+0000] {processor.py:840} INFO - DAG(s) 'clickhouse_metrics_checker' retrieved from /opt/airflow/dags/clickhouse_metrics_dag.py
[2025-06-14T03:50:40.304+0000] {logging_mixin.py:188} INFO - [2025-06-14T03:50:40.303+0000] {dag.py:3096} INFO - Sync 1 DAGs
[2025-06-14T03:50:40.337+0000] {logging_mixin.py:188} INFO - [2025-06-14T03:50:40.336+0000] {dag.py:3954} INFO - Setting next_dagrun for clickhouse_metrics_checker to 2025-06-14 02:00:00+00:00, run_after=2025-06-14 03:00:00+00:00
[2025-06-14T03:50:40.361+0000] {processor.py:183} INFO - Processing /opt/airflow/dags/clickhouse_metrics_dag.py took 0.455 seconds
[2025-06-14T03:51:10.820+0000] {processor.py:161} INFO - Started process (PID=215) to work on /opt/airflow/dags/clickhouse_metrics_dag.py
[2025-06-14T03:51:10.822+0000] {processor.py:830} INFO - Processing file /opt/airflow/dags/clickhouse_metrics_dag.py for tasks to queue
[2025-06-14T03:51:10.824+0000] {logging_mixin.py:188} INFO - [2025-06-14T03:51:10.823+0000] {dagbag.py:545} INFO - Filling up the DagBag from /opt/airflow/dags/clickhouse_metrics_dag.py
[2025-06-14T03:51:11.177+0000] {processor.py:840} INFO - DAG(s) 'clickhouse_metrics_checker' retrieved from /opt/airflow/dags/clickhouse_metrics_dag.py
[2025-06-14T03:51:11.205+0000] {logging_mixin.py:188} INFO - [2025-06-14T03:51:11.204+0000] {dag.py:3096} INFO - Sync 1 DAGs
[2025-06-14T03:51:11.230+0000] {logging_mixin.py:188} INFO - [2025-06-14T03:51:11.230+0000] {dag.py:3954} INFO - Setting next_dagrun for clickhouse_metrics_checker to 2025-06-14 02:00:00+00:00, run_after=2025-06-14 03:00:00+00:00
[2025-06-14T03:51:11.248+0000] {processor.py:183} INFO - Processing /opt/airflow/dags/clickhouse_metrics_dag.py took 0.441 seconds
[2025-06-14T03:51:41.625+0000] {processor.py:161} INFO - Started process (PID=228) to work on /opt/airflow/dags/clickhouse_metrics_dag.py
[2025-06-14T03:51:41.627+0000] {processor.py:830} INFO - Processing file /opt/airflow/dags/clickhouse_metrics_dag.py for tasks to queue
[2025-06-14T03:51:41.629+0000] {logging_mixin.py:188} INFO - [2025-06-14T03:51:41.629+0000] {dagbag.py:545} INFO - Filling up the DagBag from /opt/airflow/dags/clickhouse_metrics_dag.py
[2025-06-14T03:51:41.915+0000] {processor.py:840} INFO - DAG(s) 'clickhouse_metrics_checker' retrieved from /opt/airflow/dags/clickhouse_metrics_dag.py
[2025-06-14T03:51:41.938+0000] {logging_mixin.py:188} INFO - [2025-06-14T03:51:41.938+0000] {dag.py:3096} INFO - Sync 1 DAGs
[2025-06-14T03:51:41.960+0000] {logging_mixin.py:188} INFO - [2025-06-14T03:51:41.960+0000] {dag.py:3954} INFO - Setting next_dagrun for clickhouse_metrics_checker to 2025-06-14 02:00:00+00:00, run_after=2025-06-14 03:00:00+00:00
[2025-06-14T03:51:41.978+0000] {processor.py:183} INFO - Processing /opt/airflow/dags/clickhouse_metrics_dag.py took 0.361 seconds
[2025-06-14T03:52:12.354+0000] {processor.py:161} INFO - Started process (PID=241) to work on /opt/airflow/dags/clickhouse_metrics_dag.py
[2025-06-14T03:52:12.356+0000] {processor.py:830} INFO - Processing file /opt/airflow/dags/clickhouse_metrics_dag.py for tasks to queue
[2025-06-14T03:52:12.358+0000] {logging_mixin.py:188} INFO - [2025-06-14T03:52:12.357+0000] {dagbag.py:545} INFO - Filling up the DagBag from /opt/airflow/dags/clickhouse_metrics_dag.py
[2025-06-14T03:52:12.696+0000] {processor.py:840} INFO - DAG(s) 'clickhouse_metrics_checker' retrieved from /opt/airflow/dags/clickhouse_metrics_dag.py
[2025-06-14T03:52:12.725+0000] {logging_mixin.py:188} INFO - [2025-06-14T03:52:12.725+0000] {dag.py:3096} INFO - Sync 1 DAGs
[2025-06-14T03:52:12.754+0000] {logging_mixin.py:188} INFO - [2025-06-14T03:52:12.753+0000] {dag.py:3954} INFO - Setting next_dagrun for clickhouse_metrics_checker to 2025-06-14 02:00:00+00:00, run_after=2025-06-14 03:00:00+00:00
[2025-06-14T03:52:12.777+0000] {processor.py:183} INFO - Processing /opt/airflow/dags/clickhouse_metrics_dag.py took 0.436 seconds
[2025-06-14T03:52:43.177+0000] {processor.py:161} INFO - Started process (PID=254) to work on /opt/airflow/dags/clickhouse_metrics_dag.py
[2025-06-14T03:52:43.179+0000] {processor.py:830} INFO - Processing file /opt/airflow/dags/clickhouse_metrics_dag.py for tasks to queue
[2025-06-14T03:52:43.180+0000] {logging_mixin.py:188} INFO - [2025-06-14T03:52:43.180+0000] {dagbag.py:545} INFO - Filling up the DagBag from /opt/airflow/dags/clickhouse_metrics_dag.py
[2025-06-14T03:52:43.516+0000] {processor.py:840} INFO - DAG(s) 'clickhouse_metrics_checker' retrieved from /opt/airflow/dags/clickhouse_metrics_dag.py
[2025-06-14T03:52:43.546+0000] {logging_mixin.py:188} INFO - [2025-06-14T03:52:43.545+0000] {dag.py:3096} INFO - Sync 1 DAGs
[2025-06-14T03:52:43.573+0000] {logging_mixin.py:188} INFO - [2025-06-14T03:52:43.572+0000] {dag.py:3954} INFO - Setting next_dagrun for clickhouse_metrics_checker to 2025-06-14 02:00:00+00:00, run_after=2025-06-14 03:00:00+00:00
[2025-06-14T03:52:43.593+0000] {processor.py:183} INFO - Processing /opt/airflow/dags/clickhouse_metrics_dag.py took 0.429 seconds
[2025-06-14T03:53:14.050+0000] {processor.py:161} INFO - Started process (PID=267) to work on /opt/airflow/dags/clickhouse_metrics_dag.py
[2025-06-14T03:53:14.052+0000] {processor.py:830} INFO - Processing file /opt/airflow/dags/clickhouse_metrics_dag.py for tasks to queue
[2025-06-14T03:53:14.053+0000] {logging_mixin.py:188} INFO - [2025-06-14T03:53:14.053+0000] {dagbag.py:545} INFO - Filling up the DagBag from /opt/airflow/dags/clickhouse_metrics_dag.py
[2025-06-14T03:53:14.381+0000] {processor.py:840} INFO - DAG(s) 'clickhouse_metrics_checker' retrieved from /opt/airflow/dags/clickhouse_metrics_dag.py
[2025-06-14T03:53:14.409+0000] {logging_mixin.py:188} INFO - [2025-06-14T03:53:14.409+0000] {dag.py:3096} INFO - Sync 1 DAGs
[2025-06-14T03:53:14.442+0000] {logging_mixin.py:188} INFO - [2025-06-14T03:53:14.442+0000] {dag.py:3954} INFO - Setting next_dagrun for clickhouse_metrics_checker to 2025-06-14 02:00:00+00:00, run_after=2025-06-14 03:00:00+00:00
[2025-06-14T03:53:14.464+0000] {processor.py:183} INFO - Processing /opt/airflow/dags/clickhouse_metrics_dag.py took 0.427 seconds
[2025-06-14T03:53:44.787+0000] {processor.py:161} INFO - Started process (PID=280) to work on /opt/airflow/dags/clickhouse_metrics_dag.py
[2025-06-14T03:53:44.788+0000] {processor.py:830} INFO - Processing file /opt/airflow/dags/clickhouse_metrics_dag.py for tasks to queue
[2025-06-14T03:53:44.790+0000] {logging_mixin.py:188} INFO - [2025-06-14T03:53:44.790+0000] {dagbag.py:545} INFO - Filling up the DagBag from /opt/airflow/dags/clickhouse_metrics_dag.py
[2025-06-14T03:53:45.115+0000] {processor.py:840} INFO - DAG(s) 'clickhouse_metrics_checker' retrieved from /opt/airflow/dags/clickhouse_metrics_dag.py
[2025-06-14T03:53:45.147+0000] {logging_mixin.py:188} INFO - [2025-06-14T03:53:45.147+0000] {dag.py:3096} INFO - Sync 1 DAGs
[2025-06-14T03:53:45.168+0000] {logging_mixin.py:188} INFO - [2025-06-14T03:53:45.167+0000] {dag.py:3954} INFO - Setting next_dagrun for clickhouse_metrics_checker to 2025-06-14 02:00:00+00:00, run_after=2025-06-14 03:00:00+00:00
[2025-06-14T03:53:45.185+0000] {processor.py:183} INFO - Processing /opt/airflow/dags/clickhouse_metrics_dag.py took 0.409 seconds
[2025-06-14T03:54:15.511+0000] {processor.py:161} INFO - Started process (PID=293) to work on /opt/airflow/dags/clickhouse_metrics_dag.py
[2025-06-14T03:54:15.512+0000] {processor.py:830} INFO - Processing file /opt/airflow/dags/clickhouse_metrics_dag.py for tasks to queue
[2025-06-14T03:54:15.514+0000] {logging_mixin.py:188} INFO - [2025-06-14T03:54:15.514+0000] {dagbag.py:545} INFO - Filling up the DagBag from /opt/airflow/dags/clickhouse_metrics_dag.py
[2025-06-14T03:54:15.838+0000] {processor.py:840} INFO - DAG(s) 'clickhouse_metrics_checker' retrieved from /opt/airflow/dags/clickhouse_metrics_dag.py
[2025-06-14T03:54:15.860+0000] {logging_mixin.py:188} INFO - [2025-06-14T03:54:15.859+0000] {dag.py:3096} INFO - Sync 1 DAGs
[2025-06-14T03:54:15.881+0000] {logging_mixin.py:188} INFO - [2025-06-14T03:54:15.881+0000] {dag.py:3954} INFO - Setting next_dagrun for clickhouse_metrics_checker to 2025-06-14 02:00:00+00:00, run_after=2025-06-14 03:00:00+00:00
[2025-06-14T03:54:15.900+0000] {processor.py:183} INFO - Processing /opt/airflow/dags/clickhouse_metrics_dag.py took 0.398 seconds
[2025-06-14T03:54:46.233+0000] {processor.py:161} INFO - Started process (PID=306) to work on /opt/airflow/dags/clickhouse_metrics_dag.py
[2025-06-14T03:54:46.234+0000] {processor.py:830} INFO - Processing file /opt/airflow/dags/clickhouse_metrics_dag.py for tasks to queue
[2025-06-14T03:54:46.236+0000] {logging_mixin.py:188} INFO - [2025-06-14T03:54:46.236+0000] {dagbag.py:545} INFO - Filling up the DagBag from /opt/airflow/dags/clickhouse_metrics_dag.py
[2025-06-14T03:54:46.566+0000] {processor.py:840} INFO - DAG(s) 'clickhouse_metrics_checker' retrieved from /opt/airflow/dags/clickhouse_metrics_dag.py
[2025-06-14T03:54:46.591+0000] {logging_mixin.py:188} INFO - [2025-06-14T03:54:46.591+0000] {dag.py:3096} INFO - Sync 1 DAGs
[2025-06-14T03:54:46.615+0000] {logging_mixin.py:188} INFO - [2025-06-14T03:54:46.614+0000] {dag.py:3954} INFO - Setting next_dagrun for clickhouse_metrics_checker to 2025-06-14 02:00:00+00:00, run_after=2025-06-14 03:00:00+00:00
[2025-06-14T03:54:46.637+0000] {processor.py:183} INFO - Processing /opt/airflow/dags/clickhouse_metrics_dag.py took 0.418 seconds
