[2025-06-14T03:34:01.609+0000] {processor.py:161} INFO - Started process (PID=47) to work on /opt/airflow/dags/even_odd_branching.py
[2025-06-14T03:34:01.610+0000] {processor.py:830} INFO - Processing file /opt/airflow/dags/even_odd_branching.py for tasks to queue
[2025-06-14T03:34:01.612+0000] {logging_mixin.py:188} INFO - [2025-06-14T03:34:01.611+0000] {dagbag.py:545} INFO - Filling up the DagBag from /opt/airflow/dags/even_odd_branching.py
[2025-06-14T03:34:01.625+0000] {processor.py:840} INFO - DAG(s) 'even_odd_branching' retrieved from /opt/airflow/dags/even_odd_branching.py
[2025-06-14T03:34:01.655+0000] {logging_mixin.py:188} INFO - [2025-06-14T03:34:01.655+0000] {dag.py:3096} INFO - Sync 1 DAGs
[2025-06-14T03:34:01.682+0000] {logging_mixin.py:188} INFO - [2025-06-14T03:34:01.681+0000] {dag.py:3954} INFO - Setting next_dagrun for even_odd_branching to 2025-06-14 03:25:00+00:00, run_after=2025-06-14 03:30:00+00:00
[2025-06-14T03:34:01.701+0000] {processor.py:183} INFO - Processing /opt/airflow/dags/even_odd_branching.py took 0.100 seconds
[2025-06-14T03:34:17.390+0000] {processor.py:161} INFO - Started process (PID=47) to work on /opt/airflow/dags/even_odd_branching.py
[2025-06-14T03:34:17.391+0000] {processor.py:830} INFO - Processing file /opt/airflow/dags/even_odd_branching.py for tasks to queue
[2025-06-14T03:34:17.393+0000] {logging_mixin.py:188} INFO - [2025-06-14T03:34:17.393+0000] {dagbag.py:545} INFO - Filling up the DagBag from /opt/airflow/dags/even_odd_branching.py
[2025-06-14T03:34:17.403+0000] {processor.py:840} INFO - DAG(s) 'even_odd_branching' retrieved from /opt/airflow/dags/even_odd_branching.py
[2025-06-14T03:34:17.428+0000] {logging_mixin.py:188} INFO - [2025-06-14T03:34:17.428+0000] {dag.py:3096} INFO - Sync 1 DAGs
[2025-06-14T03:34:17.452+0000] {logging_mixin.py:188} INFO - [2025-06-14T03:34:17.452+0000] {dag.py:3954} INFO - Setting next_dagrun for even_odd_branching to 2025-06-14 03:25:00+00:00, run_after=2025-06-14 03:30:00+00:00
[2025-06-14T03:34:17.469+0000] {processor.py:183} INFO - Processing /opt/airflow/dags/even_odd_branching.py took 0.092 seconds
[2025-06-14T03:34:48.137+0000] {processor.py:161} INFO - Started process (PID=60) to work on /opt/airflow/dags/even_odd_branching.py
[2025-06-14T03:34:48.138+0000] {processor.py:830} INFO - Processing file /opt/airflow/dags/even_odd_branching.py for tasks to queue
[2025-06-14T03:34:48.140+0000] {logging_mixin.py:188} INFO - [2025-06-14T03:34:48.140+0000] {dagbag.py:545} INFO - Filling up the DagBag from /opt/airflow/dags/even_odd_branching.py
[2025-06-14T03:34:48.152+0000] {processor.py:840} INFO - DAG(s) 'even_odd_branching' retrieved from /opt/airflow/dags/even_odd_branching.py
[2025-06-14T03:34:48.190+0000] {logging_mixin.py:188} INFO - [2025-06-14T03:34:48.189+0000] {dag.py:3096} INFO - Sync 1 DAGs
[2025-06-14T03:34:48.224+0000] {logging_mixin.py:188} INFO - [2025-06-14T03:34:48.223+0000] {dag.py:3954} INFO - Setting next_dagrun for even_odd_branching to 2025-06-14 03:25:00+00:00, run_after=2025-06-14 03:30:00+00:00
[2025-06-14T03:34:48.243+0000] {processor.py:183} INFO - Processing /opt/airflow/dags/even_odd_branching.py took 0.113 seconds
[2025-06-14T03:35:18.832+0000] {processor.py:161} INFO - Started process (PID=73) to work on /opt/airflow/dags/even_odd_branching.py
[2025-06-14T03:35:18.833+0000] {processor.py:830} INFO - Processing file /opt/airflow/dags/even_odd_branching.py for tasks to queue
[2025-06-14T03:35:18.835+0000] {logging_mixin.py:188} INFO - [2025-06-14T03:35:18.834+0000] {dagbag.py:545} INFO - Filling up the DagBag from /opt/airflow/dags/even_odd_branching.py
[2025-06-14T03:35:18.845+0000] {processor.py:840} INFO - DAG(s) 'even_odd_branching' retrieved from /opt/airflow/dags/even_odd_branching.py
[2025-06-14T03:35:18.868+0000] {logging_mixin.py:188} INFO - [2025-06-14T03:35:18.868+0000] {dag.py:3096} INFO - Sync 1 DAGs
[2025-06-14T03:35:18.889+0000] {logging_mixin.py:188} INFO - [2025-06-14T03:35:18.888+0000] {dag.py:3954} INFO - Setting next_dagrun for even_odd_branching to 2025-06-14 03:30:00+00:00, run_after=2025-06-14 03:35:00+00:00
[2025-06-14T03:35:18.906+0000] {processor.py:183} INFO - Processing /opt/airflow/dags/even_odd_branching.py took 0.079 seconds
[2025-06-14T03:35:49.584+0000] {processor.py:161} INFO - Started process (PID=86) to work on /opt/airflow/dags/even_odd_branching.py
[2025-06-14T03:35:49.585+0000] {processor.py:830} INFO - Processing file /opt/airflow/dags/even_odd_branching.py for tasks to queue
[2025-06-14T03:35:49.586+0000] {logging_mixin.py:188} INFO - [2025-06-14T03:35:49.586+0000] {dagbag.py:545} INFO - Filling up the DagBag from /opt/airflow/dags/even_odd_branching.py
[2025-06-14T03:35:49.597+0000] {processor.py:840} INFO - DAG(s) 'even_odd_branching' retrieved from /opt/airflow/dags/even_odd_branching.py
[2025-06-14T03:35:49.622+0000] {logging_mixin.py:188} INFO - [2025-06-14T03:35:49.621+0000] {dag.py:3096} INFO - Sync 1 DAGs
[2025-06-14T03:35:49.644+0000] {logging_mixin.py:188} INFO - [2025-06-14T03:35:49.644+0000] {dag.py:3954} INFO - Setting next_dagrun for even_odd_branching to 2025-06-14 03:30:00+00:00, run_after=2025-06-14 03:35:00+00:00
[2025-06-14T03:35:49.663+0000] {processor.py:183} INFO - Processing /opt/airflow/dags/even_odd_branching.py took 0.085 seconds
[2025-06-14T03:36:20.237+0000] {processor.py:161} INFO - Started process (PID=100) to work on /opt/airflow/dags/even_odd_branching.py
[2025-06-14T03:36:20.238+0000] {processor.py:830} INFO - Processing file /opt/airflow/dags/even_odd_branching.py for tasks to queue
[2025-06-14T03:36:20.240+0000] {logging_mixin.py:188} INFO - [2025-06-14T03:36:20.240+0000] {dagbag.py:545} INFO - Filling up the DagBag from /opt/airflow/dags/even_odd_branching.py
[2025-06-14T03:36:20.251+0000] {processor.py:840} INFO - DAG(s) 'even_odd_branching' retrieved from /opt/airflow/dags/even_odd_branching.py
[2025-06-14T03:36:20.278+0000] {logging_mixin.py:188} INFO - [2025-06-14T03:36:20.278+0000] {dag.py:3096} INFO - Sync 1 DAGs
[2025-06-14T03:36:20.303+0000] {logging_mixin.py:188} INFO - [2025-06-14T03:36:20.303+0000] {dag.py:3954} INFO - Setting next_dagrun for even_odd_branching to 2025-06-14 03:30:00+00:00, run_after=2025-06-14 03:35:00+00:00
[2025-06-14T03:36:20.319+0000] {processor.py:183} INFO - Processing /opt/airflow/dags/even_odd_branching.py took 0.088 seconds
[2025-06-14T03:36:51.094+0000] {processor.py:161} INFO - Started process (PID=118) to work on /opt/airflow/dags/even_odd_branching.py
[2025-06-14T03:36:51.095+0000] {processor.py:830} INFO - Processing file /opt/airflow/dags/even_odd_branching.py for tasks to queue
[2025-06-14T03:36:51.097+0000] {logging_mixin.py:188} INFO - [2025-06-14T03:36:51.097+0000] {dagbag.py:545} INFO - Filling up the DagBag from /opt/airflow/dags/even_odd_branching.py
[2025-06-14T03:36:51.108+0000] {processor.py:840} INFO - DAG(s) 'even_odd_branching' retrieved from /opt/airflow/dags/even_odd_branching.py
[2025-06-14T03:36:51.140+0000] {logging_mixin.py:188} INFO - [2025-06-14T03:36:51.139+0000] {dag.py:3096} INFO - Sync 1 DAGs
[2025-06-14T03:36:51.165+0000] {logging_mixin.py:188} INFO - [2025-06-14T03:36:51.164+0000] {dag.py:3954} INFO - Setting next_dagrun for even_odd_branching to 2025-06-14 03:30:00+00:00, run_after=2025-06-14 03:35:00+00:00
[2025-06-14T03:36:51.183+0000] {processor.py:183} INFO - Processing /opt/airflow/dags/even_odd_branching.py took 0.096 seconds
[2025-06-14T03:37:21.896+0000] {processor.py:161} INFO - Started process (PID=131) to work on /opt/airflow/dags/even_odd_branching.py
[2025-06-14T03:37:21.897+0000] {processor.py:830} INFO - Processing file /opt/airflow/dags/even_odd_branching.py for tasks to queue
[2025-06-14T03:37:21.899+0000] {logging_mixin.py:188} INFO - [2025-06-14T03:37:21.898+0000] {dagbag.py:545} INFO - Filling up the DagBag from /opt/airflow/dags/even_odd_branching.py
[2025-06-14T03:37:21.908+0000] {processor.py:840} INFO - DAG(s) 'even_odd_branching' retrieved from /opt/airflow/dags/even_odd_branching.py
[2025-06-14T03:37:21.933+0000] {logging_mixin.py:188} INFO - [2025-06-14T03:37:21.933+0000] {dag.py:3096} INFO - Sync 1 DAGs
[2025-06-14T03:37:21.955+0000] {logging_mixin.py:188} INFO - [2025-06-14T03:37:21.955+0000] {dag.py:3954} INFO - Setting next_dagrun for even_odd_branching to 2025-06-14 03:30:00+00:00, run_after=2025-06-14 03:35:00+00:00
[2025-06-14T03:37:21.973+0000] {processor.py:183} INFO - Processing /opt/airflow/dags/even_odd_branching.py took 0.089 seconds
[2025-06-14T03:37:52.656+0000] {processor.py:161} INFO - Started process (PID=144) to work on /opt/airflow/dags/even_odd_branching.py
[2025-06-14T03:37:52.657+0000] {processor.py:830} INFO - Processing file /opt/airflow/dags/even_odd_branching.py for tasks to queue
[2025-06-14T03:37:52.659+0000] {logging_mixin.py:188} INFO - [2025-06-14T03:37:52.659+0000] {dagbag.py:545} INFO - Filling up the DagBag from /opt/airflow/dags/even_odd_branching.py
[2025-06-14T03:37:52.669+0000] {processor.py:840} INFO - DAG(s) 'even_odd_branching' retrieved from /opt/airflow/dags/even_odd_branching.py
[2025-06-14T03:37:52.695+0000] {logging_mixin.py:188} INFO - [2025-06-14T03:37:52.695+0000] {dag.py:3096} INFO - Sync 1 DAGs
[2025-06-14T03:37:52.718+0000] {logging_mixin.py:188} INFO - [2025-06-14T03:37:52.718+0000] {dag.py:3954} INFO - Setting next_dagrun for even_odd_branching to 2025-06-14 03:30:00+00:00, run_after=2025-06-14 03:35:00+00:00
[2025-06-14T03:37:52.735+0000] {processor.py:183} INFO - Processing /opt/airflow/dags/even_odd_branching.py took 0.085 seconds
[2025-06-14T03:38:23.332+0000] {processor.py:161} INFO - Started process (PID=157) to work on /opt/airflow/dags/even_odd_branching.py
[2025-06-14T03:38:23.333+0000] {processor.py:830} INFO - Processing file /opt/airflow/dags/even_odd_branching.py for tasks to queue
[2025-06-14T03:38:23.334+0000] {logging_mixin.py:188} INFO - [2025-06-14T03:38:23.334+0000] {dagbag.py:545} INFO - Filling up the DagBag from /opt/airflow/dags/even_odd_branching.py
[2025-06-14T03:38:23.344+0000] {processor.py:840} INFO - DAG(s) 'even_odd_branching' retrieved from /opt/airflow/dags/even_odd_branching.py
[2025-06-14T03:38:23.369+0000] {logging_mixin.py:188} INFO - [2025-06-14T03:38:23.369+0000] {dag.py:3096} INFO - Sync 1 DAGs
[2025-06-14T03:38:23.392+0000] {logging_mixin.py:188} INFO - [2025-06-14T03:38:23.392+0000] {dag.py:3954} INFO - Setting next_dagrun for even_odd_branching to 2025-06-14 03:30:00+00:00, run_after=2025-06-14 03:35:00+00:00
[2025-06-14T03:38:23.409+0000] {processor.py:183} INFO - Processing /opt/airflow/dags/even_odd_branching.py took 0.083 seconds
[2025-06-14T03:38:54.115+0000] {processor.py:161} INFO - Started process (PID=170) to work on /opt/airflow/dags/even_odd_branching.py
[2025-06-14T03:38:54.115+0000] {processor.py:830} INFO - Processing file /opt/airflow/dags/even_odd_branching.py for tasks to queue
[2025-06-14T03:38:54.117+0000] {logging_mixin.py:188} INFO - [2025-06-14T03:38:54.117+0000] {dagbag.py:545} INFO - Filling up the DagBag from /opt/airflow/dags/even_odd_branching.py
[2025-06-14T03:38:54.127+0000] {processor.py:840} INFO - DAG(s) 'even_odd_branching' retrieved from /opt/airflow/dags/even_odd_branching.py
[2025-06-14T03:38:54.153+0000] {logging_mixin.py:188} INFO - [2025-06-14T03:38:54.153+0000] {dag.py:3096} INFO - Sync 1 DAGs
[2025-06-14T03:38:54.173+0000] {logging_mixin.py:188} INFO - [2025-06-14T03:38:54.173+0000] {dag.py:3954} INFO - Setting next_dagrun for even_odd_branching to 2025-06-14 03:30:00+00:00, run_after=2025-06-14 03:35:00+00:00
[2025-06-14T03:38:54.189+0000] {processor.py:183} INFO - Processing /opt/airflow/dags/even_odd_branching.py took 0.080 seconds
[2025-06-14T03:39:24.861+0000] {processor.py:161} INFO - Started process (PID=187) to work on /opt/airflow/dags/even_odd_branching.py
[2025-06-14T03:39:24.861+0000] {processor.py:830} INFO - Processing file /opt/airflow/dags/even_odd_branching.py for tasks to queue
[2025-06-14T03:39:24.863+0000] {logging_mixin.py:188} INFO - [2025-06-14T03:39:24.863+0000] {dagbag.py:545} INFO - Filling up the DagBag from /opt/airflow/dags/even_odd_branching.py
[2025-06-14T03:39:24.873+0000] {processor.py:840} INFO - DAG(s) 'even_odd_branching' retrieved from /opt/airflow/dags/even_odd_branching.py
[2025-06-14T03:39:24.897+0000] {logging_mixin.py:188} INFO - [2025-06-14T03:39:24.897+0000] {dag.py:3096} INFO - Sync 1 DAGs
[2025-06-14T03:39:24.918+0000] {logging_mixin.py:188} INFO - [2025-06-14T03:39:24.918+0000] {dag.py:3954} INFO - Setting next_dagrun for even_odd_branching to 2025-06-14 03:30:00+00:00, run_after=2025-06-14 03:35:00+00:00
[2025-06-14T03:39:24.935+0000] {processor.py:183} INFO - Processing /opt/airflow/dags/even_odd_branching.py took 0.080 seconds
[2025-06-14T03:39:55.718+0000] {processor.py:161} INFO - Started process (PID=200) to work on /opt/airflow/dags/even_odd_branching.py
[2025-06-14T03:39:55.719+0000] {processor.py:830} INFO - Processing file /opt/airflow/dags/even_odd_branching.py for tasks to queue
[2025-06-14T03:39:55.721+0000] {logging_mixin.py:188} INFO - [2025-06-14T03:39:55.720+0000] {dagbag.py:545} INFO - Filling up the DagBag from /opt/airflow/dags/even_odd_branching.py
[2025-06-14T03:39:55.731+0000] {processor.py:840} INFO - DAG(s) 'even_odd_branching' retrieved from /opt/airflow/dags/even_odd_branching.py
[2025-06-14T03:39:55.758+0000] {logging_mixin.py:188} INFO - [2025-06-14T03:39:55.757+0000] {dag.py:3096} INFO - Sync 1 DAGs
[2025-06-14T03:39:55.785+0000] {logging_mixin.py:188} INFO - [2025-06-14T03:39:55.784+0000] {dag.py:3954} INFO - Setting next_dagrun for even_odd_branching to 2025-06-14 03:30:00+00:00, run_after=2025-06-14 03:35:00+00:00
[2025-06-14T03:39:55.803+0000] {processor.py:183} INFO - Processing /opt/airflow/dags/even_odd_branching.py took 0.093 seconds
[2025-06-14T03:40:26.407+0000] {processor.py:161} INFO - Started process (PID=213) to work on /opt/airflow/dags/even_odd_branching.py
[2025-06-14T03:40:26.409+0000] {processor.py:830} INFO - Processing file /opt/airflow/dags/even_odd_branching.py for tasks to queue
[2025-06-14T03:40:26.411+0000] {logging_mixin.py:188} INFO - [2025-06-14T03:40:26.411+0000] {dagbag.py:545} INFO - Filling up the DagBag from /opt/airflow/dags/even_odd_branching.py
[2025-06-14T03:40:26.422+0000] {processor.py:840} INFO - DAG(s) 'even_odd_branching' retrieved from /opt/airflow/dags/even_odd_branching.py
[2025-06-14T03:40:26.448+0000] {logging_mixin.py:188} INFO - [2025-06-14T03:40:26.448+0000] {dag.py:3096} INFO - Sync 1 DAGs
[2025-06-14T03:40:26.474+0000] {logging_mixin.py:188} INFO - [2025-06-14T03:40:26.473+0000] {dag.py:3954} INFO - Setting next_dagrun for even_odd_branching to 2025-06-14 03:35:00+00:00, run_after=2025-06-14 03:40:00+00:00
[2025-06-14T03:40:26.494+0000] {processor.py:183} INFO - Processing /opt/airflow/dags/even_odd_branching.py took 0.100 seconds
[2025-06-14T03:40:57.320+0000] {processor.py:161} INFO - Started process (PID=226) to work on /opt/airflow/dags/even_odd_branching.py
[2025-06-14T03:40:57.321+0000] {processor.py:830} INFO - Processing file /opt/airflow/dags/even_odd_branching.py for tasks to queue
[2025-06-14T03:40:57.322+0000] {logging_mixin.py:188} INFO - [2025-06-14T03:40:57.322+0000] {dagbag.py:545} INFO - Filling up the DagBag from /opt/airflow/dags/even_odd_branching.py
[2025-06-14T03:40:57.333+0000] {processor.py:840} INFO - DAG(s) 'even_odd_branching' retrieved from /opt/airflow/dags/even_odd_branching.py
[2025-06-14T03:40:57.373+0000] {logging_mixin.py:188} INFO - [2025-06-14T03:40:57.372+0000] {dag.py:3096} INFO - Sync 1 DAGs
[2025-06-14T03:40:57.402+0000] {logging_mixin.py:188} INFO - [2025-06-14T03:40:57.402+0000] {dag.py:3954} INFO - Setting next_dagrun for even_odd_branching to 2025-06-14 03:35:00+00:00, run_after=2025-06-14 03:40:00+00:00
[2025-06-14T03:40:57.422+0000] {processor.py:183} INFO - Processing /opt/airflow/dags/even_odd_branching.py took 0.110 seconds
[2025-06-14T03:41:28.021+0000] {processor.py:161} INFO - Started process (PID=239) to work on /opt/airflow/dags/even_odd_branching.py
[2025-06-14T03:41:28.023+0000] {processor.py:830} INFO - Processing file /opt/airflow/dags/even_odd_branching.py for tasks to queue
[2025-06-14T03:41:28.025+0000] {logging_mixin.py:188} INFO - [2025-06-14T03:41:28.024+0000] {dagbag.py:545} INFO - Filling up the DagBag from /opt/airflow/dags/even_odd_branching.py
[2025-06-14T03:41:28.037+0000] {processor.py:840} INFO - DAG(s) 'even_odd_branching' retrieved from /opt/airflow/dags/even_odd_branching.py
[2025-06-14T03:41:28.065+0000] {logging_mixin.py:188} INFO - [2025-06-14T03:41:28.065+0000] {dag.py:3096} INFO - Sync 1 DAGs
[2025-06-14T03:41:28.093+0000] {logging_mixin.py:188} INFO - [2025-06-14T03:41:28.093+0000] {dag.py:3954} INFO - Setting next_dagrun for even_odd_branching to 2025-06-14 03:35:00+00:00, run_after=2025-06-14 03:40:00+00:00
[2025-06-14T03:41:28.115+0000] {processor.py:183} INFO - Processing /opt/airflow/dags/even_odd_branching.py took 0.107 seconds
[2025-06-14T03:41:58.846+0000] {processor.py:161} INFO - Started process (PID=252) to work on /opt/airflow/dags/even_odd_branching.py
[2025-06-14T03:41:58.847+0000] {processor.py:830} INFO - Processing file /opt/airflow/dags/even_odd_branching.py for tasks to queue
[2025-06-14T03:41:58.850+0000] {logging_mixin.py:188} INFO - [2025-06-14T03:41:58.849+0000] {dagbag.py:545} INFO - Filling up the DagBag from /opt/airflow/dags/even_odd_branching.py
[2025-06-14T03:41:58.863+0000] {processor.py:840} INFO - DAG(s) 'even_odd_branching' retrieved from /opt/airflow/dags/even_odd_branching.py
[2025-06-14T03:41:58.895+0000] {logging_mixin.py:188} INFO - [2025-06-14T03:41:58.895+0000] {dag.py:3096} INFO - Sync 1 DAGs
[2025-06-14T03:41:58.920+0000] {logging_mixin.py:188} INFO - [2025-06-14T03:41:58.920+0000] {dag.py:3954} INFO - Setting next_dagrun for even_odd_branching to 2025-06-14 03:35:00+00:00, run_after=2025-06-14 03:40:00+00:00
[2025-06-14T03:41:58.937+0000] {processor.py:183} INFO - Processing /opt/airflow/dags/even_odd_branching.py took 0.098 seconds
[2025-06-14T03:42:29.711+0000] {processor.py:161} INFO - Started process (PID=265) to work on /opt/airflow/dags/even_odd_branching.py
[2025-06-14T03:42:29.712+0000] {processor.py:830} INFO - Processing file /opt/airflow/dags/even_odd_branching.py for tasks to queue
[2025-06-14T03:42:29.714+0000] {logging_mixin.py:188} INFO - [2025-06-14T03:42:29.714+0000] {dagbag.py:545} INFO - Filling up the DagBag from /opt/airflow/dags/even_odd_branching.py
[2025-06-14T03:42:29.725+0000] {processor.py:840} INFO - DAG(s) 'even_odd_branching' retrieved from /opt/airflow/dags/even_odd_branching.py
[2025-06-14T03:42:29.750+0000] {logging_mixin.py:188} INFO - [2025-06-14T03:42:29.750+0000] {dag.py:3096} INFO - Sync 1 DAGs
[2025-06-14T03:42:29.772+0000] {logging_mixin.py:188} INFO - [2025-06-14T03:42:29.772+0000] {dag.py:3954} INFO - Setting next_dagrun for even_odd_branching to 2025-06-14 03:35:00+00:00, run_after=2025-06-14 03:40:00+00:00
[2025-06-14T03:42:29.789+0000] {processor.py:183} INFO - Processing /opt/airflow/dags/even_odd_branching.py took 0.084 seconds
[2025-06-14T03:43:00.574+0000] {processor.py:161} INFO - Started process (PID=278) to work on /opt/airflow/dags/even_odd_branching.py
[2025-06-14T03:43:00.576+0000] {processor.py:830} INFO - Processing file /opt/airflow/dags/even_odd_branching.py for tasks to queue
[2025-06-14T03:43:00.578+0000] {logging_mixin.py:188} INFO - [2025-06-14T03:43:00.577+0000] {dagbag.py:545} INFO - Filling up the DagBag from /opt/airflow/dags/even_odd_branching.py
[2025-06-14T03:43:00.589+0000] {processor.py:840} INFO - DAG(s) 'even_odd_branching' retrieved from /opt/airflow/dags/even_odd_branching.py
[2025-06-14T03:43:00.618+0000] {logging_mixin.py:188} INFO - [2025-06-14T03:43:00.618+0000] {dag.py:3096} INFO - Sync 1 DAGs
[2025-06-14T03:43:00.645+0000] {logging_mixin.py:188} INFO - [2025-06-14T03:43:00.645+0000] {dag.py:3954} INFO - Setting next_dagrun for even_odd_branching to 2025-06-14 03:35:00+00:00, run_after=2025-06-14 03:40:00+00:00
[2025-06-14T03:43:00.666+0000] {processor.py:183} INFO - Processing /opt/airflow/dags/even_odd_branching.py took 0.104 seconds
[2025-06-14T03:45:00.987+0000] {processor.py:161} INFO - Started process (PID=58) to work on /opt/airflow/dags/even_odd_branching.py
[2025-06-14T03:45:00.988+0000] {processor.py:830} INFO - Processing file /opt/airflow/dags/even_odd_branching.py for tasks to queue
[2025-06-14T03:45:00.990+0000] {logging_mixin.py:188} INFO - [2025-06-14T03:45:00.990+0000] {dagbag.py:545} INFO - Filling up the DagBag from /opt/airflow/dags/even_odd_branching.py
[2025-06-14T03:45:01.003+0000] {processor.py:840} INFO - DAG(s) 'even_odd_branching' retrieved from /opt/airflow/dags/even_odd_branching.py
[2025-06-14T03:45:01.147+0000] {logging_mixin.py:188} INFO - [2025-06-14T03:45:01.147+0000] {dag.py:3096} INFO - Sync 1 DAGs
[2025-06-14T03:45:01.187+0000] {logging_mixin.py:188} INFO - [2025-06-14T03:45:01.187+0000] {dag.py:3954} INFO - Setting next_dagrun for even_odd_branching to 2025-06-14 03:40:00+00:00, run_after=2025-06-14 03:45:00+00:00
[2025-06-14T03:45:01.214+0000] {processor.py:183} INFO - Processing /opt/airflow/dags/even_odd_branching.py took 0.234 seconds
[2025-06-14T03:45:32.050+0000] {processor.py:161} INFO - Started process (PID=71) to work on /opt/airflow/dags/even_odd_branching.py
[2025-06-14T03:45:32.051+0000] {processor.py:830} INFO - Processing file /opt/airflow/dags/even_odd_branching.py for tasks to queue
[2025-06-14T03:45:32.053+0000] {logging_mixin.py:188} INFO - [2025-06-14T03:45:32.052+0000] {dagbag.py:545} INFO - Filling up the DagBag from /opt/airflow/dags/even_odd_branching.py
[2025-06-14T03:45:32.066+0000] {processor.py:840} INFO - DAG(s) 'even_odd_branching' retrieved from /opt/airflow/dags/even_odd_branching.py
[2025-06-14T03:45:32.097+0000] {logging_mixin.py:188} INFO - [2025-06-14T03:45:32.097+0000] {dag.py:3096} INFO - Sync 1 DAGs
[2025-06-14T03:45:32.126+0000] {logging_mixin.py:188} INFO - [2025-06-14T03:45:32.126+0000] {dag.py:3954} INFO - Setting next_dagrun for even_odd_branching to 2025-06-14 03:40:00+00:00, run_after=2025-06-14 03:45:00+00:00
[2025-06-14T03:45:32.148+0000] {processor.py:183} INFO - Processing /opt/airflow/dags/even_odd_branching.py took 0.110 seconds
[2025-06-14T03:46:02.925+0000] {processor.py:161} INFO - Started process (PID=84) to work on /opt/airflow/dags/even_odd_branching.py
[2025-06-14T03:46:02.927+0000] {processor.py:830} INFO - Processing file /opt/airflow/dags/even_odd_branching.py for tasks to queue
[2025-06-14T03:46:02.928+0000] {logging_mixin.py:188} INFO - [2025-06-14T03:46:02.928+0000] {dagbag.py:545} INFO - Filling up the DagBag from /opt/airflow/dags/even_odd_branching.py
[2025-06-14T03:46:02.939+0000] {processor.py:840} INFO - DAG(s) 'even_odd_branching' retrieved from /opt/airflow/dags/even_odd_branching.py
[2025-06-14T03:46:02.966+0000] {logging_mixin.py:188} INFO - [2025-06-14T03:46:02.966+0000] {dag.py:3096} INFO - Sync 1 DAGs
[2025-06-14T03:46:02.990+0000] {logging_mixin.py:188} INFO - [2025-06-14T03:46:02.990+0000] {dag.py:3954} INFO - Setting next_dagrun for even_odd_branching to 2025-06-14 03:40:00+00:00, run_after=2025-06-14 03:45:00+00:00
[2025-06-14T03:46:03.008+0000] {processor.py:183} INFO - Processing /opt/airflow/dags/even_odd_branching.py took 0.095 seconds
[2025-06-14T03:46:34.108+0000] {processor.py:161} INFO - Started process (PID=103) to work on /opt/airflow/dags/even_odd_branching.py
[2025-06-14T03:46:34.109+0000] {processor.py:830} INFO - Processing file /opt/airflow/dags/even_odd_branching.py for tasks to queue
[2025-06-14T03:46:34.111+0000] {logging_mixin.py:188} INFO - [2025-06-14T03:46:34.111+0000] {dagbag.py:545} INFO - Filling up the DagBag from /opt/airflow/dags/even_odd_branching.py
[2025-06-14T03:46:34.123+0000] {processor.py:840} INFO - DAG(s) 'even_odd_branching' retrieved from /opt/airflow/dags/even_odd_branching.py
[2025-06-14T03:46:34.152+0000] {logging_mixin.py:188} INFO - [2025-06-14T03:46:34.152+0000] {dag.py:3096} INFO - Sync 1 DAGs
[2025-06-14T03:46:34.178+0000] {logging_mixin.py:188} INFO - [2025-06-14T03:46:34.178+0000] {dag.py:3954} INFO - Setting next_dagrun for even_odd_branching to 2025-06-14 03:40:00+00:00, run_after=2025-06-14 03:45:00+00:00
[2025-06-14T03:46:34.197+0000] {processor.py:183} INFO - Processing /opt/airflow/dags/even_odd_branching.py took 0.100 seconds
[2025-06-14T03:47:04.823+0000] {processor.py:161} INFO - Started process (PID=116) to work on /opt/airflow/dags/even_odd_branching.py
[2025-06-14T03:47:04.823+0000] {processor.py:830} INFO - Processing file /opt/airflow/dags/even_odd_branching.py for tasks to queue
[2025-06-14T03:47:04.825+0000] {logging_mixin.py:188} INFO - [2025-06-14T03:47:04.825+0000] {dagbag.py:545} INFO - Filling up the DagBag from /opt/airflow/dags/even_odd_branching.py
[2025-06-14T03:47:04.836+0000] {processor.py:840} INFO - DAG(s) 'even_odd_branching' retrieved from /opt/airflow/dags/even_odd_branching.py
[2025-06-14T03:47:04.863+0000] {logging_mixin.py:188} INFO - [2025-06-14T03:47:04.862+0000] {dag.py:3096} INFO - Sync 1 DAGs
[2025-06-14T03:47:04.886+0000] {logging_mixin.py:188} INFO - [2025-06-14T03:47:04.885+0000] {dag.py:3954} INFO - Setting next_dagrun for even_odd_branching to 2025-06-14 03:40:00+00:00, run_after=2025-06-14 03:45:00+00:00
[2025-06-14T03:47:04.903+0000] {processor.py:183} INFO - Processing /opt/airflow/dags/even_odd_branching.py took 0.087 seconds
[2025-06-14T03:47:35.596+0000] {processor.py:161} INFO - Started process (PID=129) to work on /opt/airflow/dags/even_odd_branching.py
[2025-06-14T03:47:35.597+0000] {processor.py:830} INFO - Processing file /opt/airflow/dags/even_odd_branching.py for tasks to queue
[2025-06-14T03:47:35.599+0000] {logging_mixin.py:188} INFO - [2025-06-14T03:47:35.598+0000] {dagbag.py:545} INFO - Filling up the DagBag from /opt/airflow/dags/even_odd_branching.py
[2025-06-14T03:47:35.609+0000] {processor.py:840} INFO - DAG(s) 'even_odd_branching' retrieved from /opt/airflow/dags/even_odd_branching.py
[2025-06-14T03:47:35.632+0000] {logging_mixin.py:188} INFO - [2025-06-14T03:47:35.631+0000] {dag.py:3096} INFO - Sync 1 DAGs
[2025-06-14T03:47:35.656+0000] {logging_mixin.py:188} INFO - [2025-06-14T03:47:35.656+0000] {dag.py:3954} INFO - Setting next_dagrun for even_odd_branching to 2025-06-14 03:40:00+00:00, run_after=2025-06-14 03:45:00+00:00
[2025-06-14T03:47:35.674+0000] {processor.py:183} INFO - Processing /opt/airflow/dags/even_odd_branching.py took 0.084 seconds
[2025-06-14T03:48:06.388+0000] {processor.py:161} INFO - Started process (PID=142) to work on /opt/airflow/dags/even_odd_branching.py
[2025-06-14T03:48:06.389+0000] {processor.py:830} INFO - Processing file /opt/airflow/dags/even_odd_branching.py for tasks to queue
[2025-06-14T03:48:06.391+0000] {logging_mixin.py:188} INFO - [2025-06-14T03:48:06.391+0000] {dagbag.py:545} INFO - Filling up the DagBag from /opt/airflow/dags/even_odd_branching.py
[2025-06-14T03:48:06.401+0000] {processor.py:840} INFO - DAG(s) 'even_odd_branching' retrieved from /opt/airflow/dags/even_odd_branching.py
[2025-06-14T03:48:06.429+0000] {logging_mixin.py:188} INFO - [2025-06-14T03:48:06.429+0000] {dag.py:3096} INFO - Sync 1 DAGs
[2025-06-14T03:48:06.450+0000] {logging_mixin.py:188} INFO - [2025-06-14T03:48:06.450+0000] {dag.py:3954} INFO - Setting next_dagrun for even_odd_branching to 2025-06-14 03:40:00+00:00, run_after=2025-06-14 03:45:00+00:00
[2025-06-14T03:48:06.467+0000] {processor.py:183} INFO - Processing /opt/airflow/dags/even_odd_branching.py took 0.089 seconds
[2025-06-14T03:48:37.206+0000] {processor.py:161} INFO - Started process (PID=155) to work on /opt/airflow/dags/even_odd_branching.py
[2025-06-14T03:48:37.207+0000] {processor.py:830} INFO - Processing file /opt/airflow/dags/even_odd_branching.py for tasks to queue
[2025-06-14T03:48:37.209+0000] {logging_mixin.py:188} INFO - [2025-06-14T03:48:37.208+0000] {dagbag.py:545} INFO - Filling up the DagBag from /opt/airflow/dags/even_odd_branching.py
[2025-06-14T03:48:37.221+0000] {processor.py:840} INFO - DAG(s) 'even_odd_branching' retrieved from /opt/airflow/dags/even_odd_branching.py
[2025-06-14T03:48:37.253+0000] {logging_mixin.py:188} INFO - [2025-06-14T03:48:37.252+0000] {dag.py:3096} INFO - Sync 1 DAGs
[2025-06-14T03:48:37.283+0000] {logging_mixin.py:188} INFO - [2025-06-14T03:48:37.282+0000] {dag.py:3954} INFO - Setting next_dagrun for even_odd_branching to 2025-06-14 03:40:00+00:00, run_after=2025-06-14 03:45:00+00:00
[2025-06-14T03:48:37.305+0000] {processor.py:183} INFO - Processing /opt/airflow/dags/even_odd_branching.py took 0.108 seconds
[2025-06-14T03:49:08.132+0000] {processor.py:161} INFO - Started process (PID=168) to work on /opt/airflow/dags/even_odd_branching.py
[2025-06-14T03:49:08.133+0000] {processor.py:830} INFO - Processing file /opt/airflow/dags/even_odd_branching.py for tasks to queue
[2025-06-14T03:49:08.135+0000] {logging_mixin.py:188} INFO - [2025-06-14T03:49:08.135+0000] {dagbag.py:545} INFO - Filling up the DagBag from /opt/airflow/dags/even_odd_branching.py
[2025-06-14T03:49:08.147+0000] {processor.py:840} INFO - DAG(s) 'even_odd_branching' retrieved from /opt/airflow/dags/even_odd_branching.py
[2025-06-14T03:49:08.179+0000] {logging_mixin.py:188} INFO - [2025-06-14T03:49:08.179+0000] {dag.py:3096} INFO - Sync 1 DAGs
[2025-06-14T03:49:08.209+0000] {logging_mixin.py:188} INFO - [2025-06-14T03:49:08.208+0000] {dag.py:3954} INFO - Setting next_dagrun for even_odd_branching to 2025-06-14 03:40:00+00:00, run_after=2025-06-14 03:45:00+00:00
[2025-06-14T03:49:08.228+0000] {processor.py:183} INFO - Processing /opt/airflow/dags/even_odd_branching.py took 0.109 seconds
[2025-06-14T03:49:38.871+0000] {processor.py:161} INFO - Started process (PID=181) to work on /opt/airflow/dags/even_odd_branching.py
[2025-06-14T03:49:38.872+0000] {processor.py:830} INFO - Processing file /opt/airflow/dags/even_odd_branching.py for tasks to queue
[2025-06-14T03:49:38.873+0000] {logging_mixin.py:188} INFO - [2025-06-14T03:49:38.873+0000] {dagbag.py:545} INFO - Filling up the DagBag from /opt/airflow/dags/even_odd_branching.py
[2025-06-14T03:49:38.883+0000] {processor.py:840} INFO - DAG(s) 'even_odd_branching' retrieved from /opt/airflow/dags/even_odd_branching.py
[2025-06-14T03:49:38.910+0000] {logging_mixin.py:188} INFO - [2025-06-14T03:49:38.910+0000] {dag.py:3096} INFO - Sync 1 DAGs
[2025-06-14T03:49:38.935+0000] {logging_mixin.py:188} INFO - [2025-06-14T03:49:38.935+0000] {dag.py:3954} INFO - Setting next_dagrun for even_odd_branching to 2025-06-14 03:40:00+00:00, run_after=2025-06-14 03:45:00+00:00
[2025-06-14T03:49:38.952+0000] {processor.py:183} INFO - Processing /opt/airflow/dags/even_odd_branching.py took 0.087 seconds
[2025-06-14T03:50:09.748+0000] {processor.py:161} INFO - Started process (PID=194) to work on /opt/airflow/dags/even_odd_branching.py
[2025-06-14T03:50:09.749+0000] {processor.py:830} INFO - Processing file /opt/airflow/dags/even_odd_branching.py for tasks to queue
[2025-06-14T03:50:09.751+0000] {logging_mixin.py:188} INFO - [2025-06-14T03:50:09.750+0000] {dagbag.py:545} INFO - Filling up the DagBag from /opt/airflow/dags/even_odd_branching.py
[2025-06-14T03:50:09.763+0000] {processor.py:840} INFO - DAG(s) 'even_odd_branching' retrieved from /opt/airflow/dags/even_odd_branching.py
[2025-06-14T03:50:09.794+0000] {logging_mixin.py:188} INFO - [2025-06-14T03:50:09.794+0000] {dag.py:3096} INFO - Sync 1 DAGs
[2025-06-14T03:50:09.823+0000] {logging_mixin.py:188} INFO - [2025-06-14T03:50:09.822+0000] {dag.py:3954} INFO - Setting next_dagrun for even_odd_branching to 2025-06-14 03:45:00+00:00, run_after=2025-06-14 03:50:00+00:00
[2025-06-14T03:50:09.843+0000] {processor.py:183} INFO - Processing /opt/airflow/dags/even_odd_branching.py took 0.108 seconds
[2025-06-14T03:50:40.528+0000] {processor.py:161} INFO - Started process (PID=207) to work on /opt/airflow/dags/even_odd_branching.py
[2025-06-14T03:50:40.529+0000] {processor.py:830} INFO - Processing file /opt/airflow/dags/even_odd_branching.py for tasks to queue
[2025-06-14T03:50:40.531+0000] {logging_mixin.py:188} INFO - [2025-06-14T03:50:40.531+0000] {dagbag.py:545} INFO - Filling up the DagBag from /opt/airflow/dags/even_odd_branching.py
[2025-06-14T03:50:40.544+0000] {processor.py:840} INFO - DAG(s) 'even_odd_branching' retrieved from /opt/airflow/dags/even_odd_branching.py
[2025-06-14T03:50:40.574+0000] {logging_mixin.py:188} INFO - [2025-06-14T03:50:40.574+0000] {dag.py:3096} INFO - Sync 1 DAGs
[2025-06-14T03:50:40.599+0000] {logging_mixin.py:188} INFO - [2025-06-14T03:50:40.599+0000] {dag.py:3954} INFO - Setting next_dagrun for even_odd_branching to 2025-06-14 03:45:00+00:00, run_after=2025-06-14 03:50:00+00:00
[2025-06-14T03:50:40.617+0000] {processor.py:183} INFO - Processing /opt/airflow/dags/even_odd_branching.py took 0.095 seconds
[2025-06-14T03:51:11.334+0000] {processor.py:161} INFO - Started process (PID=220) to work on /opt/airflow/dags/even_odd_branching.py
[2025-06-14T03:51:11.336+0000] {processor.py:830} INFO - Processing file /opt/airflow/dags/even_odd_branching.py for tasks to queue
[2025-06-14T03:51:11.338+0000] {logging_mixin.py:188} INFO - [2025-06-14T03:51:11.338+0000] {dagbag.py:545} INFO - Filling up the DagBag from /opt/airflow/dags/even_odd_branching.py
[2025-06-14T03:51:11.350+0000] {processor.py:840} INFO - DAG(s) 'even_odd_branching' retrieved from /opt/airflow/dags/even_odd_branching.py
[2025-06-14T03:51:11.378+0000] {logging_mixin.py:188} INFO - [2025-06-14T03:51:11.378+0000] {dag.py:3096} INFO - Sync 1 DAGs
[2025-06-14T03:51:11.405+0000] {logging_mixin.py:188} INFO - [2025-06-14T03:51:11.405+0000] {dag.py:3954} INFO - Setting next_dagrun for even_odd_branching to 2025-06-14 03:45:00+00:00, run_after=2025-06-14 03:50:00+00:00
[2025-06-14T03:51:11.425+0000] {processor.py:183} INFO - Processing /opt/airflow/dags/even_odd_branching.py took 0.104 seconds
[2025-06-14T03:51:42.071+0000] {processor.py:161} INFO - Started process (PID=233) to work on /opt/airflow/dags/even_odd_branching.py
[2025-06-14T03:51:42.072+0000] {processor.py:830} INFO - Processing file /opt/airflow/dags/even_odd_branching.py for tasks to queue
[2025-06-14T03:51:42.073+0000] {logging_mixin.py:188} INFO - [2025-06-14T03:51:42.073+0000] {dagbag.py:545} INFO - Filling up the DagBag from /opt/airflow/dags/even_odd_branching.py
[2025-06-14T03:51:42.084+0000] {processor.py:840} INFO - DAG(s) 'even_odd_branching' retrieved from /opt/airflow/dags/even_odd_branching.py
[2025-06-14T03:51:42.109+0000] {logging_mixin.py:188} INFO - [2025-06-14T03:51:42.109+0000] {dag.py:3096} INFO - Sync 1 DAGs
[2025-06-14T03:51:42.133+0000] {logging_mixin.py:188} INFO - [2025-06-14T03:51:42.133+0000] {dag.py:3954} INFO - Setting next_dagrun for even_odd_branching to 2025-06-14 03:45:00+00:00, run_after=2025-06-14 03:50:00+00:00
[2025-06-14T03:51:42.149+0000] {processor.py:183} INFO - Processing /opt/airflow/dags/even_odd_branching.py took 0.090 seconds
[2025-06-14T03:52:12.883+0000] {processor.py:161} INFO - Started process (PID=246) to work on /opt/airflow/dags/even_odd_branching.py
[2025-06-14T03:52:12.884+0000] {processor.py:830} INFO - Processing file /opt/airflow/dags/even_odd_branching.py for tasks to queue
[2025-06-14T03:52:12.886+0000] {logging_mixin.py:188} INFO - [2025-06-14T03:52:12.886+0000] {dagbag.py:545} INFO - Filling up the DagBag from /opt/airflow/dags/even_odd_branching.py
[2025-06-14T03:52:12.898+0000] {processor.py:840} INFO - DAG(s) 'even_odd_branching' retrieved from /opt/airflow/dags/even_odd_branching.py
[2025-06-14T03:52:12.931+0000] {logging_mixin.py:188} INFO - [2025-06-14T03:52:12.931+0000] {dag.py:3096} INFO - Sync 1 DAGs
[2025-06-14T03:52:12.958+0000] {logging_mixin.py:188} INFO - [2025-06-14T03:52:12.958+0000] {dag.py:3954} INFO - Setting next_dagrun for even_odd_branching to 2025-06-14 03:45:00+00:00, run_after=2025-06-14 03:50:00+00:00
[2025-06-14T03:52:12.979+0000] {processor.py:183} INFO - Processing /opt/airflow/dags/even_odd_branching.py took 0.109 seconds
[2025-06-14T03:52:43.778+0000] {processor.py:161} INFO - Started process (PID=259) to work on /opt/airflow/dags/even_odd_branching.py
[2025-06-14T03:52:43.779+0000] {processor.py:830} INFO - Processing file /opt/airflow/dags/even_odd_branching.py for tasks to queue
[2025-06-14T03:52:43.781+0000] {logging_mixin.py:188} INFO - [2025-06-14T03:52:43.781+0000] {dagbag.py:545} INFO - Filling up the DagBag from /opt/airflow/dags/even_odd_branching.py
[2025-06-14T03:52:43.791+0000] {processor.py:840} INFO - DAG(s) 'even_odd_branching' retrieved from /opt/airflow/dags/even_odd_branching.py
[2025-06-14T03:52:43.819+0000] {logging_mixin.py:188} INFO - [2025-06-14T03:52:43.819+0000] {dag.py:3096} INFO - Sync 1 DAGs
[2025-06-14T03:52:43.842+0000] {logging_mixin.py:188} INFO - [2025-06-14T03:52:43.842+0000] {dag.py:3954} INFO - Setting next_dagrun for even_odd_branching to 2025-06-14 03:45:00+00:00, run_after=2025-06-14 03:50:00+00:00
[2025-06-14T03:52:43.860+0000] {processor.py:183} INFO - Processing /opt/airflow/dags/even_odd_branching.py took 0.095 seconds
[2025-06-14T03:53:14.521+0000] {processor.py:161} INFO - Started process (PID=272) to work on /opt/airflow/dags/even_odd_branching.py
[2025-06-14T03:53:14.522+0000] {processor.py:830} INFO - Processing file /opt/airflow/dags/even_odd_branching.py for tasks to queue
[2025-06-14T03:53:14.523+0000] {logging_mixin.py:188} INFO - [2025-06-14T03:53:14.523+0000] {dagbag.py:545} INFO - Filling up the DagBag from /opt/airflow/dags/even_odd_branching.py
[2025-06-14T03:53:14.537+0000] {processor.py:840} INFO - DAG(s) 'even_odd_branching' retrieved from /opt/airflow/dags/even_odd_branching.py
[2025-06-14T03:53:14.562+0000] {logging_mixin.py:188} INFO - [2025-06-14T03:53:14.562+0000] {dag.py:3096} INFO - Sync 1 DAGs
[2025-06-14T03:53:14.587+0000] {logging_mixin.py:188} INFO - [2025-06-14T03:53:14.587+0000] {dag.py:3954} INFO - Setting next_dagrun for even_odd_branching to 2025-06-14 03:45:00+00:00, run_after=2025-06-14 03:50:00+00:00
[2025-06-14T03:53:14.606+0000] {processor.py:183} INFO - Processing /opt/airflow/dags/even_odd_branching.py took 0.095 seconds
[2025-06-14T03:53:45.247+0000] {processor.py:161} INFO - Started process (PID=285) to work on /opt/airflow/dags/even_odd_branching.py
[2025-06-14T03:53:45.248+0000] {processor.py:830} INFO - Processing file /opt/airflow/dags/even_odd_branching.py for tasks to queue
[2025-06-14T03:53:45.250+0000] {logging_mixin.py:188} INFO - [2025-06-14T03:53:45.250+0000] {dagbag.py:545} INFO - Filling up the DagBag from /opt/airflow/dags/even_odd_branching.py
[2025-06-14T03:53:45.260+0000] {processor.py:840} INFO - DAG(s) 'even_odd_branching' retrieved from /opt/airflow/dags/even_odd_branching.py
[2025-06-14T03:53:45.288+0000] {logging_mixin.py:188} INFO - [2025-06-14T03:53:45.288+0000] {dag.py:3096} INFO - Sync 1 DAGs
[2025-06-14T03:53:45.315+0000] {logging_mixin.py:188} INFO - [2025-06-14T03:53:45.315+0000] {dag.py:3954} INFO - Setting next_dagrun for even_odd_branching to 2025-06-14 03:45:00+00:00, run_after=2025-06-14 03:50:00+00:00
[2025-06-14T03:53:45.335+0000] {processor.py:183} INFO - Processing /opt/airflow/dags/even_odd_branching.py took 0.101 seconds
[2025-06-14T03:54:15.964+0000] {processor.py:161} INFO - Started process (PID=298) to work on /opt/airflow/dags/even_odd_branching.py
[2025-06-14T03:54:15.966+0000] {processor.py:830} INFO - Processing file /opt/airflow/dags/even_odd_branching.py for tasks to queue
[2025-06-14T03:54:15.968+0000] {logging_mixin.py:188} INFO - [2025-06-14T03:54:15.967+0000] {dagbag.py:545} INFO - Filling up the DagBag from /opt/airflow/dags/even_odd_branching.py
[2025-06-14T03:54:15.979+0000] {processor.py:840} INFO - DAG(s) 'even_odd_branching' retrieved from /opt/airflow/dags/even_odd_branching.py
[2025-06-14T03:54:16.010+0000] {logging_mixin.py:188} INFO - [2025-06-14T03:54:16.010+0000] {dag.py:3096} INFO - Sync 1 DAGs
[2025-06-14T03:54:16.039+0000] {logging_mixin.py:188} INFO - [2025-06-14T03:54:16.039+0000] {dag.py:3954} INFO - Setting next_dagrun for even_odd_branching to 2025-06-14 03:45:00+00:00, run_after=2025-06-14 03:50:00+00:00
[2025-06-14T03:54:16.057+0000] {processor.py:183} INFO - Processing /opt/airflow/dags/even_odd_branching.py took 0.104 seconds
[2025-06-14T03:54:46.708+0000] {processor.py:161} INFO - Started process (PID=311) to work on /opt/airflow/dags/even_odd_branching.py
[2025-06-14T03:54:46.709+0000] {processor.py:830} INFO - Processing file /opt/airflow/dags/even_odd_branching.py for tasks to queue
[2025-06-14T03:54:46.711+0000] {logging_mixin.py:188} INFO - [2025-06-14T03:54:46.711+0000] {dagbag.py:545} INFO - Filling up the DagBag from /opt/airflow/dags/even_odd_branching.py
[2025-06-14T03:54:46.726+0000] {processor.py:840} INFO - DAG(s) 'even_odd_branching' retrieved from /opt/airflow/dags/even_odd_branching.py
[2025-06-14T03:54:46.754+0000] {logging_mixin.py:188} INFO - [2025-06-14T03:54:46.754+0000] {dag.py:3096} INFO - Sync 1 DAGs
[2025-06-14T03:54:46.779+0000] {logging_mixin.py:188} INFO - [2025-06-14T03:54:46.779+0000] {dag.py:3954} INFO - Setting next_dagrun for even_odd_branching to 2025-06-14 03:45:00+00:00, run_after=2025-06-14 03:50:00+00:00
[2025-06-14T03:54:46.796+0000] {processor.py:183} INFO - Processing /opt/airflow/dags/even_odd_branching.py took 0.095 seconds
[2025-06-14T03:55:17.150+0000] {processor.py:161} INFO - Started process (PID=322) to work on /opt/airflow/dags/even_odd_branching.py
[2025-06-14T03:55:17.151+0000] {processor.py:830} INFO - Processing file /opt/airflow/dags/even_odd_branching.py for tasks to queue
[2025-06-14T03:55:17.152+0000] {logging_mixin.py:188} INFO - [2025-06-14T03:55:17.152+0000] {dagbag.py:545} INFO - Filling up the DagBag from /opt/airflow/dags/even_odd_branching.py
[2025-06-14T03:55:17.166+0000] {processor.py:840} INFO - DAG(s) 'even_odd_branching' retrieved from /opt/airflow/dags/even_odd_branching.py
[2025-06-14T03:55:17.206+0000] {logging_mixin.py:188} INFO - [2025-06-14T03:55:17.205+0000] {dag.py:3096} INFO - Sync 1 DAGs
[2025-06-14T03:55:17.236+0000] {logging_mixin.py:188} INFO - [2025-06-14T03:55:17.236+0000] {dag.py:3954} INFO - Setting next_dagrun for even_odd_branching to 2025-06-14 03:50:00+00:00, run_after=2025-06-14 03:55:00+00:00
[2025-06-14T03:55:17.257+0000] {processor.py:183} INFO - Processing /opt/airflow/dags/even_odd_branching.py took 0.115 seconds
[2025-06-14T03:55:47.714+0000] {processor.py:161} INFO - Started process (PID=333) to work on /opt/airflow/dags/even_odd_branching.py
[2025-06-14T03:55:47.715+0000] {processor.py:830} INFO - Processing file /opt/airflow/dags/even_odd_branching.py for tasks to queue
[2025-06-14T03:55:47.715+0000] {logging_mixin.py:188} INFO - [2025-06-14T03:55:47.715+0000] {dagbag.py:545} INFO - Filling up the DagBag from /opt/airflow/dags/even_odd_branching.py
[2025-06-14T03:55:47.727+0000] {processor.py:840} INFO - DAG(s) 'even_odd_branching' retrieved from /opt/airflow/dags/even_odd_branching.py
[2025-06-14T03:55:47.753+0000] {logging_mixin.py:188} INFO - [2025-06-14T03:55:47.752+0000] {dag.py:3096} INFO - Sync 1 DAGs
[2025-06-14T03:55:47.774+0000] {logging_mixin.py:188} INFO - [2025-06-14T03:55:47.774+0000] {dag.py:3954} INFO - Setting next_dagrun for even_odd_branching to 2025-06-14 03:50:00+00:00, run_after=2025-06-14 03:55:00+00:00
[2025-06-14T03:55:47.790+0000] {processor.py:183} INFO - Processing /opt/airflow/dags/even_odd_branching.py took 0.089 seconds
[2025-06-14T03:56:18.208+0000] {processor.py:161} INFO - Started process (PID=344) to work on /opt/airflow/dags/even_odd_branching.py
[2025-06-14T03:56:18.209+0000] {processor.py:830} INFO - Processing file /opt/airflow/dags/even_odd_branching.py for tasks to queue
[2025-06-14T03:56:18.209+0000] {logging_mixin.py:188} INFO - [2025-06-14T03:56:18.209+0000] {dagbag.py:545} INFO - Filling up the DagBag from /opt/airflow/dags/even_odd_branching.py
[2025-06-14T03:56:18.222+0000] {processor.py:840} INFO - DAG(s) 'even_odd_branching' retrieved from /opt/airflow/dags/even_odd_branching.py
[2025-06-14T03:56:18.253+0000] {logging_mixin.py:188} INFO - [2025-06-14T03:56:18.253+0000] {dag.py:3096} INFO - Sync 1 DAGs
[2025-06-14T03:56:18.281+0000] {logging_mixin.py:188} INFO - [2025-06-14T03:56:18.280+0000] {dag.py:3954} INFO - Setting next_dagrun for even_odd_branching to 2025-06-14 03:50:00+00:00, run_after=2025-06-14 03:55:00+00:00
[2025-06-14T03:56:18.302+0000] {processor.py:183} INFO - Processing /opt/airflow/dags/even_odd_branching.py took 0.101 seconds
