[2025-06-14T03:34:01.621+0000] {processor.py:161} INFO - Started process (PID=48) to work on /opt/airflow/dags/first_dag.py
[2025-06-14T03:34:01.622+0000] {processor.py:830} INFO - Processing file /opt/airflow/dags/first_dag.py for tasks to queue
[2025-06-14T03:34:01.624+0000] {logging_mixin.py:188} INFO - [2025-06-14T03:34:01.624+0000] {dagbag.py:545} INFO - Filling up the DagBag from /opt/airflow/dags/first_dag.py
[2025-06-14T03:34:01.636+0000] {processor.py:840} INFO - DAG(s) 'hello_world_dag' retrieved from /opt/airflow/dags/first_dag.py
[2025-06-14T03:34:01.665+0000] {logging_mixin.py:188} INFO - [2025-06-14T03:34:01.665+0000] {dag.py:3096} INFO - Sync 1 DAGs
[2025-06-14T03:34:01.690+0000] {logging_mixin.py:188} INFO - [2025-06-14T03:34:01.690+0000] {dag.py:3954} INFO - Setting next_dagrun for hello_world_dag to 2025-06-14 03:25:00+00:00, run_after=2025-06-14 03:30:00+00:00
[2025-06-14T03:34:01.708+0000] {processor.py:183} INFO - Processing /opt/airflow/dags/first_dag.py took 0.096 seconds
[2025-06-14T03:34:17.397+0000] {processor.py:161} INFO - Started process (PID=48) to work on /opt/airflow/dags/first_dag.py
[2025-06-14T03:34:17.398+0000] {processor.py:830} INFO - Processing file /opt/airflow/dags/first_dag.py for tasks to queue
[2025-06-14T03:34:17.399+0000] {logging_mixin.py:188} INFO - [2025-06-14T03:34:17.399+0000] {dagbag.py:545} INFO - Filling up the DagBag from /opt/airflow/dags/first_dag.py
[2025-06-14T03:34:17.409+0000] {processor.py:840} INFO - DAG(s) 'hello_world_dag' retrieved from /opt/airflow/dags/first_dag.py
[2025-06-14T03:34:17.435+0000] {logging_mixin.py:188} INFO - [2025-06-14T03:34:17.435+0000] {dag.py:3096} INFO - Sync 1 DAGs
[2025-06-14T03:34:17.460+0000] {logging_mixin.py:188} INFO - [2025-06-14T03:34:17.459+0000] {dag.py:3954} INFO - Setting next_dagrun for hello_world_dag to 2025-06-14 03:25:00+00:00, run_after=2025-06-14 03:30:00+00:00
[2025-06-14T03:34:17.476+0000] {processor.py:183} INFO - Processing /opt/airflow/dags/first_dag.py took 0.086 seconds
[2025-06-14T03:34:48.163+0000] {processor.py:161} INFO - Started process (PID=61) to work on /opt/airflow/dags/first_dag.py
[2025-06-14T03:34:48.164+0000] {processor.py:830} INFO - Processing file /opt/airflow/dags/first_dag.py for tasks to queue
[2025-06-14T03:34:48.166+0000] {logging_mixin.py:188} INFO - [2025-06-14T03:34:48.165+0000] {dagbag.py:545} INFO - Filling up the DagBag from /opt/airflow/dags/first_dag.py
[2025-06-14T03:34:48.177+0000] {processor.py:840} INFO - DAG(s) 'hello_world_dag' retrieved from /opt/airflow/dags/first_dag.py
[2025-06-14T03:34:48.211+0000] {logging_mixin.py:188} INFO - [2025-06-14T03:34:48.210+0000] {dag.py:3096} INFO - Sync 1 DAGs
[2025-06-14T03:34:48.240+0000] {logging_mixin.py:188} INFO - [2025-06-14T03:34:48.240+0000] {dag.py:3954} INFO - Setting next_dagrun for hello_world_dag to 2025-06-14 03:25:00+00:00, run_after=2025-06-14 03:30:00+00:00
[2025-06-14T03:34:48.260+0000] {processor.py:183} INFO - Processing /opt/airflow/dags/first_dag.py took 0.111 seconds
[2025-06-14T03:35:18.932+0000] {processor.py:161} INFO - Started process (PID=74) to work on /opt/airflow/dags/first_dag.py
[2025-06-14T03:35:18.933+0000] {processor.py:830} INFO - Processing file /opt/airflow/dags/first_dag.py for tasks to queue
[2025-06-14T03:35:18.935+0000] {logging_mixin.py:188} INFO - [2025-06-14T03:35:18.935+0000] {dagbag.py:545} INFO - Filling up the DagBag from /opt/airflow/dags/first_dag.py
[2025-06-14T03:35:18.946+0000] {processor.py:840} INFO - DAG(s) 'hello_world_dag' retrieved from /opt/airflow/dags/first_dag.py
[2025-06-14T03:35:18.971+0000] {logging_mixin.py:188} INFO - [2025-06-14T03:35:18.970+0000] {dag.py:3096} INFO - Sync 1 DAGs
[2025-06-14T03:35:18.992+0000] {logging_mixin.py:188} INFO - [2025-06-14T03:35:18.992+0000] {dag.py:3954} INFO - Setting next_dagrun for hello_world_dag to 2025-06-14 03:30:00+00:00, run_after=2025-06-14 03:35:00+00:00
[2025-06-14T03:35:19.007+0000] {processor.py:183} INFO - Processing /opt/airflow/dags/first_dag.py took 0.084 seconds
[2025-06-14T03:35:49.605+0000] {processor.py:161} INFO - Started process (PID=87) to work on /opt/airflow/dags/first_dag.py
[2025-06-14T03:35:49.606+0000] {processor.py:830} INFO - Processing file /opt/airflow/dags/first_dag.py for tasks to queue
[2025-06-14T03:35:49.609+0000] {logging_mixin.py:188} INFO - [2025-06-14T03:35:49.608+0000] {dagbag.py:545} INFO - Filling up the DagBag from /opt/airflow/dags/first_dag.py
[2025-06-14T03:35:49.619+0000] {processor.py:840} INFO - DAG(s) 'hello_world_dag' retrieved from /opt/airflow/dags/first_dag.py
[2025-06-14T03:35:49.645+0000] {logging_mixin.py:188} INFO - [2025-06-14T03:35:49.645+0000] {dag.py:3096} INFO - Sync 1 DAGs
[2025-06-14T03:35:49.669+0000] {logging_mixin.py:188} INFO - [2025-06-14T03:35:49.668+0000] {dag.py:3954} INFO - Setting next_dagrun for hello_world_dag to 2025-06-14 03:30:00+00:00, run_after=2025-06-14 03:35:00+00:00
[2025-06-14T03:35:49.685+0000] {processor.py:183} INFO - Processing /opt/airflow/dags/first_dag.py took 0.091 seconds
[2025-06-14T03:36:20.331+0000] {processor.py:161} INFO - Started process (PID=106) to work on /opt/airflow/dags/first_dag.py
[2025-06-14T03:36:20.332+0000] {processor.py:830} INFO - Processing file /opt/airflow/dags/first_dag.py for tasks to queue
[2025-06-14T03:36:20.334+0000] {logging_mixin.py:188} INFO - [2025-06-14T03:36:20.334+0000] {dagbag.py:545} INFO - Filling up the DagBag from /opt/airflow/dags/first_dag.py
[2025-06-14T03:36:20.343+0000] {processor.py:840} INFO - DAG(s) 'hello_world_dag' retrieved from /opt/airflow/dags/first_dag.py
[2025-06-14T03:36:20.365+0000] {logging_mixin.py:188} INFO - [2025-06-14T03:36:20.365+0000] {dag.py:3096} INFO - Sync 1 DAGs
[2025-06-14T03:36:20.386+0000] {logging_mixin.py:188} INFO - [2025-06-14T03:36:20.386+0000] {dag.py:3954} INFO - Setting next_dagrun for hello_world_dag to 2025-06-14 03:30:00+00:00, run_after=2025-06-14 03:35:00+00:00
[2025-06-14T03:36:20.401+0000] {processor.py:183} INFO - Processing /opt/airflow/dags/first_dag.py took 0.076 seconds
[2025-06-14T03:36:51.118+0000] {processor.py:161} INFO - Started process (PID=119) to work on /opt/airflow/dags/first_dag.py
[2025-06-14T03:36:51.120+0000] {processor.py:830} INFO - Processing file /opt/airflow/dags/first_dag.py for tasks to queue
[2025-06-14T03:36:51.122+0000] {logging_mixin.py:188} INFO - [2025-06-14T03:36:51.122+0000] {dagbag.py:545} INFO - Filling up the DagBag from /opt/airflow/dags/first_dag.py
[2025-06-14T03:36:51.133+0000] {processor.py:840} INFO - DAG(s) 'hello_world_dag' retrieved from /opt/airflow/dags/first_dag.py
[2025-06-14T03:36:51.159+0000] {logging_mixin.py:188} INFO - [2025-06-14T03:36:51.159+0000] {dag.py:3096} INFO - Sync 1 DAGs
[2025-06-14T03:36:51.184+0000] {logging_mixin.py:188} INFO - [2025-06-14T03:36:51.184+0000] {dag.py:3954} INFO - Setting next_dagrun for hello_world_dag to 2025-06-14 03:30:00+00:00, run_after=2025-06-14 03:35:00+00:00
[2025-06-14T03:36:51.204+0000] {processor.py:183} INFO - Processing /opt/airflow/dags/first_dag.py took 0.098 seconds
[2025-06-14T03:37:21.902+0000] {processor.py:161} INFO - Started process (PID=132) to work on /opt/airflow/dags/first_dag.py
[2025-06-14T03:37:21.903+0000] {processor.py:830} INFO - Processing file /opt/airflow/dags/first_dag.py for tasks to queue
[2025-06-14T03:37:21.906+0000] {logging_mixin.py:188} INFO - [2025-06-14T03:37:21.905+0000] {dagbag.py:545} INFO - Filling up the DagBag from /opt/airflow/dags/first_dag.py
[2025-06-14T03:37:21.918+0000] {processor.py:840} INFO - DAG(s) 'hello_world_dag' retrieved from /opt/airflow/dags/first_dag.py
[2025-06-14T03:37:21.942+0000] {logging_mixin.py:188} INFO - [2025-06-14T03:37:21.942+0000] {dag.py:3096} INFO - Sync 1 DAGs
[2025-06-14T03:37:21.966+0000] {logging_mixin.py:188} INFO - [2025-06-14T03:37:21.966+0000] {dag.py:3954} INFO - Setting next_dagrun for hello_world_dag to 2025-06-14 03:30:00+00:00, run_after=2025-06-14 03:35:00+00:00
[2025-06-14T03:37:21.985+0000] {processor.py:183} INFO - Processing /opt/airflow/dags/first_dag.py took 0.091 seconds
[2025-06-14T03:37:52.672+0000] {processor.py:161} INFO - Started process (PID=145) to work on /opt/airflow/dags/first_dag.py
[2025-06-14T03:37:52.674+0000] {processor.py:830} INFO - Processing file /opt/airflow/dags/first_dag.py for tasks to queue
[2025-06-14T03:37:52.676+0000] {logging_mixin.py:188} INFO - [2025-06-14T03:37:52.675+0000] {dagbag.py:545} INFO - Filling up the DagBag from /opt/airflow/dags/first_dag.py
[2025-06-14T03:37:52.686+0000] {processor.py:840} INFO - DAG(s) 'hello_world_dag' retrieved from /opt/airflow/dags/first_dag.py
[2025-06-14T03:37:52.709+0000] {logging_mixin.py:188} INFO - [2025-06-14T03:37:52.709+0000] {dag.py:3096} INFO - Sync 1 DAGs
[2025-06-14T03:37:52.732+0000] {logging_mixin.py:188} INFO - [2025-06-14T03:37:52.732+0000] {dag.py:3954} INFO - Setting next_dagrun for hello_world_dag to 2025-06-14 03:30:00+00:00, run_after=2025-06-14 03:35:00+00:00
[2025-06-14T03:37:52.750+0000] {processor.py:183} INFO - Processing /opt/airflow/dags/first_dag.py took 0.089 seconds
[2025-06-14T03:38:23.410+0000] {processor.py:161} INFO - Started process (PID=158) to work on /opt/airflow/dags/first_dag.py
[2025-06-14T03:38:23.411+0000] {processor.py:830} INFO - Processing file /opt/airflow/dags/first_dag.py for tasks to queue
[2025-06-14T03:38:23.413+0000] {logging_mixin.py:188} INFO - [2025-06-14T03:38:23.412+0000] {dagbag.py:545} INFO - Filling up the DagBag from /opt/airflow/dags/first_dag.py
[2025-06-14T03:38:23.422+0000] {processor.py:840} INFO - DAG(s) 'hello_world_dag' retrieved from /opt/airflow/dags/first_dag.py
[2025-06-14T03:38:23.446+0000] {logging_mixin.py:188} INFO - [2025-06-14T03:38:23.445+0000] {dag.py:3096} INFO - Sync 1 DAGs
[2025-06-14T03:38:23.467+0000] {logging_mixin.py:188} INFO - [2025-06-14T03:38:23.467+0000] {dag.py:3954} INFO - Setting next_dagrun for hello_world_dag to 2025-06-14 03:30:00+00:00, run_after=2025-06-14 03:35:00+00:00
[2025-06-14T03:38:23.482+0000] {processor.py:183} INFO - Processing /opt/airflow/dags/first_dag.py took 0.078 seconds
[2025-06-14T03:38:54.136+0000] {processor.py:161} INFO - Started process (PID=171) to work on /opt/airflow/dags/first_dag.py
[2025-06-14T03:38:54.137+0000] {processor.py:830} INFO - Processing file /opt/airflow/dags/first_dag.py for tasks to queue
[2025-06-14T03:38:54.139+0000] {logging_mixin.py:188} INFO - [2025-06-14T03:38:54.139+0000] {dagbag.py:545} INFO - Filling up the DagBag from /opt/airflow/dags/first_dag.py
[2025-06-14T03:38:54.148+0000] {processor.py:840} INFO - DAG(s) 'hello_world_dag' retrieved from /opt/airflow/dags/first_dag.py
[2025-06-14T03:38:54.171+0000] {logging_mixin.py:188} INFO - [2025-06-14T03:38:54.171+0000] {dag.py:3096} INFO - Sync 1 DAGs
[2025-06-14T03:38:54.192+0000] {logging_mixin.py:188} INFO - [2025-06-14T03:38:54.192+0000] {dag.py:3954} INFO - Setting next_dagrun for hello_world_dag to 2025-06-14 03:30:00+00:00, run_after=2025-06-14 03:35:00+00:00
[2025-06-14T03:38:54.208+0000] {processor.py:183} INFO - Processing /opt/airflow/dags/first_dag.py took 0.083 seconds
[2025-06-14T03:39:24.873+0000] {processor.py:161} INFO - Started process (PID=188) to work on /opt/airflow/dags/first_dag.py
[2025-06-14T03:39:24.875+0000] {processor.py:830} INFO - Processing file /opt/airflow/dags/first_dag.py for tasks to queue
[2025-06-14T03:39:24.876+0000] {logging_mixin.py:188} INFO - [2025-06-14T03:39:24.876+0000] {dagbag.py:545} INFO - Filling up the DagBag from /opt/airflow/dags/first_dag.py
[2025-06-14T03:39:24.886+0000] {processor.py:840} INFO - DAG(s) 'hello_world_dag' retrieved from /opt/airflow/dags/first_dag.py
[2025-06-14T03:39:24.907+0000] {logging_mixin.py:188} INFO - [2025-06-14T03:39:24.907+0000] {dag.py:3096} INFO - Sync 1 DAGs
[2025-06-14T03:39:24.929+0000] {logging_mixin.py:188} INFO - [2025-06-14T03:39:24.929+0000] {dag.py:3954} INFO - Setting next_dagrun for hello_world_dag to 2025-06-14 03:30:00+00:00, run_after=2025-06-14 03:35:00+00:00
[2025-06-14T03:39:24.947+0000] {processor.py:183} INFO - Processing /opt/airflow/dags/first_dag.py took 0.083 seconds
[2025-06-14T03:39:55.733+0000] {processor.py:161} INFO - Started process (PID=201) to work on /opt/airflow/dags/first_dag.py
[2025-06-14T03:39:55.734+0000] {processor.py:830} INFO - Processing file /opt/airflow/dags/first_dag.py for tasks to queue
[2025-06-14T03:39:55.736+0000] {logging_mixin.py:188} INFO - [2025-06-14T03:39:55.735+0000] {dagbag.py:545} INFO - Filling up the DagBag from /opt/airflow/dags/first_dag.py
[2025-06-14T03:39:55.747+0000] {processor.py:840} INFO - DAG(s) 'hello_world_dag' retrieved from /opt/airflow/dags/first_dag.py
[2025-06-14T03:39:55.772+0000] {logging_mixin.py:188} INFO - [2025-06-14T03:39:55.772+0000] {dag.py:3096} INFO - Sync 1 DAGs
[2025-06-14T03:39:55.799+0000] {logging_mixin.py:188} INFO - [2025-06-14T03:39:55.799+0000] {dag.py:3954} INFO - Setting next_dagrun for hello_world_dag to 2025-06-14 03:30:00+00:00, run_after=2025-06-14 03:35:00+00:00
[2025-06-14T03:39:55.820+0000] {processor.py:183} INFO - Processing /opt/airflow/dags/first_dag.py took 0.097 seconds
[2025-06-14T03:40:26.488+0000] {processor.py:161} INFO - Started process (PID=214) to work on /opt/airflow/dags/first_dag.py
[2025-06-14T03:40:26.489+0000] {processor.py:830} INFO - Processing file /opt/airflow/dags/first_dag.py for tasks to queue
[2025-06-14T03:40:26.491+0000] {logging_mixin.py:188} INFO - [2025-06-14T03:40:26.490+0000] {dagbag.py:545} INFO - Filling up the DagBag from /opt/airflow/dags/first_dag.py
[2025-06-14T03:40:26.501+0000] {processor.py:840} INFO - DAG(s) 'hello_world_dag' retrieved from /opt/airflow/dags/first_dag.py
[2025-06-14T03:40:26.523+0000] {logging_mixin.py:188} INFO - [2025-06-14T03:40:26.523+0000] {dag.py:3096} INFO - Sync 1 DAGs
[2025-06-14T03:40:26.552+0000] {logging_mixin.py:188} INFO - [2025-06-14T03:40:26.552+0000] {dag.py:3954} INFO - Setting next_dagrun for hello_world_dag to 2025-06-14 03:35:00+00:00, run_after=2025-06-14 03:40:00+00:00
[2025-06-14T03:40:26.576+0000] {processor.py:183} INFO - Processing /opt/airflow/dags/first_dag.py took 0.094 seconds
[2025-06-14T03:40:57.329+0000] {processor.py:161} INFO - Started process (PID=227) to work on /opt/airflow/dags/first_dag.py
[2025-06-14T03:40:57.330+0000] {processor.py:830} INFO - Processing file /opt/airflow/dags/first_dag.py for tasks to queue
[2025-06-14T03:40:57.331+0000] {logging_mixin.py:188} INFO - [2025-06-14T03:40:57.331+0000] {dagbag.py:545} INFO - Filling up the DagBag from /opt/airflow/dags/first_dag.py
[2025-06-14T03:40:57.344+0000] {processor.py:840} INFO - DAG(s) 'hello_world_dag' retrieved from /opt/airflow/dags/first_dag.py
[2025-06-14T03:40:57.377+0000] {logging_mixin.py:188} INFO - [2025-06-14T03:40:57.377+0000] {dag.py:3096} INFO - Sync 1 DAGs
[2025-06-14T03:40:57.404+0000] {logging_mixin.py:188} INFO - [2025-06-14T03:40:57.404+0000] {dag.py:3954} INFO - Setting next_dagrun for hello_world_dag to 2025-06-14 03:35:00+00:00, run_after=2025-06-14 03:40:00+00:00
[2025-06-14T03:40:57.422+0000] {processor.py:183} INFO - Processing /opt/airflow/dags/first_dag.py took 0.100 seconds
[2025-06-14T03:41:28.106+0000] {processor.py:161} INFO - Started process (PID=240) to work on /opt/airflow/dags/first_dag.py
[2025-06-14T03:41:28.107+0000] {processor.py:830} INFO - Processing file /opt/airflow/dags/first_dag.py for tasks to queue
[2025-06-14T03:41:28.108+0000] {logging_mixin.py:188} INFO - [2025-06-14T03:41:28.108+0000] {dagbag.py:545} INFO - Filling up the DagBag from /opt/airflow/dags/first_dag.py
[2025-06-14T03:41:28.122+0000] {processor.py:840} INFO - DAG(s) 'hello_world_dag' retrieved from /opt/airflow/dags/first_dag.py
[2025-06-14T03:41:28.149+0000] {logging_mixin.py:188} INFO - [2025-06-14T03:41:28.148+0000] {dag.py:3096} INFO - Sync 1 DAGs
[2025-06-14T03:41:28.172+0000] {logging_mixin.py:188} INFO - [2025-06-14T03:41:28.172+0000] {dag.py:3954} INFO - Setting next_dagrun for hello_world_dag to 2025-06-14 03:35:00+00:00, run_after=2025-06-14 03:40:00+00:00
[2025-06-14T03:41:28.189+0000] {processor.py:183} INFO - Processing /opt/airflow/dags/first_dag.py took 0.090 seconds
[2025-06-14T03:41:58.870+0000] {processor.py:161} INFO - Started process (PID=253) to work on /opt/airflow/dags/first_dag.py
[2025-06-14T03:41:58.872+0000] {processor.py:830} INFO - Processing file /opt/airflow/dags/first_dag.py for tasks to queue
[2025-06-14T03:41:58.874+0000] {logging_mixin.py:188} INFO - [2025-06-14T03:41:58.874+0000] {dagbag.py:545} INFO - Filling up the DagBag from /opt/airflow/dags/first_dag.py
[2025-06-14T03:41:58.889+0000] {processor.py:840} INFO - DAG(s) 'hello_world_dag' retrieved from /opt/airflow/dags/first_dag.py
[2025-06-14T03:41:58.913+0000] {logging_mixin.py:188} INFO - [2025-06-14T03:41:58.913+0000] {dag.py:3096} INFO - Sync 1 DAGs
[2025-06-14T03:41:58.936+0000] {logging_mixin.py:188} INFO - [2025-06-14T03:41:58.936+0000] {dag.py:3954} INFO - Setting next_dagrun for hello_world_dag to 2025-06-14 03:35:00+00:00, run_after=2025-06-14 03:40:00+00:00
[2025-06-14T03:41:58.953+0000] {processor.py:183} INFO - Processing /opt/airflow/dags/first_dag.py took 0.097 seconds
[2025-06-14T03:42:29.734+0000] {processor.py:161} INFO - Started process (PID=266) to work on /opt/airflow/dags/first_dag.py
[2025-06-14T03:42:29.735+0000] {processor.py:830} INFO - Processing file /opt/airflow/dags/first_dag.py for tasks to queue
[2025-06-14T03:42:29.736+0000] {logging_mixin.py:188} INFO - [2025-06-14T03:42:29.736+0000] {dagbag.py:545} INFO - Filling up the DagBag from /opt/airflow/dags/first_dag.py
[2025-06-14T03:42:29.746+0000] {processor.py:840} INFO - DAG(s) 'hello_world_dag' retrieved from /opt/airflow/dags/first_dag.py
[2025-06-14T03:42:29.769+0000] {logging_mixin.py:188} INFO - [2025-06-14T03:42:29.769+0000] {dag.py:3096} INFO - Sync 1 DAGs
[2025-06-14T03:42:29.790+0000] {logging_mixin.py:188} INFO - [2025-06-14T03:42:29.790+0000] {dag.py:3954} INFO - Setting next_dagrun for hello_world_dag to 2025-06-14 03:35:00+00:00, run_after=2025-06-14 03:40:00+00:00
[2025-06-14T03:42:29.806+0000] {processor.py:183} INFO - Processing /opt/airflow/dags/first_dag.py took 0.084 seconds
[2025-06-14T03:43:00.593+0000] {processor.py:161} INFO - Started process (PID=279) to work on /opt/airflow/dags/first_dag.py
[2025-06-14T03:43:00.594+0000] {processor.py:830} INFO - Processing file /opt/airflow/dags/first_dag.py for tasks to queue
[2025-06-14T03:43:00.596+0000] {logging_mixin.py:188} INFO - [2025-06-14T03:43:00.596+0000] {dagbag.py:545} INFO - Filling up the DagBag from /opt/airflow/dags/first_dag.py
[2025-06-14T03:43:00.607+0000] {processor.py:840} INFO - DAG(s) 'hello_world_dag' retrieved from /opt/airflow/dags/first_dag.py
[2025-06-14T03:43:00.637+0000] {logging_mixin.py:188} INFO - [2025-06-14T03:43:00.637+0000] {dag.py:3096} INFO - Sync 1 DAGs
[2025-06-14T03:43:00.666+0000] {logging_mixin.py:188} INFO - [2025-06-14T03:43:00.666+0000] {dag.py:3954} INFO - Setting next_dagrun for hello_world_dag to 2025-06-14 03:35:00+00:00, run_after=2025-06-14 03:40:00+00:00
[2025-06-14T03:43:00.685+0000] {processor.py:183} INFO - Processing /opt/airflow/dags/first_dag.py took 0.107 seconds
[2025-06-14T03:45:01.177+0000] {processor.py:161} INFO - Started process (PID=59) to work on /opt/airflow/dags/first_dag.py
[2025-06-14T03:45:01.178+0000] {processor.py:830} INFO - Processing file /opt/airflow/dags/first_dag.py for tasks to queue
[2025-06-14T03:45:01.181+0000] {logging_mixin.py:188} INFO - [2025-06-14T03:45:01.180+0000] {dagbag.py:545} INFO - Filling up the DagBag from /opt/airflow/dags/first_dag.py
[2025-06-14T03:45:01.194+0000] {processor.py:840} INFO - DAG(s) 'hello_world_dag' retrieved from /opt/airflow/dags/first_dag.py
[2025-06-14T03:45:01.370+0000] {logging_mixin.py:188} INFO - [2025-06-14T03:45:01.369+0000] {dag.py:3096} INFO - Sync 1 DAGs
[2025-06-14T03:45:01.396+0000] {logging_mixin.py:188} INFO - [2025-06-14T03:45:01.396+0000] {dag.py:3954} INFO - Setting next_dagrun for hello_world_dag to 2025-06-14 03:40:00+00:00, run_after=2025-06-14 03:45:00+00:00
[2025-06-14T03:45:01.422+0000] {processor.py:183} INFO - Processing /opt/airflow/dags/first_dag.py took 0.252 seconds
[2025-06-14T03:45:32.184+0000] {processor.py:161} INFO - Started process (PID=72) to work on /opt/airflow/dags/first_dag.py
[2025-06-14T03:45:32.185+0000] {processor.py:830} INFO - Processing file /opt/airflow/dags/first_dag.py for tasks to queue
[2025-06-14T03:45:32.186+0000] {logging_mixin.py:188} INFO - [2025-06-14T03:45:32.186+0000] {dagbag.py:545} INFO - Filling up the DagBag from /opt/airflow/dags/first_dag.py
[2025-06-14T03:45:32.196+0000] {processor.py:840} INFO - DAG(s) 'hello_world_dag' retrieved from /opt/airflow/dags/first_dag.py
[2025-06-14T03:45:32.222+0000] {logging_mixin.py:188} INFO - [2025-06-14T03:45:32.221+0000] {dag.py:3096} INFO - Sync 1 DAGs
[2025-06-14T03:45:32.245+0000] {logging_mixin.py:188} INFO - [2025-06-14T03:45:32.245+0000] {dag.py:3954} INFO - Setting next_dagrun for hello_world_dag to 2025-06-14 03:40:00+00:00, run_after=2025-06-14 03:45:00+00:00
[2025-06-14T03:45:32.262+0000] {processor.py:183} INFO - Processing /opt/airflow/dags/first_dag.py took 0.084 seconds
[2025-06-14T03:46:02.938+0000] {processor.py:161} INFO - Started process (PID=85) to work on /opt/airflow/dags/first_dag.py
[2025-06-14T03:46:02.939+0000] {processor.py:830} INFO - Processing file /opt/airflow/dags/first_dag.py for tasks to queue
[2025-06-14T03:46:02.941+0000] {logging_mixin.py:188} INFO - [2025-06-14T03:46:02.941+0000] {dagbag.py:545} INFO - Filling up the DagBag from /opt/airflow/dags/first_dag.py
[2025-06-14T03:46:02.952+0000] {processor.py:840} INFO - DAG(s) 'hello_world_dag' retrieved from /opt/airflow/dags/first_dag.py
[2025-06-14T03:46:02.975+0000] {logging_mixin.py:188} INFO - [2025-06-14T03:46:02.975+0000] {dag.py:3096} INFO - Sync 1 DAGs
[2025-06-14T03:46:02.998+0000] {logging_mixin.py:188} INFO - [2025-06-14T03:46:02.998+0000] {dag.py:3954} INFO - Setting next_dagrun for hello_world_dag to 2025-06-14 03:40:00+00:00, run_after=2025-06-14 03:45:00+00:00
[2025-06-14T03:46:03.017+0000] {processor.py:183} INFO - Processing /opt/airflow/dags/first_dag.py took 0.091 seconds
[2025-06-14T03:46:34.118+0000] {processor.py:161} INFO - Started process (PID=104) to work on /opt/airflow/dags/first_dag.py
[2025-06-14T03:46:34.119+0000] {processor.py:830} INFO - Processing file /opt/airflow/dags/first_dag.py for tasks to queue
[2025-06-14T03:46:34.121+0000] {logging_mixin.py:188} INFO - [2025-06-14T03:46:34.121+0000] {dagbag.py:545} INFO - Filling up the DagBag from /opt/airflow/dags/first_dag.py
[2025-06-14T03:46:34.133+0000] {processor.py:840} INFO - DAG(s) 'hello_world_dag' retrieved from /opt/airflow/dags/first_dag.py
[2025-06-14T03:46:34.160+0000] {logging_mixin.py:188} INFO - [2025-06-14T03:46:34.160+0000] {dag.py:3096} INFO - Sync 1 DAGs
[2025-06-14T03:46:34.187+0000] {logging_mixin.py:188} INFO - [2025-06-14T03:46:34.187+0000] {dag.py:3954} INFO - Setting next_dagrun for hello_world_dag to 2025-06-14 03:40:00+00:00, run_after=2025-06-14 03:45:00+00:00
[2025-06-14T03:46:34.207+0000] {processor.py:183} INFO - Processing /opt/airflow/dags/first_dag.py took 0.095 seconds
[2025-06-14T03:47:04.877+0000] {processor.py:161} INFO - Started process (PID=117) to work on /opt/airflow/dags/first_dag.py
[2025-06-14T03:47:04.878+0000] {processor.py:830} INFO - Processing file /opt/airflow/dags/first_dag.py for tasks to queue
[2025-06-14T03:47:04.879+0000] {logging_mixin.py:188} INFO - [2025-06-14T03:47:04.879+0000] {dagbag.py:545} INFO - Filling up the DagBag from /opt/airflow/dags/first_dag.py
[2025-06-14T03:47:04.890+0000] {processor.py:840} INFO - DAG(s) 'hello_world_dag' retrieved from /opt/airflow/dags/first_dag.py
[2025-06-14T03:47:04.914+0000] {logging_mixin.py:188} INFO - [2025-06-14T03:47:04.913+0000] {dag.py:3096} INFO - Sync 1 DAGs
[2025-06-14T03:47:04.935+0000] {logging_mixin.py:188} INFO - [2025-06-14T03:47:04.934+0000] {dag.py:3954} INFO - Setting next_dagrun for hello_world_dag to 2025-06-14 03:40:00+00:00, run_after=2025-06-14 03:45:00+00:00
[2025-06-14T03:47:04.950+0000] {processor.py:183} INFO - Processing /opt/airflow/dags/first_dag.py took 0.080 seconds
[2025-06-14T03:47:35.619+0000] {processor.py:161} INFO - Started process (PID=130) to work on /opt/airflow/dags/first_dag.py
[2025-06-14T03:47:35.620+0000] {processor.py:830} INFO - Processing file /opt/airflow/dags/first_dag.py for tasks to queue
[2025-06-14T03:47:35.622+0000] {logging_mixin.py:188} INFO - [2025-06-14T03:47:35.622+0000] {dagbag.py:545} INFO - Filling up the DagBag from /opt/airflow/dags/first_dag.py
[2025-06-14T03:47:35.632+0000] {processor.py:840} INFO - DAG(s) 'hello_world_dag' retrieved from /opt/airflow/dags/first_dag.py
[2025-06-14T03:47:35.657+0000] {logging_mixin.py:188} INFO - [2025-06-14T03:47:35.657+0000] {dag.py:3096} INFO - Sync 1 DAGs
[2025-06-14T03:47:35.679+0000] {logging_mixin.py:188} INFO - [2025-06-14T03:47:35.679+0000] {dag.py:3954} INFO - Setting next_dagrun for hello_world_dag to 2025-06-14 03:40:00+00:00, run_after=2025-06-14 03:45:00+00:00
[2025-06-14T03:47:35.696+0000] {processor.py:183} INFO - Processing /opt/airflow/dags/first_dag.py took 0.090 seconds
[2025-06-14T03:48:06.400+0000] {processor.py:161} INFO - Started process (PID=143) to work on /opt/airflow/dags/first_dag.py
[2025-06-14T03:48:06.401+0000] {processor.py:830} INFO - Processing file /opt/airflow/dags/first_dag.py for tasks to queue
[2025-06-14T03:48:06.402+0000] {logging_mixin.py:188} INFO - [2025-06-14T03:48:06.402+0000] {dagbag.py:545} INFO - Filling up the DagBag from /opt/airflow/dags/first_dag.py
[2025-06-14T03:48:06.413+0000] {processor.py:840} INFO - DAG(s) 'hello_world_dag' retrieved from /opt/airflow/dags/first_dag.py
[2025-06-14T03:48:06.437+0000] {logging_mixin.py:188} INFO - [2025-06-14T03:48:06.436+0000] {dag.py:3096} INFO - Sync 1 DAGs
[2025-06-14T03:48:06.458+0000] {logging_mixin.py:188} INFO - [2025-06-14T03:48:06.458+0000] {dag.py:3954} INFO - Setting next_dagrun for hello_world_dag to 2025-06-14 03:40:00+00:00, run_after=2025-06-14 03:45:00+00:00
[2025-06-14T03:48:06.475+0000] {processor.py:183} INFO - Processing /opt/airflow/dags/first_dag.py took 0.087 seconds
[2025-06-14T03:48:37.299+0000] {processor.py:161} INFO - Started process (PID=156) to work on /opt/airflow/dags/first_dag.py
[2025-06-14T03:48:37.300+0000] {processor.py:830} INFO - Processing file /opt/airflow/dags/first_dag.py for tasks to queue
[2025-06-14T03:48:37.302+0000] {logging_mixin.py:188} INFO - [2025-06-14T03:48:37.302+0000] {dagbag.py:545} INFO - Filling up the DagBag from /opt/airflow/dags/first_dag.py
[2025-06-14T03:48:37.314+0000] {processor.py:840} INFO - DAG(s) 'hello_world_dag' retrieved from /opt/airflow/dags/first_dag.py
[2025-06-14T03:48:37.344+0000] {logging_mixin.py:188} INFO - [2025-06-14T03:48:37.344+0000] {dag.py:3096} INFO - Sync 1 DAGs
[2025-06-14T03:48:37.373+0000] {logging_mixin.py:188} INFO - [2025-06-14T03:48:37.373+0000] {dag.py:3954} INFO - Setting next_dagrun for hello_world_dag to 2025-06-14 03:40:00+00:00, run_after=2025-06-14 03:45:00+00:00
[2025-06-14T03:48:37.393+0000] {processor.py:183} INFO - Processing /opt/airflow/dags/first_dag.py took 0.100 seconds
[2025-06-14T03:49:08.140+0000] {processor.py:161} INFO - Started process (PID=169) to work on /opt/airflow/dags/first_dag.py
[2025-06-14T03:49:08.141+0000] {processor.py:830} INFO - Processing file /opt/airflow/dags/first_dag.py for tasks to queue
[2025-06-14T03:49:08.143+0000] {logging_mixin.py:188} INFO - [2025-06-14T03:49:08.143+0000] {dagbag.py:545} INFO - Filling up the DagBag from /opt/airflow/dags/first_dag.py
[2025-06-14T03:49:08.155+0000] {processor.py:840} INFO - DAG(s) 'hello_world_dag' retrieved from /opt/airflow/dags/first_dag.py
[2025-06-14T03:49:08.182+0000] {logging_mixin.py:188} INFO - [2025-06-14T03:49:08.181+0000] {dag.py:3096} INFO - Sync 1 DAGs
[2025-06-14T03:49:08.208+0000] {logging_mixin.py:188} INFO - [2025-06-14T03:49:08.208+0000] {dag.py:3954} INFO - Setting next_dagrun for hello_world_dag to 2025-06-14 03:40:00+00:00, run_after=2025-06-14 03:45:00+00:00
[2025-06-14T03:49:08.228+0000] {processor.py:183} INFO - Processing /opt/airflow/dags/first_dag.py took 0.095 seconds
[2025-06-14T03:49:38.887+0000] {processor.py:161} INFO - Started process (PID=182) to work on /opt/airflow/dags/first_dag.py
[2025-06-14T03:49:38.888+0000] {processor.py:830} INFO - Processing file /opt/airflow/dags/first_dag.py for tasks to queue
[2025-06-14T03:49:38.890+0000] {logging_mixin.py:188} INFO - [2025-06-14T03:49:38.890+0000] {dagbag.py:545} INFO - Filling up the DagBag from /opt/airflow/dags/first_dag.py
[2025-06-14T03:49:38.900+0000] {processor.py:840} INFO - DAG(s) 'hello_world_dag' retrieved from /opt/airflow/dags/first_dag.py
[2025-06-14T03:49:38.924+0000] {logging_mixin.py:188} INFO - [2025-06-14T03:49:38.924+0000] {dag.py:3096} INFO - Sync 1 DAGs
[2025-06-14T03:49:38.946+0000] {logging_mixin.py:188} INFO - [2025-06-14T03:49:38.946+0000] {dag.py:3954} INFO - Setting next_dagrun for hello_world_dag to 2025-06-14 03:40:00+00:00, run_after=2025-06-14 03:45:00+00:00
[2025-06-14T03:49:38.964+0000] {processor.py:183} INFO - Processing /opt/airflow/dags/first_dag.py took 0.089 seconds
[2025-06-14T03:50:09.748+0000] {processor.py:161} INFO - Started process (PID=195) to work on /opt/airflow/dags/first_dag.py
[2025-06-14T03:50:09.749+0000] {processor.py:830} INFO - Processing file /opt/airflow/dags/first_dag.py for tasks to queue
[2025-06-14T03:50:09.750+0000] {logging_mixin.py:188} INFO - [2025-06-14T03:50:09.750+0000] {dagbag.py:545} INFO - Filling up the DagBag from /opt/airflow/dags/first_dag.py
[2025-06-14T03:50:09.762+0000] {processor.py:840} INFO - DAG(s) 'hello_world_dag' retrieved from /opt/airflow/dags/first_dag.py
[2025-06-14T03:50:09.795+0000] {logging_mixin.py:188} INFO - [2025-06-14T03:50:09.795+0000] {dag.py:3096} INFO - Sync 1 DAGs
[2025-06-14T03:50:09.824+0000] {logging_mixin.py:188} INFO - [2025-06-14T03:50:09.824+0000] {dag.py:3954} INFO - Setting next_dagrun for hello_world_dag to 2025-06-14 03:45:00+00:00, run_after=2025-06-14 03:50:00+00:00
[2025-06-14T03:50:09.848+0000] {processor.py:183} INFO - Processing /opt/airflow/dags/first_dag.py took 0.107 seconds
[2025-06-14T03:50:40.553+0000] {processor.py:161} INFO - Started process (PID=208) to work on /opt/airflow/dags/first_dag.py
[2025-06-14T03:50:40.555+0000] {processor.py:830} INFO - Processing file /opt/airflow/dags/first_dag.py for tasks to queue
[2025-06-14T03:50:40.557+0000] {logging_mixin.py:188} INFO - [2025-06-14T03:50:40.556+0000] {dagbag.py:545} INFO - Filling up the DagBag from /opt/airflow/dags/first_dag.py
[2025-06-14T03:50:40.570+0000] {processor.py:840} INFO - DAG(s) 'hello_world_dag' retrieved from /opt/airflow/dags/first_dag.py
[2025-06-14T03:50:40.599+0000] {logging_mixin.py:188} INFO - [2025-06-14T03:50:40.599+0000] {dag.py:3096} INFO - Sync 1 DAGs
[2025-06-14T03:50:40.629+0000] {logging_mixin.py:188} INFO - [2025-06-14T03:50:40.629+0000] {dag.py:3954} INFO - Setting next_dagrun for hello_world_dag to 2025-06-14 03:45:00+00:00, run_after=2025-06-14 03:50:00+00:00
[2025-06-14T03:50:40.649+0000] {processor.py:183} INFO - Processing /opt/airflow/dags/first_dag.py took 0.108 seconds
[2025-06-14T03:51:11.432+0000] {processor.py:161} INFO - Started process (PID=221) to work on /opt/airflow/dags/first_dag.py
[2025-06-14T03:51:11.433+0000] {processor.py:830} INFO - Processing file /opt/airflow/dags/first_dag.py for tasks to queue
[2025-06-14T03:51:11.435+0000] {logging_mixin.py:188} INFO - [2025-06-14T03:51:11.435+0000] {dagbag.py:545} INFO - Filling up the DagBag from /opt/airflow/dags/first_dag.py
[2025-06-14T03:51:11.448+0000] {processor.py:840} INFO - DAG(s) 'hello_world_dag' retrieved from /opt/airflow/dags/first_dag.py
[2025-06-14T03:51:11.473+0000] {logging_mixin.py:188} INFO - [2025-06-14T03:51:11.472+0000] {dag.py:3096} INFO - Sync 1 DAGs
[2025-06-14T03:51:11.499+0000] {logging_mixin.py:188} INFO - [2025-06-14T03:51:11.499+0000] {dag.py:3954} INFO - Setting next_dagrun for hello_world_dag to 2025-06-14 03:45:00+00:00, run_after=2025-06-14 03:50:00+00:00
[2025-06-14T03:51:11.519+0000] {processor.py:183} INFO - Processing /opt/airflow/dags/first_dag.py took 0.093 seconds
[2025-06-14T03:51:42.120+0000] {processor.py:161} INFO - Started process (PID=234) to work on /opt/airflow/dags/first_dag.py
[2025-06-14T03:51:42.120+0000] {processor.py:830} INFO - Processing file /opt/airflow/dags/first_dag.py for tasks to queue
[2025-06-14T03:51:42.122+0000] {logging_mixin.py:188} INFO - [2025-06-14T03:51:42.122+0000] {dagbag.py:545} INFO - Filling up the DagBag from /opt/airflow/dags/first_dag.py
[2025-06-14T03:51:42.136+0000] {processor.py:840} INFO - DAG(s) 'hello_world_dag' retrieved from /opt/airflow/dags/first_dag.py
[2025-06-14T03:51:42.162+0000] {logging_mixin.py:188} INFO - [2025-06-14T03:51:42.161+0000] {dag.py:3096} INFO - Sync 1 DAGs
[2025-06-14T03:51:42.184+0000] {logging_mixin.py:188} INFO - [2025-06-14T03:51:42.184+0000] {dag.py:3954} INFO - Setting next_dagrun for hello_world_dag to 2025-06-14 03:45:00+00:00, run_after=2025-06-14 03:50:00+00:00
[2025-06-14T03:51:42.200+0000] {processor.py:183} INFO - Processing /opt/airflow/dags/first_dag.py took 0.086 seconds
[2025-06-14T03:52:12.960+0000] {processor.py:161} INFO - Started process (PID=247) to work on /opt/airflow/dags/first_dag.py
[2025-06-14T03:52:12.961+0000] {processor.py:830} INFO - Processing file /opt/airflow/dags/first_dag.py for tasks to queue
[2025-06-14T03:52:12.963+0000] {logging_mixin.py:188} INFO - [2025-06-14T03:52:12.963+0000] {dagbag.py:545} INFO - Filling up the DagBag from /opt/airflow/dags/first_dag.py
[2025-06-14T03:52:12.975+0000] {processor.py:840} INFO - DAG(s) 'hello_world_dag' retrieved from /opt/airflow/dags/first_dag.py
[2025-06-14T03:52:13.002+0000] {logging_mixin.py:188} INFO - [2025-06-14T03:52:13.002+0000] {dag.py:3096} INFO - Sync 1 DAGs
[2025-06-14T03:52:13.028+0000] {logging_mixin.py:188} INFO - [2025-06-14T03:52:13.027+0000] {dag.py:3954} INFO - Setting next_dagrun for hello_world_dag to 2025-06-14 03:45:00+00:00, run_after=2025-06-14 03:50:00+00:00
[2025-06-14T03:52:13.046+0000] {processor.py:183} INFO - Processing /opt/airflow/dags/first_dag.py took 0.092 seconds
[2025-06-14T03:52:43.792+0000] {processor.py:161} INFO - Started process (PID=260) to work on /opt/airflow/dags/first_dag.py
[2025-06-14T03:52:43.793+0000] {processor.py:830} INFO - Processing file /opt/airflow/dags/first_dag.py for tasks to queue
[2025-06-14T03:52:43.794+0000] {logging_mixin.py:188} INFO - [2025-06-14T03:52:43.794+0000] {dagbag.py:545} INFO - Filling up the DagBag from /opt/airflow/dags/first_dag.py
[2025-06-14T03:52:43.805+0000] {processor.py:840} INFO - DAG(s) 'hello_world_dag' retrieved from /opt/airflow/dags/first_dag.py
[2025-06-14T03:52:43.828+0000] {logging_mixin.py:188} INFO - [2025-06-14T03:52:43.828+0000] {dag.py:3096} INFO - Sync 1 DAGs
[2025-06-14T03:52:43.851+0000] {logging_mixin.py:188} INFO - [2025-06-14T03:52:43.851+0000] {dag.py:3954} INFO - Setting next_dagrun for hello_world_dag to 2025-06-14 03:45:00+00:00, run_after=2025-06-14 03:50:00+00:00
[2025-06-14T03:52:43.869+0000] {processor.py:183} INFO - Processing /opt/airflow/dags/first_dag.py took 0.088 seconds
[2025-06-14T03:53:14.618+0000] {processor.py:161} INFO - Started process (PID=273) to work on /opt/airflow/dags/first_dag.py
[2025-06-14T03:53:14.619+0000] {processor.py:830} INFO - Processing file /opt/airflow/dags/first_dag.py for tasks to queue
[2025-06-14T03:53:14.621+0000] {logging_mixin.py:188} INFO - [2025-06-14T03:53:14.621+0000] {dagbag.py:545} INFO - Filling up the DagBag from /opt/airflow/dags/first_dag.py
[2025-06-14T03:53:14.631+0000] {processor.py:840} INFO - DAG(s) 'hello_world_dag' retrieved from /opt/airflow/dags/first_dag.py
[2025-06-14T03:53:14.655+0000] {logging_mixin.py:188} INFO - [2025-06-14T03:53:14.655+0000] {dag.py:3096} INFO - Sync 1 DAGs
[2025-06-14T03:53:14.677+0000] {logging_mixin.py:188} INFO - [2025-06-14T03:53:14.677+0000] {dag.py:3954} INFO - Setting next_dagrun for hello_world_dag to 2025-06-14 03:45:00+00:00, run_after=2025-06-14 03:50:00+00:00
[2025-06-14T03:53:14.693+0000] {processor.py:183} INFO - Processing /opt/airflow/dags/first_dag.py took 0.082 seconds
[2025-06-14T03:53:45.332+0000] {processor.py:161} INFO - Started process (PID=286) to work on /opt/airflow/dags/first_dag.py
[2025-06-14T03:53:45.333+0000] {processor.py:830} INFO - Processing file /opt/airflow/dags/first_dag.py for tasks to queue
[2025-06-14T03:53:45.335+0000] {logging_mixin.py:188} INFO - [2025-06-14T03:53:45.335+0000] {dagbag.py:545} INFO - Filling up the DagBag from /opt/airflow/dags/first_dag.py
[2025-06-14T03:53:45.344+0000] {processor.py:840} INFO - DAG(s) 'hello_world_dag' retrieved from /opt/airflow/dags/first_dag.py
[2025-06-14T03:53:45.369+0000] {logging_mixin.py:188} INFO - [2025-06-14T03:53:45.369+0000] {dag.py:3096} INFO - Sync 1 DAGs
[2025-06-14T03:53:45.391+0000] {logging_mixin.py:188} INFO - [2025-06-14T03:53:45.391+0000] {dag.py:3954} INFO - Setting next_dagrun for hello_world_dag to 2025-06-14 03:45:00+00:00, run_after=2025-06-14 03:50:00+00:00
[2025-06-14T03:53:45.408+0000] {processor.py:183} INFO - Processing /opt/airflow/dags/first_dag.py took 0.081 seconds
[2025-06-14T03:54:16.069+0000] {processor.py:161} INFO - Started process (PID=299) to work on /opt/airflow/dags/first_dag.py
[2025-06-14T03:54:16.071+0000] {processor.py:830} INFO - Processing file /opt/airflow/dags/first_dag.py for tasks to queue
[2025-06-14T03:54:16.073+0000] {logging_mixin.py:188} INFO - [2025-06-14T03:54:16.072+0000] {dagbag.py:545} INFO - Filling up the DagBag from /opt/airflow/dags/first_dag.py
[2025-06-14T03:54:16.083+0000] {processor.py:840} INFO - DAG(s) 'hello_world_dag' retrieved from /opt/airflow/dags/first_dag.py
[2025-06-14T03:54:16.109+0000] {logging_mixin.py:188} INFO - [2025-06-14T03:54:16.109+0000] {dag.py:3096} INFO - Sync 1 DAGs
[2025-06-14T03:54:16.135+0000] {logging_mixin.py:188} INFO - [2025-06-14T03:54:16.135+0000] {dag.py:3954} INFO - Setting next_dagrun for hello_world_dag to 2025-06-14 03:45:00+00:00, run_after=2025-06-14 03:50:00+00:00
[2025-06-14T03:54:16.153+0000] {processor.py:183} INFO - Processing /opt/airflow/dags/first_dag.py took 0.097 seconds
[2025-06-14T03:54:46.809+0000] {processor.py:161} INFO - Started process (PID=312) to work on /opt/airflow/dags/first_dag.py
[2025-06-14T03:54:46.810+0000] {processor.py:830} INFO - Processing file /opt/airflow/dags/first_dag.py for tasks to queue
[2025-06-14T03:54:46.812+0000] {logging_mixin.py:188} INFO - [2025-06-14T03:54:46.812+0000] {dagbag.py:545} INFO - Filling up the DagBag from /opt/airflow/dags/first_dag.py
[2025-06-14T03:54:46.822+0000] {processor.py:840} INFO - DAG(s) 'hello_world_dag' retrieved from /opt/airflow/dags/first_dag.py
[2025-06-14T03:54:46.846+0000] {logging_mixin.py:188} INFO - [2025-06-14T03:54:46.846+0000] {dag.py:3096} INFO - Sync 1 DAGs
[2025-06-14T03:54:46.869+0000] {logging_mixin.py:188} INFO - [2025-06-14T03:54:46.869+0000] {dag.py:3954} INFO - Setting next_dagrun for hello_world_dag to 2025-06-14 03:45:00+00:00, run_after=2025-06-14 03:50:00+00:00
[2025-06-14T03:54:46.884+0000] {processor.py:183} INFO - Processing /opt/airflow/dags/first_dag.py took 0.086 seconds
[2025-06-14T03:55:17.299+0000] {processor.py:161} INFO - Started process (PID=323) to work on /opt/airflow/dags/first_dag.py
[2025-06-14T03:55:17.300+0000] {processor.py:830} INFO - Processing file /opt/airflow/dags/first_dag.py for tasks to queue
[2025-06-14T03:55:17.301+0000] {logging_mixin.py:188} INFO - [2025-06-14T03:55:17.300+0000] {dagbag.py:545} INFO - Filling up the DagBag from /opt/airflow/dags/first_dag.py
[2025-06-14T03:55:17.314+0000] {processor.py:840} INFO - DAG(s) 'hello_world_dag' retrieved from /opt/airflow/dags/first_dag.py
[2025-06-14T03:55:17.343+0000] {logging_mixin.py:188} INFO - [2025-06-14T03:55:17.343+0000] {dag.py:3096} INFO - Sync 1 DAGs
[2025-06-14T03:55:17.371+0000] {logging_mixin.py:188} INFO - [2025-06-14T03:55:17.371+0000] {dag.py:3954} INFO - Setting next_dagrun for hello_world_dag to 2025-06-14 03:50:00+00:00, run_after=2025-06-14 03:55:00+00:00
[2025-06-14T03:55:17.395+0000] {processor.py:183} INFO - Processing /opt/airflow/dags/first_dag.py took 0.105 seconds
[2025-06-14T03:55:47.815+0000] {processor.py:161} INFO - Started process (PID=334) to work on /opt/airflow/dags/first_dag.py
[2025-06-14T03:55:47.816+0000] {processor.py:830} INFO - Processing file /opt/airflow/dags/first_dag.py for tasks to queue
[2025-06-14T03:55:47.816+0000] {logging_mixin.py:188} INFO - [2025-06-14T03:55:47.816+0000] {dagbag.py:545} INFO - Filling up the DagBag from /opt/airflow/dags/first_dag.py
[2025-06-14T03:55:47.826+0000] {processor.py:840} INFO - DAG(s) 'hello_world_dag' retrieved from /opt/airflow/dags/first_dag.py
[2025-06-14T03:55:47.851+0000] {logging_mixin.py:188} INFO - [2025-06-14T03:55:47.851+0000] {dag.py:3096} INFO - Sync 1 DAGs
[2025-06-14T03:55:47.875+0000] {logging_mixin.py:188} INFO - [2025-06-14T03:55:47.875+0000] {dag.py:3954} INFO - Setting next_dagrun for hello_world_dag to 2025-06-14 03:50:00+00:00, run_after=2025-06-14 03:55:00+00:00
[2025-06-14T03:55:47.892+0000] {processor.py:183} INFO - Processing /opt/airflow/dags/first_dag.py took 0.083 seconds
[2025-06-14T03:56:18.350+0000] {processor.py:161} INFO - Started process (PID=345) to work on /opt/airflow/dags/first_dag.py
[2025-06-14T03:56:18.351+0000] {processor.py:830} INFO - Processing file /opt/airflow/dags/first_dag.py for tasks to queue
[2025-06-14T03:56:18.352+0000] {logging_mixin.py:188} INFO - [2025-06-14T03:56:18.352+0000] {dagbag.py:545} INFO - Filling up the DagBag from /opt/airflow/dags/first_dag.py
[2025-06-14T03:56:18.364+0000] {processor.py:840} INFO - DAG(s) 'hello_world_dag' retrieved from /opt/airflow/dags/first_dag.py
[2025-06-14T03:56:18.394+0000] {logging_mixin.py:188} INFO - [2025-06-14T03:56:18.393+0000] {dag.py:3096} INFO - Sync 1 DAGs
[2025-06-14T03:56:18.422+0000] {logging_mixin.py:188} INFO - [2025-06-14T03:56:18.421+0000] {dag.py:3954} INFO - Setting next_dagrun for hello_world_dag to 2025-06-14 03:50:00+00:00, run_after=2025-06-14 03:55:00+00:00
[2025-06-14T03:56:18.444+0000] {processor.py:183} INFO - Processing /opt/airflow/dags/first_dag.py took 0.107 seconds
[2025-06-14T03:56:48.773+0000] {processor.py:161} INFO - Started process (PID=355) to work on /opt/airflow/dags/first_dag.py
[2025-06-14T03:56:48.774+0000] {processor.py:830} INFO - Processing file /opt/airflow/dags/first_dag.py for tasks to queue
[2025-06-14T03:56:48.774+0000] {logging_mixin.py:188} INFO - [2025-06-14T03:56:48.774+0000] {dagbag.py:545} INFO - Filling up the DagBag from /opt/airflow/dags/first_dag.py
[2025-06-14T03:56:48.785+0000] {processor.py:840} INFO - DAG(s) 'hello_world_dag' retrieved from /opt/airflow/dags/first_dag.py
[2025-06-14T03:56:48.812+0000] {logging_mixin.py:188} INFO - [2025-06-14T03:56:48.811+0000] {dag.py:3096} INFO - Sync 1 DAGs
[2025-06-14T03:56:48.835+0000] {logging_mixin.py:188} INFO - [2025-06-14T03:56:48.835+0000] {dag.py:3954} INFO - Setting next_dagrun for hello_world_dag to 2025-06-14 03:50:00+00:00, run_after=2025-06-14 03:55:00+00:00
[2025-06-14T03:56:48.852+0000] {processor.py:183} INFO - Processing /opt/airflow/dags/first_dag.py took 0.085 seconds
