[2025-06-12T07:20:00.762+0000] {local_task_job_runner.py:120} INFO - ::group::Pre task execution logs
[2025-06-12T07:20:00.948+0000] {taskinstance.py:2076} INFO - Dependencies all met for dep_context=non-requeueable deps ti=<TaskInstance: clickhouse_metrics_checker.check_metrics_row_count scheduled__2025-06-12T07:15:00+00:00 [queued]>
[2025-06-12T07:20:00.957+0000] {taskinstance.py:2076} INFO - Dependencies all met for dep_context=requeueable deps ti=<TaskInstance: clickhouse_metrics_checker.check_metrics_row_count scheduled__2025-06-12T07:15:00+00:00 [queued]>
[2025-06-12T07:20:00.957+0000] {taskinstance.py:2306} INFO - Starting attempt 1 of 2
[2025-06-12T07:20:00.970+0000] {taskinstance.py:2330} INFO - Executing <Task(PythonOperator): check_metrics_row_count> on 2025-06-12 07:15:00+00:00
[2025-06-12T07:20:00.980+0000] {warnings.py:110} WARNING - /home/***/.local/lib/python3.12/site-packages/***/task/task_runner/standard_task_runner.py:61: DeprecationWarning: This process (pid=158) is multi-threaded, use of fork() may lead to deadlocks in the child.
  pid = os.fork()

[2025-06-12T07:20:00.981+0000] {standard_task_runner.py:63} INFO - Started process 167 to run task
[2025-06-12T07:20:00.984+0000] {standard_task_runner.py:90} INFO - Running: ['***', 'tasks', 'run', 'clickhouse_metrics_checker', 'check_metrics_row_count', 'scheduled__2025-06-12T07:15:00+00:00', '--job-id', '29', '--raw', '--subdir', 'DAGS_FOLDER/clickhouse_metrics_dag.py', '--cfg-path', '/tmp/tmpm751nmqr']
[2025-06-12T07:20:00.987+0000] {standard_task_runner.py:91} INFO - Job 29: Subtask check_metrics_row_count
[2025-06-12T07:20:01.041+0000] {task_command.py:426} INFO - Running <TaskInstance: clickhouse_metrics_checker.check_metrics_row_count scheduled__2025-06-12T07:15:00+00:00 [running]> on host 2e2ba54faad1
[2025-06-12T07:20:01.130+0000] {taskinstance.py:2648} INFO - Exporting env vars: AIRFLOW_CTX_DAG_OWNER='***' AIRFLOW_CTX_DAG_ID='clickhouse_metrics_checker' AIRFLOW_CTX_TASK_ID='check_metrics_row_count' AIRFLOW_CTX_EXECUTION_DATE='2025-06-12T07:15:00+00:00' AIRFLOW_CTX_TRY_NUMBER='1' AIRFLOW_CTX_DAG_RUN_ID='scheduled__2025-06-12T07:15:00+00:00'
[2025-06-12T07:20:01.131+0000] {taskinstance.py:430} INFO - ::endgroup::
[2025-06-12T07:20:01.147+0000] {taskinstance.py:441} INFO - ::group::Post task execution logs
[2025-06-12T07:20:01.147+0000] {taskinstance.py:2905} ERROR - Task failed with exception
Traceback (most recent call last):
  File "/home/airflow/.local/lib/python3.12/site-packages/airflow/models/taskinstance.py", line 465, in _execute_task
    result = _execute_callable(context=context, **execute_callable_kwargs)
             ^^^^^^^^^^^^^^^^^^^^^^^^^^^^^^^^^^^^^^^^^^^^^^^^^^^^^^^^^^^^^
  File "/home/airflow/.local/lib/python3.12/site-packages/airflow/models/taskinstance.py", line 432, in _execute_callable
    return execute_callable(context=context, **execute_callable_kwargs)
           ^^^^^^^^^^^^^^^^^^^^^^^^^^^^^^^^^^^^^^^^^^^^^^^^^^^^^^^^^^^^
  File "/home/airflow/.local/lib/python3.12/site-packages/airflow/models/baseoperator.py", line 400, in wrapper
    return func(self, *args, **kwargs)
           ^^^^^^^^^^^^^^^^^^^^^^^^^^^
  File "/home/airflow/.local/lib/python3.12/site-packages/airflow/operators/python.py", line 235, in execute
    return_value = self.execute_callable()
                   ^^^^^^^^^^^^^^^^^^^^^^^
  File "/home/airflow/.local/lib/python3.12/site-packages/airflow/operators/python.py", line 252, in execute_callable
    return self.python_callable(*self.op_args, **self.op_kwargs)
           ^^^^^^^^^^^^^^^^^^^^^^^^^^^^^^^^^^^^^^^^^^^^^^^^^^^^^
  File "/opt/airflow/dags/clickhouse_metrics_dag.py", line 13, in query_clickhouse
    client = clickhouse_connect.get_client(
             ^^^^^^^^^^^^^^^^^^^^^^^^^^^^^^
  File "/home/airflow/.local/lib/python3.12/site-packages/clickhouse_connect/driver/__init__.py", line 122, in create_client
    return HttpClient(interface, host, port, username, password, database, access_token,
           ^^^^^^^^^^^^^^^^^^^^^^^^^^^^^^^^^^^^^^^^^^^^^^^^^^^^^^^^^^^^^^^^^^^^^^^^^^^^^
  File "/home/airflow/.local/lib/python3.12/site-packages/clickhouse_connect/driver/httpclient.py", line 165, in __init__
    super().__init__(database=database,
  File "/home/airflow/.local/lib/python3.12/site-packages/clickhouse_connect/driver/client.py", line 70, in __init__
    self._init_common_settings(apply_server_timezone)
  File "/home/airflow/.local/lib/python3.12/site-packages/clickhouse_connect/driver/client.py", line 75, in _init_common_settings
    tuple(self.command('SELECT version(), timezone()', use_database=False))
          ^^^^^^^^^^^^^^^^^^^^^^^^^^^^^^^^^^^^^^^^^^^^^^^^^^^^^^^^^^^^^^^^
  File "/home/airflow/.local/lib/python3.12/site-packages/clickhouse_connect/driver/httpclient.py", line 368, in command
    response = self._raw_request(payload, params, headers, method, fields=fields, server_wait=False)
               ^^^^^^^^^^^^^^^^^^^^^^^^^^^^^^^^^^^^^^^^^^^^^^^^^^^^^^^^^^^^^^^^^^^^^^^^^^^^^^^^^^^^^
  File "/home/airflow/.local/lib/python3.12/site-packages/clickhouse_connect/driver/httpclient.py", line 481, in _raw_request
    self._error_handler(response)
  File "/home/airflow/.local/lib/python3.12/site-packages/clickhouse_connect/driver/httpclient.py", line 402, in _error_handler
    raise OperationalError(err_str) if retried else DatabaseError(err_str) from None
clickhouse_connect.driver.exceptions.DatabaseError: HTTPDriver for http://clickhouse:8123 received ClickHouse error code 194
 Code: 194. DB::Exception: default: Authentication failed: password is incorrect, or there is no user with such name.

If you use ClickHouse Cloud, the password can be reset at https://clickhouse.cloud/
on the settings page for the corresponding service.

If you have installed ClickHouse and forgot password you can reset it in the configuration file.
The password for default user is typically located at /etc/clickhouse-server/users.d/default-password.xml
and deleting this file will reset the password.
See also /etc/clickhouse-server/users.xml on the server where ClickHouse is installed.

. (REQUIRED_PASSWORD) (version 25.5.2.47 (official build))

[2025-06-12T07:20:01.160+0000] {taskinstance.py:1206} INFO - Marking task as UP_FOR_RETRY. dag_id=clickhouse_metrics_checker, task_id=check_metrics_row_count, run_id=scheduled__2025-06-12T07:15:00+00:00, execution_date=20250612T071500, start_date=20250612T072000, end_date=20250612T072001
[2025-06-12T07:20:01.173+0000] {standard_task_runner.py:110} ERROR - Failed to execute job 29 for task check_metrics_row_count (HTTPDriver for http://clickhouse:8123 received ClickHouse error code 194
 Code: 194. DB::Exception: default: Authentication failed: password is incorrect, or there is no user with such name.

If you use ClickHouse Cloud, the password can be reset at https://clickhouse.cloud/
on the settings page for the corresponding service.

If you have installed ClickHouse and forgot password you can reset it in the configuration file.
The password for default user is typically located at /etc/clickhouse-server/users.d/default-password.xml
and deleting this file will reset the password.
See also /etc/clickhouse-server/users.xml on the server where ClickHouse is installed.

. (REQUIRED_PASSWORD) (version 25.5.2.47 (official build))
; 167)
[2025-06-12T07:20:01.195+0000] {local_task_job_runner.py:240} INFO - Task exited with return code 1
[2025-06-12T07:20:01.221+0000] {taskinstance.py:3498} INFO - 0 downstream tasks scheduled from follow-on schedule check
[2025-06-12T07:20:01.222+0000] {local_task_job_runner.py:222} INFO - ::endgroup::
