[2025-06-14T05:00:01.323+0000] {local_task_job_runner.py:120} INFO - ::group::Pre task execution logs
[2025-06-14T05:00:01.348+0000] {taskinstance.py:2076} INFO - Dependencies all met for dep_context=non-requeueable deps ti=<TaskInstance: hourly_clickhouse_metrics_dag.extract_clickhouse_metrics scheduled__2025-06-14T04:00:00+00:00 [queued]>
[2025-06-14T05:00:01.356+0000] {taskinstance.py:2076} INFO - Dependencies all met for dep_context=requeueable deps ti=<TaskInstance: hourly_clickhouse_metrics_dag.extract_clickhouse_metrics scheduled__2025-06-14T04:00:00+00:00 [queued]>
[2025-06-14T05:00:01.357+0000] {taskinstance.py:2306} INFO - Starting attempt 1 of 2
[2025-06-14T05:00:01.504+0000] {taskinstance.py:2330} INFO - Executing <Task(PythonOperator): extract_clickhouse_metrics> on 2025-06-14 04:00:00+00:00
[2025-06-14T05:00:01.512+0000] {standard_task_runner.py:63} INFO - Started process 1039 to run task
[2025-06-14T05:00:01.518+0000] {standard_task_runner.py:90} INFO - Running: ['***', 'tasks', 'run', 'hourly_clickhouse_metrics_dag', 'extract_clickhouse_metrics', 'scheduled__2025-06-14T04:00:00+00:00', '--job-id', '19', '--raw', '--subdir', 'DAGS_FOLDER/hourly_clickhouse_metrics_dag.py', '--cfg-path', '/tmp/tmpu6v6dsyn']
[2025-06-14T05:00:01.523+0000] {standard_task_runner.py:91} INFO - Job 19: Subtask extract_clickhouse_metrics
[2025-06-14T05:00:01.578+0000] {task_command.py:426} INFO - Running <TaskInstance: hourly_clickhouse_metrics_dag.extract_clickhouse_metrics scheduled__2025-06-14T04:00:00+00:00 [running]> on host f87428ccce48
[2025-06-14T05:00:01.635+0000] {warnings.py:109} WARNING - /home/***/.local/lib/python3.10/site-packages/***/utils/context.py:212: AirflowContextDeprecationWarning: Accessing 'execution_date' from the template is deprecated and will be removed in a future version. Please use 'data_interval_start' or 'logical_date' instead.
  warnings.warn(_create_deprecation_warning(key, self._deprecation_replacements[key]))

[2025-06-14T05:00:01.669+0000] {taskinstance.py:2648} INFO - Exporting env vars: AIRFLOW_CTX_DAG_OWNER='***' AIRFLOW_CTX_DAG_ID='hourly_clickhouse_metrics_dag' AIRFLOW_CTX_TASK_ID='extract_clickhouse_metrics' AIRFLOW_CTX_EXECUTION_DATE='2025-06-14T04:00:00+00:00' AIRFLOW_CTX_TRY_NUMBER='1' AIRFLOW_CTX_DAG_RUN_ID='scheduled__2025-06-14T04:00:00+00:00'
[2025-06-14T05:00:01.669+0000] {taskinstance.py:430} INFO - ::endgroup::
[2025-06-14T05:00:01.712+0000] {logging_mixin.py:188} INFO - ✅ Metrics appended to: /opt/***/output/metrics_2025-06-14.csv
[2025-06-14T05:00:01.713+0000] {python.py:237} INFO - Done. Returned value was: None
[2025-06-14T05:00:01.713+0000] {taskinstance.py:441} INFO - ::group::Post task execution logs
[2025-06-14T05:00:01.722+0000] {taskinstance.py:1206} INFO - Marking task as SUCCESS. dag_id=hourly_clickhouse_metrics_dag, task_id=extract_clickhouse_metrics, run_id=scheduled__2025-06-14T04:00:00+00:00, execution_date=20250614T040000, start_date=20250614T050001, end_date=20250614T050001
[2025-06-14T05:00:01.767+0000] {local_task_job_runner.py:240} INFO - Task exited with return code 0
[2025-06-14T05:00:01.797+0000] {taskinstance.py:3498} INFO - 0 downstream tasks scheduled from follow-on schedule check
[2025-06-14T05:00:01.799+0000] {local_task_job_runner.py:222} INFO - ::endgroup::
