[2025-06-10T06:27:45.772+0000] {local_task_job_runner.py:120} INFO - ::group::Pre task execution logs
[2025-06-10T06:27:45.794+0000] {taskinstance.py:2076} INFO - Dependencies all met for dep_context=non-requeueable deps ti=<TaskInstance: hello_world_dag.say_hello manual__2025-06-10T06:27:43.837529+00:00 [queued]>
[2025-06-10T06:27:45.802+0000] {taskinstance.py:2076} INFO - Dependencies all met for dep_context=requeueable deps ti=<TaskInstance: hello_world_dag.say_hello manual__2025-06-10T06:27:43.837529+00:00 [queued]>
[2025-06-10T06:27:45.803+0000] {taskinstance.py:2306} INFO - Starting attempt 1 of 1
[2025-06-10T06:27:45.815+0000] {taskinstance.py:2330} INFO - Executing <Task(PythonOperator): say_hello> on 2025-06-10 06:27:43.837529+00:00
[2025-06-10T06:27:45.824+0000] {warnings.py:110} WARNING - /home/***/.local/lib/python3.12/site-packages/***/task/task_runner/standard_task_runner.py:61: DeprecationWarning: This process (pid=250) is multi-threaded, use of fork() may lead to deadlocks in the child.
  pid = os.fork()

[2025-06-10T06:27:45.826+0000] {standard_task_runner.py:63} INFO - Started process 252 to run task
[2025-06-10T06:27:45.826+0000] {standard_task_runner.py:90} INFO - Running: ['***', 'tasks', 'run', 'hello_world_dag', 'say_hello', 'manual__2025-06-10T06:27:43.837529+00:00', '--job-id', '10', '--raw', '--subdir', 'DAGS_FOLDER/first_dag.py', '--cfg-path', '/tmp/tmpvmxyaulh']
[2025-06-10T06:27:45.829+0000] {standard_task_runner.py:91} INFO - Job 10: Subtask say_hello
[2025-06-10T06:27:45.871+0000] {task_command.py:426} INFO - Running <TaskInstance: hello_world_dag.say_hello manual__2025-06-10T06:27:43.837529+00:00 [running]> on host 701b2f27f56d
[2025-06-10T06:27:45.963+0000] {taskinstance.py:2648} INFO - Exporting env vars: AIRFLOW_CTX_DAG_OWNER='***' AIRFLOW_CTX_DAG_ID='hello_world_dag' AIRFLOW_CTX_TASK_ID='say_hello' AIRFLOW_CTX_EXECUTION_DATE='2025-06-10T06:27:43.837529+00:00' AIRFLOW_CTX_TRY_NUMBER='1' AIRFLOW_CTX_DAG_RUN_ID='manual__2025-06-10T06:27:43.837529+00:00'
[2025-06-10T06:27:45.965+0000] {taskinstance.py:430} INFO - ::endgroup::
[2025-06-10T06:27:45.965+0000] {logging_mixin.py:188} INFO - Hello, this is your first Airflow DAG!
[2025-06-10T06:27:45.966+0000] {python.py:237} INFO - Done. Returned value was: None
[2025-06-10T06:27:45.966+0000] {taskinstance.py:441} INFO - ::group::Post task execution logs
[2025-06-10T06:27:45.974+0000] {taskinstance.py:1206} INFO - Marking task as SUCCESS. dag_id=hello_world_dag, task_id=say_hello, run_id=manual__2025-06-10T06:27:43.837529+00:00, execution_date=20250610T062743, start_date=20250610T062745, end_date=20250610T062745
[2025-06-10T06:27:45.999+0000] {local_task_job_runner.py:240} INFO - Task exited with return code 0
[2025-06-10T06:27:46.021+0000] {taskinstance.py:3498} INFO - 0 downstream tasks scheduled from follow-on schedule check
[2025-06-10T06:27:46.022+0000] {local_task_job_runner.py:222} INFO - ::endgroup::
