[2025-06-10T10:05:01.577+0000] {local_task_job_runner.py:120} INFO - ::group::Pre task execution logs
[2025-06-10T10:05:01.599+0000] {taskinstance.py:2076} INFO - Dependencies all met for dep_context=non-requeueable deps ti=<TaskInstance: hello_world_dag.say_hello scheduled__2025-06-10T10:00:00+00:00 [queued]>
[2025-06-10T10:05:01.606+0000] {taskinstance.py:2076} INFO - Dependencies all met for dep_context=requeueable deps ti=<TaskInstance: hello_world_dag.say_hello scheduled__2025-06-10T10:00:00+00:00 [queued]>
[2025-06-10T10:05:01.607+0000] {taskinstance.py:2306} INFO - Starting attempt 1 of 1
[2025-06-10T10:05:01.618+0000] {taskinstance.py:2330} INFO - Executing <Task(PythonOperator): say_hello> on 2025-06-10 10:00:00+00:00
[2025-06-10T10:05:01.627+0000] {warnings.py:110} WARNING - /home/***/.local/lib/python3.12/site-packages/***/task/task_runner/standard_task_runner.py:61: DeprecationWarning: This process (pid=2084) is multi-threaded, use of fork() may lead to deadlocks in the child.
  pid = os.fork()

[2025-06-10T10:05:01.629+0000] {standard_task_runner.py:63} INFO - Started process 2086 to run task
[2025-06-10T10:05:01.631+0000] {standard_task_runner.py:90} INFO - Running: ['***', 'tasks', 'run', 'hello_world_dag', 'say_hello', 'scheduled__2025-06-10T10:00:00+00:00', '--job-id', '20', '--raw', '--subdir', 'DAGS_FOLDER/first_dag.py', '--cfg-path', '/tmp/tmpn9sj9tkt']
[2025-06-10T10:05:01.635+0000] {standard_task_runner.py:91} INFO - Job 20: Subtask say_hello
[2025-06-10T10:05:01.681+0000] {task_command.py:426} INFO - Running <TaskInstance: hello_world_dag.say_hello scheduled__2025-06-10T10:00:00+00:00 [running]> on host 701b2f27f56d
[2025-06-10T10:05:01.774+0000] {taskinstance.py:2648} INFO - Exporting env vars: AIRFLOW_CTX_DAG_OWNER='***' AIRFLOW_CTX_DAG_ID='hello_world_dag' AIRFLOW_CTX_TASK_ID='say_hello' AIRFLOW_CTX_EXECUTION_DATE='2025-06-10T10:00:00+00:00' AIRFLOW_CTX_TRY_NUMBER='1' AIRFLOW_CTX_DAG_RUN_ID='scheduled__2025-06-10T10:00:00+00:00'
[2025-06-10T10:05:01.775+0000] {taskinstance.py:430} INFO - ::endgroup::
[2025-06-10T10:05:01.775+0000] {logging_mixin.py:188} INFO - Hi,This is hussain
[2025-06-10T10:05:01.776+0000] {python.py:237} INFO - Done. Returned value was: None
[2025-06-10T10:05:01.776+0000] {taskinstance.py:441} INFO - ::group::Post task execution logs
[2025-06-10T10:05:01.785+0000] {taskinstance.py:1206} INFO - Marking task as SUCCESS. dag_id=hello_world_dag, task_id=say_hello, run_id=scheduled__2025-06-10T10:00:00+00:00, execution_date=20250610T100000, start_date=20250610T100501, end_date=20250610T100501
[2025-06-10T10:05:01.802+0000] {local_task_job_runner.py:240} INFO - Task exited with return code 0
[2025-06-10T10:05:01.827+0000] {taskinstance.py:3498} INFO - 0 downstream tasks scheduled from follow-on schedule check
[2025-06-10T10:05:01.829+0000] {local_task_job_runner.py:222} INFO - ::endgroup::
