[2025-06-10T09:55:01.669+0000] {local_task_job_runner.py:120} INFO - ::group::Pre task execution logs
[2025-06-10T09:55:01.696+0000] {taskinstance.py:2076} INFO - Dependencies all met for dep_context=non-requeueable deps ti=<TaskInstance: hello_world_dag.say_hello scheduled__2025-06-10T09:50:00+00:00 [queued]>
[2025-06-10T09:55:01.704+0000] {taskinstance.py:2076} INFO - Dependencies all met for dep_context=requeueable deps ti=<TaskInstance: hello_world_dag.say_hello scheduled__2025-06-10T09:50:00+00:00 [queued]>
[2025-06-10T09:55:01.705+0000] {taskinstance.py:2306} INFO - Starting attempt 1 of 1
[2025-06-10T09:55:01.717+0000] {taskinstance.py:2330} INFO - Executing <Task(PythonOperator): say_hello> on 2025-06-10 09:50:00+00:00
[2025-06-10T09:55:01.728+0000] {warnings.py:110} WARNING - /home/***/.local/lib/python3.12/site-packages/***/task/task_runner/standard_task_runner.py:61: DeprecationWarning: This process (pid=1945) is multi-threaded, use of fork() may lead to deadlocks in the child.
  pid = os.fork()

[2025-06-10T09:55:01.729+0000] {standard_task_runner.py:63} INFO - Started process 1947 to run task
[2025-06-10T09:55:01.730+0000] {standard_task_runner.py:90} INFO - Running: ['***', 'tasks', 'run', 'hello_world_dag', 'say_hello', 'scheduled__2025-06-10T09:50:00+00:00', '--job-id', '18', '--raw', '--subdir', 'DAGS_FOLDER/first_dag.py', '--cfg-path', '/tmp/tmp88irp_in']
[2025-06-10T09:55:01.732+0000] {standard_task_runner.py:91} INFO - Job 18: Subtask say_hello
[2025-06-10T09:55:01.778+0000] {task_command.py:426} INFO - Running <TaskInstance: hello_world_dag.say_hello scheduled__2025-06-10T09:50:00+00:00 [running]> on host 701b2f27f56d
[2025-06-10T09:55:01.867+0000] {taskinstance.py:2648} INFO - Exporting env vars: AIRFLOW_CTX_DAG_OWNER='***' AIRFLOW_CTX_DAG_ID='hello_world_dag' AIRFLOW_CTX_TASK_ID='say_hello' AIRFLOW_CTX_EXECUTION_DATE='2025-06-10T09:50:00+00:00' AIRFLOW_CTX_TRY_NUMBER='1' AIRFLOW_CTX_DAG_RUN_ID='scheduled__2025-06-10T09:50:00+00:00'
[2025-06-10T09:55:01.868+0000] {taskinstance.py:430} INFO - ::endgroup::
[2025-06-10T09:55:01.869+0000] {logging_mixin.py:188} INFO - Hi,This is hussain
[2025-06-10T09:55:01.869+0000] {python.py:237} INFO - Done. Returned value was: None
[2025-06-10T09:55:01.870+0000] {taskinstance.py:441} INFO - ::group::Post task execution logs
[2025-06-10T09:55:01.878+0000] {taskinstance.py:1206} INFO - Marking task as SUCCESS. dag_id=hello_world_dag, task_id=say_hello, run_id=scheduled__2025-06-10T09:50:00+00:00, execution_date=20250610T095000, start_date=20250610T095501, end_date=20250610T095501
[2025-06-10T09:55:01.903+0000] {local_task_job_runner.py:240} INFO - Task exited with return code 0
[2025-06-10T09:55:01.931+0000] {taskinstance.py:3498} INFO - 0 downstream tasks scheduled from follow-on schedule check
[2025-06-10T09:55:01.932+0000] {local_task_job_runner.py:222} INFO - ::endgroup::
