[2025-06-11T06:06:12.996+0000] {local_task_job_runner.py:120} INFO - ::group::Pre task execution logs
[2025-06-11T06:06:13.032+0000] {taskinstance.py:2076} INFO - Dependencies all met for dep_context=non-requeueable deps ti=<TaskInstance: even_odd_branching.odd_task manual__2025-06-11T06:06:07.386502+00:00 [queued]>
[2025-06-11T06:06:13.045+0000] {taskinstance.py:2076} INFO - Dependencies all met for dep_context=requeueable deps ti=<TaskInstance: even_odd_branching.odd_task manual__2025-06-11T06:06:07.386502+00:00 [queued]>
[2025-06-11T06:06:13.046+0000] {taskinstance.py:2306} INFO - Starting attempt 1 of 1
[2025-06-11T06:06:13.063+0000] {taskinstance.py:2330} INFO - Executing <Task(PythonOperator): odd_task> on 2025-06-11 06:06:07.386502+00:00
[2025-06-11T06:06:13.075+0000] {warnings.py:110} WARNING - /home/***/.local/lib/python3.12/site-packages/***/task/task_runner/standard_task_runner.py:61: DeprecationWarning: This process (pid=550) is multi-threaded, use of fork() may lead to deadlocks in the child.
  pid = os.fork()

[2025-06-11T06:06:13.077+0000] {standard_task_runner.py:63} INFO - Started process 560 to run task
[2025-06-11T06:06:13.077+0000] {standard_task_runner.py:90} INFO - Running: ['***', 'tasks', 'run', 'even_odd_branching', 'odd_task', 'manual__2025-06-11T06:06:07.386502+00:00', '--job-id', '31', '--raw', '--subdir', 'DAGS_FOLDER/even_odd_branching.py', '--cfg-path', '/tmp/tmp9zp3e2yv']
[2025-06-11T06:06:13.080+0000] {standard_task_runner.py:91} INFO - Job 31: Subtask odd_task
[2025-06-11T06:06:13.131+0000] {task_command.py:426} INFO - Running <TaskInstance: even_odd_branching.odd_task manual__2025-06-11T06:06:07.386502+00:00 [running]> on host 84435f84cb56
[2025-06-11T06:06:13.223+0000] {taskinstance.py:2648} INFO - Exporting env vars: AIRFLOW_CTX_DAG_OWNER='***' AIRFLOW_CTX_DAG_ID='even_odd_branching' AIRFLOW_CTX_TASK_ID='odd_task' AIRFLOW_CTX_EXECUTION_DATE='2025-06-11T06:06:07.386502+00:00' AIRFLOW_CTX_TRY_NUMBER='1' AIRFLOW_CTX_DAG_RUN_ID='manual__2025-06-11T06:06:07.386502+00:00'
[2025-06-11T06:06:13.226+0000] {taskinstance.py:430} INFO - ::endgroup::
[2025-06-11T06:06:13.227+0000] {logging_mixin.py:188} INFO - Odd hour
[2025-06-11T06:06:13.227+0000] {python.py:237} INFO - Done. Returned value was: None
[2025-06-11T06:06:13.227+0000] {taskinstance.py:441} INFO - ::group::Post task execution logs
[2025-06-11T06:06:13.238+0000] {taskinstance.py:1206} INFO - Marking task as SUCCESS. dag_id=even_odd_branching, task_id=odd_task, run_id=manual__2025-06-11T06:06:07.386502+00:00, execution_date=20250611T060607, start_date=20250611T060613, end_date=20250611T060613
[2025-06-11T06:06:13.291+0000] {local_task_job_runner.py:240} INFO - Task exited with return code 0
[2025-06-11T06:06:13.312+0000] {taskinstance.py:3498} INFO - 0 downstream tasks scheduled from follow-on schedule check
[2025-06-11T06:06:13.313+0000] {local_task_job_runner.py:222} INFO - ::endgroup::
