[2025-06-11T06:36:01.403+0000] {local_task_job_runner.py:120} INFO - ::group::Pre task execution logs
[2025-06-11T06:36:01.430+0000] {taskinstance.py:2076} INFO - Dependencies all met for dep_context=non-requeueable deps ti=<TaskInstance: even_odd_branching.even_task manual__2025-06-11T06:35:57.414805+00:00 [queued]>
[2025-06-11T06:36:01.439+0000] {taskinstance.py:2076} INFO - Dependencies all met for dep_context=requeueable deps ti=<TaskInstance: even_odd_branching.even_task manual__2025-06-11T06:35:57.414805+00:00 [queued]>
[2025-06-11T06:36:01.440+0000] {taskinstance.py:2306} INFO - Starting attempt 1 of 1
[2025-06-11T06:36:01.452+0000] {taskinstance.py:2330} INFO - Executing <Task(PythonOperator): even_task> on 2025-06-11 06:35:57.414805+00:00
[2025-06-11T06:36:01.463+0000] {warnings.py:110} WARNING - /home/***/.local/lib/python3.12/site-packages/***/task/task_runner/standard_task_runner.py:61: DeprecationWarning: This process (pid=950) is multi-threaded, use of fork() may lead to deadlocks in the child.
  pid = os.fork()

[2025-06-11T06:36:01.464+0000] {standard_task_runner.py:63} INFO - Started process 952 to run task
[2025-06-11T06:36:01.464+0000] {standard_task_runner.py:90} INFO - Running: ['***', 'tasks', 'run', 'even_odd_branching', 'even_task', 'manual__2025-06-11T06:35:57.414805+00:00', '--job-id', '36', '--raw', '--subdir', 'DAGS_FOLDER/even_odd_branching.py', '--cfg-path', '/tmp/tmpls9yv4bj']
[2025-06-11T06:36:01.466+0000] {standard_task_runner.py:91} INFO - Job 36: Subtask even_task
[2025-06-11T06:36:01.513+0000] {task_command.py:426} INFO - Running <TaskInstance: even_odd_branching.even_task manual__2025-06-11T06:35:57.414805+00:00 [running]> on host 84435f84cb56
[2025-06-11T06:36:01.607+0000] {taskinstance.py:2648} INFO - Exporting env vars: AIRFLOW_CTX_DAG_OWNER='***' AIRFLOW_CTX_DAG_ID='even_odd_branching' AIRFLOW_CTX_TASK_ID='even_task' AIRFLOW_CTX_EXECUTION_DATE='2025-06-11T06:35:57.414805+00:00' AIRFLOW_CTX_TRY_NUMBER='1' AIRFLOW_CTX_DAG_RUN_ID='manual__2025-06-11T06:35:57.414805+00:00'
[2025-06-11T06:36:01.608+0000] {taskinstance.py:430} INFO - ::endgroup::
[2025-06-11T06:36:01.609+0000] {logging_mixin.py:188} INFO - Even hour
[2025-06-11T06:36:01.609+0000] {python.py:237} INFO - Done. Returned value was: None
[2025-06-11T06:36:01.609+0000] {taskinstance.py:441} INFO - ::group::Post task execution logs
[2025-06-11T06:36:01.616+0000] {taskinstance.py:1206} INFO - Marking task as SUCCESS. dag_id=even_odd_branching, task_id=even_task, run_id=manual__2025-06-11T06:35:57.414805+00:00, execution_date=20250611T063557, start_date=20250611T063601, end_date=20250611T063601
[2025-06-11T06:36:01.637+0000] {local_task_job_runner.py:240} INFO - Task exited with return code 0
[2025-06-11T06:36:01.652+0000] {taskinstance.py:3498} INFO - 0 downstream tasks scheduled from follow-on schedule check
[2025-06-11T06:36:01.653+0000] {local_task_job_runner.py:222} INFO - ::endgroup::
