[2025-06-12T11:00:01.730+0000] {local_task_job_runner.py:120} INFO - ::group::Pre task execution logs
[2025-06-12T11:00:01.754+0000] {taskinstance.py:2076} INFO - Dependencies all met for dep_context=non-requeueable deps ti=<TaskInstance: clickhouse_metrics_checker.check_metrics_row_count scheduled__2025-06-12T10:00:00+00:00 [queued]>
[2025-06-12T11:00:01.762+0000] {taskinstance.py:2076} INFO - Dependencies all met for dep_context=requeueable deps ti=<TaskInstance: clickhouse_metrics_checker.check_metrics_row_count scheduled__2025-06-12T10:00:00+00:00 [queued]>
[2025-06-12T11:00:01.762+0000] {taskinstance.py:2306} INFO - Starting attempt 1 of 2
[2025-06-12T11:00:01.774+0000] {taskinstance.py:2330} INFO - Executing <Task(PythonOperator): check_metrics_row_count> on 2025-06-12 10:00:00+00:00
[2025-06-12T11:00:01.784+0000] {warnings.py:110} WARNING - /home/***/.local/lib/python3.12/site-packages/***/task/task_runner/standard_task_runner.py:61: DeprecationWarning: This process (pid=1625) is multi-threaded, use of fork() may lead to deadlocks in the child.
  pid = os.fork()

[2025-06-12T11:00:01.785+0000] {standard_task_runner.py:63} INFO - Started process 1627 to run task
[2025-06-12T11:00:01.787+0000] {standard_task_runner.py:90} INFO - Running: ['***', 'tasks', 'run', 'clickhouse_metrics_checker', 'check_metrics_row_count', 'scheduled__2025-06-12T10:00:00+00:00', '--job-id', '18', '--raw', '--subdir', 'DAGS_FOLDER/clickhouse_metrics_dag.py', '--cfg-path', '/tmp/tmpkhkq4hmf']
[2025-06-12T11:00:01.791+0000] {standard_task_runner.py:91} INFO - Job 18: Subtask check_metrics_row_count
[2025-06-12T11:00:01.848+0000] {task_command.py:426} INFO - Running <TaskInstance: clickhouse_metrics_checker.check_metrics_row_count scheduled__2025-06-12T10:00:00+00:00 [running]> on host ee7c55ed816c
[2025-06-12T11:00:01.941+0000] {taskinstance.py:2648} INFO - Exporting env vars: AIRFLOW_CTX_DAG_OWNER='***' AIRFLOW_CTX_DAG_ID='clickhouse_metrics_checker' AIRFLOW_CTX_TASK_ID='check_metrics_row_count' AIRFLOW_CTX_EXECUTION_DATE='2025-06-12T10:00:00+00:00' AIRFLOW_CTX_TRY_NUMBER='1' AIRFLOW_CTX_DAG_RUN_ID='scheduled__2025-06-12T10:00:00+00:00'
[2025-06-12T11:00:01.941+0000] {taskinstance.py:430} INFO - ::endgroup::
[2025-06-12T11:00:01.990+0000] {logging_mixin.py:188} INFO - [2025-06-12 11:00:01.989988] Row count in `system.metric_log`: 10143
[2025-06-12T11:00:01.990+0000] {python.py:237} INFO - Done. Returned value was: None
[2025-06-12T11:00:01.990+0000] {taskinstance.py:441} INFO - ::group::Post task execution logs
[2025-06-12T11:00:02.004+0000] {taskinstance.py:1206} INFO - Marking task as SUCCESS. dag_id=clickhouse_metrics_checker, task_id=check_metrics_row_count, run_id=scheduled__2025-06-12T10:00:00+00:00, execution_date=20250612T100000, start_date=20250612T110001, end_date=20250612T110002
[2025-06-12T11:00:02.038+0000] {local_task_job_runner.py:240} INFO - Task exited with return code 0
[2025-06-12T11:00:02.066+0000] {taskinstance.py:3498} INFO - 0 downstream tasks scheduled from follow-on schedule check
[2025-06-12T11:00:02.067+0000] {local_task_job_runner.py:222} INFO - ::endgroup::
