[2025-06-11T06:42:21.980+0000] {local_task_job_runner.py:120} INFO - ::group::Pre task execution logs
[2025-06-11T06:42:22.014+0000] {taskinstance.py:2076} INFO - Dependencies all met for dep_context=non-requeueable deps ti=<TaskInstance: even_odd_branching.branching scheduled__2025-06-11T06:35:00+00:00 [queued]>
[2025-06-11T06:42:22.025+0000] {taskinstance.py:2076} INFO - Dependencies all met for dep_context=requeueable deps ti=<TaskInstance: even_odd_branching.branching scheduled__2025-06-11T06:35:00+00:00 [queued]>
[2025-06-11T06:42:22.026+0000] {taskinstance.py:2306} INFO - Starting attempt 1 of 1
[2025-06-11T06:42:22.046+0000] {taskinstance.py:2330} INFO - Executing <Task(BranchPythonOperator): branching> on 2025-06-11 06:35:00+00:00
[2025-06-11T06:42:22.059+0000] {warnings.py:110} WARNING - /home/***/.local/lib/python3.12/site-packages/***/task/task_runner/standard_task_runner.py:61: DeprecationWarning: This process (pid=1031) is multi-threaded, use of fork() may lead to deadlocks in the child.
  pid = os.fork()

[2025-06-11T06:42:22.061+0000] {standard_task_runner.py:63} INFO - Started process 1035 to run task
[2025-06-11T06:42:22.061+0000] {standard_task_runner.py:90} INFO - Running: ['***', 'tasks', 'run', 'even_odd_branching', 'branching', 'scheduled__2025-06-11T06:35:00+00:00', '--job-id', '38', '--raw', '--subdir', 'DAGS_FOLDER/even_odd_branching.py', '--cfg-path', '/tmp/tmpfvhvsjhb']
[2025-06-11T06:42:22.064+0000] {standard_task_runner.py:91} INFO - Job 38: Subtask branching
[2025-06-11T06:42:22.118+0000] {task_command.py:426} INFO - Running <TaskInstance: even_odd_branching.branching scheduled__2025-06-11T06:35:00+00:00 [running]> on host 84435f84cb56
[2025-06-11T06:42:22.237+0000] {taskinstance.py:2648} INFO - Exporting env vars: AIRFLOW_CTX_DAG_OWNER='***' AIRFLOW_CTX_DAG_ID='even_odd_branching' AIRFLOW_CTX_TASK_ID='branching' AIRFLOW_CTX_EXECUTION_DATE='2025-06-11T06:35:00+00:00' AIRFLOW_CTX_TRY_NUMBER='1' AIRFLOW_CTX_DAG_RUN_ID='scheduled__2025-06-11T06:35:00+00:00'
[2025-06-11T06:42:22.239+0000] {taskinstance.py:430} INFO - ::endgroup::
[2025-06-11T06:42:22.239+0000] {baseoperator.py:399} WARNING - BranchPythonOperator.execute cannot be called outside TaskInstance!
[2025-06-11T06:42:22.241+0000] {python.py:237} INFO - Done. Returned value was: even_task
[2025-06-11T06:42:22.241+0000] {branch.py:36} INFO - Branch into even_task
[2025-06-11T06:42:22.241+0000] {skipmixin.py:178} INFO - Following branch even_task
[2025-06-11T06:42:22.259+0000] {skipmixin.py:246} INFO - Skipping tasks [('odd_task', -1)]
[2025-06-11T06:42:22.285+0000] {taskinstance.py:441} INFO - ::group::Post task execution logs
[2025-06-11T06:42:22.311+0000] {taskinstance.py:1206} INFO - Marking task as SUCCESS. dag_id=even_odd_branching, task_id=branching, run_id=scheduled__2025-06-11T06:35:00+00:00, execution_date=20250611T063500, start_date=20250611T064222, end_date=20250611T064222
[2025-06-11T06:42:22.355+0000] {local_task_job_runner.py:240} INFO - Task exited with return code 0
[2025-06-11T06:42:22.395+0000] {taskinstance.py:3498} INFO - 1 downstream tasks scheduled from follow-on schedule check
[2025-06-11T06:42:22.397+0000] {local_task_job_runner.py:222} INFO - ::endgroup::
[2025-06-11T06:44:00.212+0000] {local_task_job_runner.py:120} INFO - ::group::Pre task execution logs
[2025-06-11T06:44:00.237+0000] {taskinstance.py:2076} INFO - Dependencies all met for dep_context=non-requeueable deps ti=<TaskInstance: even_odd_branching.branching scheduled__2025-06-11T06:35:00+00:00 [queued]>
[2025-06-11T06:44:00.244+0000] {taskinstance.py:2076} INFO - Dependencies all met for dep_context=requeueable deps ti=<TaskInstance: even_odd_branching.branching scheduled__2025-06-11T06:35:00+00:00 [queued]>
[2025-06-11T06:44:00.244+0000] {taskinstance.py:2306} INFO - Starting attempt 1 of 1
[2025-06-11T06:44:00.257+0000] {taskinstance.py:2330} INFO - Executing <Task(BranchPythonOperator): branching> on 2025-06-11 06:35:00+00:00
[2025-06-11T06:44:00.266+0000] {warnings.py:110} WARNING - /home/***/.local/lib/python3.12/site-packages/***/task/task_runner/standard_task_runner.py:61: DeprecationWarning: This process (pid=1063) is multi-threaded, use of fork() may lead to deadlocks in the child.
  pid = os.fork()

[2025-06-11T06:44:00.267+0000] {standard_task_runner.py:63} INFO - Started process 1065 to run task
[2025-06-11T06:44:00.269+0000] {standard_task_runner.py:90} INFO - Running: ['***', 'tasks', 'run', 'even_odd_branching', 'branching', 'scheduled__2025-06-11T06:35:00+00:00', '--job-id', '41', '--raw', '--subdir', 'DAGS_FOLDER/even_odd_branching.py', '--cfg-path', '/tmp/tmpl3wd121f']
[2025-06-11T06:44:00.273+0000] {standard_task_runner.py:91} INFO - Job 41: Subtask branching
[2025-06-11T06:44:00.334+0000] {task_command.py:426} INFO - Running <TaskInstance: even_odd_branching.branching scheduled__2025-06-11T06:35:00+00:00 [running]> on host 84435f84cb56
[2025-06-11T06:44:00.420+0000] {taskinstance.py:2648} INFO - Exporting env vars: AIRFLOW_CTX_DAG_OWNER='***' AIRFLOW_CTX_DAG_ID='even_odd_branching' AIRFLOW_CTX_TASK_ID='branching' AIRFLOW_CTX_EXECUTION_DATE='2025-06-11T06:35:00+00:00' AIRFLOW_CTX_TRY_NUMBER='1' AIRFLOW_CTX_DAG_RUN_ID='scheduled__2025-06-11T06:35:00+00:00'
[2025-06-11T06:44:00.422+0000] {taskinstance.py:430} INFO - ::endgroup::
[2025-06-11T06:44:00.422+0000] {baseoperator.py:399} WARNING - BranchPythonOperator.execute cannot be called outside TaskInstance!
[2025-06-11T06:44:00.423+0000] {python.py:237} INFO - Done. Returned value was: even_task
[2025-06-11T06:44:00.423+0000] {branch.py:36} INFO - Branch into even_task
[2025-06-11T06:44:00.423+0000] {skipmixin.py:178} INFO - Following branch even_task
[2025-06-11T06:44:00.446+0000] {skipmixin.py:246} INFO - Skipping tasks [('odd_task', -1)]
[2025-06-11T06:44:00.472+0000] {taskinstance.py:441} INFO - ::group::Post task execution logs
[2025-06-11T06:44:00.494+0000] {taskinstance.py:1206} INFO - Marking task as SUCCESS. dag_id=even_odd_branching, task_id=branching, run_id=scheduled__2025-06-11T06:35:00+00:00, execution_date=20250611T063500, start_date=20250611T064400, end_date=20250611T064400
[2025-06-11T06:44:00.520+0000] {local_task_job_runner.py:240} INFO - Task exited with return code 0
[2025-06-11T06:44:00.547+0000] {taskinstance.py:3498} INFO - 1 downstream tasks scheduled from follow-on schedule check
[2025-06-11T06:44:00.548+0000] {local_task_job_runner.py:222} INFO - ::endgroup::
