[2025-06-12T10:46:43.884+0000] {local_task_job_runner.py:120} INFO - ::group::Pre task execution logs
[2025-06-12T10:46:43.919+0000] {taskinstance.py:2076} INFO - Dependencies all met for dep_context=non-requeueable deps ti=<TaskInstance: clickhouse_metrics_checker.check_metrics_row_count manual__2025-06-12T10:46:42.285388+00:00 [queued]>
[2025-06-12T10:46:43.931+0000] {taskinstance.py:2076} INFO - Dependencies all met for dep_context=requeueable deps ti=<TaskInstance: clickhouse_metrics_checker.check_metrics_row_count manual__2025-06-12T10:46:42.285388+00:00 [queued]>
[2025-06-12T10:46:43.932+0000] {taskinstance.py:2306} INFO - Starting attempt 1 of 2
[2025-06-12T10:46:43.952+0000] {taskinstance.py:2330} INFO - Executing <Task(PythonOperator): check_metrics_row_count> on 2025-06-12 10:46:42.285388+00:00
[2025-06-12T10:46:43.965+0000] {warnings.py:110} WARNING - /home/***/.local/lib/python3.12/site-packages/***/task/task_runner/standard_task_runner.py:61: DeprecationWarning: This process (pid=1447) is multi-threaded, use of fork() may lead to deadlocks in the child.
  pid = os.fork()

[2025-06-12T10:46:43.967+0000] {standard_task_runner.py:63} INFO - Started process 1449 to run task
[2025-06-12T10:46:43.967+0000] {standard_task_runner.py:90} INFO - Running: ['***', 'tasks', 'run', 'clickhouse_metrics_checker', 'check_metrics_row_count', 'manual__2025-06-12T10:46:42.285388+00:00', '--job-id', '17', '--raw', '--subdir', 'DAGS_FOLDER/clickhouse_metrics_dag.py', '--cfg-path', '/tmp/tmp04qkpp2p']
[2025-06-12T10:46:43.970+0000] {standard_task_runner.py:91} INFO - Job 17: Subtask check_metrics_row_count
[2025-06-12T10:46:44.020+0000] {task_command.py:426} INFO - Running <TaskInstance: clickhouse_metrics_checker.check_metrics_row_count manual__2025-06-12T10:46:42.285388+00:00 [running]> on host ee7c55ed816c
[2025-06-12T10:46:44.127+0000] {taskinstance.py:2648} INFO - Exporting env vars: AIRFLOW_CTX_DAG_OWNER='***' AIRFLOW_CTX_DAG_ID='clickhouse_metrics_checker' AIRFLOW_CTX_TASK_ID='check_metrics_row_count' AIRFLOW_CTX_EXECUTION_DATE='2025-06-12T10:46:42.285388+00:00' AIRFLOW_CTX_TRY_NUMBER='1' AIRFLOW_CTX_DAG_RUN_ID='manual__2025-06-12T10:46:42.285388+00:00'
[2025-06-12T10:46:44.129+0000] {taskinstance.py:430} INFO - ::endgroup::
[2025-06-12T10:46:44.218+0000] {logging_mixin.py:188} INFO - [2025-06-12 10:46:44.218688] Row count in `system.metrics`: 370
[2025-06-12T10:46:44.219+0000] {python.py:237} INFO - Done. Returned value was: None
[2025-06-12T10:46:44.219+0000] {taskinstance.py:441} INFO - ::group::Post task execution logs
[2025-06-12T10:46:44.231+0000] {taskinstance.py:1206} INFO - Marking task as SUCCESS. dag_id=clickhouse_metrics_checker, task_id=check_metrics_row_count, run_id=manual__2025-06-12T10:46:42.285388+00:00, execution_date=20250612T104642, start_date=20250612T104643, end_date=20250612T104644
[2025-06-12T10:46:44.261+0000] {local_task_job_runner.py:240} INFO - Task exited with return code 0
[2025-06-12T10:46:44.281+0000] {taskinstance.py:3498} INFO - 0 downstream tasks scheduled from follow-on schedule check
[2025-06-12T10:46:44.282+0000] {local_task_job_runner.py:222} INFO - ::endgroup::
