[2025-06-10T05:12:26.568+0000] {local_task_job_runner.py:120} INFO - ::group::Pre task execution logs
[2025-06-10T05:12:26.592+0000] {taskinstance.py:2076} INFO - Dependencies all met for dep_context=non-requeueable deps ti=<TaskInstance: conditional_dataset_and_time_based_timetable.conditional_dataset_and_time_based_timetable scheduled__2025-06-04T01:00:00+00:00 [queued]>
[2025-06-10T05:12:26.601+0000] {taskinstance.py:2076} INFO - Dependencies all met for dep_context=requeueable deps ti=<TaskInstance: conditional_dataset_and_time_based_timetable.conditional_dataset_and_time_based_timetable scheduled__2025-06-04T01:00:00+00:00 [queued]>
[2025-06-10T05:12:26.602+0000] {taskinstance.py:2306} INFO - Starting attempt 1 of 1
[2025-06-10T05:12:26.617+0000] {taskinstance.py:2330} INFO - Executing <Task(BashOperator): conditional_dataset_and_time_based_timetable> on 2025-06-04 01:00:00+00:00
[2025-06-10T05:12:26.635+0000] {warnings.py:110} WARNING - /home/***/.local/lib/python3.12/site-packages/***/task/task_runner/standard_task_runner.py:61: DeprecationWarning: This process (pid=142) is multi-threaded, use of fork() may lead to deadlocks in the child.
  pid = os.fork()

[2025-06-10T05:12:26.637+0000] {standard_task_runner.py:63} INFO - Started process 146 to run task
[2025-06-10T05:12:26.637+0000] {standard_task_runner.py:90} INFO - Running: ['***', 'tasks', 'run', 'conditional_dataset_and_time_based_timetable', 'conditional_dataset_and_time_based_timetable', 'scheduled__2025-06-04T01:00:00+00:00', '--job-id', '3', '--raw', '--subdir', '/home/***/.local/lib/python3.12/site-packages/***/example_dags/example_datasets.py', '--cfg-path', '/tmp/tmpi5y6jwzy']
[2025-06-10T05:12:26.640+0000] {standard_task_runner.py:91} INFO - Job 3: Subtask conditional_dataset_and_time_based_timetable
[2025-06-10T05:12:26.699+0000] {task_command.py:426} INFO - Running <TaskInstance: conditional_dataset_and_time_based_timetable.conditional_dataset_and_time_based_timetable scheduled__2025-06-04T01:00:00+00:00 [running]> on host a2b5be0fd135
[2025-06-10T05:12:26.806+0000] {taskinstance.py:2648} INFO - Exporting env vars: AIRFLOW_CTX_DAG_OWNER='***' AIRFLOW_CTX_DAG_ID='conditional_dataset_and_time_based_timetable' AIRFLOW_CTX_TASK_ID='conditional_dataset_and_time_based_timetable' AIRFLOW_CTX_EXECUTION_DATE='2025-06-04T01:00:00+00:00' AIRFLOW_CTX_TRY_NUMBER='1' AIRFLOW_CTX_DAG_RUN_ID='scheduled__2025-06-04T01:00:00+00:00'
[2025-06-10T05:12:26.808+0000] {taskinstance.py:430} INFO - ::endgroup::
[2025-06-10T05:12:26.809+0000] {subprocess.py:63} INFO - Tmp dir root location: /tmp
[2025-06-10T05:12:26.809+0000] {subprocess.py:75} INFO - Running command: ['/usr/bin/bash', '-c', 'sleep 5']
[2025-06-10T05:12:26.831+0000] {subprocess.py:86} INFO - Output:
[2025-06-10T05:12:31.837+0000] {subprocess.py:97} INFO - Command exited with return code 0
[2025-06-10T05:12:31.838+0000] {taskinstance.py:441} INFO - ::group::Post task execution logs
[2025-06-10T05:12:31.861+0000] {warnings.py:110} WARNING - /home/***/.local/lib/python3.12/site-packages/***/models/baseoperator.py:1564: RemovedInAirflow3Warning: Passing 'execution_date' to 'TaskInstance.xcom_push()' is deprecated.
  context["ti"].xcom_push(key=key, value=value, execution_date=execution_date)

[2025-06-10T05:12:31.883+0000] {taskinstance.py:1206} INFO - Marking task as SUCCESS. dag_id=conditional_dataset_and_time_based_timetable, task_id=conditional_dataset_and_time_based_timetable, run_id=scheduled__2025-06-04T01:00:00+00:00, execution_date=20250604T010000, start_date=20250610T051226, end_date=20250610T051231
[2025-06-10T05:12:31.949+0000] {local_task_job_runner.py:240} INFO - Task exited with return code 0
[2025-06-10T05:12:31.975+0000] {taskinstance.py:3498} INFO - 0 downstream tasks scheduled from follow-on schedule check
[2025-06-10T05:12:31.976+0000] {local_task_job_runner.py:222} INFO - ::endgroup::
