[2025-06-21T03:42:48.815+0000] {processor.py:161} INFO - Started process (PID=50) to work on /opt/airflow/dags/ covid_pipeline.py
[2025-06-21T03:42:48.816+0000] {processor.py:830} INFO - Processing file /opt/airflow/dags/ covid_pipeline.py for tasks to queue
[2025-06-21T03:42:48.818+0000] {logging_mixin.py:188} INFO - [2025-06-21T03:42:48.818+0000] {dagbag.py:545} INFO - Filling up the DagBag from /opt/airflow/dags/ covid_pipeline.py
[2025-06-21T03:42:48.848+0000] {processor.py:840} INFO - DAG(s) 'covid_data_pipeline' retrieved from /opt/airflow/dags/ covid_pipeline.py
[2025-06-21T03:42:49.168+0000] {logging_mixin.py:188} INFO - [2025-06-21T03:42:49.167+0000] {dag.py:3096} INFO - Sync 1 DAGs
[2025-06-21T03:42:49.199+0000] {logging_mixin.py:188} INFO - [2025-06-21T03:42:49.199+0000] {dag.py:3954} INFO - Setting next_dagrun for covid_data_pipeline to 2025-06-20 00:00:00+00:00, run_after=2025-06-21 00:00:00+00:00
[2025-06-21T03:42:49.235+0000] {processor.py:183} INFO - Processing /opt/airflow/dags/ covid_pipeline.py took 0.427 seconds
[2025-06-21T03:43:20.137+0000] {processor.py:161} INFO - Started process (PID=68) to work on /opt/airflow/dags/ covid_pipeline.py
[2025-06-21T03:43:20.139+0000] {processor.py:830} INFO - Processing file /opt/airflow/dags/ covid_pipeline.py for tasks to queue
[2025-06-21T03:43:20.140+0000] {logging_mixin.py:188} INFO - [2025-06-21T03:43:20.140+0000] {dagbag.py:545} INFO - Filling up the DagBag from /opt/airflow/dags/ covid_pipeline.py
[2025-06-21T03:43:20.150+0000] {processor.py:840} INFO - DAG(s) 'covid_data_pipeline' retrieved from /opt/airflow/dags/ covid_pipeline.py
[2025-06-21T03:43:20.174+0000] {logging_mixin.py:188} INFO - [2025-06-21T03:43:20.174+0000] {dag.py:3096} INFO - Sync 1 DAGs
[2025-06-21T03:43:20.196+0000] {logging_mixin.py:188} INFO - [2025-06-21T03:43:20.196+0000] {dag.py:3954} INFO - Setting next_dagrun for covid_data_pipeline to 2025-06-20 00:00:00+00:00, run_after=2025-06-21 00:00:00+00:00
[2025-06-21T03:43:20.213+0000] {processor.py:183} INFO - Processing /opt/airflow/dags/ covid_pipeline.py took 0.088 seconds
[2025-06-21T03:43:50.785+0000] {processor.py:161} INFO - Started process (PID=80) to work on /opt/airflow/dags/ covid_pipeline.py
[2025-06-21T03:43:50.786+0000] {processor.py:830} INFO - Processing file /opt/airflow/dags/ covid_pipeline.py for tasks to queue
[2025-06-21T03:43:50.788+0000] {logging_mixin.py:188} INFO - [2025-06-21T03:43:50.788+0000] {dagbag.py:545} INFO - Filling up the DagBag from /opt/airflow/dags/ covid_pipeline.py
[2025-06-21T03:43:50.801+0000] {processor.py:840} INFO - DAG(s) 'covid_data_pipeline' retrieved from /opt/airflow/dags/ covid_pipeline.py
[2025-06-21T03:43:50.833+0000] {logging_mixin.py:188} INFO - [2025-06-21T03:43:50.833+0000] {dag.py:3096} INFO - Sync 1 DAGs
[2025-06-21T03:43:50.863+0000] {logging_mixin.py:188} INFO - [2025-06-21T03:43:50.862+0000] {dag.py:3954} INFO - Setting next_dagrun for covid_data_pipeline to 2025-06-20 00:00:00+00:00, run_after=2025-06-21 00:00:00+00:00
[2025-06-21T03:43:50.884+0000] {processor.py:183} INFO - Processing /opt/airflow/dags/ covid_pipeline.py took 0.107 seconds
[2025-06-21T03:44:21.546+0000] {processor.py:161} INFO - Started process (PID=92) to work on /opt/airflow/dags/ covid_pipeline.py
[2025-06-21T03:44:21.547+0000] {processor.py:830} INFO - Processing file /opt/airflow/dags/ covid_pipeline.py for tasks to queue
[2025-06-21T03:44:21.550+0000] {logging_mixin.py:188} INFO - [2025-06-21T03:44:21.549+0000] {dagbag.py:545} INFO - Filling up the DagBag from /opt/airflow/dags/ covid_pipeline.py
[2025-06-21T03:44:21.561+0000] {processor.py:840} INFO - DAG(s) 'covid_data_pipeline' retrieved from /opt/airflow/dags/ covid_pipeline.py
[2025-06-21T03:44:21.587+0000] {logging_mixin.py:188} INFO - [2025-06-21T03:44:21.587+0000] {dag.py:3096} INFO - Sync 1 DAGs
[2025-06-21T03:44:21.611+0000] {logging_mixin.py:188} INFO - [2025-06-21T03:44:21.611+0000] {dag.py:3954} INFO - Setting next_dagrun for covid_data_pipeline to 2025-06-20 00:00:00+00:00, run_after=2025-06-21 00:00:00+00:00
[2025-06-21T03:44:21.629+0000] {processor.py:183} INFO - Processing /opt/airflow/dags/ covid_pipeline.py took 0.095 seconds
[2025-06-21T03:44:52.258+0000] {processor.py:161} INFO - Started process (PID=104) to work on /opt/airflow/dags/ covid_pipeline.py
[2025-06-21T03:44:52.259+0000] {processor.py:830} INFO - Processing file /opt/airflow/dags/ covid_pipeline.py for tasks to queue
[2025-06-21T03:44:52.262+0000] {logging_mixin.py:188} INFO - [2025-06-21T03:44:52.261+0000] {dagbag.py:545} INFO - Filling up the DagBag from /opt/airflow/dags/ covid_pipeline.py
[2025-06-21T03:44:52.271+0000] {processor.py:840} INFO - DAG(s) 'covid_data_pipeline' retrieved from /opt/airflow/dags/ covid_pipeline.py
[2025-06-21T03:44:52.296+0000] {logging_mixin.py:188} INFO - [2025-06-21T03:44:52.296+0000] {dag.py:3096} INFO - Sync 1 DAGs
[2025-06-21T03:44:52.318+0000] {logging_mixin.py:188} INFO - [2025-06-21T03:44:52.318+0000] {dag.py:3954} INFO - Setting next_dagrun for covid_data_pipeline to 2025-06-20 00:00:00+00:00, run_after=2025-06-21 00:00:00+00:00
[2025-06-21T03:44:52.335+0000] {processor.py:183} INFO - Processing /opt/airflow/dags/ covid_pipeline.py took 0.090 seconds
[2025-06-21T03:45:23.031+0000] {processor.py:161} INFO - Started process (PID=116) to work on /opt/airflow/dags/ covid_pipeline.py
[2025-06-21T03:45:23.033+0000] {processor.py:830} INFO - Processing file /opt/airflow/dags/ covid_pipeline.py for tasks to queue
[2025-06-21T03:45:23.034+0000] {logging_mixin.py:188} INFO - [2025-06-21T03:45:23.034+0000] {dagbag.py:545} INFO - Filling up the DagBag from /opt/airflow/dags/ covid_pipeline.py
[2025-06-21T03:45:23.044+0000] {processor.py:840} INFO - DAG(s) 'covid_data_pipeline' retrieved from /opt/airflow/dags/ covid_pipeline.py
[2025-06-21T03:45:23.070+0000] {logging_mixin.py:188} INFO - [2025-06-21T03:45:23.069+0000] {dag.py:3096} INFO - Sync 1 DAGs
[2025-06-21T03:45:23.093+0000] {logging_mixin.py:188} INFO - [2025-06-21T03:45:23.093+0000] {dag.py:3954} INFO - Setting next_dagrun for covid_data_pipeline to 2025-06-20 00:00:00+00:00, run_after=2025-06-21 00:00:00+00:00
[2025-06-21T03:45:23.115+0000] {processor.py:183} INFO - Processing /opt/airflow/dags/ covid_pipeline.py took 0.097 seconds
[2025-06-21T03:45:53.702+0000] {processor.py:161} INFO - Started process (PID=128) to work on /opt/airflow/dags/ covid_pipeline.py
[2025-06-21T03:45:53.703+0000] {processor.py:830} INFO - Processing file /opt/airflow/dags/ covid_pipeline.py for tasks to queue
[2025-06-21T03:45:53.705+0000] {logging_mixin.py:188} INFO - [2025-06-21T03:45:53.705+0000] {dagbag.py:545} INFO - Filling up the DagBag from /opt/airflow/dags/ covid_pipeline.py
[2025-06-21T03:45:53.719+0000] {processor.py:840} INFO - DAG(s) 'covid_data_pipeline' retrieved from /opt/airflow/dags/ covid_pipeline.py
[2025-06-21T03:45:53.749+0000] {logging_mixin.py:188} INFO - [2025-06-21T03:45:53.749+0000] {dag.py:3096} INFO - Sync 1 DAGs
[2025-06-21T03:45:53.781+0000] {logging_mixin.py:188} INFO - [2025-06-21T03:45:53.780+0000] {dag.py:3954} INFO - Setting next_dagrun for covid_data_pipeline to 2025-06-20 00:00:00+00:00, run_after=2025-06-21 00:00:00+00:00
[2025-06-21T03:45:53.800+0000] {processor.py:183} INFO - Processing /opt/airflow/dags/ covid_pipeline.py took 0.111 seconds
[2025-06-21T03:46:24.395+0000] {processor.py:161} INFO - Started process (PID=140) to work on /opt/airflow/dags/ covid_pipeline.py
[2025-06-21T03:46:24.396+0000] {processor.py:830} INFO - Processing file /opt/airflow/dags/ covid_pipeline.py for tasks to queue
[2025-06-21T03:46:24.398+0000] {logging_mixin.py:188} INFO - [2025-06-21T03:46:24.397+0000] {dagbag.py:545} INFO - Filling up the DagBag from /opt/airflow/dags/ covid_pipeline.py
[2025-06-21T03:46:24.409+0000] {processor.py:840} INFO - DAG(s) 'covid_data_pipeline' retrieved from /opt/airflow/dags/ covid_pipeline.py
[2025-06-21T03:46:24.433+0000] {logging_mixin.py:188} INFO - [2025-06-21T03:46:24.432+0000] {dag.py:3096} INFO - Sync 1 DAGs
[2025-06-21T03:46:24.455+0000] {logging_mixin.py:188} INFO - [2025-06-21T03:46:24.455+0000] {dag.py:3954} INFO - Setting next_dagrun for covid_data_pipeline to 2025-06-20 00:00:00+00:00, run_after=2025-06-21 00:00:00+00:00
[2025-06-21T03:46:24.471+0000] {processor.py:183} INFO - Processing /opt/airflow/dags/ covid_pipeline.py took 0.083 seconds
[2025-06-21T03:46:55.104+0000] {processor.py:161} INFO - Started process (PID=152) to work on /opt/airflow/dags/ covid_pipeline.py
[2025-06-21T03:46:55.105+0000] {processor.py:830} INFO - Processing file /opt/airflow/dags/ covid_pipeline.py for tasks to queue
[2025-06-21T03:46:55.107+0000] {logging_mixin.py:188} INFO - [2025-06-21T03:46:55.107+0000] {dagbag.py:545} INFO - Filling up the DagBag from /opt/airflow/dags/ covid_pipeline.py
[2025-06-21T03:46:55.117+0000] {processor.py:840} INFO - DAG(s) 'covid_data_pipeline' retrieved from /opt/airflow/dags/ covid_pipeline.py
[2025-06-21T03:46:55.141+0000] {logging_mixin.py:188} INFO - [2025-06-21T03:46:55.141+0000] {dag.py:3096} INFO - Sync 1 DAGs
[2025-06-21T03:46:55.162+0000] {logging_mixin.py:188} INFO - [2025-06-21T03:46:55.162+0000] {dag.py:3954} INFO - Setting next_dagrun for covid_data_pipeline to 2025-06-20 00:00:00+00:00, run_after=2025-06-21 00:00:00+00:00
[2025-06-21T03:46:55.178+0000] {processor.py:183} INFO - Processing /opt/airflow/dags/ covid_pipeline.py took 0.086 seconds
[2025-06-21T03:47:25.751+0000] {processor.py:161} INFO - Started process (PID=164) to work on /opt/airflow/dags/ covid_pipeline.py
[2025-06-21T03:47:25.752+0000] {processor.py:830} INFO - Processing file /opt/airflow/dags/ covid_pipeline.py for tasks to queue
[2025-06-21T03:47:25.754+0000] {logging_mixin.py:188} INFO - [2025-06-21T03:47:25.754+0000] {dagbag.py:545} INFO - Filling up the DagBag from /opt/airflow/dags/ covid_pipeline.py
[2025-06-21T03:47:25.765+0000] {processor.py:840} INFO - DAG(s) 'covid_data_pipeline' retrieved from /opt/airflow/dags/ covid_pipeline.py
[2025-06-21T03:47:25.791+0000] {logging_mixin.py:188} INFO - [2025-06-21T03:47:25.791+0000] {dag.py:3096} INFO - Sync 1 DAGs
[2025-06-21T03:47:25.812+0000] {logging_mixin.py:188} INFO - [2025-06-21T03:47:25.812+0000] {dag.py:3954} INFO - Setting next_dagrun for covid_data_pipeline to 2025-06-20 00:00:00+00:00, run_after=2025-06-21 00:00:00+00:00
[2025-06-21T03:47:25.829+0000] {processor.py:183} INFO - Processing /opt/airflow/dags/ covid_pipeline.py took 0.091 seconds
[2025-06-21T03:47:56.430+0000] {processor.py:161} INFO - Started process (PID=176) to work on /opt/airflow/dags/ covid_pipeline.py
[2025-06-21T03:47:56.431+0000] {processor.py:830} INFO - Processing file /opt/airflow/dags/ covid_pipeline.py for tasks to queue
[2025-06-21T03:47:56.433+0000] {logging_mixin.py:188} INFO - [2025-06-21T03:47:56.433+0000] {dagbag.py:545} INFO - Filling up the DagBag from /opt/airflow/dags/ covid_pipeline.py
[2025-06-21T03:47:56.444+0000] {processor.py:840} INFO - DAG(s) 'covid_data_pipeline' retrieved from /opt/airflow/dags/ covid_pipeline.py
[2025-06-21T03:47:56.474+0000] {logging_mixin.py:188} INFO - [2025-06-21T03:47:56.474+0000] {dag.py:3096} INFO - Sync 1 DAGs
[2025-06-21T03:47:56.500+0000] {logging_mixin.py:188} INFO - [2025-06-21T03:47:56.500+0000] {dag.py:3954} INFO - Setting next_dagrun for covid_data_pipeline to 2025-06-20 00:00:00+00:00, run_after=2025-06-21 00:00:00+00:00
[2025-06-21T03:47:56.520+0000] {processor.py:183} INFO - Processing /opt/airflow/dags/ covid_pipeline.py took 0.102 seconds
[2025-06-21T03:48:27.072+0000] {processor.py:161} INFO - Started process (PID=188) to work on /opt/airflow/dags/ covid_pipeline.py
[2025-06-21T03:48:27.074+0000] {processor.py:830} INFO - Processing file /opt/airflow/dags/ covid_pipeline.py for tasks to queue
[2025-06-21T03:48:27.076+0000] {logging_mixin.py:188} INFO - [2025-06-21T03:48:27.075+0000] {dagbag.py:545} INFO - Filling up the DagBag from /opt/airflow/dags/ covid_pipeline.py
[2025-06-21T03:48:27.088+0000] {processor.py:840} INFO - DAG(s) 'covid_data_pipeline' retrieved from /opt/airflow/dags/ covid_pipeline.py
[2025-06-21T03:48:27.114+0000] {logging_mixin.py:188} INFO - [2025-06-21T03:48:27.114+0000] {dag.py:3096} INFO - Sync 1 DAGs
[2025-06-21T03:48:27.138+0000] {logging_mixin.py:188} INFO - [2025-06-21T03:48:27.138+0000] {dag.py:3954} INFO - Setting next_dagrun for covid_data_pipeline to 2025-06-20 00:00:00+00:00, run_after=2025-06-21 00:00:00+00:00
[2025-06-21T03:48:27.157+0000] {processor.py:183} INFO - Processing /opt/airflow/dags/ covid_pipeline.py took 0.096 seconds
[2025-06-21T03:48:57.783+0000] {processor.py:161} INFO - Started process (PID=200) to work on /opt/airflow/dags/ covid_pipeline.py
[2025-06-21T03:48:57.785+0000] {processor.py:830} INFO - Processing file /opt/airflow/dags/ covid_pipeline.py for tasks to queue
[2025-06-21T03:48:57.787+0000] {logging_mixin.py:188} INFO - [2025-06-21T03:48:57.786+0000] {dagbag.py:545} INFO - Filling up the DagBag from /opt/airflow/dags/ covid_pipeline.py
[2025-06-21T03:48:57.799+0000] {processor.py:840} INFO - DAG(s) 'covid_data_pipeline' retrieved from /opt/airflow/dags/ covid_pipeline.py
[2025-06-21T03:48:57.828+0000] {logging_mixin.py:188} INFO - [2025-06-21T03:48:57.827+0000] {dag.py:3096} INFO - Sync 1 DAGs
[2025-06-21T03:48:57.853+0000] {logging_mixin.py:188} INFO - [2025-06-21T03:48:57.853+0000] {dag.py:3954} INFO - Setting next_dagrun for covid_data_pipeline to 2025-06-20 00:00:00+00:00, run_after=2025-06-21 00:00:00+00:00
[2025-06-21T03:48:57.874+0000] {processor.py:183} INFO - Processing /opt/airflow/dags/ covid_pipeline.py took 0.102 seconds
[2025-06-21T03:49:28.475+0000] {processor.py:161} INFO - Started process (PID=212) to work on /opt/airflow/dags/ covid_pipeline.py
[2025-06-21T03:49:28.476+0000] {processor.py:830} INFO - Processing file /opt/airflow/dags/ covid_pipeline.py for tasks to queue
[2025-06-21T03:49:28.478+0000] {logging_mixin.py:188} INFO - [2025-06-21T03:49:28.478+0000] {dagbag.py:545} INFO - Filling up the DagBag from /opt/airflow/dags/ covid_pipeline.py
[2025-06-21T03:49:28.488+0000] {processor.py:840} INFO - DAG(s) 'covid_data_pipeline' retrieved from /opt/airflow/dags/ covid_pipeline.py
[2025-06-21T03:49:28.513+0000] {logging_mixin.py:188} INFO - [2025-06-21T03:49:28.512+0000] {dag.py:3096} INFO - Sync 1 DAGs
[2025-06-21T03:49:28.535+0000] {logging_mixin.py:188} INFO - [2025-06-21T03:49:28.535+0000] {dag.py:3954} INFO - Setting next_dagrun for covid_data_pipeline to 2025-06-20 00:00:00+00:00, run_after=2025-06-21 00:00:00+00:00
[2025-06-21T03:49:28.552+0000] {processor.py:183} INFO - Processing /opt/airflow/dags/ covid_pipeline.py took 0.091 seconds
[2025-06-21T03:49:59.228+0000] {processor.py:161} INFO - Started process (PID=224) to work on /opt/airflow/dags/ covid_pipeline.py
[2025-06-21T03:49:59.229+0000] {processor.py:830} INFO - Processing file /opt/airflow/dags/ covid_pipeline.py for tasks to queue
[2025-06-21T03:49:59.231+0000] {logging_mixin.py:188} INFO - [2025-06-21T03:49:59.231+0000] {dagbag.py:545} INFO - Filling up the DagBag from /opt/airflow/dags/ covid_pipeline.py
[2025-06-21T03:49:59.241+0000] {processor.py:840} INFO - DAG(s) 'covid_data_pipeline' retrieved from /opt/airflow/dags/ covid_pipeline.py
[2025-06-21T03:49:59.270+0000] {logging_mixin.py:188} INFO - [2025-06-21T03:49:59.269+0000] {dag.py:3096} INFO - Sync 1 DAGs
[2025-06-21T03:49:59.295+0000] {logging_mixin.py:188} INFO - [2025-06-21T03:49:59.295+0000] {dag.py:3954} INFO - Setting next_dagrun for covid_data_pipeline to 2025-06-20 00:00:00+00:00, run_after=2025-06-21 00:00:00+00:00
[2025-06-21T03:49:59.313+0000] {processor.py:183} INFO - Processing /opt/airflow/dags/ covid_pipeline.py took 0.097 seconds
[2025-06-21T03:50:29.954+0000] {processor.py:161} INFO - Started process (PID=236) to work on /opt/airflow/dags/ covid_pipeline.py
[2025-06-21T03:50:29.955+0000] {processor.py:830} INFO - Processing file /opt/airflow/dags/ covid_pipeline.py for tasks to queue
[2025-06-21T03:50:29.957+0000] {logging_mixin.py:188} INFO - [2025-06-21T03:50:29.956+0000] {dagbag.py:545} INFO - Filling up the DagBag from /opt/airflow/dags/ covid_pipeline.py
[2025-06-21T03:50:29.968+0000] {processor.py:840} INFO - DAG(s) 'covid_data_pipeline' retrieved from /opt/airflow/dags/ covid_pipeline.py
[2025-06-21T03:50:29.995+0000] {logging_mixin.py:188} INFO - [2025-06-21T03:50:29.995+0000] {dag.py:3096} INFO - Sync 1 DAGs
[2025-06-21T03:50:30.019+0000] {logging_mixin.py:188} INFO - [2025-06-21T03:50:30.019+0000] {dag.py:3954} INFO - Setting next_dagrun for covid_data_pipeline to 2025-06-20 00:00:00+00:00, run_after=2025-06-21 00:00:00+00:00
[2025-06-21T03:50:30.038+0000] {processor.py:183} INFO - Processing /opt/airflow/dags/ covid_pipeline.py took 0.091 seconds
[2025-06-21T03:51:00.761+0000] {processor.py:161} INFO - Started process (PID=248) to work on /opt/airflow/dags/ covid_pipeline.py
[2025-06-21T03:51:00.763+0000] {processor.py:830} INFO - Processing file /opt/airflow/dags/ covid_pipeline.py for tasks to queue
[2025-06-21T03:51:00.765+0000] {logging_mixin.py:188} INFO - [2025-06-21T03:51:00.765+0000] {dagbag.py:545} INFO - Filling up the DagBag from /opt/airflow/dags/ covid_pipeline.py
[2025-06-21T03:51:00.776+0000] {processor.py:840} INFO - DAG(s) 'covid_data_pipeline' retrieved from /opt/airflow/dags/ covid_pipeline.py
[2025-06-21T03:51:00.807+0000] {logging_mixin.py:188} INFO - [2025-06-21T03:51:00.807+0000] {dag.py:3096} INFO - Sync 1 DAGs
[2025-06-21T03:51:00.833+0000] {logging_mixin.py:188} INFO - [2025-06-21T03:51:00.833+0000] {dag.py:3954} INFO - Setting next_dagrun for covid_data_pipeline to 2025-06-20 00:00:00+00:00, run_after=2025-06-21 00:00:00+00:00
[2025-06-21T03:51:00.857+0000] {processor.py:183} INFO - Processing /opt/airflow/dags/ covid_pipeline.py took 0.107 seconds
[2025-06-21T03:51:31.339+0000] {processor.py:161} INFO - Started process (PID=260) to work on /opt/airflow/dags/ covid_pipeline.py
[2025-06-21T03:51:31.340+0000] {processor.py:830} INFO - Processing file /opt/airflow/dags/ covid_pipeline.py for tasks to queue
[2025-06-21T03:51:31.342+0000] {logging_mixin.py:188} INFO - [2025-06-21T03:51:31.341+0000] {dagbag.py:545} INFO - Filling up the DagBag from /opt/airflow/dags/ covid_pipeline.py
[2025-06-21T03:51:31.353+0000] {processor.py:840} INFO - DAG(s) 'covid_data_pipeline' retrieved from /opt/airflow/dags/ covid_pipeline.py
[2025-06-21T03:51:31.382+0000] {logging_mixin.py:188} INFO - [2025-06-21T03:51:31.382+0000] {dag.py:3096} INFO - Sync 1 DAGs
[2025-06-21T03:51:31.411+0000] {logging_mixin.py:188} INFO - [2025-06-21T03:51:31.411+0000] {dag.py:3954} INFO - Setting next_dagrun for covid_data_pipeline to 2025-06-20 00:00:00+00:00, run_after=2025-06-21 00:00:00+00:00
[2025-06-21T03:51:31.432+0000] {processor.py:183} INFO - Processing /opt/airflow/dags/ covid_pipeline.py took 0.099 seconds
[2025-06-21T03:52:02.052+0000] {processor.py:161} INFO - Started process (PID=272) to work on /opt/airflow/dags/ covid_pipeline.py
[2025-06-21T03:52:02.053+0000] {processor.py:830} INFO - Processing file /opt/airflow/dags/ covid_pipeline.py for tasks to queue
[2025-06-21T03:52:02.055+0000] {logging_mixin.py:188} INFO - [2025-06-21T03:52:02.055+0000] {dagbag.py:545} INFO - Filling up the DagBag from /opt/airflow/dags/ covid_pipeline.py
[2025-06-21T03:52:02.068+0000] {processor.py:840} INFO - DAG(s) 'covid_data_pipeline' retrieved from /opt/airflow/dags/ covid_pipeline.py
[2025-06-21T03:52:02.099+0000] {logging_mixin.py:188} INFO - [2025-06-21T03:52:02.098+0000] {dag.py:3096} INFO - Sync 1 DAGs
[2025-06-21T03:52:02.129+0000] {logging_mixin.py:188} INFO - [2025-06-21T03:52:02.129+0000] {dag.py:3954} INFO - Setting next_dagrun for covid_data_pipeline to 2025-06-20 00:00:00+00:00, run_after=2025-06-21 00:00:00+00:00
[2025-06-21T03:52:02.153+0000] {processor.py:183} INFO - Processing /opt/airflow/dags/ covid_pipeline.py took 0.109 seconds
[2025-06-21T03:52:32.805+0000] {processor.py:161} INFO - Started process (PID=284) to work on /opt/airflow/dags/ covid_pipeline.py
[2025-06-21T03:52:32.807+0000] {processor.py:830} INFO - Processing file /opt/airflow/dags/ covid_pipeline.py for tasks to queue
[2025-06-21T03:52:32.809+0000] {logging_mixin.py:188} INFO - [2025-06-21T03:52:32.808+0000] {dagbag.py:545} INFO - Filling up the DagBag from /opt/airflow/dags/ covid_pipeline.py
[2025-06-21T03:52:32.820+0000] {processor.py:840} INFO - DAG(s) 'covid_data_pipeline' retrieved from /opt/airflow/dags/ covid_pipeline.py
[2025-06-21T03:52:32.845+0000] {logging_mixin.py:188} INFO - [2025-06-21T03:52:32.844+0000] {dag.py:3096} INFO - Sync 1 DAGs
[2025-06-21T03:52:32.869+0000] {logging_mixin.py:188} INFO - [2025-06-21T03:52:32.868+0000] {dag.py:3954} INFO - Setting next_dagrun for covid_data_pipeline to 2025-06-20 00:00:00+00:00, run_after=2025-06-21 00:00:00+00:00
[2025-06-21T03:52:32.887+0000] {processor.py:183} INFO - Processing /opt/airflow/dags/ covid_pipeline.py took 0.095 seconds
[2025-06-21T03:53:03.650+0000] {processor.py:161} INFO - Started process (PID=296) to work on /opt/airflow/dags/ covid_pipeline.py
[2025-06-21T03:53:03.651+0000] {processor.py:830} INFO - Processing file /opt/airflow/dags/ covid_pipeline.py for tasks to queue
[2025-06-21T03:53:03.654+0000] {logging_mixin.py:188} INFO - [2025-06-21T03:53:03.653+0000] {dagbag.py:545} INFO - Filling up the DagBag from /opt/airflow/dags/ covid_pipeline.py
[2025-06-21T03:53:03.668+0000] {processor.py:840} INFO - DAG(s) 'covid_data_pipeline' retrieved from /opt/airflow/dags/ covid_pipeline.py
[2025-06-21T03:53:03.699+0000] {logging_mixin.py:188} INFO - [2025-06-21T03:53:03.698+0000] {dag.py:3096} INFO - Sync 1 DAGs
[2025-06-21T03:53:03.725+0000] {logging_mixin.py:188} INFO - [2025-06-21T03:53:03.725+0000] {dag.py:3954} INFO - Setting next_dagrun for covid_data_pipeline to 2025-06-20 00:00:00+00:00, run_after=2025-06-21 00:00:00+00:00
[2025-06-21T03:53:03.746+0000] {processor.py:183} INFO - Processing /opt/airflow/dags/ covid_pipeline.py took 0.109 seconds
[2025-06-21T03:53:34.338+0000] {processor.py:161} INFO - Started process (PID=308) to work on /opt/airflow/dags/ covid_pipeline.py
[2025-06-21T03:53:34.339+0000] {processor.py:830} INFO - Processing file /opt/airflow/dags/ covid_pipeline.py for tasks to queue
[2025-06-21T03:53:34.341+0000] {logging_mixin.py:188} INFO - [2025-06-21T03:53:34.341+0000] {dagbag.py:545} INFO - Filling up the DagBag from /opt/airflow/dags/ covid_pipeline.py
[2025-06-21T03:53:34.354+0000] {processor.py:840} INFO - DAG(s) 'covid_data_pipeline' retrieved from /opt/airflow/dags/ covid_pipeline.py
[2025-06-21T03:53:34.379+0000] {logging_mixin.py:188} INFO - [2025-06-21T03:53:34.379+0000] {dag.py:3096} INFO - Sync 1 DAGs
[2025-06-21T03:53:34.401+0000] {logging_mixin.py:188} INFO - [2025-06-21T03:53:34.401+0000] {dag.py:3954} INFO - Setting next_dagrun for covid_data_pipeline to 2025-06-20 00:00:00+00:00, run_after=2025-06-21 00:00:00+00:00
[2025-06-21T03:53:34.420+0000] {processor.py:183} INFO - Processing /opt/airflow/dags/ covid_pipeline.py took 0.089 seconds
[2025-06-21T03:54:05.006+0000] {processor.py:161} INFO - Started process (PID=320) to work on /opt/airflow/dags/ covid_pipeline.py
[2025-06-21T03:54:05.006+0000] {processor.py:830} INFO - Processing file /opt/airflow/dags/ covid_pipeline.py for tasks to queue
[2025-06-21T03:54:05.008+0000] {logging_mixin.py:188} INFO - [2025-06-21T03:54:05.008+0000] {dagbag.py:545} INFO - Filling up the DagBag from /opt/airflow/dags/ covid_pipeline.py
[2025-06-21T03:54:05.020+0000] {processor.py:840} INFO - DAG(s) 'covid_data_pipeline' retrieved from /opt/airflow/dags/ covid_pipeline.py
[2025-06-21T03:54:05.049+0000] {logging_mixin.py:188} INFO - [2025-06-21T03:54:05.049+0000] {dag.py:3096} INFO - Sync 1 DAGs
[2025-06-21T03:54:05.073+0000] {logging_mixin.py:188} INFO - [2025-06-21T03:54:05.073+0000] {dag.py:3954} INFO - Setting next_dagrun for covid_data_pipeline to 2025-06-20 00:00:00+00:00, run_after=2025-06-21 00:00:00+00:00
[2025-06-21T03:54:05.091+0000] {processor.py:183} INFO - Processing /opt/airflow/dags/ covid_pipeline.py took 0.098 seconds
[2025-06-21T03:54:35.656+0000] {processor.py:161} INFO - Started process (PID=332) to work on /opt/airflow/dags/ covid_pipeline.py
[2025-06-21T03:54:35.658+0000] {processor.py:830} INFO - Processing file /opt/airflow/dags/ covid_pipeline.py for tasks to queue
[2025-06-21T03:54:35.659+0000] {logging_mixin.py:188} INFO - [2025-06-21T03:54:35.659+0000] {dagbag.py:545} INFO - Filling up the DagBag from /opt/airflow/dags/ covid_pipeline.py
[2025-06-21T03:54:35.671+0000] {processor.py:840} INFO - DAG(s) 'covid_data_pipeline' retrieved from /opt/airflow/dags/ covid_pipeline.py
[2025-06-21T03:54:35.697+0000] {logging_mixin.py:188} INFO - [2025-06-21T03:54:35.697+0000] {dag.py:3096} INFO - Sync 1 DAGs
[2025-06-21T03:54:35.719+0000] {logging_mixin.py:188} INFO - [2025-06-21T03:54:35.719+0000] {dag.py:3954} INFO - Setting next_dagrun for covid_data_pipeline to 2025-06-20 00:00:00+00:00, run_after=2025-06-21 00:00:00+00:00
[2025-06-21T03:54:35.739+0000] {processor.py:183} INFO - Processing /opt/airflow/dags/ covid_pipeline.py took 0.095 seconds
[2025-06-21T03:55:06.388+0000] {processor.py:161} INFO - Started process (PID=344) to work on /opt/airflow/dags/ covid_pipeline.py
[2025-06-21T03:55:06.389+0000] {processor.py:830} INFO - Processing file /opt/airflow/dags/ covid_pipeline.py for tasks to queue
[2025-06-21T03:55:06.392+0000] {logging_mixin.py:188} INFO - [2025-06-21T03:55:06.391+0000] {dagbag.py:545} INFO - Filling up the DagBag from /opt/airflow/dags/ covid_pipeline.py
[2025-06-21T03:55:06.406+0000] {processor.py:840} INFO - DAG(s) 'covid_data_pipeline' retrieved from /opt/airflow/dags/ covid_pipeline.py
[2025-06-21T03:55:06.435+0000] {logging_mixin.py:188} INFO - [2025-06-21T03:55:06.435+0000] {dag.py:3096} INFO - Sync 1 DAGs
[2025-06-21T03:55:06.464+0000] {logging_mixin.py:188} INFO - [2025-06-21T03:55:06.464+0000] {dag.py:3954} INFO - Setting next_dagrun for covid_data_pipeline to 2025-06-20 00:00:00+00:00, run_after=2025-06-21 00:00:00+00:00
[2025-06-21T03:55:06.485+0000] {processor.py:183} INFO - Processing /opt/airflow/dags/ covid_pipeline.py took 0.111 seconds
[2025-06-21T03:55:37.079+0000] {processor.py:161} INFO - Started process (PID=356) to work on /opt/airflow/dags/ covid_pipeline.py
[2025-06-21T03:55:37.080+0000] {processor.py:830} INFO - Processing file /opt/airflow/dags/ covid_pipeline.py for tasks to queue
[2025-06-21T03:55:37.082+0000] {logging_mixin.py:188} INFO - [2025-06-21T03:55:37.081+0000] {dagbag.py:545} INFO - Filling up the DagBag from /opt/airflow/dags/ covid_pipeline.py
[2025-06-21T03:55:37.094+0000] {processor.py:840} INFO - DAG(s) 'covid_data_pipeline' retrieved from /opt/airflow/dags/ covid_pipeline.py
[2025-06-21T03:55:37.124+0000] {logging_mixin.py:188} INFO - [2025-06-21T03:55:37.123+0000] {dag.py:3096} INFO - Sync 1 DAGs
[2025-06-21T03:55:37.146+0000] {logging_mixin.py:188} INFO - [2025-06-21T03:55:37.146+0000] {dag.py:3954} INFO - Setting next_dagrun for covid_data_pipeline to 2025-06-20 00:00:00+00:00, run_after=2025-06-21 00:00:00+00:00
[2025-06-21T03:55:37.163+0000] {processor.py:183} INFO - Processing /opt/airflow/dags/ covid_pipeline.py took 0.094 seconds
[2025-06-21T03:56:07.749+0000] {processor.py:161} INFO - Started process (PID=368) to work on /opt/airflow/dags/ covid_pipeline.py
[2025-06-21T03:56:07.750+0000] {processor.py:830} INFO - Processing file /opt/airflow/dags/ covid_pipeline.py for tasks to queue
[2025-06-21T03:56:07.752+0000] {logging_mixin.py:188} INFO - [2025-06-21T03:56:07.751+0000] {dagbag.py:545} INFO - Filling up the DagBag from /opt/airflow/dags/ covid_pipeline.py
[2025-06-21T03:56:07.764+0000] {processor.py:840} INFO - DAG(s) 'covid_data_pipeline' retrieved from /opt/airflow/dags/ covid_pipeline.py
[2025-06-21T03:56:07.790+0000] {logging_mixin.py:188} INFO - [2025-06-21T03:56:07.789+0000] {dag.py:3096} INFO - Sync 1 DAGs
[2025-06-21T03:56:07.813+0000] {logging_mixin.py:188} INFO - [2025-06-21T03:56:07.812+0000] {dag.py:3954} INFO - Setting next_dagrun for covid_data_pipeline to 2025-06-20 00:00:00+00:00, run_after=2025-06-21 00:00:00+00:00
[2025-06-21T03:56:07.830+0000] {processor.py:183} INFO - Processing /opt/airflow/dags/ covid_pipeline.py took 0.088 seconds
[2025-06-21T03:56:38.495+0000] {processor.py:161} INFO - Started process (PID=380) to work on /opt/airflow/dags/ covid_pipeline.py
[2025-06-21T03:56:38.497+0000] {processor.py:830} INFO - Processing file /opt/airflow/dags/ covid_pipeline.py for tasks to queue
[2025-06-21T03:56:38.499+0000] {logging_mixin.py:188} INFO - [2025-06-21T03:56:38.498+0000] {dagbag.py:545} INFO - Filling up the DagBag from /opt/airflow/dags/ covid_pipeline.py
[2025-06-21T03:56:38.509+0000] {processor.py:840} INFO - DAG(s) 'covid_data_pipeline' retrieved from /opt/airflow/dags/ covid_pipeline.py
[2025-06-21T03:56:38.535+0000] {logging_mixin.py:188} INFO - [2025-06-21T03:56:38.535+0000] {dag.py:3096} INFO - Sync 1 DAGs
[2025-06-21T03:56:38.560+0000] {logging_mixin.py:188} INFO - [2025-06-21T03:56:38.559+0000] {dag.py:3954} INFO - Setting next_dagrun for covid_data_pipeline to 2025-06-20 00:00:00+00:00, run_after=2025-06-21 00:00:00+00:00
[2025-06-21T03:56:38.579+0000] {processor.py:183} INFO - Processing /opt/airflow/dags/ covid_pipeline.py took 0.096 seconds
[2025-06-21T03:57:09.231+0000] {processor.py:161} INFO - Started process (PID=392) to work on /opt/airflow/dags/ covid_pipeline.py
[2025-06-21T03:57:09.232+0000] {processor.py:830} INFO - Processing file /opt/airflow/dags/ covid_pipeline.py for tasks to queue
[2025-06-21T03:57:09.234+0000] {logging_mixin.py:188} INFO - [2025-06-21T03:57:09.234+0000] {dagbag.py:545} INFO - Filling up the DagBag from /opt/airflow/dags/ covid_pipeline.py
[2025-06-21T03:57:09.246+0000] {processor.py:840} INFO - DAG(s) 'covid_data_pipeline' retrieved from /opt/airflow/dags/ covid_pipeline.py
[2025-06-21T03:57:09.275+0000] {logging_mixin.py:188} INFO - [2025-06-21T03:57:09.275+0000] {dag.py:3096} INFO - Sync 1 DAGs
[2025-06-21T03:57:09.300+0000] {logging_mixin.py:188} INFO - [2025-06-21T03:57:09.300+0000] {dag.py:3954} INFO - Setting next_dagrun for covid_data_pipeline to 2025-06-20 00:00:00+00:00, run_after=2025-06-21 00:00:00+00:00
[2025-06-21T03:57:09.320+0000] {processor.py:183} INFO - Processing /opt/airflow/dags/ covid_pipeline.py took 0.100 seconds
[2025-06-21T03:57:40.018+0000] {processor.py:161} INFO - Started process (PID=404) to work on /opt/airflow/dags/ covid_pipeline.py
[2025-06-21T03:57:40.020+0000] {processor.py:830} INFO - Processing file /opt/airflow/dags/ covid_pipeline.py for tasks to queue
[2025-06-21T03:57:40.021+0000] {logging_mixin.py:188} INFO - [2025-06-21T03:57:40.021+0000] {dagbag.py:545} INFO - Filling up the DagBag from /opt/airflow/dags/ covid_pipeline.py
[2025-06-21T03:57:40.033+0000] {processor.py:840} INFO - DAG(s) 'covid_data_pipeline' retrieved from /opt/airflow/dags/ covid_pipeline.py
[2025-06-21T03:57:40.064+0000] {logging_mixin.py:188} INFO - [2025-06-21T03:57:40.063+0000] {dag.py:3096} INFO - Sync 1 DAGs
[2025-06-21T03:57:40.093+0000] {logging_mixin.py:188} INFO - [2025-06-21T03:57:40.092+0000] {dag.py:3954} INFO - Setting next_dagrun for covid_data_pipeline to 2025-06-20 00:00:00+00:00, run_after=2025-06-21 00:00:00+00:00
[2025-06-21T03:57:40.116+0000] {processor.py:183} INFO - Processing /opt/airflow/dags/ covid_pipeline.py took 0.108 seconds
[2025-06-21T03:58:10.766+0000] {processor.py:161} INFO - Started process (PID=416) to work on /opt/airflow/dags/ covid_pipeline.py
[2025-06-21T03:58:10.767+0000] {processor.py:830} INFO - Processing file /opt/airflow/dags/ covid_pipeline.py for tasks to queue
[2025-06-21T03:58:10.770+0000] {logging_mixin.py:188} INFO - [2025-06-21T03:58:10.769+0000] {dagbag.py:545} INFO - Filling up the DagBag from /opt/airflow/dags/ covid_pipeline.py
[2025-06-21T03:58:10.783+0000] {processor.py:840} INFO - DAG(s) 'covid_data_pipeline' retrieved from /opt/airflow/dags/ covid_pipeline.py
[2025-06-21T03:58:10.808+0000] {logging_mixin.py:188} INFO - [2025-06-21T03:58:10.808+0000] {dag.py:3096} INFO - Sync 1 DAGs
[2025-06-21T03:58:10.833+0000] {logging_mixin.py:188} INFO - [2025-06-21T03:58:10.833+0000] {dag.py:3954} INFO - Setting next_dagrun for covid_data_pipeline to 2025-06-20 00:00:00+00:00, run_after=2025-06-21 00:00:00+00:00
[2025-06-21T03:58:10.859+0000] {processor.py:183} INFO - Processing /opt/airflow/dags/ covid_pipeline.py took 0.104 seconds
[2025-06-21T03:58:41.418+0000] {processor.py:161} INFO - Started process (PID=428) to work on /opt/airflow/dags/ covid_pipeline.py
[2025-06-21T03:58:41.420+0000] {processor.py:830} INFO - Processing file /opt/airflow/dags/ covid_pipeline.py for tasks to queue
[2025-06-21T03:58:41.422+0000] {logging_mixin.py:188} INFO - [2025-06-21T03:58:41.422+0000] {dagbag.py:545} INFO - Filling up the DagBag from /opt/airflow/dags/ covid_pipeline.py
[2025-06-21T03:58:41.438+0000] {processor.py:840} INFO - DAG(s) 'covid_data_pipeline' retrieved from /opt/airflow/dags/ covid_pipeline.py
[2025-06-21T03:58:41.470+0000] {logging_mixin.py:188} INFO - [2025-06-21T03:58:41.470+0000] {dag.py:3096} INFO - Sync 1 DAGs
[2025-06-21T03:58:41.495+0000] {logging_mixin.py:188} INFO - [2025-06-21T03:58:41.495+0000] {dag.py:3954} INFO - Setting next_dagrun for covid_data_pipeline to 2025-06-20 00:00:00+00:00, run_after=2025-06-21 00:00:00+00:00
[2025-06-21T03:58:41.515+0000] {processor.py:183} INFO - Processing /opt/airflow/dags/ covid_pipeline.py took 0.108 seconds
[2025-06-21T03:59:12.079+0000] {processor.py:161} INFO - Started process (PID=440) to work on /opt/airflow/dags/ covid_pipeline.py
[2025-06-21T03:59:12.079+0000] {processor.py:830} INFO - Processing file /opt/airflow/dags/ covid_pipeline.py for tasks to queue
[2025-06-21T03:59:12.081+0000] {logging_mixin.py:188} INFO - [2025-06-21T03:59:12.081+0000] {dagbag.py:545} INFO - Filling up the DagBag from /opt/airflow/dags/ covid_pipeline.py
[2025-06-21T03:59:12.093+0000] {processor.py:840} INFO - DAG(s) 'covid_data_pipeline' retrieved from /opt/airflow/dags/ covid_pipeline.py
[2025-06-21T03:59:12.119+0000] {logging_mixin.py:188} INFO - [2025-06-21T03:59:12.118+0000] {dag.py:3096} INFO - Sync 1 DAGs
[2025-06-21T03:59:12.142+0000] {logging_mixin.py:188} INFO - [2025-06-21T03:59:12.142+0000] {dag.py:3954} INFO - Setting next_dagrun for covid_data_pipeline to 2025-06-20 00:00:00+00:00, run_after=2025-06-21 00:00:00+00:00
[2025-06-21T03:59:12.161+0000] {processor.py:183} INFO - Processing /opt/airflow/dags/ covid_pipeline.py took 0.090 seconds
[2025-06-21T03:59:42.780+0000] {processor.py:161} INFO - Started process (PID=452) to work on /opt/airflow/dags/ covid_pipeline.py
[2025-06-21T03:59:42.782+0000] {processor.py:830} INFO - Processing file /opt/airflow/dags/ covid_pipeline.py for tasks to queue
[2025-06-21T03:59:42.783+0000] {logging_mixin.py:188} INFO - [2025-06-21T03:59:42.783+0000] {dagbag.py:545} INFO - Filling up the DagBag from /opt/airflow/dags/ covid_pipeline.py
[2025-06-21T03:59:42.794+0000] {processor.py:840} INFO - DAG(s) 'covid_data_pipeline' retrieved from /opt/airflow/dags/ covid_pipeline.py
[2025-06-21T03:59:42.819+0000] {logging_mixin.py:188} INFO - [2025-06-21T03:59:42.819+0000] {dag.py:3096} INFO - Sync 1 DAGs
[2025-06-21T03:59:42.843+0000] {logging_mixin.py:188} INFO - [2025-06-21T03:59:42.842+0000] {dag.py:3954} INFO - Setting next_dagrun for covid_data_pipeline to 2025-06-20 00:00:00+00:00, run_after=2025-06-21 00:00:00+00:00
[2025-06-21T03:59:42.861+0000] {processor.py:183} INFO - Processing /opt/airflow/dags/ covid_pipeline.py took 0.092 seconds
[2025-06-21T04:00:13.433+0000] {processor.py:161} INFO - Started process (PID=464) to work on /opt/airflow/dags/ covid_pipeline.py
[2025-06-21T04:00:13.433+0000] {processor.py:830} INFO - Processing file /opt/airflow/dags/ covid_pipeline.py for tasks to queue
[2025-06-21T04:00:13.435+0000] {logging_mixin.py:188} INFO - [2025-06-21T04:00:13.435+0000] {dagbag.py:545} INFO - Filling up the DagBag from /opt/airflow/dags/ covid_pipeline.py
[2025-06-21T04:00:13.448+0000] {processor.py:840} INFO - DAG(s) 'covid_data_pipeline' retrieved from /opt/airflow/dags/ covid_pipeline.py
[2025-06-21T04:00:13.474+0000] {logging_mixin.py:188} INFO - [2025-06-21T04:00:13.474+0000] {dag.py:3096} INFO - Sync 1 DAGs
[2025-06-21T04:00:13.506+0000] {logging_mixin.py:188} INFO - [2025-06-21T04:00:13.506+0000] {dag.py:3954} INFO - Setting next_dagrun for covid_data_pipeline to 2025-06-20 00:00:00+00:00, run_after=2025-06-21 00:00:00+00:00
[2025-06-21T04:00:13.529+0000] {processor.py:183} INFO - Processing /opt/airflow/dags/ covid_pipeline.py took 0.110 seconds
[2025-06-21T04:00:44.169+0000] {processor.py:161} INFO - Started process (PID=475) to work on /opt/airflow/dags/ covid_pipeline.py
[2025-06-21T04:00:44.171+0000] {processor.py:830} INFO - Processing file /opt/airflow/dags/ covid_pipeline.py for tasks to queue
[2025-06-21T04:00:44.173+0000] {logging_mixin.py:188} INFO - [2025-06-21T04:00:44.173+0000] {dagbag.py:545} INFO - Filling up the DagBag from /opt/airflow/dags/ covid_pipeline.py
[2025-06-21T04:00:44.185+0000] {processor.py:840} INFO - DAG(s) 'covid_data_pipeline' retrieved from /opt/airflow/dags/ covid_pipeline.py
[2025-06-21T04:00:44.211+0000] {logging_mixin.py:188} INFO - [2025-06-21T04:00:44.211+0000] {dag.py:3096} INFO - Sync 1 DAGs
[2025-06-21T04:00:44.236+0000] {logging_mixin.py:188} INFO - [2025-06-21T04:00:44.235+0000] {dag.py:3954} INFO - Setting next_dagrun for covid_data_pipeline to 2025-06-20 00:00:00+00:00, run_after=2025-06-21 00:00:00+00:00
[2025-06-21T04:00:44.256+0000] {processor.py:183} INFO - Processing /opt/airflow/dags/ covid_pipeline.py took 0.094 seconds
[2025-06-21T04:01:14.876+0000] {processor.py:161} INFO - Started process (PID=487) to work on /opt/airflow/dags/ covid_pipeline.py
[2025-06-21T04:01:14.877+0000] {processor.py:830} INFO - Processing file /opt/airflow/dags/ covid_pipeline.py for tasks to queue
[2025-06-21T04:01:14.879+0000] {logging_mixin.py:188} INFO - [2025-06-21T04:01:14.878+0000] {dagbag.py:545} INFO - Filling up the DagBag from /opt/airflow/dags/ covid_pipeline.py
[2025-06-21T04:01:14.891+0000] {processor.py:840} INFO - DAG(s) 'covid_data_pipeline' retrieved from /opt/airflow/dags/ covid_pipeline.py
[2025-06-21T04:01:14.922+0000] {logging_mixin.py:188} INFO - [2025-06-21T04:01:14.922+0000] {dag.py:3096} INFO - Sync 1 DAGs
[2025-06-21T04:01:14.949+0000] {logging_mixin.py:188} INFO - [2025-06-21T04:01:14.949+0000] {dag.py:3954} INFO - Setting next_dagrun for covid_data_pipeline to 2025-06-20 00:00:00+00:00, run_after=2025-06-21 00:00:00+00:00
[2025-06-21T04:01:14.971+0000] {processor.py:183} INFO - Processing /opt/airflow/dags/ covid_pipeline.py took 0.102 seconds
[2025-06-21T04:01:45.558+0000] {processor.py:161} INFO - Started process (PID=499) to work on /opt/airflow/dags/ covid_pipeline.py
[2025-06-21T04:01:45.559+0000] {processor.py:830} INFO - Processing file /opt/airflow/dags/ covid_pipeline.py for tasks to queue
[2025-06-21T04:01:45.561+0000] {logging_mixin.py:188} INFO - [2025-06-21T04:01:45.561+0000] {dagbag.py:545} INFO - Filling up the DagBag from /opt/airflow/dags/ covid_pipeline.py
[2025-06-21T04:01:45.573+0000] {processor.py:840} INFO - DAG(s) 'covid_data_pipeline' retrieved from /opt/airflow/dags/ covid_pipeline.py
[2025-06-21T04:01:45.606+0000] {logging_mixin.py:188} INFO - [2025-06-21T04:01:45.606+0000] {dag.py:3096} INFO - Sync 1 DAGs
[2025-06-21T04:01:45.635+0000] {logging_mixin.py:188} INFO - [2025-06-21T04:01:45.635+0000] {dag.py:3954} INFO - Setting next_dagrun for covid_data_pipeline to 2025-06-20 00:00:00+00:00, run_after=2025-06-21 00:00:00+00:00
[2025-06-21T04:01:45.660+0000] {processor.py:183} INFO - Processing /opt/airflow/dags/ covid_pipeline.py took 0.114 seconds
[2025-06-21T04:02:16.267+0000] {processor.py:161} INFO - Started process (PID=511) to work on /opt/airflow/dags/ covid_pipeline.py
[2025-06-21T04:02:16.268+0000] {processor.py:830} INFO - Processing file /opt/airflow/dags/ covid_pipeline.py for tasks to queue
[2025-06-21T04:02:16.270+0000] {logging_mixin.py:188} INFO - [2025-06-21T04:02:16.270+0000] {dagbag.py:545} INFO - Filling up the DagBag from /opt/airflow/dags/ covid_pipeline.py
[2025-06-21T04:02:16.280+0000] {processor.py:840} INFO - DAG(s) 'covid_data_pipeline' retrieved from /opt/airflow/dags/ covid_pipeline.py
[2025-06-21T04:02:16.306+0000] {logging_mixin.py:188} INFO - [2025-06-21T04:02:16.305+0000] {dag.py:3096} INFO - Sync 1 DAGs
[2025-06-21T04:02:16.329+0000] {logging_mixin.py:188} INFO - [2025-06-21T04:02:16.328+0000] {dag.py:3954} INFO - Setting next_dagrun for covid_data_pipeline to 2025-06-20 00:00:00+00:00, run_after=2025-06-21 00:00:00+00:00
[2025-06-21T04:02:16.346+0000] {processor.py:183} INFO - Processing /opt/airflow/dags/ covid_pipeline.py took 0.091 seconds
[2025-06-21T04:02:46.952+0000] {processor.py:161} INFO - Started process (PID=523) to work on /opt/airflow/dags/ covid_pipeline.py
[2025-06-21T04:02:46.954+0000] {processor.py:830} INFO - Processing file /opt/airflow/dags/ covid_pipeline.py for tasks to queue
[2025-06-21T04:02:46.956+0000] {logging_mixin.py:188} INFO - [2025-06-21T04:02:46.955+0000] {dagbag.py:545} INFO - Filling up the DagBag from /opt/airflow/dags/ covid_pipeline.py
[2025-06-21T04:02:46.968+0000] {processor.py:840} INFO - DAG(s) 'covid_data_pipeline' retrieved from /opt/airflow/dags/ covid_pipeline.py
[2025-06-21T04:02:46.994+0000] {logging_mixin.py:188} INFO - [2025-06-21T04:02:46.994+0000] {dag.py:3096} INFO - Sync 1 DAGs
[2025-06-21T04:02:47.019+0000] {logging_mixin.py:188} INFO - [2025-06-21T04:02:47.019+0000] {dag.py:3954} INFO - Setting next_dagrun for covid_data_pipeline to 2025-06-20 00:00:00+00:00, run_after=2025-06-21 00:00:00+00:00
[2025-06-21T04:02:47.040+0000] {processor.py:183} INFO - Processing /opt/airflow/dags/ covid_pipeline.py took 0.099 seconds
[2025-06-21T04:03:17.680+0000] {processor.py:161} INFO - Started process (PID=535) to work on /opt/airflow/dags/ covid_pipeline.py
[2025-06-21T04:03:17.681+0000] {processor.py:830} INFO - Processing file /opt/airflow/dags/ covid_pipeline.py for tasks to queue
[2025-06-21T04:03:17.683+0000] {logging_mixin.py:188} INFO - [2025-06-21T04:03:17.683+0000] {dagbag.py:545} INFO - Filling up the DagBag from /opt/airflow/dags/ covid_pipeline.py
[2025-06-21T04:03:17.695+0000] {processor.py:840} INFO - DAG(s) 'covid_data_pipeline' retrieved from /opt/airflow/dags/ covid_pipeline.py
[2025-06-21T04:03:17.729+0000] {logging_mixin.py:188} INFO - [2025-06-21T04:03:17.728+0000] {dag.py:3096} INFO - Sync 1 DAGs
[2025-06-21T04:03:17.760+0000] {logging_mixin.py:188} INFO - [2025-06-21T04:03:17.760+0000] {dag.py:3954} INFO - Setting next_dagrun for covid_data_pipeline to 2025-06-20 00:00:00+00:00, run_after=2025-06-21 00:00:00+00:00
[2025-06-21T04:03:17.783+0000] {processor.py:183} INFO - Processing /opt/airflow/dags/ covid_pipeline.py took 0.110 seconds
[2025-06-21T04:03:48.459+0000] {processor.py:161} INFO - Started process (PID=547) to work on /opt/airflow/dags/ covid_pipeline.py
[2025-06-21T04:03:48.460+0000] {processor.py:830} INFO - Processing file /opt/airflow/dags/ covid_pipeline.py for tasks to queue
[2025-06-21T04:03:48.462+0000] {logging_mixin.py:188} INFO - [2025-06-21T04:03:48.462+0000] {dagbag.py:545} INFO - Filling up the DagBag from /opt/airflow/dags/ covid_pipeline.py
[2025-06-21T04:03:48.475+0000] {processor.py:840} INFO - DAG(s) 'covid_data_pipeline' retrieved from /opt/airflow/dags/ covid_pipeline.py
[2025-06-21T04:03:48.503+0000] {logging_mixin.py:188} INFO - [2025-06-21T04:03:48.503+0000] {dag.py:3096} INFO - Sync 1 DAGs
[2025-06-21T04:03:48.532+0000] {logging_mixin.py:188} INFO - [2025-06-21T04:03:48.532+0000] {dag.py:3954} INFO - Setting next_dagrun for covid_data_pipeline to 2025-06-20 00:00:00+00:00, run_after=2025-06-21 00:00:00+00:00
[2025-06-21T04:03:48.554+0000] {processor.py:183} INFO - Processing /opt/airflow/dags/ covid_pipeline.py took 0.109 seconds
[2025-06-21T04:04:19.212+0000] {processor.py:161} INFO - Started process (PID=559) to work on /opt/airflow/dags/ covid_pipeline.py
[2025-06-21T04:04:19.213+0000] {processor.py:830} INFO - Processing file /opt/airflow/dags/ covid_pipeline.py for tasks to queue
[2025-06-21T04:04:19.215+0000] {logging_mixin.py:188} INFO - [2025-06-21T04:04:19.215+0000] {dagbag.py:545} INFO - Filling up the DagBag from /opt/airflow/dags/ covid_pipeline.py
[2025-06-21T04:04:19.224+0000] {processor.py:840} INFO - DAG(s) 'covid_data_pipeline' retrieved from /opt/airflow/dags/ covid_pipeline.py
[2025-06-21T04:04:19.250+0000] {logging_mixin.py:188} INFO - [2025-06-21T04:04:19.250+0000] {dag.py:3096} INFO - Sync 1 DAGs
[2025-06-21T04:04:19.274+0000] {logging_mixin.py:188} INFO - [2025-06-21T04:04:19.274+0000] {dag.py:3954} INFO - Setting next_dagrun for covid_data_pipeline to 2025-06-20 00:00:00+00:00, run_after=2025-06-21 00:00:00+00:00
[2025-06-21T04:04:19.293+0000] {processor.py:183} INFO - Processing /opt/airflow/dags/ covid_pipeline.py took 0.093 seconds
[2025-06-21T04:04:49.993+0000] {processor.py:161} INFO - Started process (PID=571) to work on /opt/airflow/dags/ covid_pipeline.py
[2025-06-21T04:04:49.994+0000] {processor.py:830} INFO - Processing file /opt/airflow/dags/ covid_pipeline.py for tasks to queue
[2025-06-21T04:04:49.997+0000] {logging_mixin.py:188} INFO - [2025-06-21T04:04:49.996+0000] {dagbag.py:545} INFO - Filling up the DagBag from /opt/airflow/dags/ covid_pipeline.py
[2025-06-21T04:04:50.008+0000] {processor.py:840} INFO - DAG(s) 'covid_data_pipeline' retrieved from /opt/airflow/dags/ covid_pipeline.py
[2025-06-21T04:04:50.035+0000] {logging_mixin.py:188} INFO - [2025-06-21T04:04:50.035+0000] {dag.py:3096} INFO - Sync 1 DAGs
[2025-06-21T04:04:50.061+0000] {logging_mixin.py:188} INFO - [2025-06-21T04:04:50.061+0000] {dag.py:3954} INFO - Setting next_dagrun for covid_data_pipeline to 2025-06-20 00:00:00+00:00, run_after=2025-06-21 00:00:00+00:00
[2025-06-21T04:04:50.082+0000] {processor.py:183} INFO - Processing /opt/airflow/dags/ covid_pipeline.py took 0.099 seconds
[2025-06-21T04:05:20.672+0000] {processor.py:161} INFO - Started process (PID=583) to work on /opt/airflow/dags/ covid_pipeline.py
[2025-06-21T04:05:20.673+0000] {processor.py:830} INFO - Processing file /opt/airflow/dags/ covid_pipeline.py for tasks to queue
[2025-06-21T04:05:20.675+0000] {logging_mixin.py:188} INFO - [2025-06-21T04:05:20.675+0000] {dagbag.py:545} INFO - Filling up the DagBag from /opt/airflow/dags/ covid_pipeline.py
[2025-06-21T04:05:20.686+0000] {processor.py:840} INFO - DAG(s) 'covid_data_pipeline' retrieved from /opt/airflow/dags/ covid_pipeline.py
[2025-06-21T04:05:20.710+0000] {logging_mixin.py:188} INFO - [2025-06-21T04:05:20.710+0000] {dag.py:3096} INFO - Sync 1 DAGs
[2025-06-21T04:05:20.733+0000] {logging_mixin.py:188} INFO - [2025-06-21T04:05:20.733+0000] {dag.py:3954} INFO - Setting next_dagrun for covid_data_pipeline to 2025-06-20 00:00:00+00:00, run_after=2025-06-21 00:00:00+00:00
[2025-06-21T04:05:20.751+0000] {processor.py:183} INFO - Processing /opt/airflow/dags/ covid_pipeline.py took 0.087 seconds
[2025-06-21T04:05:51.342+0000] {processor.py:161} INFO - Started process (PID=595) to work on /opt/airflow/dags/ covid_pipeline.py
[2025-06-21T04:05:51.344+0000] {processor.py:830} INFO - Processing file /opt/airflow/dags/ covid_pipeline.py for tasks to queue
[2025-06-21T04:05:51.345+0000] {logging_mixin.py:188} INFO - [2025-06-21T04:05:51.345+0000] {dagbag.py:545} INFO - Filling up the DagBag from /opt/airflow/dags/ covid_pipeline.py
[2025-06-21T04:05:51.355+0000] {processor.py:840} INFO - DAG(s) 'covid_data_pipeline' retrieved from /opt/airflow/dags/ covid_pipeline.py
[2025-06-21T04:05:51.381+0000] {logging_mixin.py:188} INFO - [2025-06-21T04:05:51.381+0000] {dag.py:3096} INFO - Sync 1 DAGs
[2025-06-21T04:05:51.406+0000] {logging_mixin.py:188} INFO - [2025-06-21T04:05:51.406+0000] {dag.py:3954} INFO - Setting next_dagrun for covid_data_pipeline to 2025-06-20 00:00:00+00:00, run_after=2025-06-21 00:00:00+00:00
[2025-06-21T04:05:51.426+0000] {processor.py:183} INFO - Processing /opt/airflow/dags/ covid_pipeline.py took 0.096 seconds
[2025-06-21T04:06:22.009+0000] {processor.py:161} INFO - Started process (PID=607) to work on /opt/airflow/dags/ covid_pipeline.py
[2025-06-21T04:06:22.010+0000] {processor.py:830} INFO - Processing file /opt/airflow/dags/ covid_pipeline.py for tasks to queue
[2025-06-21T04:06:22.013+0000] {logging_mixin.py:188} INFO - [2025-06-21T04:06:22.012+0000] {dagbag.py:545} INFO - Filling up the DagBag from /opt/airflow/dags/ covid_pipeline.py
[2025-06-21T04:06:22.026+0000] {processor.py:840} INFO - DAG(s) 'covid_data_pipeline' retrieved from /opt/airflow/dags/ covid_pipeline.py
[2025-06-21T04:06:22.050+0000] {logging_mixin.py:188} INFO - [2025-06-21T04:06:22.050+0000] {dag.py:3096} INFO - Sync 1 DAGs
[2025-06-21T04:06:22.073+0000] {logging_mixin.py:188} INFO - [2025-06-21T04:06:22.073+0000] {dag.py:3954} INFO - Setting next_dagrun for covid_data_pipeline to 2025-06-20 00:00:00+00:00, run_after=2025-06-21 00:00:00+00:00
[2025-06-21T04:06:22.091+0000] {processor.py:183} INFO - Processing /opt/airflow/dags/ covid_pipeline.py took 0.094 seconds
[2025-06-21T04:06:52.670+0000] {processor.py:161} INFO - Started process (PID=619) to work on /opt/airflow/dags/ covid_pipeline.py
[2025-06-21T04:06:52.671+0000] {processor.py:830} INFO - Processing file /opt/airflow/dags/ covid_pipeline.py for tasks to queue
[2025-06-21T04:06:52.673+0000] {logging_mixin.py:188} INFO - [2025-06-21T04:06:52.673+0000] {dagbag.py:545} INFO - Filling up the DagBag from /opt/airflow/dags/ covid_pipeline.py
[2025-06-21T04:06:52.685+0000] {processor.py:840} INFO - DAG(s) 'covid_data_pipeline' retrieved from /opt/airflow/dags/ covid_pipeline.py
[2025-06-21T04:06:52.715+0000] {logging_mixin.py:188} INFO - [2025-06-21T04:06:52.715+0000] {dag.py:3096} INFO - Sync 1 DAGs
[2025-06-21T04:06:52.740+0000] {logging_mixin.py:188} INFO - [2025-06-21T04:06:52.740+0000] {dag.py:3954} INFO - Setting next_dagrun for covid_data_pipeline to 2025-06-20 00:00:00+00:00, run_after=2025-06-21 00:00:00+00:00
[2025-06-21T04:06:52.759+0000] {processor.py:183} INFO - Processing /opt/airflow/dags/ covid_pipeline.py took 0.102 seconds
[2025-06-21T04:07:23.346+0000] {processor.py:161} INFO - Started process (PID=631) to work on /opt/airflow/dags/ covid_pipeline.py
[2025-06-21T04:07:23.347+0000] {processor.py:830} INFO - Processing file /opt/airflow/dags/ covid_pipeline.py for tasks to queue
[2025-06-21T04:07:23.349+0000] {logging_mixin.py:188} INFO - [2025-06-21T04:07:23.349+0000] {dagbag.py:545} INFO - Filling up the DagBag from /opt/airflow/dags/ covid_pipeline.py
[2025-06-21T04:07:23.366+0000] {processor.py:840} INFO - DAG(s) 'covid_data_pipeline' retrieved from /opt/airflow/dags/ covid_pipeline.py
[2025-06-21T04:07:23.398+0000] {logging_mixin.py:188} INFO - [2025-06-21T04:07:23.398+0000] {dag.py:3096} INFO - Sync 1 DAGs
[2025-06-21T04:07:23.429+0000] {logging_mixin.py:188} INFO - [2025-06-21T04:07:23.429+0000] {dag.py:3954} INFO - Setting next_dagrun for covid_data_pipeline to 2025-06-20 00:00:00+00:00, run_after=2025-06-21 00:00:00+00:00
[2025-06-21T04:07:23.454+0000] {processor.py:183} INFO - Processing /opt/airflow/dags/ covid_pipeline.py took 0.118 seconds
[2025-06-21T04:07:54.167+0000] {processor.py:161} INFO - Started process (PID=649) to work on /opt/airflow/dags/ covid_pipeline.py
[2025-06-21T04:07:54.169+0000] {processor.py:830} INFO - Processing file /opt/airflow/dags/ covid_pipeline.py for tasks to queue
[2025-06-21T04:07:54.171+0000] {logging_mixin.py:188} INFO - [2025-06-21T04:07:54.171+0000] {dagbag.py:545} INFO - Filling up the DagBag from /opt/airflow/dags/ covid_pipeline.py
[2025-06-21T04:07:54.183+0000] {processor.py:840} INFO - DAG(s) 'covid_data_pipeline' retrieved from /opt/airflow/dags/ covid_pipeline.py
[2025-06-21T04:07:54.214+0000] {logging_mixin.py:188} INFO - [2025-06-21T04:07:54.213+0000] {dag.py:3096} INFO - Sync 1 DAGs
[2025-06-21T04:07:54.242+0000] {logging_mixin.py:188} INFO - [2025-06-21T04:07:54.241+0000] {dag.py:3954} INFO - Setting next_dagrun for covid_data_pipeline to 2025-06-20 00:00:00+00:00, run_after=2025-06-21 00:00:00+00:00
[2025-06-21T04:07:54.265+0000] {processor.py:183} INFO - Processing /opt/airflow/dags/ covid_pipeline.py took 0.110 seconds
[2025-06-21T04:08:24.960+0000] {processor.py:161} INFO - Started process (PID=661) to work on /opt/airflow/dags/ covid_pipeline.py
[2025-06-21T04:08:24.961+0000] {processor.py:830} INFO - Processing file /opt/airflow/dags/ covid_pipeline.py for tasks to queue
[2025-06-21T04:08:24.962+0000] {logging_mixin.py:188} INFO - [2025-06-21T04:08:24.962+0000] {dagbag.py:545} INFO - Filling up the DagBag from /opt/airflow/dags/ covid_pipeline.py
[2025-06-21T04:08:24.974+0000] {processor.py:840} INFO - DAG(s) 'covid_data_pipeline' retrieved from /opt/airflow/dags/ covid_pipeline.py
[2025-06-21T04:08:25.006+0000] {logging_mixin.py:188} INFO - [2025-06-21T04:08:25.005+0000] {dag.py:3096} INFO - Sync 1 DAGs
[2025-06-21T04:08:25.029+0000] {logging_mixin.py:188} INFO - [2025-06-21T04:08:25.029+0000] {dag.py:3954} INFO - Setting next_dagrun for covid_data_pipeline to 2025-06-20 00:00:00+00:00, run_after=2025-06-21 00:00:00+00:00
[2025-06-21T04:08:25.050+0000] {processor.py:183} INFO - Processing /opt/airflow/dags/ covid_pipeline.py took 0.096 seconds
[2025-06-21T04:08:55.685+0000] {processor.py:161} INFO - Started process (PID=673) to work on /opt/airflow/dags/ covid_pipeline.py
[2025-06-21T04:08:55.687+0000] {processor.py:830} INFO - Processing file /opt/airflow/dags/ covid_pipeline.py for tasks to queue
[2025-06-21T04:08:55.689+0000] {logging_mixin.py:188} INFO - [2025-06-21T04:08:55.689+0000] {dagbag.py:545} INFO - Filling up the DagBag from /opt/airflow/dags/ covid_pipeline.py
[2025-06-21T04:08:55.703+0000] {processor.py:840} INFO - DAG(s) 'covid_data_pipeline' retrieved from /opt/airflow/dags/ covid_pipeline.py
[2025-06-21T04:08:55.732+0000] {logging_mixin.py:188} INFO - [2025-06-21T04:08:55.731+0000] {dag.py:3096} INFO - Sync 1 DAGs
[2025-06-21T04:08:55.758+0000] {logging_mixin.py:188} INFO - [2025-06-21T04:08:55.757+0000] {dag.py:3954} INFO - Setting next_dagrun for covid_data_pipeline to 2025-06-20 00:00:00+00:00, run_after=2025-06-21 00:00:00+00:00
[2025-06-21T04:08:55.777+0000] {processor.py:183} INFO - Processing /opt/airflow/dags/ covid_pipeline.py took 0.104 seconds
[2025-06-21T04:09:26.360+0000] {processor.py:161} INFO - Started process (PID=685) to work on /opt/airflow/dags/ covid_pipeline.py
[2025-06-21T04:09:26.361+0000] {processor.py:830} INFO - Processing file /opt/airflow/dags/ covid_pipeline.py for tasks to queue
[2025-06-21T04:09:26.363+0000] {logging_mixin.py:188} INFO - [2025-06-21T04:09:26.363+0000] {dagbag.py:545} INFO - Filling up the DagBag from /opt/airflow/dags/ covid_pipeline.py
[2025-06-21T04:09:26.374+0000] {processor.py:840} INFO - DAG(s) 'covid_data_pipeline' retrieved from /opt/airflow/dags/ covid_pipeline.py
[2025-06-21T04:09:26.399+0000] {logging_mixin.py:188} INFO - [2025-06-21T04:09:26.399+0000] {dag.py:3096} INFO - Sync 1 DAGs
[2025-06-21T04:09:26.422+0000] {logging_mixin.py:188} INFO - [2025-06-21T04:09:26.422+0000] {dag.py:3954} INFO - Setting next_dagrun for covid_data_pipeline to 2025-06-20 00:00:00+00:00, run_after=2025-06-21 00:00:00+00:00
[2025-06-21T04:09:26.440+0000] {processor.py:183} INFO - Processing /opt/airflow/dags/ covid_pipeline.py took 0.090 seconds
[2025-06-21T04:09:57.135+0000] {processor.py:161} INFO - Started process (PID=697) to work on /opt/airflow/dags/ covid_pipeline.py
[2025-06-21T04:09:57.137+0000] {processor.py:830} INFO - Processing file /opt/airflow/dags/ covid_pipeline.py for tasks to queue
[2025-06-21T04:09:57.139+0000] {logging_mixin.py:188} INFO - [2025-06-21T04:09:57.139+0000] {dagbag.py:545} INFO - Filling up the DagBag from /opt/airflow/dags/ covid_pipeline.py
[2025-06-21T04:09:57.149+0000] {processor.py:840} INFO - DAG(s) 'covid_data_pipeline' retrieved from /opt/airflow/dags/ covid_pipeline.py
[2025-06-21T04:09:57.177+0000] {logging_mixin.py:188} INFO - [2025-06-21T04:09:57.177+0000] {dag.py:3096} INFO - Sync 1 DAGs
[2025-06-21T04:09:57.206+0000] {logging_mixin.py:188} INFO - [2025-06-21T04:09:57.206+0000] {dag.py:3954} INFO - Setting next_dagrun for covid_data_pipeline to 2025-06-20 00:00:00+00:00, run_after=2025-06-21 00:00:00+00:00
[2025-06-21T04:09:57.227+0000] {processor.py:183} INFO - Processing /opt/airflow/dags/ covid_pipeline.py took 0.104 seconds
[2025-06-21T04:10:27.889+0000] {processor.py:161} INFO - Started process (PID=709) to work on /opt/airflow/dags/ covid_pipeline.py
[2025-06-21T04:10:27.890+0000] {processor.py:830} INFO - Processing file /opt/airflow/dags/ covid_pipeline.py for tasks to queue
[2025-06-21T04:10:27.892+0000] {logging_mixin.py:188} INFO - [2025-06-21T04:10:27.892+0000] {dagbag.py:545} INFO - Filling up the DagBag from /opt/airflow/dags/ covid_pipeline.py
[2025-06-21T04:10:27.903+0000] {processor.py:840} INFO - DAG(s) 'covid_data_pipeline' retrieved from /opt/airflow/dags/ covid_pipeline.py
[2025-06-21T04:10:27.929+0000] {logging_mixin.py:188} INFO - [2025-06-21T04:10:27.929+0000] {dag.py:3096} INFO - Sync 1 DAGs
[2025-06-21T04:10:27.953+0000] {logging_mixin.py:188} INFO - [2025-06-21T04:10:27.952+0000] {dag.py:3954} INFO - Setting next_dagrun for covid_data_pipeline to 2025-06-20 00:00:00+00:00, run_after=2025-06-21 00:00:00+00:00
[2025-06-21T04:10:27.978+0000] {processor.py:183} INFO - Processing /opt/airflow/dags/ covid_pipeline.py took 0.101 seconds
[2025-06-21T04:10:58.612+0000] {processor.py:161} INFO - Started process (PID=721) to work on /opt/airflow/dags/ covid_pipeline.py
[2025-06-21T04:10:58.614+0000] {processor.py:830} INFO - Processing file /opt/airflow/dags/ covid_pipeline.py for tasks to queue
[2025-06-21T04:10:58.616+0000] {logging_mixin.py:188} INFO - [2025-06-21T04:10:58.615+0000] {dagbag.py:545} INFO - Filling up the DagBag from /opt/airflow/dags/ covid_pipeline.py
[2025-06-21T04:10:58.629+0000] {processor.py:840} INFO - DAG(s) 'covid_data_pipeline' retrieved from /opt/airflow/dags/ covid_pipeline.py
[2025-06-21T04:10:58.661+0000] {logging_mixin.py:188} INFO - [2025-06-21T04:10:58.661+0000] {dag.py:3096} INFO - Sync 1 DAGs
[2025-06-21T04:10:58.689+0000] {logging_mixin.py:188} INFO - [2025-06-21T04:10:58.689+0000] {dag.py:3954} INFO - Setting next_dagrun for covid_data_pipeline to 2025-06-20 00:00:00+00:00, run_after=2025-06-21 00:00:00+00:00
[2025-06-21T04:10:58.711+0000] {processor.py:183} INFO - Processing /opt/airflow/dags/ covid_pipeline.py took 0.111 seconds
[2025-06-21T04:11:29.263+0000] {processor.py:161} INFO - Started process (PID=733) to work on /opt/airflow/dags/ covid_pipeline.py
[2025-06-21T04:11:29.264+0000] {processor.py:830} INFO - Processing file /opt/airflow/dags/ covid_pipeline.py for tasks to queue
[2025-06-21T04:11:29.266+0000] {logging_mixin.py:188} INFO - [2025-06-21T04:11:29.266+0000] {dagbag.py:545} INFO - Filling up the DagBag from /opt/airflow/dags/ covid_pipeline.py
[2025-06-21T04:11:29.275+0000] {processor.py:840} INFO - DAG(s) 'covid_data_pipeline' retrieved from /opt/airflow/dags/ covid_pipeline.py
[2025-06-21T04:11:29.300+0000] {logging_mixin.py:188} INFO - [2025-06-21T04:11:29.300+0000] {dag.py:3096} INFO - Sync 1 DAGs
[2025-06-21T04:11:29.322+0000] {logging_mixin.py:188} INFO - [2025-06-21T04:11:29.322+0000] {dag.py:3954} INFO - Setting next_dagrun for covid_data_pipeline to 2025-06-20 00:00:00+00:00, run_after=2025-06-21 00:00:00+00:00
[2025-06-21T04:11:29.338+0000] {processor.py:183} INFO - Processing /opt/airflow/dags/ covid_pipeline.py took 0.089 seconds
[2025-06-21T04:11:59.928+0000] {processor.py:161} INFO - Started process (PID=745) to work on /opt/airflow/dags/ covid_pipeline.py
[2025-06-21T04:11:59.929+0000] {processor.py:830} INFO - Processing file /opt/airflow/dags/ covid_pipeline.py for tasks to queue
[2025-06-21T04:11:59.930+0000] {logging_mixin.py:188} INFO - [2025-06-21T04:11:59.930+0000] {dagbag.py:545} INFO - Filling up the DagBag from /opt/airflow/dags/ covid_pipeline.py
[2025-06-21T04:11:59.940+0000] {processor.py:840} INFO - DAG(s) 'covid_data_pipeline' retrieved from /opt/airflow/dags/ covid_pipeline.py
[2025-06-21T04:11:59.965+0000] {logging_mixin.py:188} INFO - [2025-06-21T04:11:59.964+0000] {dag.py:3096} INFO - Sync 1 DAGs
[2025-06-21T04:11:59.988+0000] {logging_mixin.py:188} INFO - [2025-06-21T04:11:59.987+0000] {dag.py:3954} INFO - Setting next_dagrun for covid_data_pipeline to 2025-06-20 00:00:00+00:00, run_after=2025-06-21 00:00:00+00:00
[2025-06-21T04:12:00.004+0000] {processor.py:183} INFO - Processing /opt/airflow/dags/ covid_pipeline.py took 0.089 seconds
[2025-06-21T04:12:30.549+0000] {processor.py:161} INFO - Started process (PID=757) to work on /opt/airflow/dags/ covid_pipeline.py
[2025-06-21T04:12:30.550+0000] {processor.py:830} INFO - Processing file /opt/airflow/dags/ covid_pipeline.py for tasks to queue
[2025-06-21T04:12:30.552+0000] {logging_mixin.py:188} INFO - [2025-06-21T04:12:30.551+0000] {dagbag.py:545} INFO - Filling up the DagBag from /opt/airflow/dags/ covid_pipeline.py
[2025-06-21T04:12:30.562+0000] {processor.py:840} INFO - DAG(s) 'covid_data_pipeline' retrieved from /opt/airflow/dags/ covid_pipeline.py
[2025-06-21T04:12:30.595+0000] {logging_mixin.py:188} INFO - [2025-06-21T04:12:30.595+0000] {dag.py:3096} INFO - Sync 1 DAGs
[2025-06-21T04:12:30.622+0000] {logging_mixin.py:188} INFO - [2025-06-21T04:12:30.622+0000] {dag.py:3954} INFO - Setting next_dagrun for covid_data_pipeline to 2025-06-20 00:00:00+00:00, run_after=2025-06-21 00:00:00+00:00
[2025-06-21T04:12:30.640+0000] {processor.py:183} INFO - Processing /opt/airflow/dags/ covid_pipeline.py took 0.097 seconds
[2025-06-21T04:13:01.280+0000] {processor.py:161} INFO - Started process (PID=769) to work on /opt/airflow/dags/ covid_pipeline.py
[2025-06-21T04:13:01.282+0000] {processor.py:830} INFO - Processing file /opt/airflow/dags/ covid_pipeline.py for tasks to queue
[2025-06-21T04:13:01.284+0000] {logging_mixin.py:188} INFO - [2025-06-21T04:13:01.283+0000] {dagbag.py:545} INFO - Filling up the DagBag from /opt/airflow/dags/ covid_pipeline.py
[2025-06-21T04:13:01.293+0000] {processor.py:840} INFO - DAG(s) 'covid_data_pipeline' retrieved from /opt/airflow/dags/ covid_pipeline.py
[2025-06-21T04:13:01.316+0000] {logging_mixin.py:188} INFO - [2025-06-21T04:13:01.316+0000] {dag.py:3096} INFO - Sync 1 DAGs
[2025-06-21T04:13:01.337+0000] {logging_mixin.py:188} INFO - [2025-06-21T04:13:01.336+0000] {dag.py:3954} INFO - Setting next_dagrun for covid_data_pipeline to 2025-06-20 00:00:00+00:00, run_after=2025-06-21 00:00:00+00:00
[2025-06-21T04:13:01.352+0000] {processor.py:183} INFO - Processing /opt/airflow/dags/ covid_pipeline.py took 0.083 seconds
[2025-06-21T04:13:31.915+0000] {processor.py:161} INFO - Started process (PID=781) to work on /opt/airflow/dags/ covid_pipeline.py
[2025-06-21T04:13:31.915+0000] {processor.py:830} INFO - Processing file /opt/airflow/dags/ covid_pipeline.py for tasks to queue
[2025-06-21T04:13:31.918+0000] {logging_mixin.py:188} INFO - [2025-06-21T04:13:31.917+0000] {dagbag.py:545} INFO - Filling up the DagBag from /opt/airflow/dags/ covid_pipeline.py
[2025-06-21T04:13:31.932+0000] {processor.py:840} INFO - DAG(s) 'covid_data_pipeline' retrieved from /opt/airflow/dags/ covid_pipeline.py
[2025-06-21T04:13:31.963+0000] {logging_mixin.py:188} INFO - [2025-06-21T04:13:31.962+0000] {dag.py:3096} INFO - Sync 1 DAGs
[2025-06-21T04:13:31.993+0000] {logging_mixin.py:188} INFO - [2025-06-21T04:13:31.993+0000] {dag.py:3954} INFO - Setting next_dagrun for covid_data_pipeline to 2025-06-20 00:00:00+00:00, run_after=2025-06-21 00:00:00+00:00
[2025-06-21T04:13:32.030+0000] {processor.py:183} INFO - Processing /opt/airflow/dags/ covid_pipeline.py took 0.127 seconds
[2025-06-21T04:14:02.641+0000] {processor.py:161} INFO - Started process (PID=793) to work on /opt/airflow/dags/ covid_pipeline.py
[2025-06-21T04:14:02.642+0000] {processor.py:830} INFO - Processing file /opt/airflow/dags/ covid_pipeline.py for tasks to queue
[2025-06-21T04:14:02.644+0000] {logging_mixin.py:188} INFO - [2025-06-21T04:14:02.644+0000] {dagbag.py:545} INFO - Filling up the DagBag from /opt/airflow/dags/ covid_pipeline.py
[2025-06-21T04:14:02.656+0000] {processor.py:840} INFO - DAG(s) 'covid_data_pipeline' retrieved from /opt/airflow/dags/ covid_pipeline.py
[2025-06-21T04:14:02.687+0000] {logging_mixin.py:188} INFO - [2025-06-21T04:14:02.686+0000] {dag.py:3096} INFO - Sync 1 DAGs
[2025-06-21T04:14:02.715+0000] {logging_mixin.py:188} INFO - [2025-06-21T04:14:02.715+0000] {dag.py:3954} INFO - Setting next_dagrun for covid_data_pipeline to 2025-06-20 00:00:00+00:00, run_after=2025-06-21 00:00:00+00:00
[2025-06-21T04:14:02.744+0000] {processor.py:183} INFO - Processing /opt/airflow/dags/ covid_pipeline.py took 0.115 seconds
[2025-06-21T04:14:33.413+0000] {processor.py:161} INFO - Started process (PID=805) to work on /opt/airflow/dags/ covid_pipeline.py
[2025-06-21T04:14:33.414+0000] {processor.py:830} INFO - Processing file /opt/airflow/dags/ covid_pipeline.py for tasks to queue
[2025-06-21T04:14:33.417+0000] {logging_mixin.py:188} INFO - [2025-06-21T04:14:33.416+0000] {dagbag.py:545} INFO - Filling up the DagBag from /opt/airflow/dags/ covid_pipeline.py
[2025-06-21T04:14:33.428+0000] {processor.py:840} INFO - DAG(s) 'covid_data_pipeline' retrieved from /opt/airflow/dags/ covid_pipeline.py
[2025-06-21T04:14:33.458+0000] {logging_mixin.py:188} INFO - [2025-06-21T04:14:33.457+0000] {dag.py:3096} INFO - Sync 1 DAGs
[2025-06-21T04:14:33.483+0000] {logging_mixin.py:188} INFO - [2025-06-21T04:14:33.482+0000] {dag.py:3954} INFO - Setting next_dagrun for covid_data_pipeline to 2025-06-20 00:00:00+00:00, run_after=2025-06-21 00:00:00+00:00
[2025-06-21T04:14:33.500+0000] {processor.py:183} INFO - Processing /opt/airflow/dags/ covid_pipeline.py took 0.099 seconds
[2025-06-21T04:15:04.098+0000] {processor.py:161} INFO - Started process (PID=817) to work on /opt/airflow/dags/ covid_pipeline.py
[2025-06-21T04:15:04.100+0000] {processor.py:830} INFO - Processing file /opt/airflow/dags/ covid_pipeline.py for tasks to queue
[2025-06-21T04:15:04.102+0000] {logging_mixin.py:188} INFO - [2025-06-21T04:15:04.102+0000] {dagbag.py:545} INFO - Filling up the DagBag from /opt/airflow/dags/ covid_pipeline.py
[2025-06-21T04:15:04.115+0000] {processor.py:840} INFO - DAG(s) 'covid_data_pipeline' retrieved from /opt/airflow/dags/ covid_pipeline.py
[2025-06-21T04:15:04.149+0000] {logging_mixin.py:188} INFO - [2025-06-21T04:15:04.149+0000] {dag.py:3096} INFO - Sync 1 DAGs
[2025-06-21T04:15:04.182+0000] {logging_mixin.py:188} INFO - [2025-06-21T04:15:04.182+0000] {dag.py:3954} INFO - Setting next_dagrun for covid_data_pipeline to 2025-06-20 00:00:00+00:00, run_after=2025-06-21 00:00:00+00:00
[2025-06-21T04:15:04.203+0000] {processor.py:183} INFO - Processing /opt/airflow/dags/ covid_pipeline.py took 0.116 seconds
[2025-06-21T04:15:34.784+0000] {processor.py:161} INFO - Started process (PID=829) to work on /opt/airflow/dags/ covid_pipeline.py
[2025-06-21T04:15:34.785+0000] {processor.py:830} INFO - Processing file /opt/airflow/dags/ covid_pipeline.py for tasks to queue
[2025-06-21T04:15:34.786+0000] {logging_mixin.py:188} INFO - [2025-06-21T04:15:34.786+0000] {dagbag.py:545} INFO - Filling up the DagBag from /opt/airflow/dags/ covid_pipeline.py
[2025-06-21T04:15:34.796+0000] {processor.py:840} INFO - DAG(s) 'covid_data_pipeline' retrieved from /opt/airflow/dags/ covid_pipeline.py
[2025-06-21T04:15:34.823+0000] {logging_mixin.py:188} INFO - [2025-06-21T04:15:34.823+0000] {dag.py:3096} INFO - Sync 1 DAGs
[2025-06-21T04:15:34.847+0000] {logging_mixin.py:188} INFO - [2025-06-21T04:15:34.847+0000] {dag.py:3954} INFO - Setting next_dagrun for covid_data_pipeline to 2025-06-20 00:00:00+00:00, run_after=2025-06-21 00:00:00+00:00
[2025-06-21T04:15:34.866+0000] {processor.py:183} INFO - Processing /opt/airflow/dags/ covid_pipeline.py took 0.095 seconds
[2025-06-21T04:16:05.480+0000] {processor.py:161} INFO - Started process (PID=841) to work on /opt/airflow/dags/ covid_pipeline.py
[2025-06-21T04:16:05.482+0000] {processor.py:830} INFO - Processing file /opt/airflow/dags/ covid_pipeline.py for tasks to queue
[2025-06-21T04:16:05.483+0000] {logging_mixin.py:188} INFO - [2025-06-21T04:16:05.483+0000] {dagbag.py:545} INFO - Filling up the DagBag from /opt/airflow/dags/ covid_pipeline.py
[2025-06-21T04:16:05.495+0000] {processor.py:840} INFO - DAG(s) 'covid_data_pipeline' retrieved from /opt/airflow/dags/ covid_pipeline.py
[2025-06-21T04:16:05.522+0000] {logging_mixin.py:188} INFO - [2025-06-21T04:16:05.522+0000] {dag.py:3096} INFO - Sync 1 DAGs
[2025-06-21T04:16:05.545+0000] {logging_mixin.py:188} INFO - [2025-06-21T04:16:05.545+0000] {dag.py:3954} INFO - Setting next_dagrun for covid_data_pipeline to 2025-06-20 00:00:00+00:00, run_after=2025-06-21 00:00:00+00:00
[2025-06-21T04:16:05.565+0000] {processor.py:183} INFO - Processing /opt/airflow/dags/ covid_pipeline.py took 0.091 seconds
[2025-06-21T04:16:36.129+0000] {processor.py:161} INFO - Started process (PID=853) to work on /opt/airflow/dags/ covid_pipeline.py
[2025-06-21T04:16:36.130+0000] {processor.py:830} INFO - Processing file /opt/airflow/dags/ covid_pipeline.py for tasks to queue
[2025-06-21T04:16:36.133+0000] {logging_mixin.py:188} INFO - [2025-06-21T04:16:36.132+0000] {dagbag.py:545} INFO - Filling up the DagBag from /opt/airflow/dags/ covid_pipeline.py
[2025-06-21T04:16:36.147+0000] {processor.py:840} INFO - DAG(s) 'covid_data_pipeline' retrieved from /opt/airflow/dags/ covid_pipeline.py
[2025-06-21T04:16:36.174+0000] {logging_mixin.py:188} INFO - [2025-06-21T04:16:36.174+0000] {dag.py:3096} INFO - Sync 1 DAGs
[2025-06-21T04:16:36.200+0000] {logging_mixin.py:188} INFO - [2025-06-21T04:16:36.200+0000] {dag.py:3954} INFO - Setting next_dagrun for covid_data_pipeline to 2025-06-20 00:00:00+00:00, run_after=2025-06-21 00:00:00+00:00
[2025-06-21T04:16:36.220+0000] {processor.py:183} INFO - Processing /opt/airflow/dags/ covid_pipeline.py took 0.099 seconds
[2025-06-21T04:17:06.967+0000] {processor.py:161} INFO - Started process (PID=865) to work on /opt/airflow/dags/ covid_pipeline.py
[2025-06-21T04:17:06.968+0000] {processor.py:830} INFO - Processing file /opt/airflow/dags/ covid_pipeline.py for tasks to queue
[2025-06-21T04:17:06.970+0000] {logging_mixin.py:188} INFO - [2025-06-21T04:17:06.970+0000] {dagbag.py:545} INFO - Filling up the DagBag from /opt/airflow/dags/ covid_pipeline.py
[2025-06-21T04:17:06.979+0000] {processor.py:840} INFO - DAG(s) 'covid_data_pipeline' retrieved from /opt/airflow/dags/ covid_pipeline.py
[2025-06-21T04:17:07.006+0000] {logging_mixin.py:188} INFO - [2025-06-21T04:17:07.005+0000] {dag.py:3096} INFO - Sync 1 DAGs
[2025-06-21T04:17:07.032+0000] {logging_mixin.py:188} INFO - [2025-06-21T04:17:07.032+0000] {dag.py:3954} INFO - Setting next_dagrun for covid_data_pipeline to 2025-06-20 00:00:00+00:00, run_after=2025-06-21 00:00:00+00:00
[2025-06-21T04:17:07.053+0000] {processor.py:183} INFO - Processing /opt/airflow/dags/ covid_pipeline.py took 0.099 seconds
[2025-06-21T04:17:37.679+0000] {processor.py:161} INFO - Started process (PID=877) to work on /opt/airflow/dags/ covid_pipeline.py
[2025-06-21T04:17:37.680+0000] {processor.py:830} INFO - Processing file /opt/airflow/dags/ covid_pipeline.py for tasks to queue
[2025-06-21T04:17:37.682+0000] {logging_mixin.py:188} INFO - [2025-06-21T04:17:37.682+0000] {dagbag.py:545} INFO - Filling up the DagBag from /opt/airflow/dags/ covid_pipeline.py
[2025-06-21T04:17:37.694+0000] {processor.py:840} INFO - DAG(s) 'covid_data_pipeline' retrieved from /opt/airflow/dags/ covid_pipeline.py
[2025-06-21T04:17:37.722+0000] {logging_mixin.py:188} INFO - [2025-06-21T04:17:37.722+0000] {dag.py:3096} INFO - Sync 1 DAGs
[2025-06-21T04:17:37.748+0000] {logging_mixin.py:188} INFO - [2025-06-21T04:17:37.748+0000] {dag.py:3954} INFO - Setting next_dagrun for covid_data_pipeline to 2025-06-20 00:00:00+00:00, run_after=2025-06-21 00:00:00+00:00
[2025-06-21T04:17:37.768+0000] {processor.py:183} INFO - Processing /opt/airflow/dags/ covid_pipeline.py took 0.096 seconds
[2025-06-21T04:18:08.414+0000] {processor.py:161} INFO - Started process (PID=889) to work on /opt/airflow/dags/ covid_pipeline.py
[2025-06-21T04:18:08.416+0000] {processor.py:830} INFO - Processing file /opt/airflow/dags/ covid_pipeline.py for tasks to queue
[2025-06-21T04:18:08.418+0000] {logging_mixin.py:188} INFO - [2025-06-21T04:18:08.417+0000] {dagbag.py:545} INFO - Filling up the DagBag from /opt/airflow/dags/ covid_pipeline.py
[2025-06-21T04:18:08.427+0000] {processor.py:840} INFO - DAG(s) 'covid_data_pipeline' retrieved from /opt/airflow/dags/ covid_pipeline.py
[2025-06-21T04:18:08.452+0000] {logging_mixin.py:188} INFO - [2025-06-21T04:18:08.451+0000] {dag.py:3096} INFO - Sync 1 DAGs
[2025-06-21T04:18:08.476+0000] {logging_mixin.py:188} INFO - [2025-06-21T04:18:08.475+0000] {dag.py:3954} INFO - Setting next_dagrun for covid_data_pipeline to 2025-06-20 00:00:00+00:00, run_after=2025-06-21 00:00:00+00:00
[2025-06-21T04:18:08.493+0000] {processor.py:183} INFO - Processing /opt/airflow/dags/ covid_pipeline.py took 0.091 seconds
[2025-06-21T04:18:39.212+0000] {processor.py:161} INFO - Started process (PID=901) to work on /opt/airflow/dags/ covid_pipeline.py
[2025-06-21T04:18:39.213+0000] {processor.py:830} INFO - Processing file /opt/airflow/dags/ covid_pipeline.py for tasks to queue
[2025-06-21T04:18:39.215+0000] {logging_mixin.py:188} INFO - [2025-06-21T04:18:39.215+0000] {dagbag.py:545} INFO - Filling up the DagBag from /opt/airflow/dags/ covid_pipeline.py
[2025-06-21T04:18:39.225+0000] {processor.py:840} INFO - DAG(s) 'covid_data_pipeline' retrieved from /opt/airflow/dags/ covid_pipeline.py
[2025-06-21T04:18:39.250+0000] {logging_mixin.py:188} INFO - [2025-06-21T04:18:39.250+0000] {dag.py:3096} INFO - Sync 1 DAGs
[2025-06-21T04:18:39.272+0000] {logging_mixin.py:188} INFO - [2025-06-21T04:18:39.272+0000] {dag.py:3954} INFO - Setting next_dagrun for covid_data_pipeline to 2025-06-20 00:00:00+00:00, run_after=2025-06-21 00:00:00+00:00
[2025-06-21T04:18:39.288+0000] {processor.py:183} INFO - Processing /opt/airflow/dags/ covid_pipeline.py took 0.087 seconds
[2025-06-21T04:19:10.020+0000] {processor.py:161} INFO - Started process (PID=913) to work on /opt/airflow/dags/ covid_pipeline.py
[2025-06-21T04:19:10.021+0000] {processor.py:830} INFO - Processing file /opt/airflow/dags/ covid_pipeline.py for tasks to queue
[2025-06-21T04:19:10.023+0000] {logging_mixin.py:188} INFO - [2025-06-21T04:19:10.023+0000] {dagbag.py:545} INFO - Filling up the DagBag from /opt/airflow/dags/ covid_pipeline.py
[2025-06-21T04:19:10.038+0000] {processor.py:840} INFO - DAG(s) 'covid_data_pipeline' retrieved from /opt/airflow/dags/ covid_pipeline.py
[2025-06-21T04:19:10.067+0000] {logging_mixin.py:188} INFO - [2025-06-21T04:19:10.067+0000] {dag.py:3096} INFO - Sync 1 DAGs
[2025-06-21T04:19:10.093+0000] {logging_mixin.py:188} INFO - [2025-06-21T04:19:10.093+0000] {dag.py:3954} INFO - Setting next_dagrun for covid_data_pipeline to 2025-06-20 00:00:00+00:00, run_after=2025-06-21 00:00:00+00:00
[2025-06-21T04:19:10.124+0000] {processor.py:183} INFO - Processing /opt/airflow/dags/ covid_pipeline.py took 0.113 seconds
[2025-06-21T04:19:40.772+0000] {processor.py:161} INFO - Started process (PID=925) to work on /opt/airflow/dags/ covid_pipeline.py
[2025-06-21T04:19:40.773+0000] {processor.py:830} INFO - Processing file /opt/airflow/dags/ covid_pipeline.py for tasks to queue
[2025-06-21T04:19:40.775+0000] {logging_mixin.py:188} INFO - [2025-06-21T04:19:40.774+0000] {dagbag.py:545} INFO - Filling up the DagBag from /opt/airflow/dags/ covid_pipeline.py
[2025-06-21T04:19:40.785+0000] {processor.py:840} INFO - DAG(s) 'covid_data_pipeline' retrieved from /opt/airflow/dags/ covid_pipeline.py
[2025-06-21T04:19:40.812+0000] {logging_mixin.py:188} INFO - [2025-06-21T04:19:40.812+0000] {dag.py:3096} INFO - Sync 1 DAGs
[2025-06-21T04:19:40.837+0000] {logging_mixin.py:188} INFO - [2025-06-21T04:19:40.837+0000] {dag.py:3954} INFO - Setting next_dagrun for covid_data_pipeline to 2025-06-20 00:00:00+00:00, run_after=2025-06-21 00:00:00+00:00
[2025-06-21T04:19:40.855+0000] {processor.py:183} INFO - Processing /opt/airflow/dags/ covid_pipeline.py took 0.096 seconds
[2025-06-21T04:20:11.478+0000] {processor.py:161} INFO - Started process (PID=937) to work on /opt/airflow/dags/ covid_pipeline.py
[2025-06-21T04:20:11.479+0000] {processor.py:830} INFO - Processing file /opt/airflow/dags/ covid_pipeline.py for tasks to queue
[2025-06-21T04:20:11.480+0000] {logging_mixin.py:188} INFO - [2025-06-21T04:20:11.480+0000] {dagbag.py:545} INFO - Filling up the DagBag from /opt/airflow/dags/ covid_pipeline.py
[2025-06-21T04:20:11.492+0000] {processor.py:840} INFO - DAG(s) 'covid_data_pipeline' retrieved from /opt/airflow/dags/ covid_pipeline.py
[2025-06-21T04:20:11.521+0000] {logging_mixin.py:188} INFO - [2025-06-21T04:20:11.521+0000] {dag.py:3096} INFO - Sync 1 DAGs
[2025-06-21T04:20:11.550+0000] {logging_mixin.py:188} INFO - [2025-06-21T04:20:11.550+0000] {dag.py:3954} INFO - Setting next_dagrun for covid_data_pipeline to 2025-06-20 00:00:00+00:00, run_after=2025-06-21 00:00:00+00:00
[2025-06-21T04:20:11.571+0000] {processor.py:183} INFO - Processing /opt/airflow/dags/ covid_pipeline.py took 0.107 seconds
[2025-06-21T04:20:42.180+0000] {processor.py:161} INFO - Started process (PID=949) to work on /opt/airflow/dags/ covid_pipeline.py
[2025-06-21T04:20:42.181+0000] {processor.py:830} INFO - Processing file /opt/airflow/dags/ covid_pipeline.py for tasks to queue
[2025-06-21T04:20:42.183+0000] {logging_mixin.py:188} INFO - [2025-06-21T04:20:42.183+0000] {dagbag.py:545} INFO - Filling up the DagBag from /opt/airflow/dags/ covid_pipeline.py
[2025-06-21T04:20:42.198+0000] {processor.py:840} INFO - DAG(s) 'covid_data_pipeline' retrieved from /opt/airflow/dags/ covid_pipeline.py
[2025-06-21T04:20:42.230+0000] {logging_mixin.py:188} INFO - [2025-06-21T04:20:42.230+0000] {dag.py:3096} INFO - Sync 1 DAGs
[2025-06-21T04:20:42.257+0000] {logging_mixin.py:188} INFO - [2025-06-21T04:20:42.257+0000] {dag.py:3954} INFO - Setting next_dagrun for covid_data_pipeline to 2025-06-20 00:00:00+00:00, run_after=2025-06-21 00:00:00+00:00
[2025-06-21T04:20:42.279+0000] {processor.py:183} INFO - Processing /opt/airflow/dags/ covid_pipeline.py took 0.108 seconds
[2025-06-21T04:21:12.960+0000] {processor.py:161} INFO - Started process (PID=961) to work on /opt/airflow/dags/ covid_pipeline.py
[2025-06-21T04:21:12.961+0000] {processor.py:830} INFO - Processing file /opt/airflow/dags/ covid_pipeline.py for tasks to queue
[2025-06-21T04:21:12.962+0000] {logging_mixin.py:188} INFO - [2025-06-21T04:21:12.962+0000] {dagbag.py:545} INFO - Filling up the DagBag from /opt/airflow/dags/ covid_pipeline.py
[2025-06-21T04:21:12.975+0000] {processor.py:840} INFO - DAG(s) 'covid_data_pipeline' retrieved from /opt/airflow/dags/ covid_pipeline.py
[2025-06-21T04:21:13.008+0000] {logging_mixin.py:188} INFO - [2025-06-21T04:21:13.007+0000] {dag.py:3096} INFO - Sync 1 DAGs
[2025-06-21T04:21:13.037+0000] {logging_mixin.py:188} INFO - [2025-06-21T04:21:13.036+0000] {dag.py:3954} INFO - Setting next_dagrun for covid_data_pipeline to 2025-06-20 00:00:00+00:00, run_after=2025-06-21 00:00:00+00:00
[2025-06-21T04:21:13.059+0000] {processor.py:183} INFO - Processing /opt/airflow/dags/ covid_pipeline.py took 0.106 seconds
[2025-06-21T04:21:43.717+0000] {processor.py:161} INFO - Started process (PID=973) to work on /opt/airflow/dags/ covid_pipeline.py
[2025-06-21T04:21:43.718+0000] {processor.py:830} INFO - Processing file /opt/airflow/dags/ covid_pipeline.py for tasks to queue
[2025-06-21T04:21:43.720+0000] {logging_mixin.py:188} INFO - [2025-06-21T04:21:43.720+0000] {dagbag.py:545} INFO - Filling up the DagBag from /opt/airflow/dags/ covid_pipeline.py
[2025-06-21T04:21:43.732+0000] {processor.py:840} INFO - DAG(s) 'covid_data_pipeline' retrieved from /opt/airflow/dags/ covid_pipeline.py
[2025-06-21T04:21:43.758+0000] {logging_mixin.py:188} INFO - [2025-06-21T04:21:43.758+0000] {dag.py:3096} INFO - Sync 1 DAGs
[2025-06-21T04:21:43.782+0000] {logging_mixin.py:188} INFO - [2025-06-21T04:21:43.782+0000] {dag.py:3954} INFO - Setting next_dagrun for covid_data_pipeline to 2025-06-20 00:00:00+00:00, run_after=2025-06-21 00:00:00+00:00
[2025-06-21T04:21:43.803+0000] {processor.py:183} INFO - Processing /opt/airflow/dags/ covid_pipeline.py took 0.096 seconds
[2025-06-21T04:22:14.464+0000] {processor.py:161} INFO - Started process (PID=986) to work on /opt/airflow/dags/ covid_pipeline.py
[2025-06-21T04:22:14.466+0000] {processor.py:830} INFO - Processing file /opt/airflow/dags/ covid_pipeline.py for tasks to queue
[2025-06-21T04:22:14.468+0000] {logging_mixin.py:188} INFO - [2025-06-21T04:22:14.468+0000] {dagbag.py:545} INFO - Filling up the DagBag from /opt/airflow/dags/ covid_pipeline.py
[2025-06-21T04:22:14.479+0000] {processor.py:840} INFO - DAG(s) 'covid_data_pipeline' retrieved from /opt/airflow/dags/ covid_pipeline.py
[2025-06-21T04:22:14.506+0000] {logging_mixin.py:188} INFO - [2025-06-21T04:22:14.506+0000] {dag.py:3096} INFO - Sync 1 DAGs
[2025-06-21T04:22:14.530+0000] {logging_mixin.py:188} INFO - [2025-06-21T04:22:14.529+0000] {dag.py:3954} INFO - Setting next_dagrun for covid_data_pipeline to 2025-06-20 00:00:00+00:00, run_after=2025-06-21 00:00:00+00:00
[2025-06-21T04:22:14.551+0000] {processor.py:183} INFO - Processing /opt/airflow/dags/ covid_pipeline.py took 0.098 seconds
[2025-06-21T04:22:45.072+0000] {processor.py:161} INFO - Started process (PID=998) to work on /opt/airflow/dags/ covid_pipeline.py
[2025-06-21T04:22:45.073+0000] {processor.py:830} INFO - Processing file /opt/airflow/dags/ covid_pipeline.py for tasks to queue
[2025-06-21T04:22:45.076+0000] {logging_mixin.py:188} INFO - [2025-06-21T04:22:45.076+0000] {dagbag.py:545} INFO - Filling up the DagBag from /opt/airflow/dags/ covid_pipeline.py
[2025-06-21T04:22:45.086+0000] {processor.py:840} INFO - DAG(s) 'covid_data_pipeline' retrieved from /opt/airflow/dags/ covid_pipeline.py
[2025-06-21T04:22:45.112+0000] {logging_mixin.py:188} INFO - [2025-06-21T04:22:45.111+0000] {dag.py:3096} INFO - Sync 1 DAGs
[2025-06-21T04:22:45.135+0000] {logging_mixin.py:188} INFO - [2025-06-21T04:22:45.135+0000] {dag.py:3954} INFO - Setting next_dagrun for covid_data_pipeline to 2025-06-20 00:00:00+00:00, run_after=2025-06-21 00:00:00+00:00
[2025-06-21T04:22:45.153+0000] {processor.py:183} INFO - Processing /opt/airflow/dags/ covid_pipeline.py took 0.093 seconds
[2025-06-21T04:23:15.811+0000] {processor.py:161} INFO - Started process (PID=1010) to work on /opt/airflow/dags/ covid_pipeline.py
[2025-06-21T04:23:15.812+0000] {processor.py:830} INFO - Processing file /opt/airflow/dags/ covid_pipeline.py for tasks to queue
[2025-06-21T04:23:15.814+0000] {logging_mixin.py:188} INFO - [2025-06-21T04:23:15.814+0000] {dagbag.py:545} INFO - Filling up the DagBag from /opt/airflow/dags/ covid_pipeline.py
[2025-06-21T04:23:15.826+0000] {processor.py:840} INFO - DAG(s) 'covid_data_pipeline' retrieved from /opt/airflow/dags/ covid_pipeline.py
[2025-06-21T04:23:15.853+0000] {logging_mixin.py:188} INFO - [2025-06-21T04:23:15.853+0000] {dag.py:3096} INFO - Sync 1 DAGs
[2025-06-21T04:23:15.879+0000] {logging_mixin.py:188} INFO - [2025-06-21T04:23:15.878+0000] {dag.py:3954} INFO - Setting next_dagrun for covid_data_pipeline to 2025-06-20 00:00:00+00:00, run_after=2025-06-21 00:00:00+00:00
[2025-06-21T04:23:15.898+0000] {processor.py:183} INFO - Processing /opt/airflow/dags/ covid_pipeline.py took 0.100 seconds
[2025-06-21T04:23:46.728+0000] {processor.py:161} INFO - Started process (PID=1022) to work on /opt/airflow/dags/ covid_pipeline.py
[2025-06-21T04:23:46.729+0000] {processor.py:830} INFO - Processing file /opt/airflow/dags/ covid_pipeline.py for tasks to queue
[2025-06-21T04:23:46.730+0000] {logging_mixin.py:188} INFO - [2025-06-21T04:23:46.730+0000] {dagbag.py:545} INFO - Filling up the DagBag from /opt/airflow/dags/ covid_pipeline.py
[2025-06-21T04:23:46.740+0000] {processor.py:840} INFO - DAG(s) 'covid_data_pipeline' retrieved from /opt/airflow/dags/ covid_pipeline.py
[2025-06-21T04:23:46.767+0000] {logging_mixin.py:188} INFO - [2025-06-21T04:23:46.767+0000] {dag.py:3096} INFO - Sync 1 DAGs
[2025-06-21T04:23:46.789+0000] {logging_mixin.py:188} INFO - [2025-06-21T04:23:46.789+0000] {dag.py:3954} INFO - Setting next_dagrun for covid_data_pipeline to 2025-06-20 00:00:00+00:00, run_after=2025-06-21 00:00:00+00:00
[2025-06-21T04:23:46.807+0000] {processor.py:183} INFO - Processing /opt/airflow/dags/ covid_pipeline.py took 0.091 seconds
[2025-06-21T04:24:17.468+0000] {processor.py:161} INFO - Started process (PID=1034) to work on /opt/airflow/dags/ covid_pipeline.py
[2025-06-21T04:24:17.470+0000] {processor.py:830} INFO - Processing file /opt/airflow/dags/ covid_pipeline.py for tasks to queue
[2025-06-21T04:24:17.473+0000] {logging_mixin.py:188} INFO - [2025-06-21T04:24:17.472+0000] {dagbag.py:545} INFO - Filling up the DagBag from /opt/airflow/dags/ covid_pipeline.py
[2025-06-21T04:24:17.483+0000] {processor.py:840} INFO - DAG(s) 'covid_data_pipeline' retrieved from /opt/airflow/dags/ covid_pipeline.py
[2025-06-21T04:24:17.510+0000] {logging_mixin.py:188} INFO - [2025-06-21T04:24:17.510+0000] {dag.py:3096} INFO - Sync 1 DAGs
[2025-06-21T04:24:17.539+0000] {logging_mixin.py:188} INFO - [2025-06-21T04:24:17.539+0000] {dag.py:3954} INFO - Setting next_dagrun for covid_data_pipeline to 2025-06-20 00:00:00+00:00, run_after=2025-06-21 00:00:00+00:00
[2025-06-21T04:24:17.560+0000] {processor.py:183} INFO - Processing /opt/airflow/dags/ covid_pipeline.py took 0.103 seconds
[2025-06-21T04:24:48.213+0000] {processor.py:161} INFO - Started process (PID=1045) to work on /opt/airflow/dags/ covid_pipeline.py
[2025-06-21T04:24:48.214+0000] {processor.py:830} INFO - Processing file /opt/airflow/dags/ covid_pipeline.py for tasks to queue
[2025-06-21T04:24:48.215+0000] {logging_mixin.py:188} INFO - [2025-06-21T04:24:48.215+0000] {dagbag.py:545} INFO - Filling up the DagBag from /opt/airflow/dags/ covid_pipeline.py
[2025-06-21T04:24:48.225+0000] {processor.py:840} INFO - DAG(s) 'covid_data_pipeline' retrieved from /opt/airflow/dags/ covid_pipeline.py
[2025-06-21T04:24:48.254+0000] {logging_mixin.py:188} INFO - [2025-06-21T04:24:48.253+0000] {dag.py:3096} INFO - Sync 1 DAGs
[2025-06-21T04:24:48.279+0000] {logging_mixin.py:188} INFO - [2025-06-21T04:24:48.279+0000] {dag.py:3954} INFO - Setting next_dagrun for covid_data_pipeline to 2025-06-20 00:00:00+00:00, run_after=2025-06-21 00:00:00+00:00
[2025-06-21T04:24:48.301+0000] {processor.py:183} INFO - Processing /opt/airflow/dags/ covid_pipeline.py took 0.101 seconds
[2025-06-21T04:25:18.824+0000] {processor.py:161} INFO - Started process (PID=1057) to work on /opt/airflow/dags/ covid_pipeline.py
[2025-06-21T04:25:18.826+0000] {processor.py:830} INFO - Processing file /opt/airflow/dags/ covid_pipeline.py for tasks to queue
[2025-06-21T04:25:18.828+0000] {logging_mixin.py:188} INFO - [2025-06-21T04:25:18.828+0000] {dagbag.py:545} INFO - Filling up the DagBag from /opt/airflow/dags/ covid_pipeline.py
[2025-06-21T04:25:18.841+0000] {processor.py:840} INFO - DAG(s) 'covid_data_pipeline' retrieved from /opt/airflow/dags/ covid_pipeline.py
[2025-06-21T04:25:18.872+0000] {logging_mixin.py:188} INFO - [2025-06-21T04:25:18.871+0000] {dag.py:3096} INFO - Sync 1 DAGs
[2025-06-21T04:25:18.899+0000] {logging_mixin.py:188} INFO - [2025-06-21T04:25:18.899+0000] {dag.py:3954} INFO - Setting next_dagrun for covid_data_pipeline to 2025-06-20 00:00:00+00:00, run_after=2025-06-21 00:00:00+00:00
[2025-06-21T04:25:18.919+0000] {processor.py:183} INFO - Processing /opt/airflow/dags/ covid_pipeline.py took 0.107 seconds
[2025-06-21T04:25:49.566+0000] {processor.py:161} INFO - Started process (PID=1069) to work on /opt/airflow/dags/ covid_pipeline.py
[2025-06-21T04:25:49.567+0000] {processor.py:830} INFO - Processing file /opt/airflow/dags/ covid_pipeline.py for tasks to queue
[2025-06-21T04:25:49.569+0000] {logging_mixin.py:188} INFO - [2025-06-21T04:25:49.569+0000] {dagbag.py:545} INFO - Filling up the DagBag from /opt/airflow/dags/ covid_pipeline.py
[2025-06-21T04:25:49.582+0000] {processor.py:840} INFO - DAG(s) 'covid_data_pipeline' retrieved from /opt/airflow/dags/ covid_pipeline.py
[2025-06-21T04:25:49.612+0000] {logging_mixin.py:188} INFO - [2025-06-21T04:25:49.611+0000] {dag.py:3096} INFO - Sync 1 DAGs
[2025-06-21T04:25:49.639+0000] {logging_mixin.py:188} INFO - [2025-06-21T04:25:49.638+0000] {dag.py:3954} INFO - Setting next_dagrun for covid_data_pipeline to 2025-06-20 00:00:00+00:00, run_after=2025-06-21 00:00:00+00:00
[2025-06-21T04:25:49.660+0000] {processor.py:183} INFO - Processing /opt/airflow/dags/ covid_pipeline.py took 0.106 seconds
[2025-06-21T04:26:20.324+0000] {processor.py:161} INFO - Started process (PID=1081) to work on /opt/airflow/dags/ covid_pipeline.py
[2025-06-21T04:26:20.326+0000] {processor.py:830} INFO - Processing file /opt/airflow/dags/ covid_pipeline.py for tasks to queue
[2025-06-21T04:26:20.327+0000] {logging_mixin.py:188} INFO - [2025-06-21T04:26:20.327+0000] {dagbag.py:545} INFO - Filling up the DagBag from /opt/airflow/dags/ covid_pipeline.py
[2025-06-21T04:26:20.337+0000] {processor.py:840} INFO - DAG(s) 'covid_data_pipeline' retrieved from /opt/airflow/dags/ covid_pipeline.py
[2025-06-21T04:26:20.363+0000] {logging_mixin.py:188} INFO - [2025-06-21T04:26:20.363+0000] {dag.py:3096} INFO - Sync 1 DAGs
[2025-06-21T04:26:20.386+0000] {logging_mixin.py:188} INFO - [2025-06-21T04:26:20.386+0000] {dag.py:3954} INFO - Setting next_dagrun for covid_data_pipeline to 2025-06-20 00:00:00+00:00, run_after=2025-06-21 00:00:00+00:00
[2025-06-21T04:26:20.404+0000] {processor.py:183} INFO - Processing /opt/airflow/dags/ covid_pipeline.py took 0.091 seconds
[2025-06-21T04:26:51.115+0000] {processor.py:161} INFO - Started process (PID=1093) to work on /opt/airflow/dags/ covid_pipeline.py
[2025-06-21T04:26:51.117+0000] {processor.py:830} INFO - Processing file /opt/airflow/dags/ covid_pipeline.py for tasks to queue
[2025-06-21T04:26:51.119+0000] {logging_mixin.py:188} INFO - [2025-06-21T04:26:51.119+0000] {dagbag.py:545} INFO - Filling up the DagBag from /opt/airflow/dags/ covid_pipeline.py
[2025-06-21T04:26:51.131+0000] {processor.py:840} INFO - DAG(s) 'covid_data_pipeline' retrieved from /opt/airflow/dags/ covid_pipeline.py
[2025-06-21T04:26:51.155+0000] {logging_mixin.py:188} INFO - [2025-06-21T04:26:51.155+0000] {dag.py:3096} INFO - Sync 1 DAGs
[2025-06-21T04:26:51.178+0000] {logging_mixin.py:188} INFO - [2025-06-21T04:26:51.178+0000] {dag.py:3954} INFO - Setting next_dagrun for covid_data_pipeline to 2025-06-20 00:00:00+00:00, run_after=2025-06-21 00:00:00+00:00
[2025-06-21T04:26:51.197+0000] {processor.py:183} INFO - Processing /opt/airflow/dags/ covid_pipeline.py took 0.091 seconds
[2025-06-21T04:27:21.950+0000] {processor.py:161} INFO - Started process (PID=1105) to work on /opt/airflow/dags/ covid_pipeline.py
[2025-06-21T04:27:21.951+0000] {processor.py:830} INFO - Processing file /opt/airflow/dags/ covid_pipeline.py for tasks to queue
[2025-06-21T04:27:21.953+0000] {logging_mixin.py:188} INFO - [2025-06-21T04:27:21.952+0000] {dagbag.py:545} INFO - Filling up the DagBag from /opt/airflow/dags/ covid_pipeline.py
[2025-06-21T04:27:21.962+0000] {processor.py:840} INFO - DAG(s) 'covid_data_pipeline' retrieved from /opt/airflow/dags/ covid_pipeline.py
[2025-06-21T04:27:21.986+0000] {logging_mixin.py:188} INFO - [2025-06-21T04:27:21.986+0000] {dag.py:3096} INFO - Sync 1 DAGs
[2025-06-21T04:27:22.009+0000] {logging_mixin.py:188} INFO - [2025-06-21T04:27:22.008+0000] {dag.py:3954} INFO - Setting next_dagrun for covid_data_pipeline to 2025-06-20 00:00:00+00:00, run_after=2025-06-21 00:00:00+00:00
[2025-06-21T04:27:22.025+0000] {processor.py:183} INFO - Processing /opt/airflow/dags/ covid_pipeline.py took 0.089 seconds
[2025-06-21T04:27:52.643+0000] {processor.py:161} INFO - Started process (PID=1117) to work on /opt/airflow/dags/ covid_pipeline.py
[2025-06-21T04:27:52.644+0000] {processor.py:830} INFO - Processing file /opt/airflow/dags/ covid_pipeline.py for tasks to queue
[2025-06-21T04:27:52.646+0000] {logging_mixin.py:188} INFO - [2025-06-21T04:27:52.646+0000] {dagbag.py:545} INFO - Filling up the DagBag from /opt/airflow/dags/ covid_pipeline.py
[2025-06-21T04:27:52.659+0000] {processor.py:840} INFO - DAG(s) 'covid_data_pipeline' retrieved from /opt/airflow/dags/ covid_pipeline.py
[2025-06-21T04:27:52.688+0000] {logging_mixin.py:188} INFO - [2025-06-21T04:27:52.688+0000] {dag.py:3096} INFO - Sync 1 DAGs
[2025-06-21T04:27:52.714+0000] {logging_mixin.py:188} INFO - [2025-06-21T04:27:52.714+0000] {dag.py:3954} INFO - Setting next_dagrun for covid_data_pipeline to 2025-06-20 00:00:00+00:00, run_after=2025-06-21 00:00:00+00:00
[2025-06-21T04:27:52.740+0000] {processor.py:183} INFO - Processing /opt/airflow/dags/ covid_pipeline.py took 0.104 seconds
[2025-06-21T04:28:23.409+0000] {processor.py:161} INFO - Started process (PID=1129) to work on /opt/airflow/dags/ covid_pipeline.py
[2025-06-21T04:28:23.410+0000] {processor.py:830} INFO - Processing file /opt/airflow/dags/ covid_pipeline.py for tasks to queue
[2025-06-21T04:28:23.411+0000] {logging_mixin.py:188} INFO - [2025-06-21T04:28:23.411+0000] {dagbag.py:545} INFO - Filling up the DagBag from /opt/airflow/dags/ covid_pipeline.py
[2025-06-21T04:28:23.423+0000] {processor.py:840} INFO - DAG(s) 'covid_data_pipeline' retrieved from /opt/airflow/dags/ covid_pipeline.py
[2025-06-21T04:28:23.449+0000] {logging_mixin.py:188} INFO - [2025-06-21T04:28:23.448+0000] {dag.py:3096} INFO - Sync 1 DAGs
[2025-06-21T04:28:23.473+0000] {logging_mixin.py:188} INFO - [2025-06-21T04:28:23.472+0000] {dag.py:3954} INFO - Setting next_dagrun for covid_data_pipeline to 2025-06-20 00:00:00+00:00, run_after=2025-06-21 00:00:00+00:00
[2025-06-21T04:28:23.493+0000] {processor.py:183} INFO - Processing /opt/airflow/dags/ covid_pipeline.py took 0.097 seconds
