[2025-06-21T03:42:49.278+0000] {processor.py:161} INFO - Started process (PID=53) to work on /opt/airflow/dags/odd_even_time.py
[2025-06-21T03:42:49.280+0000] {processor.py:830} INFO - Processing file /opt/airflow/dags/odd_even_time.py for tasks to queue
[2025-06-21T03:42:49.282+0000] {logging_mixin.py:188} INFO - [2025-06-21T03:42:49.282+0000] {dagbag.py:545} INFO - Filling up the DagBag from /opt/airflow/dags/odd_even_time.py
[2025-06-21T03:42:50.436+0000] {processor.py:840} INFO - DAG(s) 'clickhouse_metrics_checker' retrieved from /opt/airflow/dags/odd_even_time.py
[2025-06-21T03:42:50.795+0000] {logging_mixin.py:188} INFO - [2025-06-21T03:42:50.795+0000] {dag.py:3096} INFO - Sync 1 DAGs
[2025-06-21T03:42:50.825+0000] {logging_mixin.py:188} INFO - [2025-06-21T03:42:50.824+0000] {dag.py:3954} INFO - Setting next_dagrun for clickhouse_metrics_checker to 2025-06-21 02:00:00+00:00, run_after=2025-06-21 03:00:00+00:00
[2025-06-21T03:42:50.851+0000] {processor.py:183} INFO - Processing /opt/airflow/dags/odd_even_time.py took 1.583 seconds
[2025-06-21T03:43:21.170+0000] {processor.py:161} INFO - Started process (PID=70) to work on /opt/airflow/dags/odd_even_time.py
[2025-06-21T03:43:21.171+0000] {processor.py:830} INFO - Processing file /opt/airflow/dags/odd_even_time.py for tasks to queue
[2025-06-21T03:43:21.173+0000] {logging_mixin.py:188} INFO - [2025-06-21T03:43:21.172+0000] {dagbag.py:545} INFO - Filling up the DagBag from /opt/airflow/dags/odd_even_time.py
[2025-06-21T03:43:21.505+0000] {processor.py:840} INFO - DAG(s) 'clickhouse_metrics_checker' retrieved from /opt/airflow/dags/odd_even_time.py
[2025-06-21T03:43:21.529+0000] {logging_mixin.py:188} INFO - [2025-06-21T03:43:21.529+0000] {dag.py:3096} INFO - Sync 1 DAGs
[2025-06-21T03:43:21.554+0000] {logging_mixin.py:188} INFO - [2025-06-21T03:43:21.554+0000] {dag.py:3954} INFO - Setting next_dagrun for clickhouse_metrics_checker to 2025-06-21 02:00:00+00:00, run_after=2025-06-21 03:00:00+00:00
[2025-06-21T03:43:21.575+0000] {processor.py:183} INFO - Processing /opt/airflow/dags/odd_even_time.py took 0.417 seconds
[2025-06-21T03:43:51.901+0000] {processor.py:161} INFO - Started process (PID=82) to work on /opt/airflow/dags/odd_even_time.py
[2025-06-21T03:43:51.901+0000] {processor.py:830} INFO - Processing file /opt/airflow/dags/odd_even_time.py for tasks to queue
[2025-06-21T03:43:51.903+0000] {logging_mixin.py:188} INFO - [2025-06-21T03:43:51.903+0000] {dagbag.py:545} INFO - Filling up the DagBag from /opt/airflow/dags/odd_even_time.py
[2025-06-21T03:43:52.279+0000] {processor.py:840} INFO - DAG(s) 'clickhouse_metrics_checker' retrieved from /opt/airflow/dags/odd_even_time.py
[2025-06-21T03:43:52.302+0000] {logging_mixin.py:188} INFO - [2025-06-21T03:43:52.302+0000] {dag.py:3096} INFO - Sync 1 DAGs
[2025-06-21T03:43:52.326+0000] {logging_mixin.py:188} INFO - [2025-06-21T03:43:52.326+0000] {dag.py:3954} INFO - Setting next_dagrun for clickhouse_metrics_checker to 2025-06-21 02:00:00+00:00, run_after=2025-06-21 03:00:00+00:00
[2025-06-21T03:43:52.346+0000] {processor.py:183} INFO - Processing /opt/airflow/dags/odd_even_time.py took 0.454 seconds
[2025-06-21T03:44:22.607+0000] {processor.py:161} INFO - Started process (PID=94) to work on /opt/airflow/dags/odd_even_time.py
[2025-06-21T03:44:22.609+0000] {processor.py:830} INFO - Processing file /opt/airflow/dags/odd_even_time.py for tasks to queue
[2025-06-21T03:44:22.611+0000] {logging_mixin.py:188} INFO - [2025-06-21T03:44:22.610+0000] {dagbag.py:545} INFO - Filling up the DagBag from /opt/airflow/dags/odd_even_time.py
[2025-06-21T03:44:22.963+0000] {processor.py:840} INFO - DAG(s) 'clickhouse_metrics_checker' retrieved from /opt/airflow/dags/odd_even_time.py
[2025-06-21T03:44:22.993+0000] {logging_mixin.py:188} INFO - [2025-06-21T03:44:22.993+0000] {dag.py:3096} INFO - Sync 1 DAGs
[2025-06-21T03:44:23.021+0000] {logging_mixin.py:188} INFO - [2025-06-21T03:44:23.021+0000] {dag.py:3954} INFO - Setting next_dagrun for clickhouse_metrics_checker to 2025-06-21 02:00:00+00:00, run_after=2025-06-21 03:00:00+00:00
[2025-06-21T03:44:23.042+0000] {processor.py:183} INFO - Processing /opt/airflow/dags/odd_even_time.py took 0.446 seconds
[2025-06-21T03:44:53.356+0000] {processor.py:161} INFO - Started process (PID=106) to work on /opt/airflow/dags/odd_even_time.py
[2025-06-21T03:44:53.357+0000] {processor.py:830} INFO - Processing file /opt/airflow/dags/odd_even_time.py for tasks to queue
[2025-06-21T03:44:53.359+0000] {logging_mixin.py:188} INFO - [2025-06-21T03:44:53.359+0000] {dagbag.py:545} INFO - Filling up the DagBag from /opt/airflow/dags/odd_even_time.py
[2025-06-21T03:44:53.746+0000] {processor.py:840} INFO - DAG(s) 'clickhouse_metrics_checker' retrieved from /opt/airflow/dags/odd_even_time.py
[2025-06-21T03:44:53.773+0000] {logging_mixin.py:188} INFO - [2025-06-21T03:44:53.773+0000] {dag.py:3096} INFO - Sync 1 DAGs
[2025-06-21T03:44:53.800+0000] {logging_mixin.py:188} INFO - [2025-06-21T03:44:53.800+0000] {dag.py:3954} INFO - Setting next_dagrun for clickhouse_metrics_checker to 2025-06-21 02:00:00+00:00, run_after=2025-06-21 03:00:00+00:00
[2025-06-21T03:44:53.821+0000] {processor.py:183} INFO - Processing /opt/airflow/dags/odd_even_time.py took 0.478 seconds
[2025-06-21T03:45:24.104+0000] {processor.py:161} INFO - Started process (PID=118) to work on /opt/airflow/dags/odd_even_time.py
[2025-06-21T03:45:24.105+0000] {processor.py:830} INFO - Processing file /opt/airflow/dags/odd_even_time.py for tasks to queue
[2025-06-21T03:45:24.107+0000] {logging_mixin.py:188} INFO - [2025-06-21T03:45:24.106+0000] {dagbag.py:545} INFO - Filling up the DagBag from /opt/airflow/dags/odd_even_time.py
[2025-06-21T03:45:24.419+0000] {processor.py:840} INFO - DAG(s) 'clickhouse_metrics_checker' retrieved from /opt/airflow/dags/odd_even_time.py
[2025-06-21T03:45:24.445+0000] {logging_mixin.py:188} INFO - [2025-06-21T03:45:24.445+0000] {dag.py:3096} INFO - Sync 1 DAGs
[2025-06-21T03:45:24.474+0000] {logging_mixin.py:188} INFO - [2025-06-21T03:45:24.474+0000] {dag.py:3954} INFO - Setting next_dagrun for clickhouse_metrics_checker to 2025-06-21 02:00:00+00:00, run_after=2025-06-21 03:00:00+00:00
[2025-06-21T03:45:24.495+0000] {processor.py:183} INFO - Processing /opt/airflow/dags/odd_even_time.py took 0.402 seconds
[2025-06-21T03:45:54.762+0000] {processor.py:161} INFO - Started process (PID=130) to work on /opt/airflow/dags/odd_even_time.py
[2025-06-21T03:45:54.763+0000] {processor.py:830} INFO - Processing file /opt/airflow/dags/odd_even_time.py for tasks to queue
[2025-06-21T03:45:54.765+0000] {logging_mixin.py:188} INFO - [2025-06-21T03:45:54.765+0000] {dagbag.py:545} INFO - Filling up the DagBag from /opt/airflow/dags/odd_even_time.py
[2025-06-21T03:45:55.116+0000] {processor.py:840} INFO - DAG(s) 'clickhouse_metrics_checker' retrieved from /opt/airflow/dags/odd_even_time.py
[2025-06-21T03:45:55.143+0000] {logging_mixin.py:188} INFO - [2025-06-21T03:45:55.142+0000] {dag.py:3096} INFO - Sync 1 DAGs
[2025-06-21T03:45:55.170+0000] {logging_mixin.py:188} INFO - [2025-06-21T03:45:55.170+0000] {dag.py:3954} INFO - Setting next_dagrun for clickhouse_metrics_checker to 2025-06-21 02:00:00+00:00, run_after=2025-06-21 03:00:00+00:00
[2025-06-21T03:45:55.190+0000] {processor.py:183} INFO - Processing /opt/airflow/dags/odd_even_time.py took 0.440 seconds
[2025-06-21T03:46:25.495+0000] {processor.py:161} INFO - Started process (PID=142) to work on /opt/airflow/dags/odd_even_time.py
[2025-06-21T03:46:25.496+0000] {processor.py:830} INFO - Processing file /opt/airflow/dags/odd_even_time.py for tasks to queue
[2025-06-21T03:46:25.497+0000] {logging_mixin.py:188} INFO - [2025-06-21T03:46:25.497+0000] {dagbag.py:545} INFO - Filling up the DagBag from /opt/airflow/dags/odd_even_time.py
[2025-06-21T03:46:25.830+0000] {processor.py:840} INFO - DAG(s) 'clickhouse_metrics_checker' retrieved from /opt/airflow/dags/odd_even_time.py
[2025-06-21T03:46:25.859+0000] {logging_mixin.py:188} INFO - [2025-06-21T03:46:25.858+0000] {dag.py:3096} INFO - Sync 1 DAGs
[2025-06-21T03:46:25.886+0000] {logging_mixin.py:188} INFO - [2025-06-21T03:46:25.885+0000] {dag.py:3954} INFO - Setting next_dagrun for clickhouse_metrics_checker to 2025-06-21 02:00:00+00:00, run_after=2025-06-21 03:00:00+00:00
[2025-06-21T03:46:25.906+0000] {processor.py:183} INFO - Processing /opt/airflow/dags/odd_even_time.py took 0.422 seconds
[2025-06-21T03:46:56.132+0000] {processor.py:161} INFO - Started process (PID=154) to work on /opt/airflow/dags/odd_even_time.py
[2025-06-21T03:46:56.133+0000] {processor.py:830} INFO - Processing file /opt/airflow/dags/odd_even_time.py for tasks to queue
[2025-06-21T03:46:56.135+0000] {logging_mixin.py:188} INFO - [2025-06-21T03:46:56.135+0000] {dagbag.py:545} INFO - Filling up the DagBag from /opt/airflow/dags/odd_even_time.py
[2025-06-21T03:46:56.471+0000] {processor.py:840} INFO - DAG(s) 'clickhouse_metrics_checker' retrieved from /opt/airflow/dags/odd_even_time.py
[2025-06-21T03:46:56.491+0000] {logging_mixin.py:188} INFO - [2025-06-21T03:46:56.491+0000] {dag.py:3096} INFO - Sync 1 DAGs
[2025-06-21T03:46:56.512+0000] {logging_mixin.py:188} INFO - [2025-06-21T03:46:56.512+0000] {dag.py:3954} INFO - Setting next_dagrun for clickhouse_metrics_checker to 2025-06-21 02:00:00+00:00, run_after=2025-06-21 03:00:00+00:00
[2025-06-21T03:46:56.530+0000] {processor.py:183} INFO - Processing /opt/airflow/dags/odd_even_time.py took 0.412 seconds
[2025-06-21T03:47:26.849+0000] {processor.py:161} INFO - Started process (PID=166) to work on /opt/airflow/dags/odd_even_time.py
[2025-06-21T03:47:26.850+0000] {processor.py:830} INFO - Processing file /opt/airflow/dags/odd_even_time.py for tasks to queue
[2025-06-21T03:47:26.852+0000] {logging_mixin.py:188} INFO - [2025-06-21T03:47:26.852+0000] {dagbag.py:545} INFO - Filling up the DagBag from /opt/airflow/dags/odd_even_time.py
[2025-06-21T03:47:27.155+0000] {processor.py:840} INFO - DAG(s) 'clickhouse_metrics_checker' retrieved from /opt/airflow/dags/odd_even_time.py
[2025-06-21T03:47:27.174+0000] {logging_mixin.py:188} INFO - [2025-06-21T03:47:27.174+0000] {dag.py:3096} INFO - Sync 1 DAGs
[2025-06-21T03:47:27.197+0000] {logging_mixin.py:188} INFO - [2025-06-21T03:47:27.197+0000] {dag.py:3954} INFO - Setting next_dagrun for clickhouse_metrics_checker to 2025-06-21 02:00:00+00:00, run_after=2025-06-21 03:00:00+00:00
[2025-06-21T03:47:27.214+0000] {processor.py:183} INFO - Processing /opt/airflow/dags/odd_even_time.py took 0.376 seconds
[2025-06-21T03:47:57.500+0000] {processor.py:161} INFO - Started process (PID=178) to work on /opt/airflow/dags/odd_even_time.py
[2025-06-21T03:47:57.501+0000] {processor.py:830} INFO - Processing file /opt/airflow/dags/odd_even_time.py for tasks to queue
[2025-06-21T03:47:57.503+0000] {logging_mixin.py:188} INFO - [2025-06-21T03:47:57.503+0000] {dagbag.py:545} INFO - Filling up the DagBag from /opt/airflow/dags/odd_even_time.py
[2025-06-21T03:47:57.819+0000] {processor.py:840} INFO - DAG(s) 'clickhouse_metrics_checker' retrieved from /opt/airflow/dags/odd_even_time.py
[2025-06-21T03:47:57.846+0000] {logging_mixin.py:188} INFO - [2025-06-21T03:47:57.846+0000] {dag.py:3096} INFO - Sync 1 DAGs
[2025-06-21T03:47:57.871+0000] {logging_mixin.py:188} INFO - [2025-06-21T03:47:57.871+0000] {dag.py:3954} INFO - Setting next_dagrun for clickhouse_metrics_checker to 2025-06-21 02:00:00+00:00, run_after=2025-06-21 03:00:00+00:00
[2025-06-21T03:47:57.891+0000] {processor.py:183} INFO - Processing /opt/airflow/dags/odd_even_time.py took 0.401 seconds
[2025-06-21T03:48:28.148+0000] {processor.py:161} INFO - Started process (PID=190) to work on /opt/airflow/dags/odd_even_time.py
[2025-06-21T03:48:28.149+0000] {processor.py:830} INFO - Processing file /opt/airflow/dags/odd_even_time.py for tasks to queue
[2025-06-21T03:48:28.151+0000] {logging_mixin.py:188} INFO - [2025-06-21T03:48:28.151+0000] {dagbag.py:545} INFO - Filling up the DagBag from /opt/airflow/dags/odd_even_time.py
[2025-06-21T03:48:28.534+0000] {processor.py:840} INFO - DAG(s) 'clickhouse_metrics_checker' retrieved from /opt/airflow/dags/odd_even_time.py
[2025-06-21T03:48:28.563+0000] {logging_mixin.py:188} INFO - [2025-06-21T03:48:28.562+0000] {dag.py:3096} INFO - Sync 1 DAGs
[2025-06-21T03:48:28.586+0000] {logging_mixin.py:188} INFO - [2025-06-21T03:48:28.586+0000] {dag.py:3954} INFO - Setting next_dagrun for clickhouse_metrics_checker to 2025-06-21 02:00:00+00:00, run_after=2025-06-21 03:00:00+00:00
[2025-06-21T03:48:28.606+0000] {processor.py:183} INFO - Processing /opt/airflow/dags/odd_even_time.py took 0.467 seconds
[2025-06-21T03:48:58.841+0000] {processor.py:161} INFO - Started process (PID=202) to work on /opt/airflow/dags/odd_even_time.py
[2025-06-21T03:48:58.842+0000] {processor.py:830} INFO - Processing file /opt/airflow/dags/odd_even_time.py for tasks to queue
[2025-06-21T03:48:58.845+0000] {logging_mixin.py:188} INFO - [2025-06-21T03:48:58.844+0000] {dagbag.py:545} INFO - Filling up the DagBag from /opt/airflow/dags/odd_even_time.py
[2025-06-21T03:48:59.188+0000] {processor.py:840} INFO - DAG(s) 'clickhouse_metrics_checker' retrieved from /opt/airflow/dags/odd_even_time.py
[2025-06-21T03:48:59.213+0000] {logging_mixin.py:188} INFO - [2025-06-21T03:48:59.213+0000] {dag.py:3096} INFO - Sync 1 DAGs
[2025-06-21T03:48:59.239+0000] {logging_mixin.py:188} INFO - [2025-06-21T03:48:59.239+0000] {dag.py:3954} INFO - Setting next_dagrun for clickhouse_metrics_checker to 2025-06-21 02:00:00+00:00, run_after=2025-06-21 03:00:00+00:00
[2025-06-21T03:48:59.259+0000] {processor.py:183} INFO - Processing /opt/airflow/dags/odd_even_time.py took 0.429 seconds
[2025-06-21T03:49:29.588+0000] {processor.py:161} INFO - Started process (PID=214) to work on /opt/airflow/dags/odd_even_time.py
[2025-06-21T03:49:29.590+0000] {processor.py:830} INFO - Processing file /opt/airflow/dags/odd_even_time.py for tasks to queue
[2025-06-21T03:49:29.593+0000] {logging_mixin.py:188} INFO - [2025-06-21T03:49:29.592+0000] {dagbag.py:545} INFO - Filling up the DagBag from /opt/airflow/dags/odd_even_time.py
[2025-06-21T03:49:29.956+0000] {processor.py:840} INFO - DAG(s) 'clickhouse_metrics_checker' retrieved from /opt/airflow/dags/odd_even_time.py
[2025-06-21T03:49:29.986+0000] {logging_mixin.py:188} INFO - [2025-06-21T03:49:29.986+0000] {dag.py:3096} INFO - Sync 1 DAGs
[2025-06-21T03:49:30.016+0000] {logging_mixin.py:188} INFO - [2025-06-21T03:49:30.016+0000] {dag.py:3954} INFO - Setting next_dagrun for clickhouse_metrics_checker to 2025-06-21 02:00:00+00:00, run_after=2025-06-21 03:00:00+00:00
[2025-06-21T03:49:30.038+0000] {processor.py:183} INFO - Processing /opt/airflow/dags/odd_even_time.py took 0.460 seconds
[2025-06-21T03:50:00.339+0000] {processor.py:161} INFO - Started process (PID=226) to work on /opt/airflow/dags/odd_even_time.py
[2025-06-21T03:50:00.340+0000] {processor.py:830} INFO - Processing file /opt/airflow/dags/odd_even_time.py for tasks to queue
[2025-06-21T03:50:00.342+0000] {logging_mixin.py:188} INFO - [2025-06-21T03:50:00.341+0000] {dagbag.py:545} INFO - Filling up the DagBag from /opt/airflow/dags/odd_even_time.py
[2025-06-21T03:50:00.684+0000] {processor.py:840} INFO - DAG(s) 'clickhouse_metrics_checker' retrieved from /opt/airflow/dags/odd_even_time.py
[2025-06-21T03:50:00.708+0000] {logging_mixin.py:188} INFO - [2025-06-21T03:50:00.707+0000] {dag.py:3096} INFO - Sync 1 DAGs
[2025-06-21T03:50:00.737+0000] {logging_mixin.py:188} INFO - [2025-06-21T03:50:00.737+0000] {dag.py:3954} INFO - Setting next_dagrun for clickhouse_metrics_checker to 2025-06-21 02:00:00+00:00, run_after=2025-06-21 03:00:00+00:00
[2025-06-21T03:50:00.759+0000] {processor.py:183} INFO - Processing /opt/airflow/dags/odd_even_time.py took 0.430 seconds
[2025-06-21T03:50:31.075+0000] {processor.py:161} INFO - Started process (PID=238) to work on /opt/airflow/dags/odd_even_time.py
[2025-06-21T03:50:31.076+0000] {processor.py:830} INFO - Processing file /opt/airflow/dags/odd_even_time.py for tasks to queue
[2025-06-21T03:50:31.078+0000] {logging_mixin.py:188} INFO - [2025-06-21T03:50:31.078+0000] {dagbag.py:545} INFO - Filling up the DagBag from /opt/airflow/dags/odd_even_time.py
[2025-06-21T03:50:31.480+0000] {processor.py:840} INFO - DAG(s) 'clickhouse_metrics_checker' retrieved from /opt/airflow/dags/odd_even_time.py
[2025-06-21T03:50:31.507+0000] {logging_mixin.py:188} INFO - [2025-06-21T03:50:31.506+0000] {dag.py:3096} INFO - Sync 1 DAGs
[2025-06-21T03:50:31.536+0000] {logging_mixin.py:188} INFO - [2025-06-21T03:50:31.536+0000] {dag.py:3954} INFO - Setting next_dagrun for clickhouse_metrics_checker to 2025-06-21 02:00:00+00:00, run_after=2025-06-21 03:00:00+00:00
[2025-06-21T03:50:31.559+0000] {processor.py:183} INFO - Processing /opt/airflow/dags/odd_even_time.py took 0.494 seconds
[2025-06-21T03:51:01.786+0000] {processor.py:161} INFO - Started process (PID=250) to work on /opt/airflow/dags/odd_even_time.py
[2025-06-21T03:51:01.787+0000] {processor.py:830} INFO - Processing file /opt/airflow/dags/odd_even_time.py for tasks to queue
[2025-06-21T03:51:01.789+0000] {logging_mixin.py:188} INFO - [2025-06-21T03:51:01.788+0000] {dagbag.py:545} INFO - Filling up the DagBag from /opt/airflow/dags/odd_even_time.py
[2025-06-21T03:51:02.089+0000] {processor.py:840} INFO - DAG(s) 'clickhouse_metrics_checker' retrieved from /opt/airflow/dags/odd_even_time.py
[2025-06-21T03:51:02.113+0000] {logging_mixin.py:188} INFO - [2025-06-21T03:51:02.112+0000] {dag.py:3096} INFO - Sync 1 DAGs
[2025-06-21T03:51:02.137+0000] {logging_mixin.py:188} INFO - [2025-06-21T03:51:02.137+0000] {dag.py:3954} INFO - Setting next_dagrun for clickhouse_metrics_checker to 2025-06-21 02:00:00+00:00, run_after=2025-06-21 03:00:00+00:00
[2025-06-21T03:51:02.157+0000] {processor.py:183} INFO - Processing /opt/airflow/dags/odd_even_time.py took 0.378 seconds
[2025-06-21T03:51:32.445+0000] {processor.py:161} INFO - Started process (PID=262) to work on /opt/airflow/dags/odd_even_time.py
[2025-06-21T03:51:32.446+0000] {processor.py:830} INFO - Processing file /opt/airflow/dags/odd_even_time.py for tasks to queue
[2025-06-21T03:51:32.448+0000] {logging_mixin.py:188} INFO - [2025-06-21T03:51:32.448+0000] {dagbag.py:545} INFO - Filling up the DagBag from /opt/airflow/dags/odd_even_time.py
[2025-06-21T03:51:32.774+0000] {processor.py:840} INFO - DAG(s) 'clickhouse_metrics_checker' retrieved from /opt/airflow/dags/odd_even_time.py
[2025-06-21T03:51:32.806+0000] {logging_mixin.py:188} INFO - [2025-06-21T03:51:32.805+0000] {dag.py:3096} INFO - Sync 1 DAGs
[2025-06-21T03:51:32.836+0000] {logging_mixin.py:188} INFO - [2025-06-21T03:51:32.836+0000] {dag.py:3954} INFO - Setting next_dagrun for clickhouse_metrics_checker to 2025-06-21 02:00:00+00:00, run_after=2025-06-21 03:00:00+00:00
[2025-06-21T03:51:32.858+0000] {processor.py:183} INFO - Processing /opt/airflow/dags/odd_even_time.py took 0.425 seconds
[2025-06-21T03:52:03.149+0000] {processor.py:161} INFO - Started process (PID=274) to work on /opt/airflow/dags/odd_even_time.py
[2025-06-21T03:52:03.150+0000] {processor.py:830} INFO - Processing file /opt/airflow/dags/odd_even_time.py for tasks to queue
[2025-06-21T03:52:03.152+0000] {logging_mixin.py:188} INFO - [2025-06-21T03:52:03.152+0000] {dagbag.py:545} INFO - Filling up the DagBag from /opt/airflow/dags/odd_even_time.py
[2025-06-21T03:52:03.524+0000] {processor.py:840} INFO - DAG(s) 'clickhouse_metrics_checker' retrieved from /opt/airflow/dags/odd_even_time.py
[2025-06-21T03:52:03.557+0000] {logging_mixin.py:188} INFO - [2025-06-21T03:52:03.555+0000] {dag.py:3096} INFO - Sync 1 DAGs
[2025-06-21T03:52:03.587+0000] {logging_mixin.py:188} INFO - [2025-06-21T03:52:03.587+0000] {dag.py:3954} INFO - Setting next_dagrun for clickhouse_metrics_checker to 2025-06-21 02:00:00+00:00, run_after=2025-06-21 03:00:00+00:00
[2025-06-21T03:52:03.615+0000] {processor.py:183} INFO - Processing /opt/airflow/dags/odd_even_time.py took 0.474 seconds
[2025-06-21T03:52:33.926+0000] {processor.py:161} INFO - Started process (PID=286) to work on /opt/airflow/dags/odd_even_time.py
[2025-06-21T03:52:33.926+0000] {processor.py:830} INFO - Processing file /opt/airflow/dags/odd_even_time.py for tasks to queue
[2025-06-21T03:52:33.929+0000] {logging_mixin.py:188} INFO - [2025-06-21T03:52:33.928+0000] {dagbag.py:545} INFO - Filling up the DagBag from /opt/airflow/dags/odd_even_time.py
[2025-06-21T03:52:34.369+0000] {processor.py:840} INFO - DAG(s) 'clickhouse_metrics_checker' retrieved from /opt/airflow/dags/odd_even_time.py
[2025-06-21T03:52:34.394+0000] {logging_mixin.py:188} INFO - [2025-06-21T03:52:34.393+0000] {dag.py:3096} INFO - Sync 1 DAGs
[2025-06-21T03:52:34.419+0000] {logging_mixin.py:188} INFO - [2025-06-21T03:52:34.419+0000] {dag.py:3954} INFO - Setting next_dagrun for clickhouse_metrics_checker to 2025-06-21 02:00:00+00:00, run_after=2025-06-21 03:00:00+00:00
[2025-06-21T03:52:34.439+0000] {processor.py:183} INFO - Processing /opt/airflow/dags/odd_even_time.py took 0.525 seconds
[2025-06-21T03:53:04.749+0000] {processor.py:161} INFO - Started process (PID=298) to work on /opt/airflow/dags/odd_even_time.py
[2025-06-21T03:53:04.750+0000] {processor.py:830} INFO - Processing file /opt/airflow/dags/odd_even_time.py for tasks to queue
[2025-06-21T03:53:04.751+0000] {logging_mixin.py:188} INFO - [2025-06-21T03:53:04.751+0000] {dagbag.py:545} INFO - Filling up the DagBag from /opt/airflow/dags/odd_even_time.py
[2025-06-21T03:53:05.097+0000] {processor.py:840} INFO - DAG(s) 'clickhouse_metrics_checker' retrieved from /opt/airflow/dags/odd_even_time.py
[2025-06-21T03:53:05.123+0000] {logging_mixin.py:188} INFO - [2025-06-21T03:53:05.122+0000] {dag.py:3096} INFO - Sync 1 DAGs
[2025-06-21T03:53:05.147+0000] {logging_mixin.py:188} INFO - [2025-06-21T03:53:05.146+0000] {dag.py:3954} INFO - Setting next_dagrun for clickhouse_metrics_checker to 2025-06-21 02:00:00+00:00, run_after=2025-06-21 03:00:00+00:00
[2025-06-21T03:53:05.164+0000] {processor.py:183} INFO - Processing /opt/airflow/dags/odd_even_time.py took 0.426 seconds
[2025-06-21T03:53:35.410+0000] {processor.py:161} INFO - Started process (PID=310) to work on /opt/airflow/dags/odd_even_time.py
[2025-06-21T03:53:35.411+0000] {processor.py:830} INFO - Processing file /opt/airflow/dags/odd_even_time.py for tasks to queue
[2025-06-21T03:53:35.413+0000] {logging_mixin.py:188} INFO - [2025-06-21T03:53:35.413+0000] {dagbag.py:545} INFO - Filling up the DagBag from /opt/airflow/dags/odd_even_time.py
[2025-06-21T03:53:35.736+0000] {processor.py:840} INFO - DAG(s) 'clickhouse_metrics_checker' retrieved from /opt/airflow/dags/odd_even_time.py
[2025-06-21T03:53:35.760+0000] {logging_mixin.py:188} INFO - [2025-06-21T03:53:35.760+0000] {dag.py:3096} INFO - Sync 1 DAGs
[2025-06-21T03:53:35.784+0000] {logging_mixin.py:188} INFO - [2025-06-21T03:53:35.784+0000] {dag.py:3954} INFO - Setting next_dagrun for clickhouse_metrics_checker to 2025-06-21 02:00:00+00:00, run_after=2025-06-21 03:00:00+00:00
[2025-06-21T03:53:35.802+0000] {processor.py:183} INFO - Processing /opt/airflow/dags/odd_even_time.py took 0.404 seconds
[2025-06-21T03:54:06.090+0000] {processor.py:161} INFO - Started process (PID=322) to work on /opt/airflow/dags/odd_even_time.py
[2025-06-21T03:54:06.092+0000] {processor.py:830} INFO - Processing file /opt/airflow/dags/odd_even_time.py for tasks to queue
[2025-06-21T03:54:06.094+0000] {logging_mixin.py:188} INFO - [2025-06-21T03:54:06.094+0000] {dagbag.py:545} INFO - Filling up the DagBag from /opt/airflow/dags/odd_even_time.py
[2025-06-21T03:54:06.399+0000] {processor.py:840} INFO - DAG(s) 'clickhouse_metrics_checker' retrieved from /opt/airflow/dags/odd_even_time.py
[2025-06-21T03:54:06.424+0000] {logging_mixin.py:188} INFO - [2025-06-21T03:54:06.423+0000] {dag.py:3096} INFO - Sync 1 DAGs
[2025-06-21T03:54:06.446+0000] {logging_mixin.py:188} INFO - [2025-06-21T03:54:06.446+0000] {dag.py:3954} INFO - Setting next_dagrun for clickhouse_metrics_checker to 2025-06-21 02:00:00+00:00, run_after=2025-06-21 03:00:00+00:00
[2025-06-21T03:54:06.466+0000] {processor.py:183} INFO - Processing /opt/airflow/dags/odd_even_time.py took 0.387 seconds
[2025-06-21T03:54:36.745+0000] {processor.py:161} INFO - Started process (PID=334) to work on /opt/airflow/dags/odd_even_time.py
[2025-06-21T03:54:36.746+0000] {processor.py:830} INFO - Processing file /opt/airflow/dags/odd_even_time.py for tasks to queue
[2025-06-21T03:54:36.749+0000] {logging_mixin.py:188} INFO - [2025-06-21T03:54:36.748+0000] {dagbag.py:545} INFO - Filling up the DagBag from /opt/airflow/dags/odd_even_time.py
[2025-06-21T03:54:37.126+0000] {processor.py:840} INFO - DAG(s) 'clickhouse_metrics_checker' retrieved from /opt/airflow/dags/odd_even_time.py
[2025-06-21T03:54:37.157+0000] {logging_mixin.py:188} INFO - [2025-06-21T03:54:37.156+0000] {dag.py:3096} INFO - Sync 1 DAGs
[2025-06-21T03:54:37.184+0000] {logging_mixin.py:188} INFO - [2025-06-21T03:54:37.184+0000] {dag.py:3954} INFO - Setting next_dagrun for clickhouse_metrics_checker to 2025-06-21 02:00:00+00:00, run_after=2025-06-21 03:00:00+00:00
[2025-06-21T03:54:37.205+0000] {processor.py:183} INFO - Processing /opt/airflow/dags/odd_even_time.py took 0.471 seconds
[2025-06-21T03:55:07.507+0000] {processor.py:161} INFO - Started process (PID=346) to work on /opt/airflow/dags/odd_even_time.py
[2025-06-21T03:55:07.508+0000] {processor.py:830} INFO - Processing file /opt/airflow/dags/odd_even_time.py for tasks to queue
[2025-06-21T03:55:07.510+0000] {logging_mixin.py:188} INFO - [2025-06-21T03:55:07.510+0000] {dagbag.py:545} INFO - Filling up the DagBag from /opt/airflow/dags/odd_even_time.py
[2025-06-21T03:55:07.826+0000] {processor.py:840} INFO - DAG(s) 'clickhouse_metrics_checker' retrieved from /opt/airflow/dags/odd_even_time.py
[2025-06-21T03:55:07.850+0000] {logging_mixin.py:188} INFO - [2025-06-21T03:55:07.850+0000] {dag.py:3096} INFO - Sync 1 DAGs
[2025-06-21T03:55:07.873+0000] {logging_mixin.py:188} INFO - [2025-06-21T03:55:07.873+0000] {dag.py:3954} INFO - Setting next_dagrun for clickhouse_metrics_checker to 2025-06-21 02:00:00+00:00, run_after=2025-06-21 03:00:00+00:00
[2025-06-21T03:55:07.893+0000] {processor.py:183} INFO - Processing /opt/airflow/dags/odd_even_time.py took 0.399 seconds
[2025-06-21T03:55:38.187+0000] {processor.py:161} INFO - Started process (PID=358) to work on /opt/airflow/dags/odd_even_time.py
[2025-06-21T03:55:38.188+0000] {processor.py:830} INFO - Processing file /opt/airflow/dags/odd_even_time.py for tasks to queue
[2025-06-21T03:55:38.190+0000] {logging_mixin.py:188} INFO - [2025-06-21T03:55:38.190+0000] {dagbag.py:545} INFO - Filling up the DagBag from /opt/airflow/dags/odd_even_time.py
[2025-06-21T03:55:38.495+0000] {processor.py:840} INFO - DAG(s) 'clickhouse_metrics_checker' retrieved from /opt/airflow/dags/odd_even_time.py
[2025-06-21T03:55:38.517+0000] {logging_mixin.py:188} INFO - [2025-06-21T03:55:38.517+0000] {dag.py:3096} INFO - Sync 1 DAGs
[2025-06-21T03:55:38.541+0000] {logging_mixin.py:188} INFO - [2025-06-21T03:55:38.541+0000] {dag.py:3954} INFO - Setting next_dagrun for clickhouse_metrics_checker to 2025-06-21 02:00:00+00:00, run_after=2025-06-21 03:00:00+00:00
[2025-06-21T03:55:38.559+0000] {processor.py:183} INFO - Processing /opt/airflow/dags/odd_even_time.py took 0.383 seconds
[2025-06-21T03:56:08.863+0000] {processor.py:161} INFO - Started process (PID=370) to work on /opt/airflow/dags/odd_even_time.py
[2025-06-21T03:56:08.864+0000] {processor.py:830} INFO - Processing file /opt/airflow/dags/odd_even_time.py for tasks to queue
[2025-06-21T03:56:08.866+0000] {logging_mixin.py:188} INFO - [2025-06-21T03:56:08.866+0000] {dagbag.py:545} INFO - Filling up the DagBag from /opt/airflow/dags/odd_even_time.py
[2025-06-21T03:56:09.237+0000] {processor.py:840} INFO - DAG(s) 'clickhouse_metrics_checker' retrieved from /opt/airflow/dags/odd_even_time.py
[2025-06-21T03:56:09.259+0000] {logging_mixin.py:188} INFO - [2025-06-21T03:56:09.259+0000] {dag.py:3096} INFO - Sync 1 DAGs
[2025-06-21T03:56:09.283+0000] {logging_mixin.py:188} INFO - [2025-06-21T03:56:09.283+0000] {dag.py:3954} INFO - Setting next_dagrun for clickhouse_metrics_checker to 2025-06-21 02:00:00+00:00, run_after=2025-06-21 03:00:00+00:00
[2025-06-21T03:56:09.303+0000] {processor.py:183} INFO - Processing /opt/airflow/dags/odd_even_time.py took 0.449 seconds
[2025-06-21T03:56:39.600+0000] {processor.py:161} INFO - Started process (PID=382) to work on /opt/airflow/dags/odd_even_time.py
[2025-06-21T03:56:39.601+0000] {processor.py:830} INFO - Processing file /opt/airflow/dags/odd_even_time.py for tasks to queue
[2025-06-21T03:56:39.603+0000] {logging_mixin.py:188} INFO - [2025-06-21T03:56:39.602+0000] {dagbag.py:545} INFO - Filling up the DagBag from /opt/airflow/dags/odd_even_time.py
[2025-06-21T03:56:39.961+0000] {processor.py:840} INFO - DAG(s) 'clickhouse_metrics_checker' retrieved from /opt/airflow/dags/odd_even_time.py
[2025-06-21T03:56:39.990+0000] {logging_mixin.py:188} INFO - [2025-06-21T03:56:39.990+0000] {dag.py:3096} INFO - Sync 1 DAGs
[2025-06-21T03:56:40.020+0000] {logging_mixin.py:188} INFO - [2025-06-21T03:56:40.020+0000] {dag.py:3954} INFO - Setting next_dagrun for clickhouse_metrics_checker to 2025-06-21 02:00:00+00:00, run_after=2025-06-21 03:00:00+00:00
[2025-06-21T03:56:40.042+0000] {processor.py:183} INFO - Processing /opt/airflow/dags/odd_even_time.py took 0.454 seconds
[2025-06-21T03:57:10.347+0000] {processor.py:161} INFO - Started process (PID=394) to work on /opt/airflow/dags/odd_even_time.py
[2025-06-21T03:57:10.348+0000] {processor.py:830} INFO - Processing file /opt/airflow/dags/odd_even_time.py for tasks to queue
[2025-06-21T03:57:10.350+0000] {logging_mixin.py:188} INFO - [2025-06-21T03:57:10.350+0000] {dagbag.py:545} INFO - Filling up the DagBag from /opt/airflow/dags/odd_even_time.py
[2025-06-21T03:57:10.757+0000] {processor.py:840} INFO - DAG(s) 'clickhouse_metrics_checker' retrieved from /opt/airflow/dags/odd_even_time.py
[2025-06-21T03:57:10.783+0000] {logging_mixin.py:188} INFO - [2025-06-21T03:57:10.782+0000] {dag.py:3096} INFO - Sync 1 DAGs
[2025-06-21T03:57:10.810+0000] {logging_mixin.py:188} INFO - [2025-06-21T03:57:10.810+0000] {dag.py:3954} INFO - Setting next_dagrun for clickhouse_metrics_checker to 2025-06-21 02:00:00+00:00, run_after=2025-06-21 03:00:00+00:00
[2025-06-21T03:57:10.830+0000] {processor.py:183} INFO - Processing /opt/airflow/dags/odd_even_time.py took 0.495 seconds
[2025-06-21T03:57:41.150+0000] {processor.py:161} INFO - Started process (PID=406) to work on /opt/airflow/dags/odd_even_time.py
[2025-06-21T03:57:41.152+0000] {processor.py:830} INFO - Processing file /opt/airflow/dags/odd_even_time.py for tasks to queue
[2025-06-21T03:57:41.154+0000] {logging_mixin.py:188} INFO - [2025-06-21T03:57:41.153+0000] {dagbag.py:545} INFO - Filling up the DagBag from /opt/airflow/dags/odd_even_time.py
[2025-06-21T03:57:41.477+0000] {processor.py:840} INFO - DAG(s) 'clickhouse_metrics_checker' retrieved from /opt/airflow/dags/odd_even_time.py
[2025-06-21T03:57:41.508+0000] {logging_mixin.py:188} INFO - [2025-06-21T03:57:41.507+0000] {dag.py:3096} INFO - Sync 1 DAGs
[2025-06-21T03:57:41.531+0000] {logging_mixin.py:188} INFO - [2025-06-21T03:57:41.530+0000] {dag.py:3954} INFO - Setting next_dagrun for clickhouse_metrics_checker to 2025-06-21 02:00:00+00:00, run_after=2025-06-21 03:00:00+00:00
[2025-06-21T03:57:41.548+0000] {processor.py:183} INFO - Processing /opt/airflow/dags/odd_even_time.py took 0.409 seconds
[2025-06-21T03:58:11.817+0000] {processor.py:161} INFO - Started process (PID=418) to work on /opt/airflow/dags/odd_even_time.py
[2025-06-21T03:58:11.818+0000] {processor.py:830} INFO - Processing file /opt/airflow/dags/odd_even_time.py for tasks to queue
[2025-06-21T03:58:11.820+0000] {logging_mixin.py:188} INFO - [2025-06-21T03:58:11.819+0000] {dagbag.py:545} INFO - Filling up the DagBag from /opt/airflow/dags/odd_even_time.py
[2025-06-21T03:58:12.161+0000] {processor.py:840} INFO - DAG(s) 'clickhouse_metrics_checker' retrieved from /opt/airflow/dags/odd_even_time.py
[2025-06-21T03:58:12.185+0000] {logging_mixin.py:188} INFO - [2025-06-21T03:58:12.184+0000] {dag.py:3096} INFO - Sync 1 DAGs
[2025-06-21T03:58:12.209+0000] {logging_mixin.py:188} INFO - [2025-06-21T03:58:12.208+0000] {dag.py:3954} INFO - Setting next_dagrun for clickhouse_metrics_checker to 2025-06-21 02:00:00+00:00, run_after=2025-06-21 03:00:00+00:00
[2025-06-21T03:58:12.230+0000] {processor.py:183} INFO - Processing /opt/airflow/dags/odd_even_time.py took 0.419 seconds
[2025-06-21T03:58:42.534+0000] {processor.py:161} INFO - Started process (PID=430) to work on /opt/airflow/dags/odd_even_time.py
[2025-06-21T03:58:42.537+0000] {processor.py:830} INFO - Processing file /opt/airflow/dags/odd_even_time.py for tasks to queue
[2025-06-21T03:58:42.539+0000] {logging_mixin.py:188} INFO - [2025-06-21T03:58:42.539+0000] {dagbag.py:545} INFO - Filling up the DagBag from /opt/airflow/dags/odd_even_time.py
[2025-06-21T03:58:42.822+0000] {processor.py:840} INFO - DAG(s) 'clickhouse_metrics_checker' retrieved from /opt/airflow/dags/odd_even_time.py
[2025-06-21T03:58:42.844+0000] {logging_mixin.py:188} INFO - [2025-06-21T03:58:42.844+0000] {dag.py:3096} INFO - Sync 1 DAGs
[2025-06-21T03:58:42.868+0000] {logging_mixin.py:188} INFO - [2025-06-21T03:58:42.867+0000] {dag.py:3954} INFO - Setting next_dagrun for clickhouse_metrics_checker to 2025-06-21 02:00:00+00:00, run_after=2025-06-21 03:00:00+00:00
[2025-06-21T03:58:42.884+0000] {processor.py:183} INFO - Processing /opt/airflow/dags/odd_even_time.py took 0.361 seconds
[2025-06-21T03:59:13.176+0000] {processor.py:161} INFO - Started process (PID=442) to work on /opt/airflow/dags/odd_even_time.py
[2025-06-21T03:59:13.177+0000] {processor.py:830} INFO - Processing file /opt/airflow/dags/odd_even_time.py for tasks to queue
[2025-06-21T03:59:13.179+0000] {logging_mixin.py:188} INFO - [2025-06-21T03:59:13.178+0000] {dagbag.py:545} INFO - Filling up the DagBag from /opt/airflow/dags/odd_even_time.py
[2025-06-21T03:59:13.515+0000] {processor.py:840} INFO - DAG(s) 'clickhouse_metrics_checker' retrieved from /opt/airflow/dags/odd_even_time.py
[2025-06-21T03:59:13.538+0000] {logging_mixin.py:188} INFO - [2025-06-21T03:59:13.537+0000] {dag.py:3096} INFO - Sync 1 DAGs
[2025-06-21T03:59:13.561+0000] {logging_mixin.py:188} INFO - [2025-06-21T03:59:13.561+0000] {dag.py:3954} INFO - Setting next_dagrun for clickhouse_metrics_checker to 2025-06-21 02:00:00+00:00, run_after=2025-06-21 03:00:00+00:00
[2025-06-21T03:59:13.580+0000] {processor.py:183} INFO - Processing /opt/airflow/dags/odd_even_time.py took 0.411 seconds
[2025-06-21T03:59:43.854+0000] {processor.py:161} INFO - Started process (PID=454) to work on /opt/airflow/dags/odd_even_time.py
[2025-06-21T03:59:43.855+0000] {processor.py:830} INFO - Processing file /opt/airflow/dags/odd_even_time.py for tasks to queue
[2025-06-21T03:59:43.858+0000] {logging_mixin.py:188} INFO - [2025-06-21T03:59:43.857+0000] {dagbag.py:545} INFO - Filling up the DagBag from /opt/airflow/dags/odd_even_time.py
[2025-06-21T03:59:44.173+0000] {processor.py:840} INFO - DAG(s) 'clickhouse_metrics_checker' retrieved from /opt/airflow/dags/odd_even_time.py
[2025-06-21T03:59:44.195+0000] {logging_mixin.py:188} INFO - [2025-06-21T03:59:44.195+0000] {dag.py:3096} INFO - Sync 1 DAGs
[2025-06-21T03:59:44.218+0000] {logging_mixin.py:188} INFO - [2025-06-21T03:59:44.217+0000] {dag.py:3954} INFO - Setting next_dagrun for clickhouse_metrics_checker to 2025-06-21 02:00:00+00:00, run_after=2025-06-21 03:00:00+00:00
[2025-06-21T03:59:44.236+0000] {processor.py:183} INFO - Processing /opt/airflow/dags/odd_even_time.py took 0.394 seconds
[2025-06-21T04:00:14.523+0000] {processor.py:161} INFO - Started process (PID=466) to work on /opt/airflow/dags/odd_even_time.py
[2025-06-21T04:00:14.525+0000] {processor.py:830} INFO - Processing file /opt/airflow/dags/odd_even_time.py for tasks to queue
[2025-06-21T04:00:14.527+0000] {logging_mixin.py:188} INFO - [2025-06-21T04:00:14.526+0000] {dagbag.py:545} INFO - Filling up the DagBag from /opt/airflow/dags/odd_even_time.py
[2025-06-21T04:00:14.914+0000] {processor.py:840} INFO - DAG(s) 'clickhouse_metrics_checker' retrieved from /opt/airflow/dags/odd_even_time.py
[2025-06-21T04:00:14.943+0000] {logging_mixin.py:188} INFO - [2025-06-21T04:00:14.942+0000] {dag.py:3096} INFO - Sync 1 DAGs
[2025-06-21T04:00:14.970+0000] {logging_mixin.py:188} INFO - [2025-06-21T04:00:14.970+0000] {dag.py:3954} INFO - Setting next_dagrun for clickhouse_metrics_checker to 2025-06-21 03:00:00+00:00, run_after=2025-06-21 04:00:00+00:00
[2025-06-21T04:00:14.992+0000] {processor.py:183} INFO - Processing /opt/airflow/dags/odd_even_time.py took 0.476 seconds
[2025-06-21T04:00:45.299+0000] {processor.py:161} INFO - Started process (PID=477) to work on /opt/airflow/dags/odd_even_time.py
[2025-06-21T04:00:45.300+0000] {processor.py:830} INFO - Processing file /opt/airflow/dags/odd_even_time.py for tasks to queue
[2025-06-21T04:00:45.302+0000] {logging_mixin.py:188} INFO - [2025-06-21T04:00:45.301+0000] {dagbag.py:545} INFO - Filling up the DagBag from /opt/airflow/dags/odd_even_time.py
[2025-06-21T04:00:45.626+0000] {processor.py:840} INFO - DAG(s) 'clickhouse_metrics_checker' retrieved from /opt/airflow/dags/odd_even_time.py
[2025-06-21T04:00:45.648+0000] {logging_mixin.py:188} INFO - [2025-06-21T04:00:45.648+0000] {dag.py:3096} INFO - Sync 1 DAGs
[2025-06-21T04:00:45.670+0000] {logging_mixin.py:188} INFO - [2025-06-21T04:00:45.670+0000] {dag.py:3954} INFO - Setting next_dagrun for clickhouse_metrics_checker to 2025-06-21 03:00:00+00:00, run_after=2025-06-21 04:00:00+00:00
[2025-06-21T04:00:45.688+0000] {processor.py:183} INFO - Processing /opt/airflow/dags/odd_even_time.py took 0.401 seconds
[2025-06-21T04:01:15.988+0000] {processor.py:161} INFO - Started process (PID=489) to work on /opt/airflow/dags/odd_even_time.py
[2025-06-21T04:01:15.989+0000] {processor.py:830} INFO - Processing file /opt/airflow/dags/odd_even_time.py for tasks to queue
[2025-06-21T04:01:15.991+0000] {logging_mixin.py:188} INFO - [2025-06-21T04:01:15.991+0000] {dagbag.py:545} INFO - Filling up the DagBag from /opt/airflow/dags/odd_even_time.py
[2025-06-21T04:01:16.293+0000] {processor.py:840} INFO - DAG(s) 'clickhouse_metrics_checker' retrieved from /opt/airflow/dags/odd_even_time.py
[2025-06-21T04:01:16.316+0000] {logging_mixin.py:188} INFO - [2025-06-21T04:01:16.315+0000] {dag.py:3096} INFO - Sync 1 DAGs
[2025-06-21T04:01:16.337+0000] {logging_mixin.py:188} INFO - [2025-06-21T04:01:16.337+0000] {dag.py:3954} INFO - Setting next_dagrun for clickhouse_metrics_checker to 2025-06-21 03:00:00+00:00, run_after=2025-06-21 04:00:00+00:00
[2025-06-21T04:01:16.356+0000] {processor.py:183} INFO - Processing /opt/airflow/dags/odd_even_time.py took 0.378 seconds
[2025-06-21T04:01:46.640+0000] {processor.py:161} INFO - Started process (PID=501) to work on /opt/airflow/dags/odd_even_time.py
[2025-06-21T04:01:46.641+0000] {processor.py:830} INFO - Processing file /opt/airflow/dags/odd_even_time.py for tasks to queue
[2025-06-21T04:01:46.643+0000] {logging_mixin.py:188} INFO - [2025-06-21T04:01:46.643+0000] {dagbag.py:545} INFO - Filling up the DagBag from /opt/airflow/dags/odd_even_time.py
[2025-06-21T04:01:46.989+0000] {processor.py:840} INFO - DAG(s) 'clickhouse_metrics_checker' retrieved from /opt/airflow/dags/odd_even_time.py
[2025-06-21T04:01:47.018+0000] {logging_mixin.py:188} INFO - [2025-06-21T04:01:47.018+0000] {dag.py:3096} INFO - Sync 1 DAGs
[2025-06-21T04:01:47.046+0000] {logging_mixin.py:188} INFO - [2025-06-21T04:01:47.046+0000] {dag.py:3954} INFO - Setting next_dagrun for clickhouse_metrics_checker to 2025-06-21 03:00:00+00:00, run_after=2025-06-21 04:00:00+00:00
[2025-06-21T04:01:47.065+0000] {processor.py:183} INFO - Processing /opt/airflow/dags/odd_even_time.py took 0.434 seconds
[2025-06-21T04:02:17.379+0000] {processor.py:161} INFO - Started process (PID=513) to work on /opt/airflow/dags/odd_even_time.py
[2025-06-21T04:02:17.380+0000] {processor.py:830} INFO - Processing file /opt/airflow/dags/odd_even_time.py for tasks to queue
[2025-06-21T04:02:17.382+0000] {logging_mixin.py:188} INFO - [2025-06-21T04:02:17.382+0000] {dagbag.py:545} INFO - Filling up the DagBag from /opt/airflow/dags/odd_even_time.py
[2025-06-21T04:02:17.697+0000] {processor.py:840} INFO - DAG(s) 'clickhouse_metrics_checker' retrieved from /opt/airflow/dags/odd_even_time.py
[2025-06-21T04:02:17.719+0000] {logging_mixin.py:188} INFO - [2025-06-21T04:02:17.718+0000] {dag.py:3096} INFO - Sync 1 DAGs
[2025-06-21T04:02:17.741+0000] {logging_mixin.py:188} INFO - [2025-06-21T04:02:17.741+0000] {dag.py:3954} INFO - Setting next_dagrun for clickhouse_metrics_checker to 2025-06-21 03:00:00+00:00, run_after=2025-06-21 04:00:00+00:00
[2025-06-21T04:02:17.760+0000] {processor.py:183} INFO - Processing /opt/airflow/dags/odd_even_time.py took 0.393 seconds
[2025-06-21T04:02:48.015+0000] {processor.py:161} INFO - Started process (PID=525) to work on /opt/airflow/dags/odd_even_time.py
[2025-06-21T04:02:48.016+0000] {processor.py:830} INFO - Processing file /opt/airflow/dags/odd_even_time.py for tasks to queue
[2025-06-21T04:02:48.019+0000] {logging_mixin.py:188} INFO - [2025-06-21T04:02:48.019+0000] {dagbag.py:545} INFO - Filling up the DagBag from /opt/airflow/dags/odd_even_time.py
[2025-06-21T04:02:48.401+0000] {processor.py:840} INFO - DAG(s) 'clickhouse_metrics_checker' retrieved from /opt/airflow/dags/odd_even_time.py
[2025-06-21T04:02:48.428+0000] {logging_mixin.py:188} INFO - [2025-06-21T04:02:48.428+0000] {dag.py:3096} INFO - Sync 1 DAGs
[2025-06-21T04:02:48.455+0000] {logging_mixin.py:188} INFO - [2025-06-21T04:02:48.455+0000] {dag.py:3954} INFO - Setting next_dagrun for clickhouse_metrics_checker to 2025-06-21 03:00:00+00:00, run_after=2025-06-21 04:00:00+00:00
[2025-06-21T04:02:48.477+0000] {processor.py:183} INFO - Processing /opt/airflow/dags/odd_even_time.py took 0.472 seconds
[2025-06-21T04:03:18.827+0000] {processor.py:161} INFO - Started process (PID=537) to work on /opt/airflow/dags/odd_even_time.py
[2025-06-21T04:03:18.828+0000] {processor.py:830} INFO - Processing file /opt/airflow/dags/odd_even_time.py for tasks to queue
[2025-06-21T04:03:18.829+0000] {logging_mixin.py:188} INFO - [2025-06-21T04:03:18.829+0000] {dagbag.py:545} INFO - Filling up the DagBag from /opt/airflow/dags/odd_even_time.py
[2025-06-21T04:03:19.180+0000] {processor.py:840} INFO - DAG(s) 'clickhouse_metrics_checker' retrieved from /opt/airflow/dags/odd_even_time.py
[2025-06-21T04:03:19.207+0000] {logging_mixin.py:188} INFO - [2025-06-21T04:03:19.207+0000] {dag.py:3096} INFO - Sync 1 DAGs
[2025-06-21T04:03:19.234+0000] {logging_mixin.py:188} INFO - [2025-06-21T04:03:19.233+0000] {dag.py:3954} INFO - Setting next_dagrun for clickhouse_metrics_checker to 2025-06-21 03:00:00+00:00, run_after=2025-06-21 04:00:00+00:00
[2025-06-21T04:03:19.255+0000] {processor.py:183} INFO - Processing /opt/airflow/dags/odd_even_time.py took 0.434 seconds
[2025-06-21T04:03:49.564+0000] {processor.py:161} INFO - Started process (PID=549) to work on /opt/airflow/dags/odd_even_time.py
[2025-06-21T04:03:49.565+0000] {processor.py:830} INFO - Processing file /opt/airflow/dags/odd_even_time.py for tasks to queue
[2025-06-21T04:03:49.567+0000] {logging_mixin.py:188} INFO - [2025-06-21T04:03:49.567+0000] {dagbag.py:545} INFO - Filling up the DagBag from /opt/airflow/dags/odd_even_time.py
[2025-06-21T04:03:49.937+0000] {processor.py:840} INFO - DAG(s) 'clickhouse_metrics_checker' retrieved from /opt/airflow/dags/odd_even_time.py
[2025-06-21T04:03:49.964+0000] {logging_mixin.py:188} INFO - [2025-06-21T04:03:49.964+0000] {dag.py:3096} INFO - Sync 1 DAGs
[2025-06-21T04:03:49.992+0000] {logging_mixin.py:188} INFO - [2025-06-21T04:03:49.992+0000] {dag.py:3954} INFO - Setting next_dagrun for clickhouse_metrics_checker to 2025-06-21 03:00:00+00:00, run_after=2025-06-21 04:00:00+00:00
[2025-06-21T04:03:50.020+0000] {processor.py:183} INFO - Processing /opt/airflow/dags/odd_even_time.py took 0.469 seconds
[2025-06-21T04:04:20.308+0000] {processor.py:161} INFO - Started process (PID=561) to work on /opt/airflow/dags/odd_even_time.py
[2025-06-21T04:04:20.309+0000] {processor.py:830} INFO - Processing file /opt/airflow/dags/odd_even_time.py for tasks to queue
[2025-06-21T04:04:20.311+0000] {logging_mixin.py:188} INFO - [2025-06-21T04:04:20.310+0000] {dagbag.py:545} INFO - Filling up the DagBag from /opt/airflow/dags/odd_even_time.py
[2025-06-21T04:04:20.719+0000] {processor.py:840} INFO - DAG(s) 'clickhouse_metrics_checker' retrieved from /opt/airflow/dags/odd_even_time.py
[2025-06-21T04:04:20.745+0000] {logging_mixin.py:188} INFO - [2025-06-21T04:04:20.745+0000] {dag.py:3096} INFO - Sync 1 DAGs
[2025-06-21T04:04:20.774+0000] {logging_mixin.py:188} INFO - [2025-06-21T04:04:20.774+0000] {dag.py:3954} INFO - Setting next_dagrun for clickhouse_metrics_checker to 2025-06-21 03:00:00+00:00, run_after=2025-06-21 04:00:00+00:00
[2025-06-21T04:04:20.795+0000] {processor.py:183} INFO - Processing /opt/airflow/dags/odd_even_time.py took 0.495 seconds
[2025-06-21T04:04:51.090+0000] {processor.py:161} INFO - Started process (PID=573) to work on /opt/airflow/dags/odd_even_time.py
[2025-06-21T04:04:51.091+0000] {processor.py:830} INFO - Processing file /opt/airflow/dags/odd_even_time.py for tasks to queue
[2025-06-21T04:04:51.092+0000] {logging_mixin.py:188} INFO - [2025-06-21T04:04:51.092+0000] {dagbag.py:545} INFO - Filling up the DagBag from /opt/airflow/dags/odd_even_time.py
[2025-06-21T04:04:51.405+0000] {processor.py:840} INFO - DAG(s) 'clickhouse_metrics_checker' retrieved from /opt/airflow/dags/odd_even_time.py
[2025-06-21T04:04:51.433+0000] {logging_mixin.py:188} INFO - [2025-06-21T04:04:51.433+0000] {dag.py:3096} INFO - Sync 1 DAGs
[2025-06-21T04:04:51.459+0000] {logging_mixin.py:188} INFO - [2025-06-21T04:04:51.459+0000] {dag.py:3954} INFO - Setting next_dagrun for clickhouse_metrics_checker to 2025-06-21 03:00:00+00:00, run_after=2025-06-21 04:00:00+00:00
[2025-06-21T04:04:51.477+0000] {processor.py:183} INFO - Processing /opt/airflow/dags/odd_even_time.py took 0.394 seconds
[2025-06-21T04:05:21.723+0000] {processor.py:161} INFO - Started process (PID=585) to work on /opt/airflow/dags/odd_even_time.py
[2025-06-21T04:05:21.724+0000] {processor.py:830} INFO - Processing file /opt/airflow/dags/odd_even_time.py for tasks to queue
[2025-06-21T04:05:21.726+0000] {logging_mixin.py:188} INFO - [2025-06-21T04:05:21.726+0000] {dagbag.py:545} INFO - Filling up the DagBag from /opt/airflow/dags/odd_even_time.py
[2025-06-21T04:05:22.087+0000] {processor.py:840} INFO - DAG(s) 'clickhouse_metrics_checker' retrieved from /opt/airflow/dags/odd_even_time.py
[2025-06-21T04:05:22.114+0000] {logging_mixin.py:188} INFO - [2025-06-21T04:05:22.113+0000] {dag.py:3096} INFO - Sync 1 DAGs
[2025-06-21T04:05:22.139+0000] {logging_mixin.py:188} INFO - [2025-06-21T04:05:22.139+0000] {dag.py:3954} INFO - Setting next_dagrun for clickhouse_metrics_checker to 2025-06-21 03:00:00+00:00, run_after=2025-06-21 04:00:00+00:00
[2025-06-21T04:05:22.159+0000] {processor.py:183} INFO - Processing /opt/airflow/dags/odd_even_time.py took 0.443 seconds
[2025-06-21T04:05:52.412+0000] {processor.py:161} INFO - Started process (PID=597) to work on /opt/airflow/dags/odd_even_time.py
[2025-06-21T04:05:52.413+0000] {processor.py:830} INFO - Processing file /opt/airflow/dags/odd_even_time.py for tasks to queue
[2025-06-21T04:05:52.415+0000] {logging_mixin.py:188} INFO - [2025-06-21T04:05:52.415+0000] {dagbag.py:545} INFO - Filling up the DagBag from /opt/airflow/dags/odd_even_time.py
[2025-06-21T04:05:52.759+0000] {processor.py:840} INFO - DAG(s) 'clickhouse_metrics_checker' retrieved from /opt/airflow/dags/odd_even_time.py
[2025-06-21T04:05:52.783+0000] {logging_mixin.py:188} INFO - [2025-06-21T04:05:52.783+0000] {dag.py:3096} INFO - Sync 1 DAGs
[2025-06-21T04:05:52.805+0000] {logging_mixin.py:188} INFO - [2025-06-21T04:05:52.805+0000] {dag.py:3954} INFO - Setting next_dagrun for clickhouse_metrics_checker to 2025-06-21 03:00:00+00:00, run_after=2025-06-21 04:00:00+00:00
[2025-06-21T04:05:52.822+0000] {processor.py:183} INFO - Processing /opt/airflow/dags/odd_even_time.py took 0.418 seconds
[2025-06-21T04:06:23.095+0000] {processor.py:161} INFO - Started process (PID=609) to work on /opt/airflow/dags/odd_even_time.py
[2025-06-21T04:06:23.095+0000] {processor.py:830} INFO - Processing file /opt/airflow/dags/odd_even_time.py for tasks to queue
[2025-06-21T04:06:23.097+0000] {logging_mixin.py:188} INFO - [2025-06-21T04:06:23.097+0000] {dagbag.py:545} INFO - Filling up the DagBag from /opt/airflow/dags/odd_even_time.py
[2025-06-21T04:06:23.413+0000] {processor.py:840} INFO - DAG(s) 'clickhouse_metrics_checker' retrieved from /opt/airflow/dags/odd_even_time.py
[2025-06-21T04:06:23.436+0000] {logging_mixin.py:188} INFO - [2025-06-21T04:06:23.436+0000] {dag.py:3096} INFO - Sync 1 DAGs
[2025-06-21T04:06:23.459+0000] {logging_mixin.py:188} INFO - [2025-06-21T04:06:23.459+0000] {dag.py:3954} INFO - Setting next_dagrun for clickhouse_metrics_checker to 2025-06-21 03:00:00+00:00, run_after=2025-06-21 04:00:00+00:00
[2025-06-21T04:06:23.477+0000] {processor.py:183} INFO - Processing /opt/airflow/dags/odd_even_time.py took 0.389 seconds
[2025-06-21T04:06:53.749+0000] {processor.py:161} INFO - Started process (PID=627) to work on /opt/airflow/dags/odd_even_time.py
[2025-06-21T04:06:53.750+0000] {processor.py:830} INFO - Processing file /opt/airflow/dags/odd_even_time.py for tasks to queue
[2025-06-21T04:06:53.752+0000] {logging_mixin.py:188} INFO - [2025-06-21T04:06:53.752+0000] {dagbag.py:545} INFO - Filling up the DagBag from /opt/airflow/dags/odd_even_time.py
[2025-06-21T04:06:54.067+0000] {processor.py:840} INFO - DAG(s) 'clickhouse_metrics_checker' retrieved from /opt/airflow/dags/odd_even_time.py
[2025-06-21T04:06:54.094+0000] {logging_mixin.py:188} INFO - [2025-06-21T04:06:54.093+0000] {dag.py:3096} INFO - Sync 1 DAGs
[2025-06-21T04:06:54.125+0000] {logging_mixin.py:188} INFO - [2025-06-21T04:06:54.124+0000] {dag.py:3954} INFO - Setting next_dagrun for clickhouse_metrics_checker to 2025-06-21 03:00:00+00:00, run_after=2025-06-21 04:00:00+00:00
[2025-06-21T04:06:54.148+0000] {processor.py:183} INFO - Processing /opt/airflow/dags/odd_even_time.py took 0.406 seconds
[2025-06-21T04:07:24.475+0000] {processor.py:161} INFO - Started process (PID=639) to work on /opt/airflow/dags/odd_even_time.py
[2025-06-21T04:07:24.476+0000] {processor.py:830} INFO - Processing file /opt/airflow/dags/odd_even_time.py for tasks to queue
[2025-06-21T04:07:24.478+0000] {logging_mixin.py:188} INFO - [2025-06-21T04:07:24.478+0000] {dagbag.py:545} INFO - Filling up the DagBag from /opt/airflow/dags/odd_even_time.py
[2025-06-21T04:07:24.850+0000] {processor.py:840} INFO - DAG(s) 'clickhouse_metrics_checker' retrieved from /opt/airflow/dags/odd_even_time.py
[2025-06-21T04:07:24.879+0000] {logging_mixin.py:188} INFO - [2025-06-21T04:07:24.878+0000] {dag.py:3096} INFO - Sync 1 DAGs
[2025-06-21T04:07:24.908+0000] {logging_mixin.py:188} INFO - [2025-06-21T04:07:24.908+0000] {dag.py:3954} INFO - Setting next_dagrun for clickhouse_metrics_checker to 2025-06-21 03:00:00+00:00, run_after=2025-06-21 04:00:00+00:00
[2025-06-21T04:07:24.930+0000] {processor.py:183} INFO - Processing /opt/airflow/dags/odd_even_time.py took 0.466 seconds
[2025-06-21T04:07:55.240+0000] {processor.py:161} INFO - Started process (PID=651) to work on /opt/airflow/dags/odd_even_time.py
[2025-06-21T04:07:55.242+0000] {processor.py:830} INFO - Processing file /opt/airflow/dags/odd_even_time.py for tasks to queue
[2025-06-21T04:07:55.244+0000] {logging_mixin.py:188} INFO - [2025-06-21T04:07:55.243+0000] {dagbag.py:545} INFO - Filling up the DagBag from /opt/airflow/dags/odd_even_time.py
[2025-06-21T04:07:55.711+0000] {processor.py:840} INFO - DAG(s) 'clickhouse_metrics_checker' retrieved from /opt/airflow/dags/odd_even_time.py
[2025-06-21T04:07:55.733+0000] {logging_mixin.py:188} INFO - [2025-06-21T04:07:55.733+0000] {dag.py:3096} INFO - Sync 1 DAGs
[2025-06-21T04:07:55.758+0000] {logging_mixin.py:188} INFO - [2025-06-21T04:07:55.758+0000] {dag.py:3954} INFO - Setting next_dagrun for clickhouse_metrics_checker to 2025-06-21 03:00:00+00:00, run_after=2025-06-21 04:00:00+00:00
[2025-06-21T04:07:55.777+0000] {processor.py:183} INFO - Processing /opt/airflow/dags/odd_even_time.py took 0.545 seconds
[2025-06-21T04:08:26.060+0000] {processor.py:161} INFO - Started process (PID=663) to work on /opt/airflow/dags/odd_even_time.py
[2025-06-21T04:08:26.061+0000] {processor.py:830} INFO - Processing file /opt/airflow/dags/odd_even_time.py for tasks to queue
[2025-06-21T04:08:26.064+0000] {logging_mixin.py:188} INFO - [2025-06-21T04:08:26.064+0000] {dagbag.py:545} INFO - Filling up the DagBag from /opt/airflow/dags/odd_even_time.py
[2025-06-21T04:08:26.411+0000] {processor.py:840} INFO - DAG(s) 'clickhouse_metrics_checker' retrieved from /opt/airflow/dags/odd_even_time.py
[2025-06-21T04:08:26.437+0000] {logging_mixin.py:188} INFO - [2025-06-21T04:08:26.437+0000] {dag.py:3096} INFO - Sync 1 DAGs
[2025-06-21T04:08:26.461+0000] {logging_mixin.py:188} INFO - [2025-06-21T04:08:26.461+0000] {dag.py:3954} INFO - Setting next_dagrun for clickhouse_metrics_checker to 2025-06-21 03:00:00+00:00, run_after=2025-06-21 04:00:00+00:00
[2025-06-21T04:08:26.481+0000] {processor.py:183} INFO - Processing /opt/airflow/dags/odd_even_time.py took 0.433 seconds
[2025-06-21T04:08:56.776+0000] {processor.py:161} INFO - Started process (PID=675) to work on /opt/airflow/dags/odd_even_time.py
[2025-06-21T04:08:56.777+0000] {processor.py:830} INFO - Processing file /opt/airflow/dags/odd_even_time.py for tasks to queue
[2025-06-21T04:08:56.779+0000] {logging_mixin.py:188} INFO - [2025-06-21T04:08:56.779+0000] {dagbag.py:545} INFO - Filling up the DagBag from /opt/airflow/dags/odd_even_time.py
[2025-06-21T04:08:57.112+0000] {processor.py:840} INFO - DAG(s) 'clickhouse_metrics_checker' retrieved from /opt/airflow/dags/odd_even_time.py
[2025-06-21T04:08:57.135+0000] {logging_mixin.py:188} INFO - [2025-06-21T04:08:57.135+0000] {dag.py:3096} INFO - Sync 1 DAGs
[2025-06-21T04:08:57.159+0000] {logging_mixin.py:188} INFO - [2025-06-21T04:08:57.159+0000] {dag.py:3954} INFO - Setting next_dagrun for clickhouse_metrics_checker to 2025-06-21 03:00:00+00:00, run_after=2025-06-21 04:00:00+00:00
[2025-06-21T04:08:57.176+0000] {processor.py:183} INFO - Processing /opt/airflow/dags/odd_even_time.py took 0.407 seconds
[2025-06-21T04:09:27.469+0000] {processor.py:161} INFO - Started process (PID=687) to work on /opt/airflow/dags/odd_even_time.py
[2025-06-21T04:09:27.470+0000] {processor.py:830} INFO - Processing file /opt/airflow/dags/odd_even_time.py for tasks to queue
[2025-06-21T04:09:27.472+0000] {logging_mixin.py:188} INFO - [2025-06-21T04:09:27.472+0000] {dagbag.py:545} INFO - Filling up the DagBag from /opt/airflow/dags/odd_even_time.py
[2025-06-21T04:09:27.840+0000] {processor.py:840} INFO - DAG(s) 'clickhouse_metrics_checker' retrieved from /opt/airflow/dags/odd_even_time.py
[2025-06-21T04:09:27.872+0000] {logging_mixin.py:188} INFO - [2025-06-21T04:09:27.871+0000] {dag.py:3096} INFO - Sync 1 DAGs
[2025-06-21T04:09:27.906+0000] {logging_mixin.py:188} INFO - [2025-06-21T04:09:27.906+0000] {dag.py:3954} INFO - Setting next_dagrun for clickhouse_metrics_checker to 2025-06-21 03:00:00+00:00, run_after=2025-06-21 04:00:00+00:00
[2025-06-21T04:09:27.934+0000] {processor.py:183} INFO - Processing /opt/airflow/dags/odd_even_time.py took 0.476 seconds
[2025-06-21T04:09:58.264+0000] {processor.py:161} INFO - Started process (PID=699) to work on /opt/airflow/dags/odd_even_time.py
[2025-06-21T04:09:58.266+0000] {processor.py:830} INFO - Processing file /opt/airflow/dags/odd_even_time.py for tasks to queue
[2025-06-21T04:09:58.268+0000] {logging_mixin.py:188} INFO - [2025-06-21T04:09:58.267+0000] {dagbag.py:545} INFO - Filling up the DagBag from /opt/airflow/dags/odd_even_time.py
[2025-06-21T04:09:58.604+0000] {processor.py:840} INFO - DAG(s) 'clickhouse_metrics_checker' retrieved from /opt/airflow/dags/odd_even_time.py
[2025-06-21T04:09:58.630+0000] {logging_mixin.py:188} INFO - [2025-06-21T04:09:58.629+0000] {dag.py:3096} INFO - Sync 1 DAGs
[2025-06-21T04:09:58.655+0000] {logging_mixin.py:188} INFO - [2025-06-21T04:09:58.654+0000] {dag.py:3954} INFO - Setting next_dagrun for clickhouse_metrics_checker to 2025-06-21 03:00:00+00:00, run_after=2025-06-21 04:00:00+00:00
[2025-06-21T04:09:58.673+0000] {processor.py:183} INFO - Processing /opt/airflow/dags/odd_even_time.py took 0.421 seconds
[2025-06-21T04:10:28.988+0000] {processor.py:161} INFO - Started process (PID=711) to work on /opt/airflow/dags/odd_even_time.py
[2025-06-21T04:10:28.989+0000] {processor.py:830} INFO - Processing file /opt/airflow/dags/odd_even_time.py for tasks to queue
[2025-06-21T04:10:28.991+0000] {logging_mixin.py:188} INFO - [2025-06-21T04:10:28.991+0000] {dagbag.py:545} INFO - Filling up the DagBag from /opt/airflow/dags/odd_even_time.py
[2025-06-21T04:10:29.341+0000] {processor.py:840} INFO - DAG(s) 'clickhouse_metrics_checker' retrieved from /opt/airflow/dags/odd_even_time.py
[2025-06-21T04:10:29.366+0000] {logging_mixin.py:188} INFO - [2025-06-21T04:10:29.366+0000] {dag.py:3096} INFO - Sync 1 DAGs
[2025-06-21T04:10:29.393+0000] {logging_mixin.py:188} INFO - [2025-06-21T04:10:29.392+0000] {dag.py:3954} INFO - Setting next_dagrun for clickhouse_metrics_checker to 2025-06-21 03:00:00+00:00, run_after=2025-06-21 04:00:00+00:00
[2025-06-21T04:10:29.414+0000] {processor.py:183} INFO - Processing /opt/airflow/dags/odd_even_time.py took 0.433 seconds
[2025-06-21T04:10:59.705+0000] {processor.py:161} INFO - Started process (PID=723) to work on /opt/airflow/dags/odd_even_time.py
[2025-06-21T04:10:59.706+0000] {processor.py:830} INFO - Processing file /opt/airflow/dags/odd_even_time.py for tasks to queue
[2025-06-21T04:10:59.708+0000] {logging_mixin.py:188} INFO - [2025-06-21T04:10:59.707+0000] {dagbag.py:545} INFO - Filling up the DagBag from /opt/airflow/dags/odd_even_time.py
[2025-06-21T04:11:00.001+0000] {processor.py:840} INFO - DAG(s) 'clickhouse_metrics_checker' retrieved from /opt/airflow/dags/odd_even_time.py
[2025-06-21T04:11:00.026+0000] {logging_mixin.py:188} INFO - [2025-06-21T04:11:00.025+0000] {dag.py:3096} INFO - Sync 1 DAGs
[2025-06-21T04:11:00.048+0000] {logging_mixin.py:188} INFO - [2025-06-21T04:11:00.048+0000] {dag.py:3954} INFO - Setting next_dagrun for clickhouse_metrics_checker to 2025-06-21 03:00:00+00:00, run_after=2025-06-21 04:00:00+00:00
[2025-06-21T04:11:00.066+0000] {processor.py:183} INFO - Processing /opt/airflow/dags/odd_even_time.py took 0.372 seconds
[2025-06-21T04:11:30.338+0000] {processor.py:161} INFO - Started process (PID=735) to work on /opt/airflow/dags/odd_even_time.py
[2025-06-21T04:11:30.339+0000] {processor.py:830} INFO - Processing file /opt/airflow/dags/odd_even_time.py for tasks to queue
[2025-06-21T04:11:30.341+0000] {logging_mixin.py:188} INFO - [2025-06-21T04:11:30.341+0000] {dagbag.py:545} INFO - Filling up the DagBag from /opt/airflow/dags/odd_even_time.py
[2025-06-21T04:11:30.648+0000] {processor.py:840} INFO - DAG(s) 'clickhouse_metrics_checker' retrieved from /opt/airflow/dags/odd_even_time.py
[2025-06-21T04:11:30.673+0000] {logging_mixin.py:188} INFO - [2025-06-21T04:11:30.673+0000] {dag.py:3096} INFO - Sync 1 DAGs
[2025-06-21T04:11:30.696+0000] {logging_mixin.py:188} INFO - [2025-06-21T04:11:30.696+0000] {dag.py:3954} INFO - Setting next_dagrun for clickhouse_metrics_checker to 2025-06-21 03:00:00+00:00, run_after=2025-06-21 04:00:00+00:00
[2025-06-21T04:11:30.711+0000] {processor.py:183} INFO - Processing /opt/airflow/dags/odd_even_time.py took 0.385 seconds
[2025-06-21T04:12:00.998+0000] {processor.py:161} INFO - Started process (PID=747) to work on /opt/airflow/dags/odd_even_time.py
[2025-06-21T04:12:01.000+0000] {processor.py:830} INFO - Processing file /opt/airflow/dags/odd_even_time.py for tasks to queue
[2025-06-21T04:12:01.002+0000] {logging_mixin.py:188} INFO - [2025-06-21T04:12:01.001+0000] {dagbag.py:545} INFO - Filling up the DagBag from /opt/airflow/dags/odd_even_time.py
[2025-06-21T04:12:01.292+0000] {processor.py:840} INFO - DAG(s) 'clickhouse_metrics_checker' retrieved from /opt/airflow/dags/odd_even_time.py
[2025-06-21T04:12:01.315+0000] {logging_mixin.py:188} INFO - [2025-06-21T04:12:01.315+0000] {dag.py:3096} INFO - Sync 1 DAGs
[2025-06-21T04:12:01.336+0000] {logging_mixin.py:188} INFO - [2025-06-21T04:12:01.336+0000] {dag.py:3954} INFO - Setting next_dagrun for clickhouse_metrics_checker to 2025-06-21 03:00:00+00:00, run_after=2025-06-21 04:00:00+00:00
[2025-06-21T04:12:01.352+0000] {processor.py:183} INFO - Processing /opt/airflow/dags/odd_even_time.py took 0.365 seconds
[2025-06-21T04:12:31.650+0000] {processor.py:161} INFO - Started process (PID=759) to work on /opt/airflow/dags/odd_even_time.py
[2025-06-21T04:12:31.651+0000] {processor.py:830} INFO - Processing file /opt/airflow/dags/odd_even_time.py for tasks to queue
[2025-06-21T04:12:31.653+0000] {logging_mixin.py:188} INFO - [2025-06-21T04:12:31.652+0000] {dagbag.py:545} INFO - Filling up the DagBag from /opt/airflow/dags/odd_even_time.py
[2025-06-21T04:12:31.997+0000] {processor.py:840} INFO - DAG(s) 'clickhouse_metrics_checker' retrieved from /opt/airflow/dags/odd_even_time.py
[2025-06-21T04:12:32.025+0000] {logging_mixin.py:188} INFO - [2025-06-21T04:12:32.024+0000] {dag.py:3096} INFO - Sync 1 DAGs
[2025-06-21T04:12:32.050+0000] {logging_mixin.py:188} INFO - [2025-06-21T04:12:32.049+0000] {dag.py:3954} INFO - Setting next_dagrun for clickhouse_metrics_checker to 2025-06-21 03:00:00+00:00, run_after=2025-06-21 04:00:00+00:00
[2025-06-21T04:12:32.071+0000] {processor.py:183} INFO - Processing /opt/airflow/dags/odd_even_time.py took 0.432 seconds
[2025-06-21T04:13:02.370+0000] {processor.py:161} INFO - Started process (PID=771) to work on /opt/airflow/dags/odd_even_time.py
[2025-06-21T04:13:02.371+0000] {processor.py:830} INFO - Processing file /opt/airflow/dags/odd_even_time.py for tasks to queue
[2025-06-21T04:13:02.372+0000] {logging_mixin.py:188} INFO - [2025-06-21T04:13:02.372+0000] {dagbag.py:545} INFO - Filling up the DagBag from /opt/airflow/dags/odd_even_time.py
[2025-06-21T04:13:02.675+0000] {processor.py:840} INFO - DAG(s) 'clickhouse_metrics_checker' retrieved from /opt/airflow/dags/odd_even_time.py
[2025-06-21T04:13:02.696+0000] {logging_mixin.py:188} INFO - [2025-06-21T04:13:02.696+0000] {dag.py:3096} INFO - Sync 1 DAGs
[2025-06-21T04:13:02.718+0000] {logging_mixin.py:188} INFO - [2025-06-21T04:13:02.718+0000] {dag.py:3954} INFO - Setting next_dagrun for clickhouse_metrics_checker to 2025-06-21 03:00:00+00:00, run_after=2025-06-21 04:00:00+00:00
[2025-06-21T04:13:02.737+0000] {processor.py:183} INFO - Processing /opt/airflow/dags/odd_even_time.py took 0.381 seconds
[2025-06-21T04:13:33.025+0000] {processor.py:161} INFO - Started process (PID=783) to work on /opt/airflow/dags/odd_even_time.py
[2025-06-21T04:13:33.026+0000] {processor.py:830} INFO - Processing file /opt/airflow/dags/odd_even_time.py for tasks to queue
[2025-06-21T04:13:33.028+0000] {logging_mixin.py:188} INFO - [2025-06-21T04:13:33.028+0000] {dagbag.py:545} INFO - Filling up the DagBag from /opt/airflow/dags/odd_even_time.py
[2025-06-21T04:13:33.386+0000] {processor.py:840} INFO - DAG(s) 'clickhouse_metrics_checker' retrieved from /opt/airflow/dags/odd_even_time.py
[2025-06-21T04:13:33.411+0000] {logging_mixin.py:188} INFO - [2025-06-21T04:13:33.410+0000] {dag.py:3096} INFO - Sync 1 DAGs
[2025-06-21T04:13:33.433+0000] {logging_mixin.py:188} INFO - [2025-06-21T04:13:33.433+0000] {dag.py:3954} INFO - Setting next_dagrun for clickhouse_metrics_checker to 2025-06-21 03:00:00+00:00, run_after=2025-06-21 04:00:00+00:00
[2025-06-21T04:13:33.452+0000] {processor.py:183} INFO - Processing /opt/airflow/dags/odd_even_time.py took 0.438 seconds
[2025-06-21T04:14:03.739+0000] {processor.py:161} INFO - Started process (PID=795) to work on /opt/airflow/dags/odd_even_time.py
[2025-06-21T04:14:03.739+0000] {processor.py:830} INFO - Processing file /opt/airflow/dags/odd_even_time.py for tasks to queue
[2025-06-21T04:14:03.741+0000] {logging_mixin.py:188} INFO - [2025-06-21T04:14:03.741+0000] {dagbag.py:545} INFO - Filling up the DagBag from /opt/airflow/dags/odd_even_time.py
[2025-06-21T04:14:04.130+0000] {processor.py:840} INFO - DAG(s) 'clickhouse_metrics_checker' retrieved from /opt/airflow/dags/odd_even_time.py
[2025-06-21T04:14:04.159+0000] {logging_mixin.py:188} INFO - [2025-06-21T04:14:04.159+0000] {dag.py:3096} INFO - Sync 1 DAGs
[2025-06-21T04:14:04.186+0000] {logging_mixin.py:188} INFO - [2025-06-21T04:14:04.186+0000] {dag.py:3954} INFO - Setting next_dagrun for clickhouse_metrics_checker to 2025-06-21 03:00:00+00:00, run_after=2025-06-21 04:00:00+00:00
[2025-06-21T04:14:04.208+0000] {processor.py:183} INFO - Processing /opt/airflow/dags/odd_even_time.py took 0.480 seconds
[2025-06-21T04:14:34.518+0000] {processor.py:161} INFO - Started process (PID=807) to work on /opt/airflow/dags/odd_even_time.py
[2025-06-21T04:14:34.519+0000] {processor.py:830} INFO - Processing file /opt/airflow/dags/odd_even_time.py for tasks to queue
[2025-06-21T04:14:34.521+0000] {logging_mixin.py:188} INFO - [2025-06-21T04:14:34.521+0000] {dagbag.py:545} INFO - Filling up the DagBag from /opt/airflow/dags/odd_even_time.py
[2025-06-21T04:14:34.841+0000] {processor.py:840} INFO - DAG(s) 'clickhouse_metrics_checker' retrieved from /opt/airflow/dags/odd_even_time.py
[2025-06-21T04:14:34.864+0000] {logging_mixin.py:188} INFO - [2025-06-21T04:14:34.864+0000] {dag.py:3096} INFO - Sync 1 DAGs
[2025-06-21T04:14:34.887+0000] {logging_mixin.py:188} INFO - [2025-06-21T04:14:34.887+0000] {dag.py:3954} INFO - Setting next_dagrun for clickhouse_metrics_checker to 2025-06-21 03:00:00+00:00, run_after=2025-06-21 04:00:00+00:00
[2025-06-21T04:14:34.903+0000] {processor.py:183} INFO - Processing /opt/airflow/dags/odd_even_time.py took 0.397 seconds
[2025-06-21T04:15:05.193+0000] {processor.py:161} INFO - Started process (PID=819) to work on /opt/airflow/dags/odd_even_time.py
[2025-06-21T04:15:05.194+0000] {processor.py:830} INFO - Processing file /opt/airflow/dags/odd_even_time.py for tasks to queue
[2025-06-21T04:15:05.196+0000] {logging_mixin.py:188} INFO - [2025-06-21T04:15:05.195+0000] {dagbag.py:545} INFO - Filling up the DagBag from /opt/airflow/dags/odd_even_time.py
[2025-06-21T04:15:05.518+0000] {processor.py:840} INFO - DAG(s) 'clickhouse_metrics_checker' retrieved from /opt/airflow/dags/odd_even_time.py
[2025-06-21T04:15:05.541+0000] {logging_mixin.py:188} INFO - [2025-06-21T04:15:05.540+0000] {dag.py:3096} INFO - Sync 1 DAGs
[2025-06-21T04:15:05.564+0000] {logging_mixin.py:188} INFO - [2025-06-21T04:15:05.563+0000] {dag.py:3954} INFO - Setting next_dagrun for clickhouse_metrics_checker to 2025-06-21 03:00:00+00:00, run_after=2025-06-21 04:00:00+00:00
[2025-06-21T04:15:05.584+0000] {processor.py:183} INFO - Processing /opt/airflow/dags/odd_even_time.py took 0.404 seconds
[2025-06-21T04:15:35.869+0000] {processor.py:161} INFO - Started process (PID=831) to work on /opt/airflow/dags/odd_even_time.py
[2025-06-21T04:15:35.870+0000] {processor.py:830} INFO - Processing file /opt/airflow/dags/odd_even_time.py for tasks to queue
[2025-06-21T04:15:35.872+0000] {logging_mixin.py:188} INFO - [2025-06-21T04:15:35.871+0000] {dagbag.py:545} INFO - Filling up the DagBag from /opt/airflow/dags/odd_even_time.py
[2025-06-21T04:15:36.231+0000] {processor.py:840} INFO - DAG(s) 'clickhouse_metrics_checker' retrieved from /opt/airflow/dags/odd_even_time.py
[2025-06-21T04:15:36.254+0000] {logging_mixin.py:188} INFO - [2025-06-21T04:15:36.254+0000] {dag.py:3096} INFO - Sync 1 DAGs
[2025-06-21T04:15:36.279+0000] {logging_mixin.py:188} INFO - [2025-06-21T04:15:36.278+0000] {dag.py:3954} INFO - Setting next_dagrun for clickhouse_metrics_checker to 2025-06-21 03:00:00+00:00, run_after=2025-06-21 04:00:00+00:00
[2025-06-21T04:15:36.297+0000] {processor.py:183} INFO - Processing /opt/airflow/dags/odd_even_time.py took 0.438 seconds
[2025-06-21T04:16:06.551+0000] {processor.py:161} INFO - Started process (PID=843) to work on /opt/airflow/dags/odd_even_time.py
[2025-06-21T04:16:06.552+0000] {processor.py:830} INFO - Processing file /opt/airflow/dags/odd_even_time.py for tasks to queue
[2025-06-21T04:16:06.554+0000] {logging_mixin.py:188} INFO - [2025-06-21T04:16:06.554+0000] {dagbag.py:545} INFO - Filling up the DagBag from /opt/airflow/dags/odd_even_time.py
[2025-06-21T04:16:06.876+0000] {processor.py:840} INFO - DAG(s) 'clickhouse_metrics_checker' retrieved from /opt/airflow/dags/odd_even_time.py
[2025-06-21T04:16:06.904+0000] {logging_mixin.py:188} INFO - [2025-06-21T04:16:06.904+0000] {dag.py:3096} INFO - Sync 1 DAGs
[2025-06-21T04:16:06.935+0000] {logging_mixin.py:188} INFO - [2025-06-21T04:16:06.935+0000] {dag.py:3954} INFO - Setting next_dagrun for clickhouse_metrics_checker to 2025-06-21 03:00:00+00:00, run_after=2025-06-21 04:00:00+00:00
[2025-06-21T04:16:06.954+0000] {processor.py:183} INFO - Processing /opt/airflow/dags/odd_even_time.py took 0.414 seconds
[2025-06-21T04:16:37.244+0000] {processor.py:161} INFO - Started process (PID=855) to work on /opt/airflow/dags/odd_even_time.py
[2025-06-21T04:16:37.245+0000] {processor.py:830} INFO - Processing file /opt/airflow/dags/odd_even_time.py for tasks to queue
[2025-06-21T04:16:37.247+0000] {logging_mixin.py:188} INFO - [2025-06-21T04:16:37.247+0000] {dagbag.py:545} INFO - Filling up the DagBag from /opt/airflow/dags/odd_even_time.py
[2025-06-21T04:16:37.671+0000] {processor.py:840} INFO - DAG(s) 'clickhouse_metrics_checker' retrieved from /opt/airflow/dags/odd_even_time.py
[2025-06-21T04:16:37.705+0000] {logging_mixin.py:188} INFO - [2025-06-21T04:16:37.704+0000] {dag.py:3096} INFO - Sync 1 DAGs
[2025-06-21T04:16:37.744+0000] {logging_mixin.py:188} INFO - [2025-06-21T04:16:37.743+0000] {dag.py:3954} INFO - Setting next_dagrun for clickhouse_metrics_checker to 2025-06-21 03:00:00+00:00, run_after=2025-06-21 04:00:00+00:00
[2025-06-21T04:16:37.773+0000] {processor.py:183} INFO - Processing /opt/airflow/dags/odd_even_time.py took 0.538 seconds
[2025-06-21T04:17:08.065+0000] {processor.py:161} INFO - Started process (PID=867) to work on /opt/airflow/dags/odd_even_time.py
[2025-06-21T04:17:08.066+0000] {processor.py:830} INFO - Processing file /opt/airflow/dags/odd_even_time.py for tasks to queue
[2025-06-21T04:17:08.070+0000] {logging_mixin.py:188} INFO - [2025-06-21T04:17:08.069+0000] {dagbag.py:545} INFO - Filling up the DagBag from /opt/airflow/dags/odd_even_time.py
[2025-06-21T04:17:08.434+0000] {processor.py:840} INFO - DAG(s) 'clickhouse_metrics_checker' retrieved from /opt/airflow/dags/odd_even_time.py
[2025-06-21T04:17:08.458+0000] {logging_mixin.py:188} INFO - [2025-06-21T04:17:08.457+0000] {dag.py:3096} INFO - Sync 1 DAGs
[2025-06-21T04:17:08.480+0000] {logging_mixin.py:188} INFO - [2025-06-21T04:17:08.480+0000] {dag.py:3954} INFO - Setting next_dagrun for clickhouse_metrics_checker to 2025-06-21 03:00:00+00:00, run_after=2025-06-21 04:00:00+00:00
[2025-06-21T04:17:08.496+0000] {processor.py:183} INFO - Processing /opt/airflow/dags/odd_even_time.py took 0.441 seconds
[2025-06-21T04:17:38.772+0000] {processor.py:161} INFO - Started process (PID=879) to work on /opt/airflow/dags/odd_even_time.py
[2025-06-21T04:17:38.774+0000] {processor.py:830} INFO - Processing file /opt/airflow/dags/odd_even_time.py for tasks to queue
[2025-06-21T04:17:38.776+0000] {logging_mixin.py:188} INFO - [2025-06-21T04:17:38.775+0000] {dagbag.py:545} INFO - Filling up the DagBag from /opt/airflow/dags/odd_even_time.py
[2025-06-21T04:17:39.149+0000] {processor.py:840} INFO - DAG(s) 'clickhouse_metrics_checker' retrieved from /opt/airflow/dags/odd_even_time.py
[2025-06-21T04:17:39.171+0000] {logging_mixin.py:188} INFO - [2025-06-21T04:17:39.171+0000] {dag.py:3096} INFO - Sync 1 DAGs
[2025-06-21T04:17:39.194+0000] {logging_mixin.py:188} INFO - [2025-06-21T04:17:39.193+0000] {dag.py:3954} INFO - Setting next_dagrun for clickhouse_metrics_checker to 2025-06-21 03:00:00+00:00, run_after=2025-06-21 04:00:00+00:00
[2025-06-21T04:17:39.215+0000] {processor.py:183} INFO - Processing /opt/airflow/dags/odd_even_time.py took 0.454 seconds
[2025-06-21T04:18:09.448+0000] {processor.py:161} INFO - Started process (PID=891) to work on /opt/airflow/dags/odd_even_time.py
[2025-06-21T04:18:09.449+0000] {processor.py:830} INFO - Processing file /opt/airflow/dags/odd_even_time.py for tasks to queue
[2025-06-21T04:18:09.451+0000] {logging_mixin.py:188} INFO - [2025-06-21T04:18:09.451+0000] {dagbag.py:545} INFO - Filling up the DagBag from /opt/airflow/dags/odd_even_time.py
[2025-06-21T04:18:09.878+0000] {processor.py:840} INFO - DAG(s) 'clickhouse_metrics_checker' retrieved from /opt/airflow/dags/odd_even_time.py
[2025-06-21T04:18:09.938+0000] {logging_mixin.py:188} INFO - [2025-06-21T04:18:09.938+0000] {dag.py:3096} INFO - Sync 1 DAGs
[2025-06-21T04:18:09.988+0000] {logging_mixin.py:188} INFO - [2025-06-21T04:18:09.988+0000] {dag.py:3954} INFO - Setting next_dagrun for clickhouse_metrics_checker to 2025-06-21 03:00:00+00:00, run_after=2025-06-21 04:00:00+00:00
[2025-06-21T04:18:10.015+0000] {processor.py:183} INFO - Processing /opt/airflow/dags/odd_even_time.py took 0.575 seconds
[2025-06-21T04:18:40.312+0000] {processor.py:161} INFO - Started process (PID=903) to work on /opt/airflow/dags/odd_even_time.py
[2025-06-21T04:18:40.313+0000] {processor.py:830} INFO - Processing file /opt/airflow/dags/odd_even_time.py for tasks to queue
[2025-06-21T04:18:40.315+0000] {logging_mixin.py:188} INFO - [2025-06-21T04:18:40.314+0000] {dagbag.py:545} INFO - Filling up the DagBag from /opt/airflow/dags/odd_even_time.py
[2025-06-21T04:18:40.728+0000] {processor.py:840} INFO - DAG(s) 'clickhouse_metrics_checker' retrieved from /opt/airflow/dags/odd_even_time.py
[2025-06-21T04:18:40.757+0000] {logging_mixin.py:188} INFO - [2025-06-21T04:18:40.756+0000] {dag.py:3096} INFO - Sync 1 DAGs
[2025-06-21T04:18:40.786+0000] {logging_mixin.py:188} INFO - [2025-06-21T04:18:40.786+0000] {dag.py:3954} INFO - Setting next_dagrun for clickhouse_metrics_checker to 2025-06-21 03:00:00+00:00, run_after=2025-06-21 04:00:00+00:00
[2025-06-21T04:18:40.808+0000] {processor.py:183} INFO - Processing /opt/airflow/dags/odd_even_time.py took 0.507 seconds
[2025-06-21T04:19:11.112+0000] {processor.py:161} INFO - Started process (PID=915) to work on /opt/airflow/dags/odd_even_time.py
[2025-06-21T04:19:11.113+0000] {processor.py:830} INFO - Processing file /opt/airflow/dags/odd_even_time.py for tasks to queue
[2025-06-21T04:19:11.115+0000] {logging_mixin.py:188} INFO - [2025-06-21T04:19:11.115+0000] {dagbag.py:545} INFO - Filling up the DagBag from /opt/airflow/dags/odd_even_time.py
[2025-06-21T04:19:11.521+0000] {processor.py:840} INFO - DAG(s) 'clickhouse_metrics_checker' retrieved from /opt/airflow/dags/odd_even_time.py
[2025-06-21T04:19:11.544+0000] {logging_mixin.py:188} INFO - [2025-06-21T04:19:11.543+0000] {dag.py:3096} INFO - Sync 1 DAGs
[2025-06-21T04:19:11.566+0000] {logging_mixin.py:188} INFO - [2025-06-21T04:19:11.566+0000] {dag.py:3954} INFO - Setting next_dagrun for clickhouse_metrics_checker to 2025-06-21 03:00:00+00:00, run_after=2025-06-21 04:00:00+00:00
[2025-06-21T04:19:11.587+0000] {processor.py:183} INFO - Processing /opt/airflow/dags/odd_even_time.py took 0.482 seconds
[2025-06-21T04:19:41.876+0000] {processor.py:161} INFO - Started process (PID=927) to work on /opt/airflow/dags/odd_even_time.py
[2025-06-21T04:19:41.877+0000] {processor.py:830} INFO - Processing file /opt/airflow/dags/odd_even_time.py for tasks to queue
[2025-06-21T04:19:41.879+0000] {logging_mixin.py:188} INFO - [2025-06-21T04:19:41.879+0000] {dagbag.py:545} INFO - Filling up the DagBag from /opt/airflow/dags/odd_even_time.py
[2025-06-21T04:19:42.213+0000] {processor.py:840} INFO - DAG(s) 'clickhouse_metrics_checker' retrieved from /opt/airflow/dags/odd_even_time.py
[2025-06-21T04:19:42.241+0000] {logging_mixin.py:188} INFO - [2025-06-21T04:19:42.241+0000] {dag.py:3096} INFO - Sync 1 DAGs
[2025-06-21T04:19:42.265+0000] {logging_mixin.py:188} INFO - [2025-06-21T04:19:42.265+0000] {dag.py:3954} INFO - Setting next_dagrun for clickhouse_metrics_checker to 2025-06-21 03:00:00+00:00, run_after=2025-06-21 04:00:00+00:00
[2025-06-21T04:19:42.284+0000] {processor.py:183} INFO - Processing /opt/airflow/dags/odd_even_time.py took 0.420 seconds
[2025-06-21T04:20:12.578+0000] {processor.py:161} INFO - Started process (PID=939) to work on /opt/airflow/dags/odd_even_time.py
[2025-06-21T04:20:12.579+0000] {processor.py:830} INFO - Processing file /opt/airflow/dags/odd_even_time.py for tasks to queue
[2025-06-21T04:20:12.582+0000] {logging_mixin.py:188} INFO - [2025-06-21T04:20:12.581+0000] {dagbag.py:545} INFO - Filling up the DagBag from /opt/airflow/dags/odd_even_time.py
[2025-06-21T04:20:12.924+0000] {processor.py:840} INFO - DAG(s) 'clickhouse_metrics_checker' retrieved from /opt/airflow/dags/odd_even_time.py
[2025-06-21T04:20:12.951+0000] {logging_mixin.py:188} INFO - [2025-06-21T04:20:12.950+0000] {dag.py:3096} INFO - Sync 1 DAGs
[2025-06-21T04:20:12.973+0000] {logging_mixin.py:188} INFO - [2025-06-21T04:20:12.973+0000] {dag.py:3954} INFO - Setting next_dagrun for clickhouse_metrics_checker to 2025-06-21 03:00:00+00:00, run_after=2025-06-21 04:00:00+00:00
[2025-06-21T04:20:12.994+0000] {processor.py:183} INFO - Processing /opt/airflow/dags/odd_even_time.py took 0.424 seconds
[2025-06-21T04:20:43.299+0000] {processor.py:161} INFO - Started process (PID=951) to work on /opt/airflow/dags/odd_even_time.py
[2025-06-21T04:20:43.300+0000] {processor.py:830} INFO - Processing file /opt/airflow/dags/odd_even_time.py for tasks to queue
[2025-06-21T04:20:43.302+0000] {logging_mixin.py:188} INFO - [2025-06-21T04:20:43.302+0000] {dagbag.py:545} INFO - Filling up the DagBag from /opt/airflow/dags/odd_even_time.py
[2025-06-21T04:20:43.699+0000] {processor.py:840} INFO - DAG(s) 'clickhouse_metrics_checker' retrieved from /opt/airflow/dags/odd_even_time.py
[2025-06-21T04:20:43.731+0000] {logging_mixin.py:188} INFO - [2025-06-21T04:20:43.730+0000] {dag.py:3096} INFO - Sync 1 DAGs
[2025-06-21T04:20:43.765+0000] {logging_mixin.py:188} INFO - [2025-06-21T04:20:43.765+0000] {dag.py:3954} INFO - Setting next_dagrun for clickhouse_metrics_checker to 2025-06-21 03:00:00+00:00, run_after=2025-06-21 04:00:00+00:00
[2025-06-21T04:20:43.789+0000] {processor.py:183} INFO - Processing /opt/airflow/dags/odd_even_time.py took 0.501 seconds
[2025-06-21T04:21:14.057+0000] {processor.py:161} INFO - Started process (PID=963) to work on /opt/airflow/dags/odd_even_time.py
[2025-06-21T04:21:14.058+0000] {processor.py:830} INFO - Processing file /opt/airflow/dags/odd_even_time.py for tasks to queue
[2025-06-21T04:21:14.060+0000] {logging_mixin.py:188} INFO - [2025-06-21T04:21:14.059+0000] {dagbag.py:545} INFO - Filling up the DagBag from /opt/airflow/dags/odd_even_time.py
[2025-06-21T04:21:14.433+0000] {processor.py:840} INFO - DAG(s) 'clickhouse_metrics_checker' retrieved from /opt/airflow/dags/odd_even_time.py
[2025-06-21T04:21:14.458+0000] {logging_mixin.py:188} INFO - [2025-06-21T04:21:14.457+0000] {dag.py:3096} INFO - Sync 1 DAGs
[2025-06-21T04:21:14.485+0000] {logging_mixin.py:188} INFO - [2025-06-21T04:21:14.485+0000] {dag.py:3954} INFO - Setting next_dagrun for clickhouse_metrics_checker to 2025-06-21 03:00:00+00:00, run_after=2025-06-21 04:00:00+00:00
[2025-06-21T04:21:14.505+0000] {processor.py:183} INFO - Processing /opt/airflow/dags/odd_even_time.py took 0.459 seconds
[2025-06-21T04:21:44.804+0000] {processor.py:161} INFO - Started process (PID=975) to work on /opt/airflow/dags/odd_even_time.py
[2025-06-21T04:21:44.805+0000] {processor.py:830} INFO - Processing file /opt/airflow/dags/odd_even_time.py for tasks to queue
[2025-06-21T04:21:44.808+0000] {logging_mixin.py:188} INFO - [2025-06-21T04:21:44.807+0000] {dagbag.py:545} INFO - Filling up the DagBag from /opt/airflow/dags/odd_even_time.py
[2025-06-21T04:21:45.180+0000] {processor.py:840} INFO - DAG(s) 'clickhouse_metrics_checker' retrieved from /opt/airflow/dags/odd_even_time.py
[2025-06-21T04:21:45.207+0000] {logging_mixin.py:188} INFO - [2025-06-21T04:21:45.207+0000] {dag.py:3096} INFO - Sync 1 DAGs
[2025-06-21T04:21:45.237+0000] {logging_mixin.py:188} INFO - [2025-06-21T04:21:45.236+0000] {dag.py:3954} INFO - Setting next_dagrun for clickhouse_metrics_checker to 2025-06-21 03:00:00+00:00, run_after=2025-06-21 04:00:00+00:00
[2025-06-21T04:21:45.259+0000] {processor.py:183} INFO - Processing /opt/airflow/dags/odd_even_time.py took 0.467 seconds
[2025-06-21T04:22:15.520+0000] {processor.py:161} INFO - Started process (PID=988) to work on /opt/airflow/dags/odd_even_time.py
[2025-06-21T04:22:15.521+0000] {processor.py:830} INFO - Processing file /opt/airflow/dags/odd_even_time.py for tasks to queue
[2025-06-21T04:22:15.523+0000] {logging_mixin.py:188} INFO - [2025-06-21T04:22:15.523+0000] {dagbag.py:545} INFO - Filling up the DagBag from /opt/airflow/dags/odd_even_time.py
[2025-06-21T04:22:15.812+0000] {processor.py:840} INFO - DAG(s) 'clickhouse_metrics_checker' retrieved from /opt/airflow/dags/odd_even_time.py
[2025-06-21T04:22:15.836+0000] {logging_mixin.py:188} INFO - [2025-06-21T04:22:15.835+0000] {dag.py:3096} INFO - Sync 1 DAGs
[2025-06-21T04:22:15.858+0000] {logging_mixin.py:188} INFO - [2025-06-21T04:22:15.858+0000] {dag.py:3954} INFO - Setting next_dagrun for clickhouse_metrics_checker to 2025-06-21 03:00:00+00:00, run_after=2025-06-21 04:00:00+00:00
[2025-06-21T04:22:15.877+0000] {processor.py:183} INFO - Processing /opt/airflow/dags/odd_even_time.py took 0.367 seconds
[2025-06-21T04:22:46.168+0000] {processor.py:161} INFO - Started process (PID=1000) to work on /opt/airflow/dags/odd_even_time.py
[2025-06-21T04:22:46.169+0000] {processor.py:830} INFO - Processing file /opt/airflow/dags/odd_even_time.py for tasks to queue
[2025-06-21T04:22:46.171+0000] {logging_mixin.py:188} INFO - [2025-06-21T04:22:46.170+0000] {dagbag.py:545} INFO - Filling up the DagBag from /opt/airflow/dags/odd_even_time.py
[2025-06-21T04:22:46.506+0000] {processor.py:840} INFO - DAG(s) 'clickhouse_metrics_checker' retrieved from /opt/airflow/dags/odd_even_time.py
[2025-06-21T04:22:46.529+0000] {logging_mixin.py:188} INFO - [2025-06-21T04:22:46.528+0000] {dag.py:3096} INFO - Sync 1 DAGs
[2025-06-21T04:22:46.551+0000] {logging_mixin.py:188} INFO - [2025-06-21T04:22:46.551+0000] {dag.py:3954} INFO - Setting next_dagrun for clickhouse_metrics_checker to 2025-06-21 03:00:00+00:00, run_after=2025-06-21 04:00:00+00:00
[2025-06-21T04:22:46.571+0000] {processor.py:183} INFO - Processing /opt/airflow/dags/odd_even_time.py took 0.415 seconds
[2025-06-21T04:23:16.910+0000] {processor.py:161} INFO - Started process (PID=1012) to work on /opt/airflow/dags/odd_even_time.py
[2025-06-21T04:23:16.912+0000] {processor.py:830} INFO - Processing file /opt/airflow/dags/odd_even_time.py for tasks to queue
[2025-06-21T04:23:16.913+0000] {logging_mixin.py:188} INFO - [2025-06-21T04:23:16.913+0000] {dagbag.py:545} INFO - Filling up the DagBag from /opt/airflow/dags/odd_even_time.py
[2025-06-21T04:23:17.272+0000] {processor.py:840} INFO - DAG(s) 'clickhouse_metrics_checker' retrieved from /opt/airflow/dags/odd_even_time.py
[2025-06-21T04:23:17.304+0000] {logging_mixin.py:188} INFO - [2025-06-21T04:23:17.303+0000] {dag.py:3096} INFO - Sync 1 DAGs
[2025-06-21T04:23:17.333+0000] {logging_mixin.py:188} INFO - [2025-06-21T04:23:17.333+0000] {dag.py:3954} INFO - Setting next_dagrun for clickhouse_metrics_checker to 2025-06-21 03:00:00+00:00, run_after=2025-06-21 04:00:00+00:00
[2025-06-21T04:23:17.529+0000] {processor.py:183} INFO - Processing /opt/airflow/dags/odd_even_time.py took 0.630 seconds
[2025-06-21T04:23:47.853+0000] {processor.py:161} INFO - Started process (PID=1024) to work on /opt/airflow/dags/odd_even_time.py
[2025-06-21T04:23:47.854+0000] {processor.py:830} INFO - Processing file /opt/airflow/dags/odd_even_time.py for tasks to queue
[2025-06-21T04:23:47.856+0000] {logging_mixin.py:188} INFO - [2025-06-21T04:23:47.856+0000] {dagbag.py:545} INFO - Filling up the DagBag from /opt/airflow/dags/odd_even_time.py
[2025-06-21T04:23:48.193+0000] {processor.py:840} INFO - DAG(s) 'clickhouse_metrics_checker' retrieved from /opt/airflow/dags/odd_even_time.py
[2025-06-21T04:23:48.217+0000] {logging_mixin.py:188} INFO - [2025-06-21T04:23:48.216+0000] {dag.py:3096} INFO - Sync 1 DAGs
[2025-06-21T04:23:48.242+0000] {logging_mixin.py:188} INFO - [2025-06-21T04:23:48.242+0000] {dag.py:3954} INFO - Setting next_dagrun for clickhouse_metrics_checker to 2025-06-21 03:00:00+00:00, run_after=2025-06-21 04:00:00+00:00
[2025-06-21T04:23:48.261+0000] {processor.py:183} INFO - Processing /opt/airflow/dags/odd_even_time.py took 0.421 seconds
[2025-06-21T04:24:18.574+0000] {processor.py:161} INFO - Started process (PID=1036) to work on /opt/airflow/dags/odd_even_time.py
[2025-06-21T04:24:18.575+0000] {processor.py:830} INFO - Processing file /opt/airflow/dags/odd_even_time.py for tasks to queue
[2025-06-21T04:24:18.577+0000] {logging_mixin.py:188} INFO - [2025-06-21T04:24:18.576+0000] {dagbag.py:545} INFO - Filling up the DagBag from /opt/airflow/dags/odd_even_time.py
[2025-06-21T04:24:18.934+0000] {processor.py:840} INFO - DAG(s) 'clickhouse_metrics_checker' retrieved from /opt/airflow/dags/odd_even_time.py
[2025-06-21T04:24:18.959+0000] {logging_mixin.py:188} INFO - [2025-06-21T04:24:18.958+0000] {dag.py:3096} INFO - Sync 1 DAGs
[2025-06-21T04:24:18.985+0000] {logging_mixin.py:188} INFO - [2025-06-21T04:24:18.985+0000] {dag.py:3954} INFO - Setting next_dagrun for clickhouse_metrics_checker to 2025-06-21 03:00:00+00:00, run_after=2025-06-21 04:00:00+00:00
[2025-06-21T04:24:19.009+0000] {processor.py:183} INFO - Processing /opt/airflow/dags/odd_even_time.py took 0.446 seconds
[2025-06-21T04:24:49.284+0000] {processor.py:161} INFO - Started process (PID=1047) to work on /opt/airflow/dags/odd_even_time.py
[2025-06-21T04:24:49.285+0000] {processor.py:830} INFO - Processing file /opt/airflow/dags/odd_even_time.py for tasks to queue
[2025-06-21T04:24:49.287+0000] {logging_mixin.py:188} INFO - [2025-06-21T04:24:49.286+0000] {dagbag.py:545} INFO - Filling up the DagBag from /opt/airflow/dags/odd_even_time.py
[2025-06-21T04:24:49.573+0000] {processor.py:840} INFO - DAG(s) 'clickhouse_metrics_checker' retrieved from /opt/airflow/dags/odd_even_time.py
[2025-06-21T04:24:49.601+0000] {logging_mixin.py:188} INFO - [2025-06-21T04:24:49.601+0000] {dag.py:3096} INFO - Sync 1 DAGs
[2025-06-21T04:24:49.624+0000] {logging_mixin.py:188} INFO - [2025-06-21T04:24:49.624+0000] {dag.py:3954} INFO - Setting next_dagrun for clickhouse_metrics_checker to 2025-06-21 03:00:00+00:00, run_after=2025-06-21 04:00:00+00:00
[2025-06-21T04:24:49.644+0000] {processor.py:183} INFO - Processing /opt/airflow/dags/odd_even_time.py took 0.367 seconds
[2025-06-21T04:25:19.922+0000] {processor.py:161} INFO - Started process (PID=1059) to work on /opt/airflow/dags/odd_even_time.py
[2025-06-21T04:25:19.923+0000] {processor.py:830} INFO - Processing file /opt/airflow/dags/odd_even_time.py for tasks to queue
[2025-06-21T04:25:19.925+0000] {logging_mixin.py:188} INFO - [2025-06-21T04:25:19.925+0000] {dagbag.py:545} INFO - Filling up the DagBag from /opt/airflow/dags/odd_even_time.py
[2025-06-21T04:25:20.278+0000] {processor.py:840} INFO - DAG(s) 'clickhouse_metrics_checker' retrieved from /opt/airflow/dags/odd_even_time.py
[2025-06-21T04:25:20.308+0000] {logging_mixin.py:188} INFO - [2025-06-21T04:25:20.308+0000] {dag.py:3096} INFO - Sync 1 DAGs
[2025-06-21T04:25:20.343+0000] {logging_mixin.py:188} INFO - [2025-06-21T04:25:20.342+0000] {dag.py:3954} INFO - Setting next_dagrun for clickhouse_metrics_checker to 2025-06-21 03:00:00+00:00, run_after=2025-06-21 04:00:00+00:00
[2025-06-21T04:25:20.368+0000] {processor.py:183} INFO - Processing /opt/airflow/dags/odd_even_time.py took 0.457 seconds
[2025-06-21T04:25:50.687+0000] {processor.py:161} INFO - Started process (PID=1071) to work on /opt/airflow/dags/odd_even_time.py
[2025-06-21T04:25:50.688+0000] {processor.py:830} INFO - Processing file /opt/airflow/dags/odd_even_time.py for tasks to queue
[2025-06-21T04:25:50.690+0000] {logging_mixin.py:188} INFO - [2025-06-21T04:25:50.690+0000] {dagbag.py:545} INFO - Filling up the DagBag from /opt/airflow/dags/odd_even_time.py
[2025-06-21T04:25:51.044+0000] {processor.py:840} INFO - DAG(s) 'clickhouse_metrics_checker' retrieved from /opt/airflow/dags/odd_even_time.py
[2025-06-21T04:25:51.073+0000] {logging_mixin.py:188} INFO - [2025-06-21T04:25:51.073+0000] {dag.py:3096} INFO - Sync 1 DAGs
[2025-06-21T04:25:51.097+0000] {logging_mixin.py:188} INFO - [2025-06-21T04:25:51.097+0000] {dag.py:3954} INFO - Setting next_dagrun for clickhouse_metrics_checker to 2025-06-21 03:00:00+00:00, run_after=2025-06-21 04:00:00+00:00
[2025-06-21T04:25:51.118+0000] {processor.py:183} INFO - Processing /opt/airflow/dags/odd_even_time.py took 0.439 seconds
[2025-06-21T04:26:21.452+0000] {processor.py:161} INFO - Started process (PID=1083) to work on /opt/airflow/dags/odd_even_time.py
[2025-06-21T04:26:21.453+0000] {processor.py:830} INFO - Processing file /opt/airflow/dags/odd_even_time.py for tasks to queue
[2025-06-21T04:26:21.455+0000] {logging_mixin.py:188} INFO - [2025-06-21T04:26:21.455+0000] {dagbag.py:545} INFO - Filling up the DagBag from /opt/airflow/dags/odd_even_time.py
[2025-06-21T04:26:21.817+0000] {processor.py:840} INFO - DAG(s) 'clickhouse_metrics_checker' retrieved from /opt/airflow/dags/odd_even_time.py
[2025-06-21T04:26:21.844+0000] {logging_mixin.py:188} INFO - [2025-06-21T04:26:21.844+0000] {dag.py:3096} INFO - Sync 1 DAGs
[2025-06-21T04:26:21.890+0000] {logging_mixin.py:188} INFO - [2025-06-21T04:26:21.890+0000] {dag.py:3954} INFO - Setting next_dagrun for clickhouse_metrics_checker to 2025-06-21 03:00:00+00:00, run_after=2025-06-21 04:00:00+00:00
[2025-06-21T04:26:21.919+0000] {processor.py:183} INFO - Processing /opt/airflow/dags/odd_even_time.py took 0.477 seconds
[2025-06-21T04:26:52.239+0000] {processor.py:161} INFO - Started process (PID=1095) to work on /opt/airflow/dags/odd_even_time.py
[2025-06-21T04:26:52.240+0000] {processor.py:830} INFO - Processing file /opt/airflow/dags/odd_even_time.py for tasks to queue
[2025-06-21T04:26:52.242+0000] {logging_mixin.py:188} INFO - [2025-06-21T04:26:52.242+0000] {dagbag.py:545} INFO - Filling up the DagBag from /opt/airflow/dags/odd_even_time.py
[2025-06-21T04:26:52.672+0000] {processor.py:840} INFO - DAG(s) 'clickhouse_metrics_checker' retrieved from /opt/airflow/dags/odd_even_time.py
[2025-06-21T04:26:52.697+0000] {logging_mixin.py:188} INFO - [2025-06-21T04:26:52.697+0000] {dag.py:3096} INFO - Sync 1 DAGs
[2025-06-21T04:26:52.723+0000] {logging_mixin.py:188} INFO - [2025-06-21T04:26:52.723+0000] {dag.py:3954} INFO - Setting next_dagrun for clickhouse_metrics_checker to 2025-06-21 03:00:00+00:00, run_after=2025-06-21 04:00:00+00:00
[2025-06-21T04:26:52.747+0000] {processor.py:183} INFO - Processing /opt/airflow/dags/odd_even_time.py took 0.519 seconds
[2025-06-21T04:27:22.997+0000] {processor.py:161} INFO - Started process (PID=1107) to work on /opt/airflow/dags/odd_even_time.py
[2025-06-21T04:27:22.998+0000] {processor.py:830} INFO - Processing file /opt/airflow/dags/odd_even_time.py for tasks to queue
[2025-06-21T04:27:22.999+0000] {logging_mixin.py:188} INFO - [2025-06-21T04:27:22.999+0000] {dagbag.py:545} INFO - Filling up the DagBag from /opt/airflow/dags/odd_even_time.py
[2025-06-21T04:27:23.368+0000] {processor.py:840} INFO - DAG(s) 'clickhouse_metrics_checker' retrieved from /opt/airflow/dags/odd_even_time.py
[2025-06-21T04:27:23.394+0000] {logging_mixin.py:188} INFO - [2025-06-21T04:27:23.394+0000] {dag.py:3096} INFO - Sync 1 DAGs
[2025-06-21T04:27:23.423+0000] {logging_mixin.py:188} INFO - [2025-06-21T04:27:23.423+0000] {dag.py:3954} INFO - Setting next_dagrun for clickhouse_metrics_checker to 2025-06-21 03:00:00+00:00, run_after=2025-06-21 04:00:00+00:00
[2025-06-21T04:27:23.443+0000] {processor.py:183} INFO - Processing /opt/airflow/dags/odd_even_time.py took 0.459 seconds
[2025-06-21T04:27:53.798+0000] {processor.py:161} INFO - Started process (PID=1119) to work on /opt/airflow/dags/odd_even_time.py
[2025-06-21T04:27:53.799+0000] {processor.py:830} INFO - Processing file /opt/airflow/dags/odd_even_time.py for tasks to queue
[2025-06-21T04:27:53.801+0000] {logging_mixin.py:188} INFO - [2025-06-21T04:27:53.801+0000] {dagbag.py:545} INFO - Filling up the DagBag from /opt/airflow/dags/odd_even_time.py
[2025-06-21T04:27:54.135+0000] {processor.py:840} INFO - DAG(s) 'clickhouse_metrics_checker' retrieved from /opt/airflow/dags/odd_even_time.py
[2025-06-21T04:27:54.162+0000] {logging_mixin.py:188} INFO - [2025-06-21T04:27:54.162+0000] {dag.py:3096} INFO - Sync 1 DAGs
[2025-06-21T04:27:54.186+0000] {logging_mixin.py:188} INFO - [2025-06-21T04:27:54.186+0000] {dag.py:3954} INFO - Setting next_dagrun for clickhouse_metrics_checker to 2025-06-21 03:00:00+00:00, run_after=2025-06-21 04:00:00+00:00
[2025-06-21T04:27:54.205+0000] {processor.py:183} INFO - Processing /opt/airflow/dags/odd_even_time.py took 0.419 seconds
[2025-06-21T04:28:24.532+0000] {processor.py:161} INFO - Started process (PID=1131) to work on /opt/airflow/dags/odd_even_time.py
[2025-06-21T04:28:24.533+0000] {processor.py:830} INFO - Processing file /opt/airflow/dags/odd_even_time.py for tasks to queue
[2025-06-21T04:28:24.535+0000] {logging_mixin.py:188} INFO - [2025-06-21T04:28:24.535+0000] {dagbag.py:545} INFO - Filling up the DagBag from /opt/airflow/dags/odd_even_time.py
[2025-06-21T04:28:24.883+0000] {processor.py:840} INFO - DAG(s) 'clickhouse_metrics_checker' retrieved from /opt/airflow/dags/odd_even_time.py
[2025-06-21T04:28:24.908+0000] {logging_mixin.py:188} INFO - [2025-06-21T04:28:24.907+0000] {dag.py:3096} INFO - Sync 1 DAGs
[2025-06-21T04:28:24.933+0000] {logging_mixin.py:188} INFO - [2025-06-21T04:28:24.932+0000] {dag.py:3954} INFO - Setting next_dagrun for clickhouse_metrics_checker to 2025-06-21 03:00:00+00:00, run_after=2025-06-21 04:00:00+00:00
[2025-06-21T04:28:24.954+0000] {processor.py:183} INFO - Processing /opt/airflow/dags/odd_even_time.py took 0.430 seconds
